[0.037s] Invoking command in '/home/behrouz/ws24-multi-robot-task-distribution/build/dynamixel_sdk': CMAKE_PREFIX_PATH=${CMAKE_PREFIX_PATH}:/home/behrouz/ws24-multi-robot-task-distribution/src/install/turtlebot3_teleop:/home/behrouz/ws24-multi-robot-task-distribution/src/install/turtlebot3_example:/home/behrouz/ws24-multi-robot-task-distribution/src/install/empty_simulation:/home/behrouz/ws24-multi-robot-task-distribution/install/empty_simulation:/opt/ros/humble /usr/bin/cmake /home/behrouz/ws24-multi-robot-task-distribution/src/DynamixelSDK/dynamixel_sdk -DCMAKE_INSTALL_PREFIX=/home/behrouz/ws24-multi-robot-task-distribution/install/dynamixel_sdk
[0.315s] -- The C compiler identification is GNU 11.4.0
[0.315s] -- The CXX compiler identification is GNU 11.4.0
[0.315s] -- Detecting C compiler ABI info
[0.315s] -- Detecting C compiler ABI info - done
[0.315s] -- Check for working C compiler: /usr/bin/cc - skipped
[0.315s] -- Detecting C compile features
[0.316s] -- Detecting C compile features - done
[0.316s] -- Detecting CXX compiler ABI info
[0.318s] -- Detecting CXX compiler ABI info - done
[0.323s] -- Check for working CXX compiler: /usr/bin/c++ - skipped
[0.323s] -- Detecting CXX compile features
[0.323s] -- Detecting CXX compile features - done
[0.325s] -- Found ament_cmake: 1.3.10 (/opt/ros/humble/share/ament_cmake/cmake)
[0.486s] -- Found Python3: /usr/bin/python3 (found version "3.10.12") found components: Interpreter 
[0.664s] -- Configuring done
[0.670s] -- Generating done
[0.671s] -- Build files have been written to: /home/behrouz/ws24-multi-robot-task-distribution/build/dynamixel_sdk
[0.680s] Invoked command in '/home/behrouz/ws24-multi-robot-task-distribution/build/dynamixel_sdk' returned '0': CMAKE_PREFIX_PATH=${CMAKE_PREFIX_PATH}:/home/behrouz/ws24-multi-robot-task-distribution/src/install/turtlebot3_teleop:/home/behrouz/ws24-multi-robot-task-distribution/src/install/turtlebot3_example:/home/behrouz/ws24-multi-robot-task-distribution/src/install/empty_simulation:/home/behrouz/ws24-multi-robot-task-distribution/install/empty_simulation:/opt/ros/humble /usr/bin/cmake /home/behrouz/ws24-multi-robot-task-distribution/src/DynamixelSDK/dynamixel_sdk -DCMAKE_INSTALL_PREFIX=/home/behrouz/ws24-multi-robot-task-distribution/install/dynamixel_sdk
[0.681s] Invoking command in '/home/behrouz/ws24-multi-robot-task-distribution/build/dynamixel_sdk': CMAKE_PREFIX_PATH=${CMAKE_PREFIX_PATH}:/home/behrouz/ws24-multi-robot-task-distribution/src/install/turtlebot3_teleop:/home/behrouz/ws24-multi-robot-task-distribution/src/install/turtlebot3_example:/home/behrouz/ws24-multi-robot-task-distribution/src/install/empty_simulation:/home/behrouz/ws24-multi-robot-task-distribution/install/empty_simulation:/opt/ros/humble /usr/bin/cmake --build /home/behrouz/ws24-multi-robot-task-distribution/build/dynamixel_sdk -- -j16 -l16
[0.738s] [ 50%] [32mBuilding CXX object CMakeFiles/dynamixel_sdk.dir/src/dynamixel_sdk/packet_handler.cpp.o[0m
[0.738s] [ 50%] [32mBuilding CXX object CMakeFiles/dynamixel_sdk.dir/src/dynamixel_sdk/protocol1_packet_handler.cpp.o[0m
[0.738s] [ 50%] [32mBuilding CXX object CMakeFiles/dynamixel_sdk.dir/src/dynamixel_sdk/group_bulk_write.cpp.o[0m
[0.738s] [ 50%] [32mBuilding CXX object CMakeFiles/dynamixel_sdk.dir/src/dynamixel_sdk/protocol2_packet_handler.cpp.o[0m
[0.738s] [ 50%] [32mBuilding CXX object CMakeFiles/dynamixel_sdk.dir/src/dynamixel_sdk/group_bulk_read.cpp.o[0m
[0.739s] [ 60%] [32mBuilding CXX object CMakeFiles/dynamixel_sdk.dir/src/dynamixel_sdk/port_handler.cpp.o[0m
[0.739s] [ 70%] [32mBuilding CXX object CMakeFiles/dynamixel_sdk.dir/src/dynamixel_sdk/port_handler_linux.cpp.o[0m
[0.739s] [ 80%] [32mBuilding CXX object CMakeFiles/dynamixel_sdk.dir/src/dynamixel_sdk/group_sync_write.cpp.o[0m
[0.739s] [ 90%] [32mBuilding CXX object CMakeFiles/dynamixel_sdk.dir/src/dynamixel_sdk/group_sync_read.cpp.o[0m
[1.272s] [100%] [32m[1mLinking CXX shared library libdynamixel_sdk.so[0m
[1.380s] [100%] Built target dynamixel_sdk
[1.393s] Invoked command in '/home/behrouz/ws24-multi-robot-task-distribution/build/dynamixel_sdk' returned '0': CMAKE_PREFIX_PATH=${CMAKE_PREFIX_PATH}:/home/behrouz/ws24-multi-robot-task-distribution/src/install/turtlebot3_teleop:/home/behrouz/ws24-multi-robot-task-distribution/src/install/turtlebot3_example:/home/behrouz/ws24-multi-robot-task-distribution/src/install/empty_simulation:/home/behrouz/ws24-multi-robot-task-distribution/install/empty_simulation:/opt/ros/humble /usr/bin/cmake --build /home/behrouz/ws24-multi-robot-task-distribution/build/dynamixel_sdk -- -j16 -l16
[1.437s] Invoking command in '/home/behrouz/ws24-multi-robot-task-distribution/build/dynamixel_sdk': CMAKE_PREFIX_PATH=${CMAKE_PREFIX_PATH}:/home/behrouz/ws24-multi-robot-task-distribution/src/install/turtlebot3_teleop:/home/behrouz/ws24-multi-robot-task-distribution/src/install/turtlebot3_example:/home/behrouz/ws24-multi-robot-task-distribution/src/install/empty_simulation:/home/behrouz/ws24-multi-robot-task-distribution/install/empty_simulation:/opt/ros/humble /usr/bin/cmake --install /home/behrouz/ws24-multi-robot-task-distribution/build/dynamixel_sdk
[1.444s] -- Install configuration: ""
[1.444s] -- Installing: /home/behrouz/ws24-multi-robot-task-distribution/install/dynamixel_sdk/include/
[1.444s] -- Installing: /home/behrouz/ws24-multi-robot-task-distribution/install/dynamixel_sdk/include//dynamixel_sdk
[1.444s] -- Installing: /home/behrouz/ws24-multi-robot-task-distribution/install/dynamixel_sdk/include//dynamixel_sdk/protocol1_packet_handler.h
[1.444s] -- Installing: /home/behrouz/ws24-multi-robot-task-distribution/install/dynamixel_sdk/include//dynamixel_sdk/packet_handler.h
[1.444s] -- Installing: /home/behrouz/ws24-multi-robot-task-distribution/install/dynamixel_sdk/include//dynamixel_sdk/protocol2_packet_handler.h
[1.445s] -- Installing: /home/behrouz/ws24-multi-robot-task-distribution/install/dynamixel_sdk/include//dynamixel_sdk/port_handler_windows.h
[1.445s] -- Installing: /home/behrouz/ws24-multi-robot-task-distribution/install/dynamixel_sdk/include//dynamixel_sdk/port_handler.h
[1.445s] -- Installing: /home/behrouz/ws24-multi-robot-task-distribution/install/dynamixel_sdk/include//dynamixel_sdk/group_sync_write.h
[1.445s] -- Installing: /home/behrouz/ws24-multi-robot-task-distribution/install/dynamixel_sdk/include//dynamixel_sdk/group_sync_read.h
[1.445s] -- Installing: /home/behrouz/ws24-multi-robot-task-distribution/install/dynamixel_sdk/include//dynamixel_sdk/port_handler_linux.h
[1.445s] -- Installing: /home/behrouz/ws24-multi-robot-task-distribution/install/dynamixel_sdk/include//dynamixel_sdk/group_bulk_write.h
[1.445s] -- Installing: /home/behrouz/ws24-multi-robot-task-distribution/install/dynamixel_sdk/include//dynamixel_sdk/group_bulk_read.h
[1.446s] -- Installing: /home/behrouz/ws24-multi-robot-task-distribution/install/dynamixel_sdk/include//dynamixel_sdk/dynamixel_sdk.h
[1.446s] -- Installing: /home/behrouz/ws24-multi-robot-task-distribution/install/dynamixel_sdk/include//dynamixel_sdk/port_handler_arduino.h
[1.446s] -- Installing: /home/behrouz/ws24-multi-robot-task-distribution/install/dynamixel_sdk/include//dynamixel_sdk/port_handler_mac.h
[1.446s] -- Installing: /home/behrouz/ws24-multi-robot-task-distribution/install/dynamixel_sdk/lib/libdynamixel_sdk.so
[1.447s] -- Installing: /home/behrouz/ws24-multi-robot-task-distribution/install/dynamixel_sdk/share/dynamixel_sdk/environment/library_path.sh
[1.447s] -- Installing: /home/behrouz/ws24-multi-robot-task-distribution/install/dynamixel_sdk/share/dynamixel_sdk/environment/library_path.dsv
[1.447s] -- Installing: /home/behrouz/ws24-multi-robot-task-distribution/install/dynamixel_sdk/share/ament_index/resource_index/package_run_dependencies/dynamixel_sdk
[1.447s] -- Installing: /home/behrouz/ws24-multi-robot-task-distribution/install/dynamixel_sdk/share/ament_index/resource_index/parent_prefix_path/dynamixel_sdk
[1.447s] -- Installing: /home/behrouz/ws24-multi-robot-task-distribution/install/dynamixel_sdk/share/dynamixel_sdk/environment/ament_prefix_path.sh
[1.447s] -- Installing: /home/behrouz/ws24-multi-robot-task-distribution/install/dynamixel_sdk/share/dynamixel_sdk/environment/ament_prefix_path.dsv
[1.448s] -- Installing: /home/behrouz/ws24-multi-robot-task-distribution/install/dynamixel_sdk/share/dynamixel_sdk/environment/path.sh
[1.448s] -- Installing: /home/behrouz/ws24-multi-robot-task-distribution/install/dynamixel_sdk/share/dynamixel_sdk/environment/path.dsv
[1.448s] -- Installing: /home/behrouz/ws24-multi-robot-task-distribution/install/dynamixel_sdk/share/dynamixel_sdk/local_setup.bash
[1.448s] -- Installing: /home/behrouz/ws24-multi-robot-task-distribution/install/dynamixel_sdk/share/dynamixel_sdk/local_setup.sh
[1.448s] -- Installing: /home/behrouz/ws24-multi-robot-task-distribution/install/dynamixel_sdk/share/dynamixel_sdk/local_setup.zsh
[1.448s] -- Installing: /home/behrouz/ws24-multi-robot-task-distribution/install/dynamixel_sdk/share/dynamixel_sdk/local_setup.dsv
[1.448s] -- Installing: /home/behrouz/ws24-multi-robot-task-distribution/install/dynamixel_sdk/share/dynamixel_sdk/package.dsv
[1.449s] -- Installing: /home/behrouz/ws24-multi-robot-task-distribution/install/dynamixel_sdk/share/ament_index/resource_index/packages/dynamixel_sdk
[1.449s] -- Installing: /home/behrouz/ws24-multi-robot-task-distribution/install/dynamixel_sdk/share/dynamixel_sdk/cmake/ament_cmake_export_include_directories-extras.cmake
[1.449s] -- Installing: /home/behrouz/ws24-multi-robot-task-distribution/install/dynamixel_sdk/share/dynamixel_sdk/cmake/ament_cmake_export_libraries-extras.cmake
[1.449s] -- Installing: /home/behrouz/ws24-multi-robot-task-distribution/install/dynamixel_sdk/share/dynamixel_sdk/cmake/dynamixel_sdkConfig.cmake
[1.449s] -- Installing: /home/behrouz/ws24-multi-robot-task-distribution/install/dynamixel_sdk/share/dynamixel_sdk/cmake/dynamixel_sdkConfig-version.cmake
[1.449s] -- Installing: /home/behrouz/ws24-multi-robot-task-distribution/install/dynamixel_sdk/share/dynamixel_sdk/package.xml
[1.451s] Invoked command in '/home/behrouz/ws24-multi-robot-task-distribution/build/dynamixel_sdk' returned '0': CMAKE_PREFIX_PATH=${CMAKE_PREFIX_PATH}:/home/behrouz/ws24-multi-robot-task-distribution/src/install/turtlebot3_teleop:/home/behrouz/ws24-multi-robot-task-distribution/src/install/turtlebot3_example:/home/behrouz/ws24-multi-robot-task-distribution/src/install/empty_simulation:/home/behrouz/ws24-multi-robot-task-distribution/install/empty_simulation:/opt/ros/humble /usr/bin/cmake --install /home/behrouz/ws24-multi-robot-task-distribution/build/dynamixel_sdk
