[0.450s] Invoking command in '/home/behrouz/ws24-multi-robot-task-distribution/src/empty_simulation': PYTHONPATH=/home/behrouz/ws24-multi-robot-task-distribution/build/empty_simulation/prefix_override:/usr/lib/python3/dist-packages/colcon_core/task/python/colcon_distutils_commands:/home/behrouz/ws24-multi-robot-task-distribution/install/empty_simulation/lib/python3.10/site-packages:${PYTHONPATH} /usr/bin/python3 -W ignore:setup.py install is deprecated setup.py egg_info --egg-base ../../build/empty_simulation build --build-base /home/behrouz/ws24-multi-robot-task-distribution/build/empty_simulation/build install --record /home/behrouz/ws24-multi-robot-task-distribution/build/empty_simulation/install.log --single-version-externally-managed install_data
[0.621s] running egg_info
[0.621s] writing ../../build/empty_simulation/empty_simulation.egg-info/PKG-INFO
[0.621s] writing dependency_links to ../../build/empty_simulation/empty_simulation.egg-info/dependency_links.txt
[0.621s] writing entry points to ../../build/empty_simulation/empty_simulation.egg-info/entry_points.txt
[0.621s] writing requirements to ../../build/empty_simulation/empty_simulation.egg-info/requires.txt
[0.621s] writing top-level names to ../../build/empty_simulation/empty_simulation.egg-info/top_level.txt
[0.622s] reading manifest file '../../build/empty_simulation/empty_simulation.egg-info/SOURCES.txt'
[0.623s] writing manifest file '../../build/empty_simulation/empty_simulation.egg-info/SOURCES.txt'
[0.623s] running build
[0.623s] running build_py
[0.623s] running install
[0.623s] running install_lib
[0.624s] running install_data
[0.624s] running install_egg_info
[0.625s] removing '/home/behrouz/ws24-multi-robot-task-distribution/install/empty_simulation/lib/python3.10/site-packages/empty_simulation-0.0.0-py3.10.egg-info' (and everything under it)
[0.626s] Copying ../../build/empty_simulation/empty_simulation.egg-info to /home/behrouz/ws24-multi-robot-task-distribution/install/empty_simulation/lib/python3.10/site-packages/empty_simulation-0.0.0-py3.10.egg-info
[0.626s] running install_scripts
[0.641s] writing list of installed files to '/home/behrouz/ws24-multi-robot-task-distribution/build/empty_simulation/install.log'
[0.656s] Invoked command in '/home/behrouz/ws24-multi-robot-task-distribution/src/empty_simulation' returned '0': PYTHONPATH=/home/behrouz/ws24-multi-robot-task-distribution/build/empty_simulation/prefix_override:/usr/lib/python3/dist-packages/colcon_core/task/python/colcon_distutils_commands:/home/behrouz/ws24-multi-robot-task-distribution/install/empty_simulation/lib/python3.10/site-packages:${PYTHONPATH} /usr/bin/python3 -W ignore:setup.py install is deprecated setup.py egg_info --egg-base ../../build/empty_simulation build --build-base /home/behrouz/ws24-multi-robot-task-distribution/build/empty_simulation/build install --record /home/behrouz/ws24-multi-robot-task-distribution/build/empty_simulation/install.log --single-version-externally-managed install_data
