[0.016s] Invoking command in '/home/behrouz/ws24-multi-robot-task-distribution/src/build/dynamixel_sdk_examples': AMENT_PREFIX_PATH=/home/behrouz/ws24-multi-robot-task-distribution/src/install/dynamixel_sdk_custom_interfaces:/home/behrouz/ws24-multi-robot-task-distribution/src/install/dynamixel_sdk:${AMENT_PREFIX_PATH} CMAKE_PREFIX_PATH=/home/behrouz/ws24-multi-robot-task-distribution/src/install/dynamixel_sdk_custom_interfaces:/home/behrouz/ws24-multi-robot-task-distribution/src/install/dynamixel_sdk:/home/behrouz/ws24-multi-robot-task-distribution/install/empty_simulation:/opt/ros/humble LD_LIBRARY_PATH=/home/behrouz/ws24-multi-robot-task-distribution/src/install/dynamixel_sdk_custom_interfaces/lib:/home/behrouz/ws24-multi-robot-task-distribution/src/install/dynamixel_sdk/lib:${LD_LIBRARY_PATH} PYTHONPATH=/home/behrouz/ws24-multi-robot-task-distribution/src/install/dynamixel_sdk_custom_interfaces/local/lib/python3.10/dist-packages:${PYTHONPATH} /usr/bin/cmake /home/behrouz/ws24-multi-robot-task-distribution/src/DynamixelSDK/dynamixel_sdk_examples -DCMAKE_INSTALL_PREFIX=/home/behrouz/ws24-multi-robot-task-distribution/src/install/dynamixel_sdk_examples
[0.074s] -- The C compiler identification is GNU 11.4.0
[0.127s] -- The CXX compiler identification is GNU 11.4.0
[0.135s] -- Detecting C compiler ABI info
[0.224s] -- Detecting C compiler ABI info - done
[0.232s] -- Check for working C compiler: /usr/bin/cc - skipped
[0.233s] -- Detecting C compile features
[0.233s] -- Detecting C compile features - done
[0.237s] -- Detecting CXX compiler ABI info
[0.349s] -- Detecting CXX compiler ABI info - done
[0.358s] -- Check for working CXX compiler: /usr/bin/c++ - skipped
[0.358s] -- Detecting CXX compile features
[0.359s] -- Detecting CXX compile features - done
[0.363s] -- Found ament_cmake: 1.3.10 (/opt/ros/humble/share/ament_cmake/cmake)
[0.573s] -- Found Python3: /usr/bin/python3 (found version "3.10.12") found components: Interpreter 
[0.713s] -- Found dynamixel_sdk: 3.7.60 (/home/behrouz/ws24-multi-robot-task-distribution/src/install/dynamixel_sdk/share/dynamixel_sdk/cmake)
[0.713s] -- Found dynamixel_sdk_custom_interfaces: 3.7.60 (/home/behrouz/ws24-multi-robot-task-distribution/src/install/dynamixel_sdk_custom_interfaces/share/dynamixel_sdk_custom_interfaces/cmake)
[0.762s] -- Found rosidl_generator_c: 3.1.5 (/opt/ros/humble/share/rosidl_generator_c/cmake)
[0.768s] -- Found rosidl_adapter: 3.1.5 (/opt/ros/humble/share/rosidl_adapter/cmake)
[0.780s] -- Found rosidl_generator_cpp: 3.1.5 (/opt/ros/humble/share/rosidl_generator_cpp/cmake)
[0.797s] -- Using all available rosidl_typesupport_c: rosidl_typesupport_fastrtps_c;rosidl_typesupport_introspection_c
[0.821s] -- Using all available rosidl_typesupport_cpp: rosidl_typesupport_fastrtps_cpp;rosidl_typesupport_introspection_cpp
[0.857s] -- Found rclcpp: 16.0.10 (/opt/ros/humble/share/rclcpp/cmake)
[0.908s] -- Found rmw_implementation_cmake: 6.1.2 (/opt/ros/humble/share/rmw_implementation_cmake/cmake)
[0.911s] -- Found rmw_fastrtps_cpp: 6.2.7 (/opt/ros/humble/share/rmw_fastrtps_cpp/cmake)
[1.073s] -- Found OpenSSL: /usr/lib/x86_64-linux-gnu/libcrypto.so (found version "3.0.2")  
[1.113s] -- Found FastRTPS: /opt/ros/humble/include  
[1.169s] -- Using RMW implementation 'rmw_fastrtps_cpp' as default
[1.180s] -- Looking for pthread.h
[1.265s] -- Looking for pthread.h - found
[1.266s] -- Performing Test CMAKE_HAVE_LIBC_PTHREAD
[1.341s] -- Performing Test CMAKE_HAVE_LIBC_PTHREAD - Success
[1.342s] -- Found Threads: TRUE  
[1.385s] -- Found ament_lint_auto: 0.12.11 (/opt/ros/humble/share/ament_lint_auto/cmake)
[1.510s] -- Added test 'copyright' to check source files copyright and LICENSE
[1.510s] -- Added test 'cppcheck' to perform static code analysis on C / C++ code
[1.510s] -- Configured cppcheck include dirs: /home/behrouz/ws24-multi-robot-task-distribution/src/DynamixelSDK/dynamixel_sdk_examples/include
[1.510s] -- Configured cppcheck exclude dirs and/or files: 
[1.511s] -- Added test 'cpplint' to check C / C++ code against the Google style
[1.512s] -- Configured cpplint exclude dirs and/or files: 
[1.513s] -- Added test 'lint_cmake' to check CMake code style
[1.518s] -- Added test 'uncrustify' to check C / C++ code style
[1.519s] -- Configured uncrustify additional arguments: 
[1.519s] -- Added test 'xmllint' to check XML markup files
[1.521s] -- Configuring done
[1.541s] -- Generating done
[1.544s] -- Build files have been written to: /home/behrouz/ws24-multi-robot-task-distribution/src/build/dynamixel_sdk_examples
[1.566s] Invoked command in '/home/behrouz/ws24-multi-robot-task-distribution/src/build/dynamixel_sdk_examples' returned '0': AMENT_PREFIX_PATH=/home/behrouz/ws24-multi-robot-task-distribution/src/install/dynamixel_sdk_custom_interfaces:/home/behrouz/ws24-multi-robot-task-distribution/src/install/dynamixel_sdk:${AMENT_PREFIX_PATH} CMAKE_PREFIX_PATH=/home/behrouz/ws24-multi-robot-task-distribution/src/install/dynamixel_sdk_custom_interfaces:/home/behrouz/ws24-multi-robot-task-distribution/src/install/dynamixel_sdk:/home/behrouz/ws24-multi-robot-task-distribution/install/empty_simulation:/opt/ros/humble LD_LIBRARY_PATH=/home/behrouz/ws24-multi-robot-task-distribution/src/install/dynamixel_sdk_custom_interfaces/lib:/home/behrouz/ws24-multi-robot-task-distribution/src/install/dynamixel_sdk/lib:${LD_LIBRARY_PATH} PYTHONPATH=/home/behrouz/ws24-multi-robot-task-distribution/src/install/dynamixel_sdk_custom_interfaces/local/lib/python3.10/dist-packages:${PYTHONPATH} /usr/bin/cmake /home/behrouz/ws24-multi-robot-task-distribution/src/DynamixelSDK/dynamixel_sdk_examples -DCMAKE_INSTALL_PREFIX=/home/behrouz/ws24-multi-robot-task-distribution/src/install/dynamixel_sdk_examples
[1.568s] Invoking command in '/home/behrouz/ws24-multi-robot-task-distribution/src/build/dynamixel_sdk_examples': AMENT_PREFIX_PATH=/home/behrouz/ws24-multi-robot-task-distribution/src/install/dynamixel_sdk_custom_interfaces:/home/behrouz/ws24-multi-robot-task-distribution/src/install/dynamixel_sdk:${AMENT_PREFIX_PATH} CMAKE_PREFIX_PATH=/home/behrouz/ws24-multi-robot-task-distribution/src/install/dynamixel_sdk_custom_interfaces:/home/behrouz/ws24-multi-robot-task-distribution/src/install/dynamixel_sdk:/home/behrouz/ws24-multi-robot-task-distribution/install/empty_simulation:/opt/ros/humble LD_LIBRARY_PATH=/home/behrouz/ws24-multi-robot-task-distribution/src/install/dynamixel_sdk_custom_interfaces/lib:/home/behrouz/ws24-multi-robot-task-distribution/src/install/dynamixel_sdk/lib:${LD_LIBRARY_PATH} PYTHONPATH=/home/behrouz/ws24-multi-robot-task-distribution/src/install/dynamixel_sdk_custom_interfaces/local/lib/python3.10/dist-packages:${PYTHONPATH} /usr/bin/cmake --build /home/behrouz/ws24-multi-robot-task-distribution/src/build/dynamixel_sdk_examples -- -j16 -l16
[1.618s] [ 50%] [32mBuilding CXX object CMakeFiles/read_write_node.dir/src/read_write_node.cpp.o[0m
[12.585s] [100%] [32m[1mLinking CXX executable read_write_node[0m
[13.283s] [100%] Built target read_write_node
[13.303s] Invoked command in '/home/behrouz/ws24-multi-robot-task-distribution/src/build/dynamixel_sdk_examples' returned '0': AMENT_PREFIX_PATH=/home/behrouz/ws24-multi-robot-task-distribution/src/install/dynamixel_sdk_custom_interfaces:/home/behrouz/ws24-multi-robot-task-distribution/src/install/dynamixel_sdk:${AMENT_PREFIX_PATH} CMAKE_PREFIX_PATH=/home/behrouz/ws24-multi-robot-task-distribution/src/install/dynamixel_sdk_custom_interfaces:/home/behrouz/ws24-multi-robot-task-distribution/src/install/dynamixel_sdk:/home/behrouz/ws24-multi-robot-task-distribution/install/empty_simulation:/opt/ros/humble LD_LIBRARY_PATH=/home/behrouz/ws24-multi-robot-task-distribution/src/install/dynamixel_sdk_custom_interfaces/lib:/home/behrouz/ws24-multi-robot-task-distribution/src/install/dynamixel_sdk/lib:${LD_LIBRARY_PATH} PYTHONPATH=/home/behrouz/ws24-multi-robot-task-distribution/src/install/dynamixel_sdk_custom_interfaces/local/lib/python3.10/dist-packages:${PYTHONPATH} /usr/bin/cmake --build /home/behrouz/ws24-multi-robot-task-distribution/src/build/dynamixel_sdk_examples -- -j16 -l16
[13.336s] Invoking command in '/home/behrouz/ws24-multi-robot-task-distribution/src/build/dynamixel_sdk_examples': AMENT_PREFIX_PATH=/home/behrouz/ws24-multi-robot-task-distribution/src/install/dynamixel_sdk_custom_interfaces:/home/behrouz/ws24-multi-robot-task-distribution/src/install/dynamixel_sdk:${AMENT_PREFIX_PATH} CMAKE_PREFIX_PATH=/home/behrouz/ws24-multi-robot-task-distribution/src/install/dynamixel_sdk_custom_interfaces:/home/behrouz/ws24-multi-robot-task-distribution/src/install/dynamixel_sdk:/home/behrouz/ws24-multi-robot-task-distribution/install/empty_simulation:/opt/ros/humble LD_LIBRARY_PATH=/home/behrouz/ws24-multi-robot-task-distribution/src/install/dynamixel_sdk_custom_interfaces/lib:/home/behrouz/ws24-multi-robot-task-distribution/src/install/dynamixel_sdk/lib:${LD_LIBRARY_PATH} PYTHONPATH=/home/behrouz/ws24-multi-robot-task-distribution/src/install/dynamixel_sdk_custom_interfaces/local/lib/python3.10/dist-packages:${PYTHONPATH} /usr/bin/cmake --install /home/behrouz/ws24-multi-robot-task-distribution/src/build/dynamixel_sdk_examples
[13.347s] -- Install configuration: ""
[13.348s] -- Installing: /home/behrouz/ws24-multi-robot-task-distribution/src/install/dynamixel_sdk_examples/lib/dynamixel_sdk_examples/read_write_node
[13.354s] -- Set runtime path of "/home/behrouz/ws24-multi-robot-task-distribution/src/install/dynamixel_sdk_examples/lib/dynamixel_sdk_examples/read_write_node" to ""
[13.354s] -- Installing: /home/behrouz/ws24-multi-robot-task-distribution/src/install/dynamixel_sdk_examples/share/ament_index/resource_index/package_run_dependencies/dynamixel_sdk_examples
[13.354s] -- Installing: /home/behrouz/ws24-multi-robot-task-distribution/src/install/dynamixel_sdk_examples/share/ament_index/resource_index/parent_prefix_path/dynamixel_sdk_examples
[13.354s] -- Installing: /home/behrouz/ws24-multi-robot-task-distribution/src/install/dynamixel_sdk_examples/share/dynamixel_sdk_examples/environment/ament_prefix_path.sh
[13.355s] -- Installing: /home/behrouz/ws24-multi-robot-task-distribution/src/install/dynamixel_sdk_examples/share/dynamixel_sdk_examples/environment/ament_prefix_path.dsv
[13.355s] -- Installing: /home/behrouz/ws24-multi-robot-task-distribution/src/install/dynamixel_sdk_examples/share/dynamixel_sdk_examples/environment/path.sh
[13.355s] -- Installing: /home/behrouz/ws24-multi-robot-task-distribution/src/install/dynamixel_sdk_examples/share/dynamixel_sdk_examples/environment/path.dsv
[13.355s] -- Installing: /home/behrouz/ws24-multi-robot-task-distribution/src/install/dynamixel_sdk_examples/share/dynamixel_sdk_examples/local_setup.bash
[13.355s] -- Installing: /home/behrouz/ws24-multi-robot-task-distribution/src/install/dynamixel_sdk_examples/share/dynamixel_sdk_examples/local_setup.sh
[13.355s] -- Installing: /home/behrouz/ws24-multi-robot-task-distribution/src/install/dynamixel_sdk_examples/share/dynamixel_sdk_examples/local_setup.zsh
[13.355s] -- Installing: /home/behrouz/ws24-multi-robot-task-distribution/src/install/dynamixel_sdk_examples/share/dynamixel_sdk_examples/local_setup.dsv
[13.355s] -- Installing: /home/behrouz/ws24-multi-robot-task-distribution/src/install/dynamixel_sdk_examples/share/dynamixel_sdk_examples/package.dsv
[13.356s] -- Installing: /home/behrouz/ws24-multi-robot-task-distribution/src/install/dynamixel_sdk_examples/share/ament_index/resource_index/packages/dynamixel_sdk_examples
[13.356s] -- Installing: /home/behrouz/ws24-multi-robot-task-distribution/src/install/dynamixel_sdk_examples/share/dynamixel_sdk_examples/cmake/dynamixel_sdk_examplesConfig.cmake
[13.356s] -- Installing: /home/behrouz/ws24-multi-robot-task-distribution/src/install/dynamixel_sdk_examples/share/dynamixel_sdk_examples/cmake/dynamixel_sdk_examplesConfig-version.cmake
[13.356s] -- Installing: /home/behrouz/ws24-multi-robot-task-distribution/src/install/dynamixel_sdk_examples/share/dynamixel_sdk_examples/package.xml
[13.360s] Invoked command in '/home/behrouz/ws24-multi-robot-task-distribution/src/build/dynamixel_sdk_examples' returned '0': AMENT_PREFIX_PATH=/home/behrouz/ws24-multi-robot-task-distribution/src/install/dynamixel_sdk_custom_interfaces:/home/behrouz/ws24-multi-robot-task-distribution/src/install/dynamixel_sdk:${AMENT_PREFIX_PATH} CMAKE_PREFIX_PATH=/home/behrouz/ws24-multi-robot-task-distribution/src/install/dynamixel_sdk_custom_interfaces:/home/behrouz/ws24-multi-robot-task-distribution/src/install/dynamixel_sdk:/home/behrouz/ws24-multi-robot-task-distribution/install/empty_simulation:/opt/ros/humble LD_LIBRARY_PATH=/home/behrouz/ws24-multi-robot-task-distribution/src/install/dynamixel_sdk_custom_interfaces/lib:/home/behrouz/ws24-multi-robot-task-distribution/src/install/dynamixel_sdk/lib:${LD_LIBRARY_PATH} PYTHONPATH=/home/behrouz/ws24-multi-robot-task-distribution/src/install/dynamixel_sdk_custom_interfaces/local/lib/python3.10/dist-packages:${PYTHONPATH} /usr/bin/cmake --install /home/behrouz/ws24-multi-robot-task-distribution/src/build/dynamixel_sdk_examples
