[0.941s] Invoking command in '/home/behrouz/ws24-multi-robot-task-distribution/src/turtlebot3/turtlebot3_teleop': PYTHONPATH=/home/behrouz/ws24-multi-robot-task-distribution/src/build/turtlebot3_teleop/prefix_override:/usr/lib/python3/dist-packages/colcon_core/task/python/colcon_distutils_commands:/home/behrouz/ws24-multi-robot-task-distribution/src/install/turtlebot3_teleop/lib/python3.10/site-packages:${PYTHONPATH} /usr/bin/python3 -W ignore:setup.py install is deprecated setup.py egg_info --egg-base ../../build/turtlebot3_teleop build --build-base /home/behrouz/ws24-multi-robot-task-distribution/src/build/turtlebot3_teleop/build install --record /home/behrouz/ws24-multi-robot-task-distribution/src/build/turtlebot3_teleop/install.log --single-version-externally-managed install_data
[1.141s] running egg_info
[1.142s] creating ../../build/turtlebot3_teleop/turtlebot3_teleop.egg-info
[1.142s] writing ../../build/turtlebot3_teleop/turtlebot3_teleop.egg-info/PKG-INFO
[1.142s] writing dependency_links to ../../build/turtlebot3_teleop/turtlebot3_teleop.egg-info/dependency_links.txt
[1.142s] writing entry points to ../../build/turtlebot3_teleop/turtlebot3_teleop.egg-info/entry_points.txt
[1.142s] writing requirements to ../../build/turtlebot3_teleop/turtlebot3_teleop.egg-info/requires.txt
[1.143s] writing top-level names to ../../build/turtlebot3_teleop/turtlebot3_teleop.egg-info/top_level.txt
[1.143s] writing manifest file '../../build/turtlebot3_teleop/turtlebot3_teleop.egg-info/SOURCES.txt'
[1.144s] reading manifest file '../../build/turtlebot3_teleop/turtlebot3_teleop.egg-info/SOURCES.txt'
[1.144s] writing manifest file '../../build/turtlebot3_teleop/turtlebot3_teleop.egg-info/SOURCES.txt'
[1.144s] running build
[1.145s] running build_py
[1.145s] creating /home/behrouz/ws24-multi-robot-task-distribution/src/build/turtlebot3_teleop/build
[1.145s] creating /home/behrouz/ws24-multi-robot-task-distribution/src/build/turtlebot3_teleop/build/lib
[1.145s] creating /home/behrouz/ws24-multi-robot-task-distribution/src/build/turtlebot3_teleop/build/lib/turtlebot3_teleop
[1.145s] copying turtlebot3_teleop/__init__.py -> /home/behrouz/ws24-multi-robot-task-distribution/src/build/turtlebot3_teleop/build/lib/turtlebot3_teleop
[1.145s] creating /home/behrouz/ws24-multi-robot-task-distribution/src/build/turtlebot3_teleop/build/lib/turtlebot3_teleop/script
[1.145s] copying turtlebot3_teleop/script/__init__.py -> /home/behrouz/ws24-multi-robot-task-distribution/src/build/turtlebot3_teleop/build/lib/turtlebot3_teleop/script
[1.145s] copying turtlebot3_teleop/script/teleop_keyboard.py -> /home/behrouz/ws24-multi-robot-task-distribution/src/build/turtlebot3_teleop/build/lib/turtlebot3_teleop/script
[1.145s] running install
[1.145s] running install_lib
[1.146s] creating /home/behrouz/ws24-multi-robot-task-distribution/src/install/turtlebot3_teleop/lib/python3.10/site-packages/turtlebot3_teleop
[1.146s] creating /home/behrouz/ws24-multi-robot-task-distribution/src/install/turtlebot3_teleop/lib/python3.10/site-packages/turtlebot3_teleop/script
[1.146s] copying /home/behrouz/ws24-multi-robot-task-distribution/src/build/turtlebot3_teleop/build/lib/turtlebot3_teleop/script/__init__.py -> /home/behrouz/ws24-multi-robot-task-distribution/src/install/turtlebot3_teleop/lib/python3.10/site-packages/turtlebot3_teleop/script
[1.146s] copying /home/behrouz/ws24-multi-robot-task-distribution/src/build/turtlebot3_teleop/build/lib/turtlebot3_teleop/script/teleop_keyboard.py -> /home/behrouz/ws24-multi-robot-task-distribution/src/install/turtlebot3_teleop/lib/python3.10/site-packages/turtlebot3_teleop/script
[1.146s] copying /home/behrouz/ws24-multi-robot-task-distribution/src/build/turtlebot3_teleop/build/lib/turtlebot3_teleop/__init__.py -> /home/behrouz/ws24-multi-robot-task-distribution/src/install/turtlebot3_teleop/lib/python3.10/site-packages/turtlebot3_teleop
[1.147s] byte-compiling /home/behrouz/ws24-multi-robot-task-distribution/src/install/turtlebot3_teleop/lib/python3.10/site-packages/turtlebot3_teleop/script/__init__.py to __init__.cpython-310.pyc
[1.147s] byte-compiling /home/behrouz/ws24-multi-robot-task-distribution/src/install/turtlebot3_teleop/lib/python3.10/site-packages/turtlebot3_teleop/script/teleop_keyboard.py to teleop_keyboard.cpython-310.pyc
[1.148s] byte-compiling /home/behrouz/ws24-multi-robot-task-distribution/src/install/turtlebot3_teleop/lib/python3.10/site-packages/turtlebot3_teleop/__init__.py to __init__.cpython-310.pyc
[1.148s] running install_data
[1.148s] creating /home/behrouz/ws24-multi-robot-task-distribution/src/install/turtlebot3_teleop/share/ament_index
[1.148s] creating /home/behrouz/ws24-multi-robot-task-distribution/src/install/turtlebot3_teleop/share/ament_index/resource_index
[1.148s] creating /home/behrouz/ws24-multi-robot-task-distribution/src/install/turtlebot3_teleop/share/ament_index/resource_index/packages
[1.148s] copying resource/turtlebot3_teleop -> /home/behrouz/ws24-multi-robot-task-distribution/src/install/turtlebot3_teleop/share/ament_index/resource_index/packages
[1.148s] copying package.xml -> /home/behrouz/ws24-multi-robot-task-distribution/src/install/turtlebot3_teleop/share/turtlebot3_teleop
[1.148s] running install_egg_info
[1.150s] Copying ../../build/turtlebot3_teleop/turtlebot3_teleop.egg-info to /home/behrouz/ws24-multi-robot-task-distribution/src/install/turtlebot3_teleop/lib/python3.10/site-packages/turtlebot3_teleop-2.1.5-py3.10.egg-info
[1.151s] running install_scripts
[1.167s] Installing teleop_keyboard script to /home/behrouz/ws24-multi-robot-task-distribution/src/install/turtlebot3_teleop/lib/turtlebot3_teleop
[1.167s] writing list of installed files to '/home/behrouz/ws24-multi-robot-task-distribution/src/build/turtlebot3_teleop/install.log'
[1.196s] Invoked command in '/home/behrouz/ws24-multi-robot-task-distribution/src/turtlebot3/turtlebot3_teleop' returned '0': PYTHONPATH=/home/behrouz/ws24-multi-robot-task-distribution/src/build/turtlebot3_teleop/prefix_override:/usr/lib/python3/dist-packages/colcon_core/task/python/colcon_distutils_commands:/home/behrouz/ws24-multi-robot-task-distribution/src/install/turtlebot3_teleop/lib/python3.10/site-packages:${PYTHONPATH} /usr/bin/python3 -W ignore:setup.py install is deprecated setup.py egg_info --egg-base ../../build/turtlebot3_teleop build --build-base /home/behrouz/ws24-multi-robot-task-distribution/src/build/turtlebot3_teleop/build install --record /home/behrouz/ws24-multi-robot-task-distribution/src/build/turtlebot3_teleop/install.log --single-version-externally-managed install_data
