[1.058s] Invoking command in '/home/behrouz/ws24-multi-robot-task-distribution/src/turtlebot3/turtlebot3_teleop': PYTHONPATH=/home/behrouz/ws24-multi-robot-task-distribution/build/turtlebot3_teleop/prefix_override:/usr/lib/python3/dist-packages/colcon_core/task/python/colcon_distutils_commands:/home/behrouz/ws24-multi-robot-task-distribution/install/turtlebot3_teleop/lib/python3.10/site-packages:${PYTHONPATH} /usr/bin/python3 -W ignore:setup.py install is deprecated setup.py egg_info --egg-base ../../../build/turtlebot3_teleop build --build-base /home/behrouz/ws24-multi-robot-task-distribution/build/turtlebot3_teleop/build install --record /home/behrouz/ws24-multi-robot-task-distribution/build/turtlebot3_teleop/install.log --single-version-externally-managed install_data
[1.334s] running egg_info
[1.334s] creating ../../../build/turtlebot3_teleop/turtlebot3_teleop.egg-info
[1.334s] writing ../../../build/turtlebot3_teleop/turtlebot3_teleop.egg-info/PKG-INFO
[1.335s] writing dependency_links to ../../../build/turtlebot3_teleop/turtlebot3_teleop.egg-info/dependency_links.txt
[1.335s] writing entry points to ../../../build/turtlebot3_teleop/turtlebot3_teleop.egg-info/entry_points.txt
[1.335s] writing requirements to ../../../build/turtlebot3_teleop/turtlebot3_teleop.egg-info/requires.txt
[1.335s] writing top-level names to ../../../build/turtlebot3_teleop/turtlebot3_teleop.egg-info/top_level.txt
[1.335s] writing manifest file '../../../build/turtlebot3_teleop/turtlebot3_teleop.egg-info/SOURCES.txt'
[1.337s] reading manifest file '../../../build/turtlebot3_teleop/turtlebot3_teleop.egg-info/SOURCES.txt'
[1.337s] writing manifest file '../../../build/turtlebot3_teleop/turtlebot3_teleop.egg-info/SOURCES.txt'
[1.338s] running build
[1.338s] running build_py
[1.338s] creating /home/behrouz/ws24-multi-robot-task-distribution/build/turtlebot3_teleop/build
[1.338s] creating /home/behrouz/ws24-multi-robot-task-distribution/build/turtlebot3_teleop/build/lib
[1.338s] creating /home/behrouz/ws24-multi-robot-task-distribution/build/turtlebot3_teleop/build/lib/turtlebot3_teleop
[1.338s] copying turtlebot3_teleop/__init__.py -> /home/behrouz/ws24-multi-robot-task-distribution/build/turtlebot3_teleop/build/lib/turtlebot3_teleop
[1.338s] creating /home/behrouz/ws24-multi-robot-task-distribution/build/turtlebot3_teleop/build/lib/turtlebot3_teleop/script
[1.338s] copying turtlebot3_teleop/script/__init__.py -> /home/behrouz/ws24-multi-robot-task-distribution/build/turtlebot3_teleop/build/lib/turtlebot3_teleop/script
[1.338s] copying turtlebot3_teleop/script/teleop_keyboard.py -> /home/behrouz/ws24-multi-robot-task-distribution/build/turtlebot3_teleop/build/lib/turtlebot3_teleop/script
[1.339s] running install
[1.339s] running install_lib
[1.340s] creating /home/behrouz/ws24-multi-robot-task-distribution/install/turtlebot3_teleop/lib/python3.10/site-packages/turtlebot3_teleop
[1.340s] creating /home/behrouz/ws24-multi-robot-task-distribution/install/turtlebot3_teleop/lib/python3.10/site-packages/turtlebot3_teleop/script
[1.340s] copying /home/behrouz/ws24-multi-robot-task-distribution/build/turtlebot3_teleop/build/lib/turtlebot3_teleop/script/__init__.py -> /home/behrouz/ws24-multi-robot-task-distribution/install/turtlebot3_teleop/lib/python3.10/site-packages/turtlebot3_teleop/script
[1.340s] copying /home/behrouz/ws24-multi-robot-task-distribution/build/turtlebot3_teleop/build/lib/turtlebot3_teleop/script/teleop_keyboard.py -> /home/behrouz/ws24-multi-robot-task-distribution/install/turtlebot3_teleop/lib/python3.10/site-packages/turtlebot3_teleop/script
[1.340s] copying /home/behrouz/ws24-multi-robot-task-distribution/build/turtlebot3_teleop/build/lib/turtlebot3_teleop/__init__.py -> /home/behrouz/ws24-multi-robot-task-distribution/install/turtlebot3_teleop/lib/python3.10/site-packages/turtlebot3_teleop
[1.341s] byte-compiling /home/behrouz/ws24-multi-robot-task-distribution/install/turtlebot3_teleop/lib/python3.10/site-packages/turtlebot3_teleop/script/__init__.py to __init__.cpython-310.pyc
[1.341s] byte-compiling /home/behrouz/ws24-multi-robot-task-distribution/install/turtlebot3_teleop/lib/python3.10/site-packages/turtlebot3_teleop/script/teleop_keyboard.py to teleop_keyboard.cpython-310.pyc
[1.342s] byte-compiling /home/behrouz/ws24-multi-robot-task-distribution/install/turtlebot3_teleop/lib/python3.10/site-packages/turtlebot3_teleop/__init__.py to __init__.cpython-310.pyc
[1.342s] running install_data
[1.342s] creating /home/behrouz/ws24-multi-robot-task-distribution/install/turtlebot3_teleop/share/ament_index
[1.342s] creating /home/behrouz/ws24-multi-robot-task-distribution/install/turtlebot3_teleop/share/ament_index/resource_index
[1.342s] creating /home/behrouz/ws24-multi-robot-task-distribution/install/turtlebot3_teleop/share/ament_index/resource_index/packages
[1.343s] copying resource/turtlebot3_teleop -> /home/behrouz/ws24-multi-robot-task-distribution/install/turtlebot3_teleop/share/ament_index/resource_index/packages
[1.343s] copying package.xml -> /home/behrouz/ws24-multi-robot-task-distribution/install/turtlebot3_teleop/share/turtlebot3_teleop
[1.343s] running install_egg_info
[1.346s] Copying ../../../build/turtlebot3_teleop/turtlebot3_teleop.egg-info to /home/behrouz/ws24-multi-robot-task-distribution/install/turtlebot3_teleop/lib/python3.10/site-packages/turtlebot3_teleop-2.1.5-py3.10.egg-info
[1.347s] running install_scripts
[1.368s] Installing teleop_keyboard script to /home/behrouz/ws24-multi-robot-task-distribution/install/turtlebot3_teleop/lib/turtlebot3_teleop
[1.368s] writing list of installed files to '/home/behrouz/ws24-multi-robot-task-distribution/build/turtlebot3_teleop/install.log'
[1.402s] Invoked command in '/home/behrouz/ws24-multi-robot-task-distribution/src/turtlebot3/turtlebot3_teleop' returned '0': PYTHONPATH=/home/behrouz/ws24-multi-robot-task-distribution/build/turtlebot3_teleop/prefix_override:/usr/lib/python3/dist-packages/colcon_core/task/python/colcon_distutils_commands:/home/behrouz/ws24-multi-robot-task-distribution/install/turtlebot3_teleop/lib/python3.10/site-packages:${PYTHONPATH} /usr/bin/python3 -W ignore:setup.py install is deprecated setup.py egg_info --egg-base ../../../build/turtlebot3_teleop build --build-base /home/behrouz/ws24-multi-robot-task-distribution/build/turtlebot3_teleop/build install --record /home/behrouz/ws24-multi-robot-task-distribution/build/turtlebot3_teleop/install.log --single-version-externally-managed install_data
