[0.590s] Invoking command in '/home/behrouz/ws24-multi-robot-task-distribution/src/turtlebot3/turtlebot3_example': AMENT_PREFIX_PATH=/home/behrouz/ws24-multi-robot-task-distribution/src/install/turtlebot3_msgs:${AMENT_PREFIX_PATH} CMAKE_PREFIX_PATH=/home/behrouz/ws24-multi-robot-task-distribution/src/install/turtlebot3_msgs LD_LIBRARY_PATH=/home/behrouz/ws24-multi-robot-task-distribution/src/install/turtlebot3_msgs/lib:${LD_LIBRARY_PATH} PYTHONPATH=/home/behrouz/ws24-multi-robot-task-distribution/src/build/turtlebot3_example/prefix_override:/usr/lib/python3/dist-packages/colcon_core/task/python/colcon_distutils_commands:/home/behrouz/ws24-multi-robot-task-distribution/src/install/turtlebot3_example/lib/python3.10/site-packages:/home/behrouz/ws24-multi-robot-task-distribution/src/install/turtlebot3_msgs/local/lib/python3.10/dist-packages:${PYTHONPATH} /usr/bin/python3 -W ignore:setup.py install is deprecated setup.py egg_info --egg-base ../../build/turtlebot3_example build --build-base /home/behrouz/ws24-multi-robot-task-distribution/src/build/turtlebot3_example/build install --record /home/behrouz/ws24-multi-robot-task-distribution/src/build/turtlebot3_example/install.log --single-version-externally-managed install_data
[0.794s] running egg_info
[0.794s] creating ../../build/turtlebot3_example/turtlebot3_example.egg-info
[0.795s] writing ../../build/turtlebot3_example/turtlebot3_example.egg-info/PKG-INFO
[0.795s] writing dependency_links to ../../build/turtlebot3_example/turtlebot3_example.egg-info/dependency_links.txt
[0.795s] writing entry points to ../../build/turtlebot3_example/turtlebot3_example.egg-info/entry_points.txt
[0.795s] writing requirements to ../../build/turtlebot3_example/turtlebot3_example.egg-info/requires.txt
[0.795s] writing top-level names to ../../build/turtlebot3_example/turtlebot3_example.egg-info/top_level.txt
[0.795s] writing manifest file '../../build/turtlebot3_example/turtlebot3_example.egg-info/SOURCES.txt'
[0.797s] reading manifest file '../../build/turtlebot3_example/turtlebot3_example.egg-info/SOURCES.txt'
[0.798s] writing manifest file '../../build/turtlebot3_example/turtlebot3_example.egg-info/SOURCES.txt'
[0.798s] running build
[0.798s] running build_py
[0.798s] creating /home/behrouz/ws24-multi-robot-task-distribution/src/build/turtlebot3_example/build
[0.799s] creating /home/behrouz/ws24-multi-robot-task-distribution/src/build/turtlebot3_example/build/lib
[0.799s] creating /home/behrouz/ws24-multi-robot-task-distribution/src/build/turtlebot3_example/build/lib/turtlebot3_example
[0.799s] copying turtlebot3_example/__init__.py -> /home/behrouz/ws24-multi-robot-task-distribution/src/build/turtlebot3_example/build/lib/turtlebot3_example
[0.799s] creating /home/behrouz/ws24-multi-robot-task-distribution/src/build/turtlebot3_example/build/lib/turtlebot3_example/turtlebot3_obstacle_detection
[0.799s] copying turtlebot3_example/turtlebot3_obstacle_detection/turtlebot3_obstacle_detection.py -> /home/behrouz/ws24-multi-robot-task-distribution/src/build/turtlebot3_example/build/lib/turtlebot3_example/turtlebot3_obstacle_detection
[0.799s] copying turtlebot3_example/turtlebot3_obstacle_detection/main.py -> /home/behrouz/ws24-multi-robot-task-distribution/src/build/turtlebot3_example/build/lib/turtlebot3_example/turtlebot3_obstacle_detection
[0.800s] copying turtlebot3_example/turtlebot3_obstacle_detection/__init__.py -> /home/behrouz/ws24-multi-robot-task-distribution/src/build/turtlebot3_example/build/lib/turtlebot3_example/turtlebot3_obstacle_detection
[0.800s] creating /home/behrouz/ws24-multi-robot-task-distribution/src/build/turtlebot3_example/build/lib/turtlebot3_example/turtlebot3_patrol_client
[0.800s] copying turtlebot3_example/turtlebot3_patrol_client/turtlebot3_patrol_client.py -> /home/behrouz/ws24-multi-robot-task-distribution/src/build/turtlebot3_example/build/lib/turtlebot3_example/turtlebot3_patrol_client
[0.800s] copying turtlebot3_example/turtlebot3_patrol_client/main.py -> /home/behrouz/ws24-multi-robot-task-distribution/src/build/turtlebot3_example/build/lib/turtlebot3_example/turtlebot3_patrol_client
[0.800s] copying turtlebot3_example/turtlebot3_patrol_client/__init__.py -> /home/behrouz/ws24-multi-robot-task-distribution/src/build/turtlebot3_example/build/lib/turtlebot3_example/turtlebot3_patrol_client
[0.800s] creating /home/behrouz/ws24-multi-robot-task-distribution/src/build/turtlebot3_example/build/lib/turtlebot3_example/turtlebot3_patrol_server
[0.800s] copying turtlebot3_example/turtlebot3_patrol_server/main.py -> /home/behrouz/ws24-multi-robot-task-distribution/src/build/turtlebot3_example/build/lib/turtlebot3_example/turtlebot3_patrol_server
[0.800s] copying turtlebot3_example/turtlebot3_patrol_server/turtlebot3_patrol_server.py -> /home/behrouz/ws24-multi-robot-task-distribution/src/build/turtlebot3_example/build/lib/turtlebot3_example/turtlebot3_patrol_server
[0.800s] copying turtlebot3_example/turtlebot3_patrol_server/turtlebot3_path.py -> /home/behrouz/ws24-multi-robot-task-distribution/src/build/turtlebot3_example/build/lib/turtlebot3_example/turtlebot3_patrol_server
[0.801s] copying turtlebot3_example/turtlebot3_patrol_server/__init__.py -> /home/behrouz/ws24-multi-robot-task-distribution/src/build/turtlebot3_example/build/lib/turtlebot3_example/turtlebot3_patrol_server
[0.801s] creating /home/behrouz/ws24-multi-robot-task-distribution/src/build/turtlebot3_example/build/lib/turtlebot3_example/turtlebot3_position_control
[0.801s] copying turtlebot3_example/turtlebot3_position_control/turtlebot3_position_control.py -> /home/behrouz/ws24-multi-robot-task-distribution/src/build/turtlebot3_example/build/lib/turtlebot3_example/turtlebot3_position_control
[0.801s] copying turtlebot3_example/turtlebot3_position_control/main.py -> /home/behrouz/ws24-multi-robot-task-distribution/src/build/turtlebot3_example/build/lib/turtlebot3_example/turtlebot3_position_control
[0.801s] copying turtlebot3_example/turtlebot3_position_control/turtlebot3_path.py -> /home/behrouz/ws24-multi-robot-task-distribution/src/build/turtlebot3_example/build/lib/turtlebot3_example/turtlebot3_position_control
[0.801s] copying turtlebot3_example/turtlebot3_position_control/__init__.py -> /home/behrouz/ws24-multi-robot-task-distribution/src/build/turtlebot3_example/build/lib/turtlebot3_example/turtlebot3_position_control
[0.802s] running install
[0.802s] running install_lib
[0.803s] creating /home/behrouz/ws24-multi-robot-task-distribution/src/install/turtlebot3_example/lib/python3.10/site-packages/turtlebot3_example
[0.803s] creating /home/behrouz/ws24-multi-robot-task-distribution/src/install/turtlebot3_example/lib/python3.10/site-packages/turtlebot3_example/turtlebot3_obstacle_detection
[0.803s] copying /home/behrouz/ws24-multi-robot-task-distribution/src/build/turtlebot3_example/build/lib/turtlebot3_example/turtlebot3_obstacle_detection/turtlebot3_obstacle_detection.py -> /home/behrouz/ws24-multi-robot-task-distribution/src/install/turtlebot3_example/lib/python3.10/site-packages/turtlebot3_example/turtlebot3_obstacle_detection
[0.803s] copying /home/behrouz/ws24-multi-robot-task-distribution/src/build/turtlebot3_example/build/lib/turtlebot3_example/turtlebot3_obstacle_detection/main.py -> /home/behrouz/ws24-multi-robot-task-distribution/src/install/turtlebot3_example/lib/python3.10/site-packages/turtlebot3_example/turtlebot3_obstacle_detection
[0.803s] copying /home/behrouz/ws24-multi-robot-task-distribution/src/build/turtlebot3_example/build/lib/turtlebot3_example/turtlebot3_obstacle_detection/__init__.py -> /home/behrouz/ws24-multi-robot-task-distribution/src/install/turtlebot3_example/lib/python3.10/site-packages/turtlebot3_example/turtlebot3_obstacle_detection
[0.804s] creating /home/behrouz/ws24-multi-robot-task-distribution/src/install/turtlebot3_example/lib/python3.10/site-packages/turtlebot3_example/turtlebot3_patrol_client
[0.804s] copying /home/behrouz/ws24-multi-robot-task-distribution/src/build/turtlebot3_example/build/lib/turtlebot3_example/turtlebot3_patrol_client/turtlebot3_patrol_client.py -> /home/behrouz/ws24-multi-robot-task-distribution/src/install/turtlebot3_example/lib/python3.10/site-packages/turtlebot3_example/turtlebot3_patrol_client
[0.804s] copying /home/behrouz/ws24-multi-robot-task-distribution/src/build/turtlebot3_example/build/lib/turtlebot3_example/turtlebot3_patrol_client/main.py -> /home/behrouz/ws24-multi-robot-task-distribution/src/install/turtlebot3_example/lib/python3.10/site-packages/turtlebot3_example/turtlebot3_patrol_client
[0.804s] copying /home/behrouz/ws24-multi-robot-task-distribution/src/build/turtlebot3_example/build/lib/turtlebot3_example/turtlebot3_patrol_client/__init__.py -> /home/behrouz/ws24-multi-robot-task-distribution/src/install/turtlebot3_example/lib/python3.10/site-packages/turtlebot3_example/turtlebot3_patrol_client
[0.804s] creating /home/behrouz/ws24-multi-robot-task-distribution/src/install/turtlebot3_example/lib/python3.10/site-packages/turtlebot3_example/turtlebot3_patrol_server
[0.804s] copying /home/behrouz/ws24-multi-robot-task-distribution/src/build/turtlebot3_example/build/lib/turtlebot3_example/turtlebot3_patrol_server/main.py -> /home/behrouz/ws24-multi-robot-task-distribution/src/install/turtlebot3_example/lib/python3.10/site-packages/turtlebot3_example/turtlebot3_patrol_server
[0.804s] copying /home/behrouz/ws24-multi-robot-task-distribution/src/build/turtlebot3_example/build/lib/turtlebot3_example/turtlebot3_patrol_server/turtlebot3_patrol_server.py -> /home/behrouz/ws24-multi-robot-task-distribution/src/install/turtlebot3_example/lib/python3.10/site-packages/turtlebot3_example/turtlebot3_patrol_server
[0.804s] copying /home/behrouz/ws24-multi-robot-task-distribution/src/build/turtlebot3_example/build/lib/turtlebot3_example/turtlebot3_patrol_server/turtlebot3_path.py -> /home/behrouz/ws24-multi-robot-task-distribution/src/install/turtlebot3_example/lib/python3.10/site-packages/turtlebot3_example/turtlebot3_patrol_server
[0.805s] copying /home/behrouz/ws24-multi-robot-task-distribution/src/build/turtlebot3_example/build/lib/turtlebot3_example/turtlebot3_patrol_server/__init__.py -> /home/behrouz/ws24-multi-robot-task-distribution/src/install/turtlebot3_example/lib/python3.10/site-packages/turtlebot3_example/turtlebot3_patrol_server
[0.805s] creating /home/behrouz/ws24-multi-robot-task-distribution/src/install/turtlebot3_example/lib/python3.10/site-packages/turtlebot3_example/turtlebot3_position_control
[0.805s] copying /home/behrouz/ws24-multi-robot-task-distribution/src/build/turtlebot3_example/build/lib/turtlebot3_example/turtlebot3_position_control/turtlebot3_position_control.py -> /home/behrouz/ws24-multi-robot-task-distribution/src/install/turtlebot3_example/lib/python3.10/site-packages/turtlebot3_example/turtlebot3_position_control
[0.805s] copying /home/behrouz/ws24-multi-robot-task-distribution/src/build/turtlebot3_example/build/lib/turtlebot3_example/turtlebot3_position_control/main.py -> /home/behrouz/ws24-multi-robot-task-distribution/src/install/turtlebot3_example/lib/python3.10/site-packages/turtlebot3_example/turtlebot3_position_control
[0.805s] copying /home/behrouz/ws24-multi-robot-task-distribution/src/build/turtlebot3_example/build/lib/turtlebot3_example/turtlebot3_position_control/turtlebot3_path.py -> /home/behrouz/ws24-multi-robot-task-distribution/src/install/turtlebot3_example/lib/python3.10/site-packages/turtlebot3_example/turtlebot3_position_control
[0.805s] copying /home/behrouz/ws24-multi-robot-task-distribution/src/build/turtlebot3_example/build/lib/turtlebot3_example/turtlebot3_position_control/__init__.py -> /home/behrouz/ws24-multi-robot-task-distribution/src/install/turtlebot3_example/lib/python3.10/site-packages/turtlebot3_example/turtlebot3_position_control
[0.805s] copying /home/behrouz/ws24-multi-robot-task-distribution/src/build/turtlebot3_example/build/lib/turtlebot3_example/__init__.py -> /home/behrouz/ws24-multi-robot-task-distribution/src/install/turtlebot3_example/lib/python3.10/site-packages/turtlebot3_example
[0.806s] byte-compiling /home/behrouz/ws24-multi-robot-task-distribution/src/install/turtlebot3_example/lib/python3.10/site-packages/turtlebot3_example/turtlebot3_obstacle_detection/turtlebot3_obstacle_detection.py to turtlebot3_obstacle_detection.cpython-310.pyc
[0.806s] byte-compiling /home/behrouz/ws24-multi-robot-task-distribution/src/install/turtlebot3_example/lib/python3.10/site-packages/turtlebot3_example/turtlebot3_obstacle_detection/main.py to main.cpython-310.pyc
[0.807s] byte-compiling /home/behrouz/ws24-multi-robot-task-distribution/src/install/turtlebot3_example/lib/python3.10/site-packages/turtlebot3_example/turtlebot3_obstacle_detection/__init__.py to __init__.cpython-310.pyc
[0.807s] byte-compiling /home/behrouz/ws24-multi-robot-task-distribution/src/install/turtlebot3_example/lib/python3.10/site-packages/turtlebot3_example/turtlebot3_patrol_client/turtlebot3_patrol_client.py to turtlebot3_patrol_client.cpython-310.pyc
[0.807s] byte-compiling /home/behrouz/ws24-multi-robot-task-distribution/src/install/turtlebot3_example/lib/python3.10/site-packages/turtlebot3_example/turtlebot3_patrol_client/main.py to main.cpython-310.pyc
[0.808s] byte-compiling /home/behrouz/ws24-multi-robot-task-distribution/src/install/turtlebot3_example/lib/python3.10/site-packages/turtlebot3_example/turtlebot3_patrol_client/__init__.py to __init__.cpython-310.pyc
[0.808s] byte-compiling /home/behrouz/ws24-multi-robot-task-distribution/src/install/turtlebot3_example/lib/python3.10/site-packages/turtlebot3_example/turtlebot3_patrol_server/main.py to main.cpython-310.pyc
[0.808s] byte-compiling /home/behrouz/ws24-multi-robot-task-distribution/src/install/turtlebot3_example/lib/python3.10/site-packages/turtlebot3_example/turtlebot3_patrol_server/turtlebot3_patrol_server.py to turtlebot3_patrol_server.cpython-310.pyc
[0.809s] byte-compiling /home/behrouz/ws24-multi-robot-task-distribution/src/install/turtlebot3_example/lib/python3.10/site-packages/turtlebot3_example/turtlebot3_patrol_server/turtlebot3_path.py to turtlebot3_path.cpython-310.pyc
[0.809s] byte-compiling /home/behrouz/ws24-multi-robot-task-distribution/src/install/turtlebot3_example/lib/python3.10/site-packages/turtlebot3_example/turtlebot3_patrol_server/__init__.py to __init__.cpython-310.pyc
[0.809s] byte-compiling /home/behrouz/ws24-multi-robot-task-distribution/src/install/turtlebot3_example/lib/python3.10/site-packages/turtlebot3_example/turtlebot3_position_control/turtlebot3_position_control.py to turtlebot3_position_control.cpython-310.pyc
[0.810s] byte-compiling /home/behrouz/ws24-multi-robot-task-distribution/src/install/turtlebot3_example/lib/python3.10/site-packages/turtlebot3_example/turtlebot3_position_control/main.py to main.cpython-310.pyc
[0.810s] byte-compiling /home/behrouz/ws24-multi-robot-task-distribution/src/install/turtlebot3_example/lib/python3.10/site-packages/turtlebot3_example/turtlebot3_position_control/turtlebot3_path.py to turtlebot3_path.cpython-310.pyc
[0.810s] byte-compiling /home/behrouz/ws24-multi-robot-task-distribution/src/install/turtlebot3_example/lib/python3.10/site-packages/turtlebot3_example/turtlebot3_position_control/__init__.py to __init__.cpython-310.pyc
[0.810s] byte-compiling /home/behrouz/ws24-multi-robot-task-distribution/src/install/turtlebot3_example/lib/python3.10/site-packages/turtlebot3_example/__init__.py to __init__.cpython-310.pyc
[0.811s] running install_data
[0.811s] creating /home/behrouz/ws24-multi-robot-task-distribution/src/install/turtlebot3_example/share/ament_index
[0.811s] creating /home/behrouz/ws24-multi-robot-task-distribution/src/install/turtlebot3_example/share/ament_index/resource_index
[0.811s] creating /home/behrouz/ws24-multi-robot-task-distribution/src/install/turtlebot3_example/share/ament_index/resource_index/packages
[0.811s] copying resource/turtlebot3_example -> /home/behrouz/ws24-multi-robot-task-distribution/src/install/turtlebot3_example/share/ament_index/resource_index/packages
[0.811s] copying package.xml -> /home/behrouz/ws24-multi-robot-task-distribution/src/install/turtlebot3_example/share/turtlebot3_example
[0.811s] running install_egg_info
[0.816s] Copying ../../build/turtlebot3_example/turtlebot3_example.egg-info to /home/behrouz/ws24-multi-robot-task-distribution/src/install/turtlebot3_example/lib/python3.10/site-packages/turtlebot3_example-2.1.5-py3.10.egg-info
[0.817s] running install_scripts
[0.839s] Installing turtlebot3_obstacle_detection script to /home/behrouz/ws24-multi-robot-task-distribution/src/install/turtlebot3_example/lib/turtlebot3_example
[0.839s] Installing turtlebot3_patrol_client script to /home/behrouz/ws24-multi-robot-task-distribution/src/install/turtlebot3_example/lib/turtlebot3_example
[0.840s] Installing turtlebot3_patrol_server script to /home/behrouz/ws24-multi-robot-task-distribution/src/install/turtlebot3_example/lib/turtlebot3_example
[0.840s] Installing turtlebot3_position_control script to /home/behrouz/ws24-multi-robot-task-distribution/src/install/turtlebot3_example/lib/turtlebot3_example
[0.840s] writing list of installed files to '/home/behrouz/ws24-multi-robot-task-distribution/src/build/turtlebot3_example/install.log'
[0.887s] Invoked command in '/home/behrouz/ws24-multi-robot-task-distribution/src/turtlebot3/turtlebot3_example' returned '0': AMENT_PREFIX_PATH=/home/behrouz/ws24-multi-robot-task-distribution/src/install/turtlebot3_msgs:${AMENT_PREFIX_PATH} CMAKE_PREFIX_PATH=/home/behrouz/ws24-multi-robot-task-distribution/src/install/turtlebot3_msgs LD_LIBRARY_PATH=/home/behrouz/ws24-multi-robot-task-distribution/src/install/turtlebot3_msgs/lib:${LD_LIBRARY_PATH} PYTHONPATH=/home/behrouz/ws24-multi-robot-task-distribution/src/build/turtlebot3_example/prefix_override:/usr/lib/python3/dist-packages/colcon_core/task/python/colcon_distutils_commands:/home/behrouz/ws24-multi-robot-task-distribution/src/install/turtlebot3_example/lib/python3.10/site-packages:/home/behrouz/ws24-multi-robot-task-distribution/src/install/turtlebot3_msgs/local/lib/python3.10/dist-packages:${PYTHONPATH} /usr/bin/python3 -W ignore:setup.py install is deprecated setup.py egg_info --egg-base ../../build/turtlebot3_example build --build-base /home/behrouz/ws24-multi-robot-task-distribution/src/build/turtlebot3_example/build install --record /home/behrouz/ws24-multi-robot-task-distribution/src/build/turtlebot3_example/install.log --single-version-externally-managed install_data
