[0.252s] Invoking command in '/home/behrouz/ws24-multi-robot-task-distribution/src/build/turtlebot3_fake_node': AMENT_PREFIX_PATH=/home/behrouz/ws24-multi-robot-task-distribution/src/install/turtlebot3_msgs:${AMENT_PREFIX_PATH} CMAKE_PREFIX_PATH=/home/behrouz/ws24-multi-robot-task-distribution/src/install/turtlebot3_msgs:/home/behrouz/ws24-multi-robot-task-distribution/install/empty_simulation:/opt/ros/humble LD_LIBRARY_PATH=/home/behrouz/ws24-multi-robot-task-distribution/src/install/turtlebot3_msgs/lib:${LD_LIBRARY_PATH} PYTHONPATH=/home/behrouz/ws24-multi-robot-task-distribution/src/install/turtlebot3_msgs/local/lib/python3.10/dist-packages:${PYTHONPATH} /usr/bin/cmake /home/behrouz/ws24-multi-robot-task-distribution/src/turtlebot3_simulations/turtlebot3_fake_node -DCMAKE_INSTALL_PREFIX=/home/behrouz/ws24-multi-robot-task-distribution/src/install/turtlebot3_fake_node
[0.306s] -- The C compiler identification is GNU 11.4.0
[0.365s] -- The CXX compiler identification is GNU 11.4.0
[0.373s] -- Detecting C compiler ABI info
[0.444s] -- Detecting C compiler ABI info - done
[0.450s] -- Check for working C compiler: /usr/bin/cc - skipped
[0.450s] -- Detecting C compile features
[0.450s] -- Detecting C compile features - done
[0.453s] -- Detecting CXX compiler ABI info
[0.535s] -- Detecting CXX compiler ABI info - done
[0.545s] -- Check for working CXX compiler: /usr/bin/c++ - skipped
[0.545s] -- Detecting CXX compile features
[0.546s] -- Detecting CXX compile features - done
[0.550s] -- Found ament_cmake: 1.3.10 (/opt/ros/humble/share/ament_cmake/cmake)
[0.699s] -- Found Python3: /usr/bin/python3 (found version "3.10.12") found components: Interpreter 
[0.780s] -- Found geometry_msgs: 4.2.4 (/opt/ros/humble/share/geometry_msgs/cmake)
[0.819s] -- Found rosidl_generator_c: 3.1.5 (/opt/ros/humble/share/rosidl_generator_c/cmake)
[0.825s] -- Found rosidl_adapter: 3.1.5 (/opt/ros/humble/share/rosidl_adapter/cmake)
[0.833s] -- Found rosidl_generator_cpp: 3.1.5 (/opt/ros/humble/share/rosidl_generator_cpp/cmake)
[0.844s] -- Using all available rosidl_typesupport_c: rosidl_typesupport_fastrtps_c;rosidl_typesupport_introspection_c
[0.858s] -- Using all available rosidl_typesupport_cpp: rosidl_typesupport_fastrtps_cpp;rosidl_typesupport_introspection_cpp
[0.890s] -- Found nav_msgs: 4.2.4 (/opt/ros/humble/share/nav_msgs/cmake)
[0.904s] -- Found rclcpp: 16.0.10 (/opt/ros/humble/share/rclcpp/cmake)
[0.935s] -- Found rmw_implementation_cmake: 6.1.2 (/opt/ros/humble/share/rmw_implementation_cmake/cmake)
[0.938s] -- Found rmw_fastrtps_cpp: 6.2.7 (/opt/ros/humble/share/rmw_fastrtps_cpp/cmake)
[1.028s] -- Found OpenSSL: /usr/lib/x86_64-linux-gnu/libcrypto.so (found version "3.0.2")  
[1.069s] -- Found FastRTPS: /opt/ros/humble/include  
[1.113s] -- Using RMW implementation 'rmw_fastrtps_cpp' as default
[1.120s] -- Looking for pthread.h
[1.190s] -- Looking for pthread.h - found
[1.191s] -- Performing Test CMAKE_HAVE_LIBC_PTHREAD
[1.263s] -- Performing Test CMAKE_HAVE_LIBC_PTHREAD - Success
[1.264s] -- Found Threads: TRUE  
[1.295s] -- Found sensor_msgs: 4.2.4 (/opt/ros/humble/share/sensor_msgs/cmake)
[1.309s] -- Found tf2: 0.25.7 (/opt/ros/humble/share/tf2/cmake)
[1.320s] -- Found tf2_msgs: 0.25.7 (/opt/ros/humble/share/tf2_msgs/cmake)
[1.352s] -- Found turtlebot3_msgs: 2.2.3 (/home/behrouz/ws24-multi-robot-task-distribution/src/install/turtlebot3_msgs/share/turtlebot3_msgs/cmake)
[1.421s] -- Configuring done
[1.432s] -- Generating done
[1.433s] -- Build files have been written to: /home/behrouz/ws24-multi-robot-task-distribution/src/build/turtlebot3_fake_node
[1.445s] Invoked command in '/home/behrouz/ws24-multi-robot-task-distribution/src/build/turtlebot3_fake_node' returned '0': AMENT_PREFIX_PATH=/home/behrouz/ws24-multi-robot-task-distribution/src/install/turtlebot3_msgs:${AMENT_PREFIX_PATH} CMAKE_PREFIX_PATH=/home/behrouz/ws24-multi-robot-task-distribution/src/install/turtlebot3_msgs:/home/behrouz/ws24-multi-robot-task-distribution/install/empty_simulation:/opt/ros/humble LD_LIBRARY_PATH=/home/behrouz/ws24-multi-robot-task-distribution/src/install/turtlebot3_msgs/lib:${LD_LIBRARY_PATH} PYTHONPATH=/home/behrouz/ws24-multi-robot-task-distribution/src/install/turtlebot3_msgs/local/lib/python3.10/dist-packages:${PYTHONPATH} /usr/bin/cmake /home/behrouz/ws24-multi-robot-task-distribution/src/turtlebot3_simulations/turtlebot3_fake_node -DCMAKE_INSTALL_PREFIX=/home/behrouz/ws24-multi-robot-task-distribution/src/install/turtlebot3_fake_node
[1.448s] Invoking command in '/home/behrouz/ws24-multi-robot-task-distribution/src/build/turtlebot3_fake_node': AMENT_PREFIX_PATH=/home/behrouz/ws24-multi-robot-task-distribution/src/install/turtlebot3_msgs:${AMENT_PREFIX_PATH} CMAKE_PREFIX_PATH=/home/behrouz/ws24-multi-robot-task-distribution/src/install/turtlebot3_msgs:/home/behrouz/ws24-multi-robot-task-distribution/install/empty_simulation:/opt/ros/humble LD_LIBRARY_PATH=/home/behrouz/ws24-multi-robot-task-distribution/src/install/turtlebot3_msgs/lib:${LD_LIBRARY_PATH} PYTHONPATH=/home/behrouz/ws24-multi-robot-task-distribution/src/install/turtlebot3_msgs/local/lib/python3.10/dist-packages:${PYTHONPATH} /usr/bin/cmake --build /home/behrouz/ws24-multi-robot-task-distribution/src/build/turtlebot3_fake_node -- -j16 -l16
[1.530s] [ 50%] [32mBuilding CXX object CMakeFiles/turtlebot3_fake_node.dir/src/turtlebot3_fake_node.cpp.o[0m
[13.705s] [100%] [32m[1mLinking CXX executable turtlebot3_fake_node[0m
[14.080s] [100%] Built target turtlebot3_fake_node
[14.091s] Invoked command in '/home/behrouz/ws24-multi-robot-task-distribution/src/build/turtlebot3_fake_node' returned '0': AMENT_PREFIX_PATH=/home/behrouz/ws24-multi-robot-task-distribution/src/install/turtlebot3_msgs:${AMENT_PREFIX_PATH} CMAKE_PREFIX_PATH=/home/behrouz/ws24-multi-robot-task-distribution/src/install/turtlebot3_msgs:/home/behrouz/ws24-multi-robot-task-distribution/install/empty_simulation:/opt/ros/humble LD_LIBRARY_PATH=/home/behrouz/ws24-multi-robot-task-distribution/src/install/turtlebot3_msgs/lib:${LD_LIBRARY_PATH} PYTHONPATH=/home/behrouz/ws24-multi-robot-task-distribution/src/install/turtlebot3_msgs/local/lib/python3.10/dist-packages:${PYTHONPATH} /usr/bin/cmake --build /home/behrouz/ws24-multi-robot-task-distribution/src/build/turtlebot3_fake_node -- -j16 -l16
[14.114s] Invoking command in '/home/behrouz/ws24-multi-robot-task-distribution/src/build/turtlebot3_fake_node': AMENT_PREFIX_PATH=/home/behrouz/ws24-multi-robot-task-distribution/src/install/turtlebot3_msgs:${AMENT_PREFIX_PATH} CMAKE_PREFIX_PATH=/home/behrouz/ws24-multi-robot-task-distribution/src/install/turtlebot3_msgs:/home/behrouz/ws24-multi-robot-task-distribution/install/empty_simulation:/opt/ros/humble LD_LIBRARY_PATH=/home/behrouz/ws24-multi-robot-task-distribution/src/install/turtlebot3_msgs/lib:${LD_LIBRARY_PATH} PYTHONPATH=/home/behrouz/ws24-multi-robot-task-distribution/src/install/turtlebot3_msgs/local/lib/python3.10/dist-packages:${PYTHONPATH} /usr/bin/cmake --install /home/behrouz/ws24-multi-robot-task-distribution/src/build/turtlebot3_fake_node
[14.121s] -- Install configuration: ""
[14.121s] -- Installing: /home/behrouz/ws24-multi-robot-task-distribution/src/install/turtlebot3_fake_node/lib/turtlebot3_fake_node/turtlebot3_fake_node
[14.125s] -- Set runtime path of "/home/behrouz/ws24-multi-robot-task-distribution/src/install/turtlebot3_fake_node/lib/turtlebot3_fake_node/turtlebot3_fake_node" to ""
[14.125s] -- Installing: /home/behrouz/ws24-multi-robot-task-distribution/src/install/turtlebot3_fake_node/share/turtlebot3_fake_node/launch
[14.126s] -- Installing: /home/behrouz/ws24-multi-robot-task-distribution/src/install/turtlebot3_fake_node/share/turtlebot3_fake_node/launch/rviz2.launch.py
[14.126s] -- Installing: /home/behrouz/ws24-multi-robot-task-distribution/src/install/turtlebot3_fake_node/share/turtlebot3_fake_node/launch/turtlebot3_fake_node.launch.py
[14.126s] -- Installing: /home/behrouz/ws24-multi-robot-task-distribution/src/install/turtlebot3_fake_node/share/turtlebot3_fake_node/param
[14.126s] -- Installing: /home/behrouz/ws24-multi-robot-task-distribution/src/install/turtlebot3_fake_node/share/turtlebot3_fake_node/param/burger.yaml
[14.127s] -- Installing: /home/behrouz/ws24-multi-robot-task-distribution/src/install/turtlebot3_fake_node/share/turtlebot3_fake_node/param/waffle_pi.yaml
[14.127s] -- Installing: /home/behrouz/ws24-multi-robot-task-distribution/src/install/turtlebot3_fake_node/share/turtlebot3_fake_node/param/waffle.yaml
[14.127s] -- Installing: /home/behrouz/ws24-multi-robot-task-distribution/src/install/turtlebot3_fake_node/include/
[14.127s] -- Installing: /home/behrouz/ws24-multi-robot-task-distribution/src/install/turtlebot3_fake_node/include//turtlebot3_fake_node
[14.127s] -- Installing: /home/behrouz/ws24-multi-robot-task-distribution/src/install/turtlebot3_fake_node/include//turtlebot3_fake_node/turtlebot3_fake_node.hpp
[14.127s] -- Installing: /home/behrouz/ws24-multi-robot-task-distribution/src/install/turtlebot3_fake_node/share/ament_index/resource_index/package_run_dependencies/turtlebot3_fake_node
[14.127s] -- Installing: /home/behrouz/ws24-multi-robot-task-distribution/src/install/turtlebot3_fake_node/share/ament_index/resource_index/parent_prefix_path/turtlebot3_fake_node
[14.128s] -- Installing: /home/behrouz/ws24-multi-robot-task-distribution/src/install/turtlebot3_fake_node/share/turtlebot3_fake_node/environment/ament_prefix_path.sh
[14.128s] -- Installing: /home/behrouz/ws24-multi-robot-task-distribution/src/install/turtlebot3_fake_node/share/turtlebot3_fake_node/environment/ament_prefix_path.dsv
[14.128s] -- Installing: /home/behrouz/ws24-multi-robot-task-distribution/src/install/turtlebot3_fake_node/share/turtlebot3_fake_node/environment/path.sh
[14.128s] -- Installing: /home/behrouz/ws24-multi-robot-task-distribution/src/install/turtlebot3_fake_node/share/turtlebot3_fake_node/environment/path.dsv
[14.128s] -- Installing: /home/behrouz/ws24-multi-robot-task-distribution/src/install/turtlebot3_fake_node/share/turtlebot3_fake_node/local_setup.bash
[14.128s] -- Installing: /home/behrouz/ws24-multi-robot-task-distribution/src/install/turtlebot3_fake_node/share/turtlebot3_fake_node/local_setup.sh
[14.128s] -- Installing: /home/behrouz/ws24-multi-robot-task-distribution/src/install/turtlebot3_fake_node/share/turtlebot3_fake_node/local_setup.zsh
[14.128s] -- Installing: /home/behrouz/ws24-multi-robot-task-distribution/src/install/turtlebot3_fake_node/share/turtlebot3_fake_node/local_setup.dsv
[14.129s] -- Installing: /home/behrouz/ws24-multi-robot-task-distribution/src/install/turtlebot3_fake_node/share/turtlebot3_fake_node/package.dsv
[14.129s] -- Installing: /home/behrouz/ws24-multi-robot-task-distribution/src/install/turtlebot3_fake_node/share/ament_index/resource_index/packages/turtlebot3_fake_node
[14.129s] -- Installing: /home/behrouz/ws24-multi-robot-task-distribution/src/install/turtlebot3_fake_node/share/turtlebot3_fake_node/cmake/ament_cmake_export_include_directories-extras.cmake
[14.129s] -- Installing: /home/behrouz/ws24-multi-robot-task-distribution/src/install/turtlebot3_fake_node/share/turtlebot3_fake_node/cmake/ament_cmake_export_dependencies-extras.cmake
[14.129s] -- Installing: /home/behrouz/ws24-multi-robot-task-distribution/src/install/turtlebot3_fake_node/share/turtlebot3_fake_node/cmake/turtlebot3_fake_nodeConfig.cmake
[14.129s] -- Installing: /home/behrouz/ws24-multi-robot-task-distribution/src/install/turtlebot3_fake_node/share/turtlebot3_fake_node/cmake/turtlebot3_fake_nodeConfig-version.cmake
[14.129s] -- Installing: /home/behrouz/ws24-multi-robot-task-distribution/src/install/turtlebot3_fake_node/share/turtlebot3_fake_node/package.xml
[14.132s] Invoked command in '/home/behrouz/ws24-multi-robot-task-distribution/src/build/turtlebot3_fake_node' returned '0': AMENT_PREFIX_PATH=/home/behrouz/ws24-multi-robot-task-distribution/src/install/turtlebot3_msgs:${AMENT_PREFIX_PATH} CMAKE_PREFIX_PATH=/home/behrouz/ws24-multi-robot-task-distribution/src/install/turtlebot3_msgs:/home/behrouz/ws24-multi-robot-task-distribution/install/empty_simulation:/opt/ros/humble LD_LIBRARY_PATH=/home/behrouz/ws24-multi-robot-task-distribution/src/install/turtlebot3_msgs/lib:${LD_LIBRARY_PATH} PYTHONPATH=/home/behrouz/ws24-multi-robot-task-distribution/src/install/turtlebot3_msgs/local/lib/python3.10/dist-packages:${PYTHONPATH} /usr/bin/cmake --install /home/behrouz/ws24-multi-robot-task-distribution/src/build/turtlebot3_fake_node
