[0.029s] Invoking command in '/home/behrouz/ws24-multi-robot-task-distribution/src/build/dynamixel_sdk': CMAKE_PREFIX_PATH=/home/behrouz/ws24-multi-robot-task-distribution/install/empty_simulation:/opt/ros/humble /usr/bin/cmake /home/behrouz/ws24-multi-robot-task-distribution/src/DynamixelSDK/dynamixel_sdk -DCMAKE_INSTALL_PREFIX=/home/behrouz/ws24-multi-robot-task-distribution/src/install/dynamixel_sdk
[0.267s] -- The C compiler identification is GNU 11.4.0
[0.267s] -- The CXX compiler identification is GNU 11.4.0
[0.267s] -- Detecting C compiler ABI info
[0.268s] -- Detecting C compiler ABI info - done
[0.268s] -- Check for working C compiler: /usr/bin/cc - skipped
[0.268s] -- Detecting C compile features
[0.268s] -- Detecting C compile features - done
[0.268s] -- Detecting CXX compiler ABI info
[0.278s] -- Detecting CXX compiler ABI info - done
[0.283s] -- Check for working CXX compiler: /usr/bin/c++ - skipped
[0.284s] -- Detecting CXX compile features
[0.284s] -- Detecting CXX compile features - done
[0.286s] -- Found ament_cmake: 1.3.10 (/opt/ros/humble/share/ament_cmake/cmake)
[0.425s] -- Found Python3: /usr/bin/python3 (found version "3.10.12") found components: Interpreter 
[0.570s] -- Configuring done
[0.577s] -- Generating done
[0.577s] -- Build files have been written to: /home/behrouz/ws24-multi-robot-task-distribution/src/build/dynamixel_sdk
[0.581s] Invoked command in '/home/behrouz/ws24-multi-robot-task-distribution/src/build/dynamixel_sdk' returned '0': CMAKE_PREFIX_PATH=/home/behrouz/ws24-multi-robot-task-distribution/install/empty_simulation:/opt/ros/humble /usr/bin/cmake /home/behrouz/ws24-multi-robot-task-distribution/src/DynamixelSDK/dynamixel_sdk -DCMAKE_INSTALL_PREFIX=/home/behrouz/ws24-multi-robot-task-distribution/src/install/dynamixel_sdk
[0.583s] Invoking command in '/home/behrouz/ws24-multi-robot-task-distribution/src/build/dynamixel_sdk': CMAKE_PREFIX_PATH=/home/behrouz/ws24-multi-robot-task-distribution/install/empty_simulation:/opt/ros/humble /usr/bin/cmake --build /home/behrouz/ws24-multi-robot-task-distribution/src/build/dynamixel_sdk -- -j16 -l16
[0.632s] [ 30%] [32mBuilding CXX object CMakeFiles/dynamixel_sdk.dir/src/dynamixel_sdk/group_sync_read.cpp.o[0m
[0.632s] [ 30%] [32mBuilding CXX object CMakeFiles/dynamixel_sdk.dir/src/dynamixel_sdk/group_bulk_read.cpp.o[0m
[0.632s] [ 30%] [32mBuilding CXX object CMakeFiles/dynamixel_sdk.dir/src/dynamixel_sdk/group_bulk_write.cpp.o[0m
[0.632s] [ 40%] [32mBuilding CXX object CMakeFiles/dynamixel_sdk.dir/src/dynamixel_sdk/packet_handler.cpp.o[0m
[0.632s] [ 50%] [32mBuilding CXX object CMakeFiles/dynamixel_sdk.dir/src/dynamixel_sdk/group_sync_write.cpp.o[0m
[0.632s] [ 60%] [32mBuilding CXX object CMakeFiles/dynamixel_sdk.dir/src/dynamixel_sdk/protocol1_packet_handler.cpp.o[0m
[0.632s] [ 80%] [32mBuilding CXX object CMakeFiles/dynamixel_sdk.dir/src/dynamixel_sdk/port_handler_linux.cpp.o[0m
[0.633s] [ 80%] [32mBuilding CXX object CMakeFiles/dynamixel_sdk.dir/src/dynamixel_sdk/protocol2_packet_handler.cpp.o[0m
[0.633s] [ 90%] [32mBuilding CXX object CMakeFiles/dynamixel_sdk.dir/src/dynamixel_sdk/port_handler.cpp.o[0m
[1.107s] [100%] [32m[1mLinking CXX shared library libdynamixel_sdk.so[0m
[1.196s] [100%] Built target dynamixel_sdk
[1.211s] Invoked command in '/home/behrouz/ws24-multi-robot-task-distribution/src/build/dynamixel_sdk' returned '0': CMAKE_PREFIX_PATH=/home/behrouz/ws24-multi-robot-task-distribution/install/empty_simulation:/opt/ros/humble /usr/bin/cmake --build /home/behrouz/ws24-multi-robot-task-distribution/src/build/dynamixel_sdk -- -j16 -l16
[1.248s] Invoking command in '/home/behrouz/ws24-multi-robot-task-distribution/src/build/dynamixel_sdk': CMAKE_PREFIX_PATH=/home/behrouz/ws24-multi-robot-task-distribution/install/empty_simulation:/opt/ros/humble /usr/bin/cmake --install /home/behrouz/ws24-multi-robot-task-distribution/src/build/dynamixel_sdk
[1.254s] -- Install configuration: ""
[1.254s] -- Installing: /home/behrouz/ws24-multi-robot-task-distribution/src/install/dynamixel_sdk/include/
[1.254s] -- Installing: /home/behrouz/ws24-multi-robot-task-distribution/src/install/dynamixel_sdk/include//dynamixel_sdk
[1.254s] -- Installing: /home/behrouz/ws24-multi-robot-task-distribution/src/install/dynamixel_sdk/include//dynamixel_sdk/protocol1_packet_handler.h
[1.254s] -- Installing: /home/behrouz/ws24-multi-robot-task-distribution/src/install/dynamixel_sdk/include//dynamixel_sdk/packet_handler.h
[1.254s] -- Installing: /home/behrouz/ws24-multi-robot-task-distribution/src/install/dynamixel_sdk/include//dynamixel_sdk/protocol2_packet_handler.h
[1.254s] -- Installing: /home/behrouz/ws24-multi-robot-task-distribution/src/install/dynamixel_sdk/include//dynamixel_sdk/port_handler_windows.h
[1.254s] -- Installing: /home/behrouz/ws24-multi-robot-task-distribution/src/install/dynamixel_sdk/include//dynamixel_sdk/port_handler.h
[1.254s] -- Installing: /home/behrouz/ws24-multi-robot-task-distribution/src/install/dynamixel_sdk/include//dynamixel_sdk/group_sync_write.h
[1.255s] -- Installing: /home/behrouz/ws24-multi-robot-task-distribution/src/install/dynamixel_sdk/include//dynamixel_sdk/group_sync_read.h
[1.255s] -- Installing: /home/behrouz/ws24-multi-robot-task-distribution/src/install/dynamixel_sdk/include//dynamixel_sdk/port_handler_linux.h
[1.255s] -- Installing: /home/behrouz/ws24-multi-robot-task-distribution/src/install/dynamixel_sdk/include//dynamixel_sdk/group_bulk_write.h
[1.255s] -- Installing: /home/behrouz/ws24-multi-robot-task-distribution/src/install/dynamixel_sdk/include//dynamixel_sdk/group_bulk_read.h
[1.255s] -- Installing: /home/behrouz/ws24-multi-robot-task-distribution/src/install/dynamixel_sdk/include//dynamixel_sdk/dynamixel_sdk.h
[1.255s] -- Installing: /home/behrouz/ws24-multi-robot-task-distribution/src/install/dynamixel_sdk/include//dynamixel_sdk/port_handler_arduino.h
[1.255s] -- Installing: /home/behrouz/ws24-multi-robot-task-distribution/src/install/dynamixel_sdk/include//dynamixel_sdk/port_handler_mac.h
[1.255s] -- Installing: /home/behrouz/ws24-multi-robot-task-distribution/src/install/dynamixel_sdk/lib/libdynamixel_sdk.so
[1.256s] -- Installing: /home/behrouz/ws24-multi-robot-task-distribution/src/install/dynamixel_sdk/share/dynamixel_sdk/environment/library_path.sh
[1.256s] -- Installing: /home/behrouz/ws24-multi-robot-task-distribution/src/install/dynamixel_sdk/share/dynamixel_sdk/environment/library_path.dsv
[1.256s] -- Installing: /home/behrouz/ws24-multi-robot-task-distribution/src/install/dynamixel_sdk/share/ament_index/resource_index/package_run_dependencies/dynamixel_sdk
[1.256s] -- Installing: /home/behrouz/ws24-multi-robot-task-distribution/src/install/dynamixel_sdk/share/ament_index/resource_index/parent_prefix_path/dynamixel_sdk
[1.256s] -- Installing: /home/behrouz/ws24-multi-robot-task-distribution/src/install/dynamixel_sdk/share/dynamixel_sdk/environment/ament_prefix_path.sh
[1.257s] -- Installing: /home/behrouz/ws24-multi-robot-task-distribution/src/install/dynamixel_sdk/share/dynamixel_sdk/environment/ament_prefix_path.dsv
[1.257s] -- Installing: /home/behrouz/ws24-multi-robot-task-distribution/src/install/dynamixel_sdk/share/dynamixel_sdk/environment/path.sh
[1.257s] -- Installing: /home/behrouz/ws24-multi-robot-task-distribution/src/install/dynamixel_sdk/share/dynamixel_sdk/environment/path.dsv
[1.257s] -- Installing: /home/behrouz/ws24-multi-robot-task-distribution/src/install/dynamixel_sdk/share/dynamixel_sdk/local_setup.bash
[1.257s] -- Installing: /home/behrouz/ws24-multi-robot-task-distribution/src/install/dynamixel_sdk/share/dynamixel_sdk/local_setup.sh
[1.257s] -- Installing: /home/behrouz/ws24-multi-robot-task-distribution/src/install/dynamixel_sdk/share/dynamixel_sdk/local_setup.zsh
[1.257s] -- Installing: /home/behrouz/ws24-multi-robot-task-distribution/src/install/dynamixel_sdk/share/dynamixel_sdk/local_setup.dsv
[1.257s] -- Installing: /home/behrouz/ws24-multi-robot-task-distribution/src/install/dynamixel_sdk/share/dynamixel_sdk/package.dsv
[1.258s] -- Installing: /home/behrouz/ws24-multi-robot-task-distribution/src/install/dynamixel_sdk/share/ament_index/resource_index/packages/dynamixel_sdk
[1.258s] -- Installing: /home/behrouz/ws24-multi-robot-task-distribution/src/install/dynamixel_sdk/share/dynamixel_sdk/cmake/ament_cmake_export_include_directories-extras.cmake
[1.258s] -- Installing: /home/behrouz/ws24-multi-robot-task-distribution/src/install/dynamixel_sdk/share/dynamixel_sdk/cmake/ament_cmake_export_libraries-extras.cmake
[1.258s] -- Installing: /home/behrouz/ws24-multi-robot-task-distribution/src/install/dynamixel_sdk/share/dynamixel_sdk/cmake/dynamixel_sdkConfig.cmake
[1.258s] -- Installing: /home/behrouz/ws24-multi-robot-task-distribution/src/install/dynamixel_sdk/share/dynamixel_sdk/cmake/dynamixel_sdkConfig-version.cmake
[1.258s] -- Installing: /home/behrouz/ws24-multi-robot-task-distribution/src/install/dynamixel_sdk/share/dynamixel_sdk/package.xml
[1.260s] Invoked command in '/home/behrouz/ws24-multi-robot-task-distribution/src/build/dynamixel_sdk' returned '0': CMAKE_PREFIX_PATH=/home/behrouz/ws24-multi-robot-task-distribution/install/empty_simulation:/opt/ros/humble /usr/bin/cmake --install /home/behrouz/ws24-multi-robot-task-distribution/src/build/dynamixel_sdk
