running egg_info
creating ../../build/empty_simulation/empty_simulation.egg-info
writing ../../build/empty_simulation/empty_simulation.egg-info/PKG-INFO
writing dependency_links to ../../build/empty_simulation/empty_simulation.egg-info/dependency_links.txt
writing entry points to ../../build/empty_simulation/empty_simulation.egg-info/entry_points.txt
writing requirements to ../../build/empty_simulation/empty_simulation.egg-info/requires.txt
writing top-level names to ../../build/empty_simulation/empty_simulation.egg-info/top_level.txt
writing manifest file '../../build/empty_simulation/empty_simulation.egg-info/SOURCES.txt'
reading manifest file '../../build/empty_simulation/empty_simulation.egg-info/SOURCES.txt'
writing manifest file '../../build/empty_simulation/empty_simulation.egg-info/SOURCES.txt'
running build
running build_py
creating /home/behrouz/ws24-multi-robot-task-distribution/build/empty_simulation/build
creating /home/behrouz/ws24-multi-robot-task-distribution/build/empty_simulation/build/lib
creating /home/behrouz/ws24-multi-robot-task-distribution/build/empty_simulation/build/lib/empty_simulation
copying empty_simulation/__init__.py -> /home/behrouz/ws24-multi-robot-task-distribution/build/empty_simulation/build/lib/empty_simulation
running install
running install_lib
creating /home/behrouz/ws24-multi-robot-task-distribution/install/empty_simulation/lib/python3.10/site-packages/empty_simulation
copying /home/behrouz/ws24-multi-robot-task-distribution/build/empty_simulation/build/lib/empty_simulation/__init__.py -> /home/behrouz/ws24-multi-robot-task-distribution/install/empty_simulation/lib/python3.10/site-packages/empty_simulation
byte-compiling /home/behrouz/ws24-multi-robot-task-distribution/install/empty_simulation/lib/python3.10/site-packages/empty_simulation/__init__.py to __init__.cpython-310.pyc
running install_data
creating /home/behrouz/ws24-multi-robot-task-distribution/install/empty_simulation/share
creating /home/behrouz/ws24-multi-robot-task-distribution/install/empty_simulation/share/empty_simulation
creating /home/behrouz/ws24-multi-robot-task-distribution/install/empty_simulation/share/empty_simulation/launch
copying launch/empty_world.launch.py -> /home/behrouz/ws24-multi-robot-task-distribution/install/empty_simulation/share/empty_simulation/launch
running install_egg_info
Copying ../../build/empty_simulation/empty_simulation.egg-info to /home/behrouz/ws24-multi-robot-task-distribution/install/empty_simulation/lib/python3.10/site-packages/empty_simulation-0.0.0-py3.10.egg-info
running install_scripts
writing list of installed files to '/home/behrouz/ws24-multi-robot-task-distribution/build/empty_simulation/install.log'
