[0.035s] Invoking command in '/home/behrouz/ws24-multi-robot-task-distribution/build/turtlebot3_description': CMAKE_PREFIX_PATH=${CMAKE_PREFIX_PATH}:/home/behrouz/ws24-multi-robot-task-distribution/src/install/turtlebot3_teleop:/home/behrouz/ws24-multi-robot-task-distribution/src/install/turtlebot3_example:/home/behrouz/ws24-multi-robot-task-distribution/src/install/empty_simulation:/home/behrouz/ws24-multi-robot-task-distribution/install/empty_simulation:/opt/ros/humble /usr/bin/cmake /home/behrouz/ws24-multi-robot-task-distribution/src/turtlebot3/turtlebot3_description -DCMAKE_INSTALL_PREFIX=/home/behrouz/ws24-multi-robot-task-distribution/install/turtlebot3_description
[0.314s] -- The C compiler identification is GNU 11.4.0
[0.315s] -- The CXX compiler identification is GNU 11.4.0
[0.315s] -- Detecting C compiler ABI info
[0.315s] -- Detecting C compiler ABI info - done
[0.315s] -- Check for working C compiler: /usr/bin/cc - skipped
[0.315s] -- Detecting C compile features
[0.315s] -- Detecting C compile features - done
[0.315s] -- Detecting CXX compiler ABI info
[0.318s] -- Detecting CXX compiler ABI info - done
[0.322s] -- Check for working CXX compiler: /usr/bin/c++ - skipped
[0.323s] -- Detecting CXX compile features
[0.323s] -- Detecting CXX compile features - done
[0.328s] -- Found ament_cmake: 1.3.10 (/opt/ros/humble/share/ament_cmake/cmake)
[0.478s] -- Found Python3: /usr/bin/python3 (found version "3.10.12") found components: Interpreter 
[0.588s] -- Found urdf: 2.6.1 (/opt/ros/humble/share/urdf/cmake)
[0.736s] -- Configuring done
[0.742s] -- Generating done
[0.743s] -- Build files have been written to: /home/behrouz/ws24-multi-robot-task-distribution/build/turtlebot3_description
[0.776s] Invoked command in '/home/behrouz/ws24-multi-robot-task-distribution/build/turtlebot3_description' returned '0': CMAKE_PREFIX_PATH=${CMAKE_PREFIX_PATH}:/home/behrouz/ws24-multi-robot-task-distribution/src/install/turtlebot3_teleop:/home/behrouz/ws24-multi-robot-task-distribution/src/install/turtlebot3_example:/home/behrouz/ws24-multi-robot-task-distribution/src/install/empty_simulation:/home/behrouz/ws24-multi-robot-task-distribution/install/empty_simulation:/opt/ros/humble /usr/bin/cmake /home/behrouz/ws24-multi-robot-task-distribution/src/turtlebot3/turtlebot3_description -DCMAKE_INSTALL_PREFIX=/home/behrouz/ws24-multi-robot-task-distribution/install/turtlebot3_description
[0.776s] Invoking command in '/home/behrouz/ws24-multi-robot-task-distribution/build/turtlebot3_description': CMAKE_PREFIX_PATH=${CMAKE_PREFIX_PATH}:/home/behrouz/ws24-multi-robot-task-distribution/src/install/turtlebot3_teleop:/home/behrouz/ws24-multi-robot-task-distribution/src/install/turtlebot3_example:/home/behrouz/ws24-multi-robot-task-distribution/src/install/empty_simulation:/home/behrouz/ws24-multi-robot-task-distribution/install/empty_simulation:/opt/ros/humble /usr/bin/cmake --build /home/behrouz/ws24-multi-robot-task-distribution/build/turtlebot3_description -- -j16 -l16
[0.847s] Invoked command in '/home/behrouz/ws24-multi-robot-task-distribution/build/turtlebot3_description' returned '0': CMAKE_PREFIX_PATH=${CMAKE_PREFIX_PATH}:/home/behrouz/ws24-multi-robot-task-distribution/src/install/turtlebot3_teleop:/home/behrouz/ws24-multi-robot-task-distribution/src/install/turtlebot3_example:/home/behrouz/ws24-multi-robot-task-distribution/src/install/empty_simulation:/home/behrouz/ws24-multi-robot-task-distribution/install/empty_simulation:/opt/ros/humble /usr/bin/cmake --build /home/behrouz/ws24-multi-robot-task-distribution/build/turtlebot3_description -- -j16 -l16
[0.887s] Invoking command in '/home/behrouz/ws24-multi-robot-task-distribution/build/turtlebot3_description': CMAKE_PREFIX_PATH=${CMAKE_PREFIX_PATH}:/home/behrouz/ws24-multi-robot-task-distribution/src/install/turtlebot3_teleop:/home/behrouz/ws24-multi-robot-task-distribution/src/install/turtlebot3_example:/home/behrouz/ws24-multi-robot-task-distribution/src/install/empty_simulation:/home/behrouz/ws24-multi-robot-task-distribution/install/empty_simulation:/opt/ros/humble /usr/bin/cmake --install /home/behrouz/ws24-multi-robot-task-distribution/build/turtlebot3_description
[0.900s] -- Install configuration: ""
[0.901s] -- Installing: /home/behrouz/ws24-multi-robot-task-distribution/install/turtlebot3_description/share/turtlebot3_description/meshes
[0.901s] -- Installing: /home/behrouz/ws24-multi-robot-task-distribution/install/turtlebot3_description/share/turtlebot3_description/meshes/wheels
[0.901s] -- Installing: /home/behrouz/ws24-multi-robot-task-distribution/install/turtlebot3_description/share/turtlebot3_description/meshes/wheels/right_tire.stl
[0.903s] -- Installing: /home/behrouz/ws24-multi-robot-task-distribution/install/turtlebot3_description/share/turtlebot3_description/meshes/wheels/left_tire.stl
[0.906s] -- Installing: /home/behrouz/ws24-multi-robot-task-distribution/install/turtlebot3_description/share/turtlebot3_description/meshes/bases
[0.906s] -- Installing: /home/behrouz/ws24-multi-robot-task-distribution/install/turtlebot3_description/share/turtlebot3_description/meshes/bases/waffle_base.stl
[0.943s] -- Installing: /home/behrouz/ws24-multi-robot-task-distribution/install/turtlebot3_description/share/turtlebot3_description/meshes/bases/waffle_pi_base.stl
[0.960s] -- Installing: /home/behrouz/ws24-multi-robot-task-distribution/install/turtlebot3_description/share/turtlebot3_description/meshes/bases/burger_base.stl
[0.972s] -- Installing: /home/behrouz/ws24-multi-robot-task-distribution/install/turtlebot3_description/share/turtlebot3_description/meshes/sensors
[0.973s] -- Installing: /home/behrouz/ws24-multi-robot-task-distribution/install/turtlebot3_description/share/turtlebot3_description/meshes/sensors/lds.stl
[0.974s] -- Installing: /home/behrouz/ws24-multi-robot-task-distribution/install/turtlebot3_description/share/turtlebot3_description/meshes/sensors/astra.dae
[0.996s] -- Installing: /home/behrouz/ws24-multi-robot-task-distribution/install/turtlebot3_description/share/turtlebot3_description/meshes/sensors/r200.dae
[0.997s] -- Installing: /home/behrouz/ws24-multi-robot-task-distribution/install/turtlebot3_description/share/turtlebot3_description/meshes/sensors/astra.jpg
[0.998s] -- Installing: /home/behrouz/ws24-multi-robot-task-distribution/install/turtlebot3_description/share/turtlebot3_description/meshes/sensors/r200.jpg
[0.999s] -- Installing: /home/behrouz/ws24-multi-robot-task-distribution/install/turtlebot3_description/share/turtlebot3_description/rviz
[0.999s] -- Installing: /home/behrouz/ws24-multi-robot-task-distribution/install/turtlebot3_description/share/turtlebot3_description/rviz/model.rviz
[0.999s] -- Installing: /home/behrouz/ws24-multi-robot-task-distribution/install/turtlebot3_description/share/turtlebot3_description/urdf
[0.999s] -- Installing: /home/behrouz/ws24-multi-robot-task-distribution/install/turtlebot3_description/share/turtlebot3_description/urdf/turtlebot3_waffle.urdf
[0.999s] -- Installing: /home/behrouz/ws24-multi-robot-task-distribution/install/turtlebot3_description/share/turtlebot3_description/urdf/common_properties.urdf
[1.000s] -- Installing: /home/behrouz/ws24-multi-robot-task-distribution/install/turtlebot3_description/share/turtlebot3_description/urdf/turtlebot3_burger.urdf
[1.000s] -- Installing: /home/behrouz/ws24-multi-robot-task-distribution/install/turtlebot3_description/share/turtlebot3_description/urdf/turtlebot3_waffle_pi.urdf
[1.000s] -- Installing: /home/behrouz/ws24-multi-robot-task-distribution/install/turtlebot3_description/share/ament_index/resource_index/package_run_dependencies/turtlebot3_description
[1.000s] -- Installing: /home/behrouz/ws24-multi-robot-task-distribution/install/turtlebot3_description/share/ament_index/resource_index/parent_prefix_path/turtlebot3_description
[1.001s] -- Installing: /home/behrouz/ws24-multi-robot-task-distribution/install/turtlebot3_description/share/turtlebot3_description/environment/ament_prefix_path.sh
[1.001s] -- Installing: /home/behrouz/ws24-multi-robot-task-distribution/install/turtlebot3_description/share/turtlebot3_description/environment/ament_prefix_path.dsv
[1.001s] -- Installing: /home/behrouz/ws24-multi-robot-task-distribution/install/turtlebot3_description/share/turtlebot3_description/environment/path.sh
[1.001s] -- Installing: /home/behrouz/ws24-multi-robot-task-distribution/install/turtlebot3_description/share/turtlebot3_description/environment/path.dsv
[1.001s] -- Installing: /home/behrouz/ws24-multi-robot-task-distribution/install/turtlebot3_description/share/turtlebot3_description/local_setup.bash
[1.002s] -- Installing: /home/behrouz/ws24-multi-robot-task-distribution/install/turtlebot3_description/share/turtlebot3_description/local_setup.sh
[1.002s] -- Installing: /home/behrouz/ws24-multi-robot-task-distribution/install/turtlebot3_description/share/turtlebot3_description/local_setup.zsh
[1.002s] -- Installing: /home/behrouz/ws24-multi-robot-task-distribution/install/turtlebot3_description/share/turtlebot3_description/local_setup.dsv
[1.002s] -- Installing: /home/behrouz/ws24-multi-robot-task-distribution/install/turtlebot3_description/share/turtlebot3_description/package.dsv
[1.002s] -- Installing: /home/behrouz/ws24-multi-robot-task-distribution/install/turtlebot3_description/share/ament_index/resource_index/packages/turtlebot3_description
[1.003s] -- Installing: /home/behrouz/ws24-multi-robot-task-distribution/install/turtlebot3_description/share/turtlebot3_description/cmake/turtlebot3_descriptionConfig.cmake
[1.003s] -- Installing: /home/behrouz/ws24-multi-robot-task-distribution/install/turtlebot3_description/share/turtlebot3_description/cmake/turtlebot3_descriptionConfig-version.cmake
[1.003s] -- Installing: /home/behrouz/ws24-multi-robot-task-distribution/install/turtlebot3_description/share/turtlebot3_description/package.xml
[1.007s] Invoked command in '/home/behrouz/ws24-multi-robot-task-distribution/build/turtlebot3_description' returned '0': CMAKE_PREFIX_PATH=${CMAKE_PREFIX_PATH}:/home/behrouz/ws24-multi-robot-task-distribution/src/install/turtlebot3_teleop:/home/behrouz/ws24-multi-robot-task-distribution/src/install/turtlebot3_example:/home/behrouz/ws24-multi-robot-task-distribution/src/install/empty_simulation:/home/behrouz/ws24-multi-robot-task-distribution/install/empty_simulation:/opt/ros/humble /usr/bin/cmake --install /home/behrouz/ws24-multi-robot-task-distribution/build/turtlebot3_description
