[0.272s] Invoking command in '/home/behrouz/ws24-multi-robot-task-distribution/build/turtlebot3_fake_node': AMENT_PREFIX_PATH=/home/behrouz/ws24-multi-robot-task-distribution/install/turtlebot3_msgs:${AMENT_PREFIX_PATH} CMAKE_PREFIX_PATH=/home/behrouz/ws24-multi-robot-task-distribution/install/turtlebot3_msgs:/home/behrouz/ws24-multi-robot-task-distribution/src/install/turtlebot3:/home/behrouz/ws24-multi-robot-task-distribution/src/install/turtlebot3_simulations:/home/behrouz/ws24-multi-robot-task-distribution/src/install/turtlebot3_bringup:/home/behrouz/ws24-multi-robot-task-distribution/src/install/turtlebot3_node:/home/behrouz/ws24-multi-robot-task-distribution/src/install/turtlebot3_navigation2:/home/behrouz/ws24-multi-robot-task-distribution/src/install/turtlebot3_fake_node:/home/behrouz/ws24-multi-robot-task-distribution/src/install/turtlebot3_msgs:/home/behrouz/ws24-multi-robot-task-distribution/src/install/turtlebot3_gazebo:/home/behrouz/ws24-multi-robot-task-distribution/src/install/turtlebot3_description:/home/behrouz/ws24-multi-robot-task-distribution/src/install/turtlebot3_cartographer:/home/behrouz/ws24-multi-robot-task-distribution/src/install/dynamixel_sdk_examples:/home/behrouz/ws24-multi-robot-task-distribution/src/install/dynamixel_sdk_custom_interfaces:/home/behrouz/ws24-multi-robot-task-distribution/src/install/dynamixel_sdk:/home/behrouz/ws24-multi-robot-task-distribution/src/install/turtlebot3_teleop:/home/behrouz/ws24-multi-robot-task-distribution/src/install/turtlebot3_example:/home/behrouz/ws24-multi-robot-task-distribution/src/install/empty_simulation:/home/behrouz/ws24-multi-robot-task-distribution/install/empty_simulation:/opt/ros/humble LD_LIBRARY_PATH=/home/behrouz/ws24-multi-robot-task-distribution/install/turtlebot3_msgs/lib:${LD_LIBRARY_PATH} PYTHONPATH=/home/behrouz/ws24-multi-robot-task-distribution/install/turtlebot3_msgs/local/lib/python3.10/dist-packages:${PYTHONPATH} /usr/bin/cmake /home/behrouz/ws24-multi-robot-task-distribution/src/turtlebot3_simulations/turtlebot3_fake_node -DCMAKE_INSTALL_PREFIX=/home/behrouz/ws24-multi-robot-task-distribution/install/turtlebot3_fake_node
[0.330s] -- The C compiler identification is GNU 11.4.0
[0.388s] -- The CXX compiler identification is GNU 11.4.0
[0.396s] -- Detecting C compiler ABI info
[0.474s] -- Detecting C compiler ABI info - done
[0.484s] -- Check for working C compiler: /usr/bin/cc - skipped
[0.485s] -- Detecting C compile features
[0.485s] -- Detecting C compile features - done
[0.489s] -- Detecting CXX compiler ABI info
[0.579s] -- Detecting CXX compiler ABI info - done
[0.590s] -- Check for working CXX compiler: /usr/bin/c++ - skipped
[0.590s] -- Detecting CXX compile features
[0.591s] -- Detecting CXX compile features - done
[0.597s] -- Found ament_cmake: 1.3.10 (/opt/ros/humble/share/ament_cmake/cmake)
[0.755s] -- Found Python3: /usr/bin/python3 (found version "3.10.12") found components: Interpreter 
[0.905s] -- Found geometry_msgs: 4.2.4 (/opt/ros/humble/share/geometry_msgs/cmake)
[0.979s] -- Found rosidl_generator_c: 3.1.5 (/opt/ros/humble/share/rosidl_generator_c/cmake)
[0.991s] -- Found rosidl_adapter: 3.1.5 (/opt/ros/humble/share/rosidl_adapter/cmake)
[1.008s] -- Found rosidl_generator_cpp: 3.1.5 (/opt/ros/humble/share/rosidl_generator_cpp/cmake)
[1.024s] -- Using all available rosidl_typesupport_c: rosidl_typesupport_fastrtps_c;rosidl_typesupport_introspection_c
[1.043s] -- Using all available rosidl_typesupport_cpp: rosidl_typesupport_fastrtps_cpp;rosidl_typesupport_introspection_cpp
[1.081s] -- Found nav_msgs: 4.2.4 (/opt/ros/humble/share/nav_msgs/cmake)
[1.097s] -- Found rclcpp: 16.0.10 (/opt/ros/humble/share/rclcpp/cmake)
[1.147s] -- Found rmw_implementation_cmake: 6.1.2 (/opt/ros/humble/share/rmw_implementation_cmake/cmake)
[1.152s] -- Found rmw_fastrtps_cpp: 6.2.7 (/opt/ros/humble/share/rmw_fastrtps_cpp/cmake)
[1.259s] -- Found OpenSSL: /usr/lib/x86_64-linux-gnu/libcrypto.so (found version "3.0.2")  
[1.304s] -- Found FastRTPS: /opt/ros/humble/include  
[1.370s] -- Using RMW implementation 'rmw_fastrtps_cpp' as default
[1.389s] -- Looking for pthread.h
[1.466s] -- Looking for pthread.h - found
[1.466s] -- Performing Test CMAKE_HAVE_LIBC_PTHREAD
[1.545s] -- Performing Test CMAKE_HAVE_LIBC_PTHREAD - Success
[1.547s] -- Found Threads: TRUE  
[1.612s] -- Found sensor_msgs: 4.2.4 (/opt/ros/humble/share/sensor_msgs/cmake)
[1.639s] -- Found tf2: 0.25.7 (/opt/ros/humble/share/tf2/cmake)
[1.666s] -- Found tf2_msgs: 0.25.7 (/opt/ros/humble/share/tf2_msgs/cmake)
[1.731s] -- Found turtlebot3_msgs: 2.2.3 (/home/behrouz/ws24-multi-robot-task-distribution/install/turtlebot3_msgs/share/turtlebot3_msgs/cmake)
[1.870s] -- Configuring done
[1.892s] -- Generating done
[1.898s] -- Build files have been written to: /home/behrouz/ws24-multi-robot-task-distribution/build/turtlebot3_fake_node
[1.920s] Invoked command in '/home/behrouz/ws24-multi-robot-task-distribution/build/turtlebot3_fake_node' returned '0': AMENT_PREFIX_PATH=/home/behrouz/ws24-multi-robot-task-distribution/install/turtlebot3_msgs:${AMENT_PREFIX_PATH} CMAKE_PREFIX_PATH=/home/behrouz/ws24-multi-robot-task-distribution/install/turtlebot3_msgs:/home/behrouz/ws24-multi-robot-task-distribution/src/install/turtlebot3:/home/behrouz/ws24-multi-robot-task-distribution/src/install/turtlebot3_simulations:/home/behrouz/ws24-multi-robot-task-distribution/src/install/turtlebot3_bringup:/home/behrouz/ws24-multi-robot-task-distribution/src/install/turtlebot3_node:/home/behrouz/ws24-multi-robot-task-distribution/src/install/turtlebot3_navigation2:/home/behrouz/ws24-multi-robot-task-distribution/src/install/turtlebot3_fake_node:/home/behrouz/ws24-multi-robot-task-distribution/src/install/turtlebot3_msgs:/home/behrouz/ws24-multi-robot-task-distribution/src/install/turtlebot3_gazebo:/home/behrouz/ws24-multi-robot-task-distribution/src/install/turtlebot3_description:/home/behrouz/ws24-multi-robot-task-distribution/src/install/turtlebot3_cartographer:/home/behrouz/ws24-multi-robot-task-distribution/src/install/dynamixel_sdk_examples:/home/behrouz/ws24-multi-robot-task-distribution/src/install/dynamixel_sdk_custom_interfaces:/home/behrouz/ws24-multi-robot-task-distribution/src/install/dynamixel_sdk:/home/behrouz/ws24-multi-robot-task-distribution/src/install/turtlebot3_teleop:/home/behrouz/ws24-multi-robot-task-distribution/src/install/turtlebot3_example:/home/behrouz/ws24-multi-robot-task-distribution/src/install/empty_simulation:/home/behrouz/ws24-multi-robot-task-distribution/install/empty_simulation:/opt/ros/humble LD_LIBRARY_PATH=/home/behrouz/ws24-multi-robot-task-distribution/install/turtlebot3_msgs/lib:${LD_LIBRARY_PATH} PYTHONPATH=/home/behrouz/ws24-multi-robot-task-distribution/install/turtlebot3_msgs/local/lib/python3.10/dist-packages:${PYTHONPATH} /usr/bin/cmake /home/behrouz/ws24-multi-robot-task-distribution/src/turtlebot3_simulations/turtlebot3_fake_node -DCMAKE_INSTALL_PREFIX=/home/behrouz/ws24-multi-robot-task-distribution/install/turtlebot3_fake_node
[1.922s] Invoking command in '/home/behrouz/ws24-multi-robot-task-distribution/build/turtlebot3_fake_node': AMENT_PREFIX_PATH=/home/behrouz/ws24-multi-robot-task-distribution/install/turtlebot3_msgs:${AMENT_PREFIX_PATH} CMAKE_PREFIX_PATH=/home/behrouz/ws24-multi-robot-task-distribution/install/turtlebot3_msgs:/home/behrouz/ws24-multi-robot-task-distribution/src/install/turtlebot3:/home/behrouz/ws24-multi-robot-task-distribution/src/install/turtlebot3_simulations:/home/behrouz/ws24-multi-robot-task-distribution/src/install/turtlebot3_bringup:/home/behrouz/ws24-multi-robot-task-distribution/src/install/turtlebot3_node:/home/behrouz/ws24-multi-robot-task-distribution/src/install/turtlebot3_navigation2:/home/behrouz/ws24-multi-robot-task-distribution/src/install/turtlebot3_fake_node:/home/behrouz/ws24-multi-robot-task-distribution/src/install/turtlebot3_msgs:/home/behrouz/ws24-multi-robot-task-distribution/src/install/turtlebot3_gazebo:/home/behrouz/ws24-multi-robot-task-distribution/src/install/turtlebot3_description:/home/behrouz/ws24-multi-robot-task-distribution/src/install/turtlebot3_cartographer:/home/behrouz/ws24-multi-robot-task-distribution/src/install/dynamixel_sdk_examples:/home/behrouz/ws24-multi-robot-task-distribution/src/install/dynamixel_sdk_custom_interfaces:/home/behrouz/ws24-multi-robot-task-distribution/src/install/dynamixel_sdk:/home/behrouz/ws24-multi-robot-task-distribution/src/install/turtlebot3_teleop:/home/behrouz/ws24-multi-robot-task-distribution/src/install/turtlebot3_example:/home/behrouz/ws24-multi-robot-task-distribution/src/install/empty_simulation:/home/behrouz/ws24-multi-robot-task-distribution/install/empty_simulation:/opt/ros/humble LD_LIBRARY_PATH=/home/behrouz/ws24-multi-robot-task-distribution/install/turtlebot3_msgs/lib:${LD_LIBRARY_PATH} PYTHONPATH=/home/behrouz/ws24-multi-robot-task-distribution/install/turtlebot3_msgs/local/lib/python3.10/dist-packages:${PYTHONPATH} /usr/bin/cmake --build /home/behrouz/ws24-multi-robot-task-distribution/build/turtlebot3_fake_node -- -j16 -l16
[2.067s] [ 50%] [32mBuilding CXX object CMakeFiles/turtlebot3_fake_node.dir/src/turtlebot3_fake_node.cpp.o[0m
[14.298s] [100%] [32m[1mLinking CXX executable turtlebot3_fake_node[0m
[14.703s] [100%] Built target turtlebot3_fake_node
[14.713s] Invoked command in '/home/behrouz/ws24-multi-robot-task-distribution/build/turtlebot3_fake_node' returned '0': AMENT_PREFIX_PATH=/home/behrouz/ws24-multi-robot-task-distribution/install/turtlebot3_msgs:${AMENT_PREFIX_PATH} CMAKE_PREFIX_PATH=/home/behrouz/ws24-multi-robot-task-distribution/install/turtlebot3_msgs:/home/behrouz/ws24-multi-robot-task-distribution/src/install/turtlebot3:/home/behrouz/ws24-multi-robot-task-distribution/src/install/turtlebot3_simulations:/home/behrouz/ws24-multi-robot-task-distribution/src/install/turtlebot3_bringup:/home/behrouz/ws24-multi-robot-task-distribution/src/install/turtlebot3_node:/home/behrouz/ws24-multi-robot-task-distribution/src/install/turtlebot3_navigation2:/home/behrouz/ws24-multi-robot-task-distribution/src/install/turtlebot3_fake_node:/home/behrouz/ws24-multi-robot-task-distribution/src/install/turtlebot3_msgs:/home/behrouz/ws24-multi-robot-task-distribution/src/install/turtlebot3_gazebo:/home/behrouz/ws24-multi-robot-task-distribution/src/install/turtlebot3_description:/home/behrouz/ws24-multi-robot-task-distribution/src/install/turtlebot3_cartographer:/home/behrouz/ws24-multi-robot-task-distribution/src/install/dynamixel_sdk_examples:/home/behrouz/ws24-multi-robot-task-distribution/src/install/dynamixel_sdk_custom_interfaces:/home/behrouz/ws24-multi-robot-task-distribution/src/install/dynamixel_sdk:/home/behrouz/ws24-multi-robot-task-distribution/src/install/turtlebot3_teleop:/home/behrouz/ws24-multi-robot-task-distribution/src/install/turtlebot3_example:/home/behrouz/ws24-multi-robot-task-distribution/src/install/empty_simulation:/home/behrouz/ws24-multi-robot-task-distribution/install/empty_simulation:/opt/ros/humble LD_LIBRARY_PATH=/home/behrouz/ws24-multi-robot-task-distribution/install/turtlebot3_msgs/lib:${LD_LIBRARY_PATH} PYTHONPATH=/home/behrouz/ws24-multi-robot-task-distribution/install/turtlebot3_msgs/local/lib/python3.10/dist-packages:${PYTHONPATH} /usr/bin/cmake --build /home/behrouz/ws24-multi-robot-task-distribution/build/turtlebot3_fake_node -- -j16 -l16
[14.738s] Invoking command in '/home/behrouz/ws24-multi-robot-task-distribution/build/turtlebot3_fake_node': AMENT_PREFIX_PATH=/home/behrouz/ws24-multi-robot-task-distribution/install/turtlebot3_msgs:${AMENT_PREFIX_PATH} CMAKE_PREFIX_PATH=/home/behrouz/ws24-multi-robot-task-distribution/install/turtlebot3_msgs:/home/behrouz/ws24-multi-robot-task-distribution/src/install/turtlebot3:/home/behrouz/ws24-multi-robot-task-distribution/src/install/turtlebot3_simulations:/home/behrouz/ws24-multi-robot-task-distribution/src/install/turtlebot3_bringup:/home/behrouz/ws24-multi-robot-task-distribution/src/install/turtlebot3_node:/home/behrouz/ws24-multi-robot-task-distribution/src/install/turtlebot3_navigation2:/home/behrouz/ws24-multi-robot-task-distribution/src/install/turtlebot3_fake_node:/home/behrouz/ws24-multi-robot-task-distribution/src/install/turtlebot3_msgs:/home/behrouz/ws24-multi-robot-task-distribution/src/install/turtlebot3_gazebo:/home/behrouz/ws24-multi-robot-task-distribution/src/install/turtlebot3_description:/home/behrouz/ws24-multi-robot-task-distribution/src/install/turtlebot3_cartographer:/home/behrouz/ws24-multi-robot-task-distribution/src/install/dynamixel_sdk_examples:/home/behrouz/ws24-multi-robot-task-distribution/src/install/dynamixel_sdk_custom_interfaces:/home/behrouz/ws24-multi-robot-task-distribution/src/install/dynamixel_sdk:/home/behrouz/ws24-multi-robot-task-distribution/src/install/turtlebot3_teleop:/home/behrouz/ws24-multi-robot-task-distribution/src/install/turtlebot3_example:/home/behrouz/ws24-multi-robot-task-distribution/src/install/empty_simulation:/home/behrouz/ws24-multi-robot-task-distribution/install/empty_simulation:/opt/ros/humble LD_LIBRARY_PATH=/home/behrouz/ws24-multi-robot-task-distribution/install/turtlebot3_msgs/lib:${LD_LIBRARY_PATH} PYTHONPATH=/home/behrouz/ws24-multi-robot-task-distribution/install/turtlebot3_msgs/local/lib/python3.10/dist-packages:${PYTHONPATH} /usr/bin/cmake --install /home/behrouz/ws24-multi-robot-task-distribution/build/turtlebot3_fake_node
[14.744s] -- Install configuration: ""
[14.744s] -- Installing: /home/behrouz/ws24-multi-robot-task-distribution/install/turtlebot3_fake_node/lib/turtlebot3_fake_node/turtlebot3_fake_node
[14.748s] -- Set runtime path of "/home/behrouz/ws24-multi-robot-task-distribution/install/turtlebot3_fake_node/lib/turtlebot3_fake_node/turtlebot3_fake_node" to ""
[14.748s] -- Installing: /home/behrouz/ws24-multi-robot-task-distribution/install/turtlebot3_fake_node/share/turtlebot3_fake_node/launch
[14.748s] -- Installing: /home/behrouz/ws24-multi-robot-task-distribution/install/turtlebot3_fake_node/share/turtlebot3_fake_node/launch/rviz2.launch.py
[14.748s] -- Installing: /home/behrouz/ws24-multi-robot-task-distribution/install/turtlebot3_fake_node/share/turtlebot3_fake_node/launch/turtlebot3_fake_node.launch.py
[14.748s] -- Installing: /home/behrouz/ws24-multi-robot-task-distribution/install/turtlebot3_fake_node/share/turtlebot3_fake_node/param
[14.748s] -- Installing: /home/behrouz/ws24-multi-robot-task-distribution/install/turtlebot3_fake_node/share/turtlebot3_fake_node/param/burger.yaml
[14.749s] -- Installing: /home/behrouz/ws24-multi-robot-task-distribution/install/turtlebot3_fake_node/share/turtlebot3_fake_node/param/waffle_pi.yaml
[14.749s] -- Installing: /home/behrouz/ws24-multi-robot-task-distribution/install/turtlebot3_fake_node/share/turtlebot3_fake_node/param/waffle.yaml
[14.749s] -- Installing: /home/behrouz/ws24-multi-robot-task-distribution/install/turtlebot3_fake_node/include/
[14.749s] -- Installing: /home/behrouz/ws24-multi-robot-task-distribution/install/turtlebot3_fake_node/include//turtlebot3_fake_node
[14.749s] -- Installing: /home/behrouz/ws24-multi-robot-task-distribution/install/turtlebot3_fake_node/include//turtlebot3_fake_node/turtlebot3_fake_node.hpp
[14.749s] -- Installing: /home/behrouz/ws24-multi-robot-task-distribution/install/turtlebot3_fake_node/share/ament_index/resource_index/package_run_dependencies/turtlebot3_fake_node
[14.749s] -- Installing: /home/behrouz/ws24-multi-robot-task-distribution/install/turtlebot3_fake_node/share/ament_index/resource_index/parent_prefix_path/turtlebot3_fake_node
[14.749s] -- Installing: /home/behrouz/ws24-multi-robot-task-distribution/install/turtlebot3_fake_node/share/turtlebot3_fake_node/environment/ament_prefix_path.sh
[14.749s] -- Installing: /home/behrouz/ws24-multi-robot-task-distribution/install/turtlebot3_fake_node/share/turtlebot3_fake_node/environment/ament_prefix_path.dsv
[14.750s] -- Installing: /home/behrouz/ws24-multi-robot-task-distribution/install/turtlebot3_fake_node/share/turtlebot3_fake_node/environment/path.sh
[14.750s] -- Installing: /home/behrouz/ws24-multi-robot-task-distribution/install/turtlebot3_fake_node/share/turtlebot3_fake_node/environment/path.dsv
[14.750s] -- Installing: /home/behrouz/ws24-multi-robot-task-distribution/install/turtlebot3_fake_node/share/turtlebot3_fake_node/local_setup.bash
[14.750s] -- Installing: /home/behrouz/ws24-multi-robot-task-distribution/install/turtlebot3_fake_node/share/turtlebot3_fake_node/local_setup.sh
[14.750s] -- Installing: /home/behrouz/ws24-multi-robot-task-distribution/install/turtlebot3_fake_node/share/turtlebot3_fake_node/local_setup.zsh
[14.750s] -- Installing: /home/behrouz/ws24-multi-robot-task-distribution/install/turtlebot3_fake_node/share/turtlebot3_fake_node/local_setup.dsv
[14.750s] -- Installing: /home/behrouz/ws24-multi-robot-task-distribution/install/turtlebot3_fake_node/share/turtlebot3_fake_node/package.dsv
[14.750s] -- Installing: /home/behrouz/ws24-multi-robot-task-distribution/install/turtlebot3_fake_node/share/ament_index/resource_index/packages/turtlebot3_fake_node
[14.751s] -- Installing: /home/behrouz/ws24-multi-robot-task-distribution/install/turtlebot3_fake_node/share/turtlebot3_fake_node/cmake/ament_cmake_export_include_directories-extras.cmake
[14.751s] -- Installing: /home/behrouz/ws24-multi-robot-task-distribution/install/turtlebot3_fake_node/share/turtlebot3_fake_node/cmake/ament_cmake_export_dependencies-extras.cmake
[14.751s] -- Installing: /home/behrouz/ws24-multi-robot-task-distribution/install/turtlebot3_fake_node/share/turtlebot3_fake_node/cmake/turtlebot3_fake_nodeConfig.cmake
[14.751s] -- Installing: /home/behrouz/ws24-multi-robot-task-distribution/install/turtlebot3_fake_node/share/turtlebot3_fake_node/cmake/turtlebot3_fake_nodeConfig-version.cmake
[14.751s] -- Installing: /home/behrouz/ws24-multi-robot-task-distribution/install/turtlebot3_fake_node/share/turtlebot3_fake_node/package.xml
[14.754s] Invoked command in '/home/behrouz/ws24-multi-robot-task-distribution/build/turtlebot3_fake_node' returned '0': AMENT_PREFIX_PATH=/home/behrouz/ws24-multi-robot-task-distribution/install/turtlebot3_msgs:${AMENT_PREFIX_PATH} CMAKE_PREFIX_PATH=/home/behrouz/ws24-multi-robot-task-distribution/install/turtlebot3_msgs:/home/behrouz/ws24-multi-robot-task-distribution/src/install/turtlebot3:/home/behrouz/ws24-multi-robot-task-distribution/src/install/turtlebot3_simulations:/home/behrouz/ws24-multi-robot-task-distribution/src/install/turtlebot3_bringup:/home/behrouz/ws24-multi-robot-task-distribution/src/install/turtlebot3_node:/home/behrouz/ws24-multi-robot-task-distribution/src/install/turtlebot3_navigation2:/home/behrouz/ws24-multi-robot-task-distribution/src/install/turtlebot3_fake_node:/home/behrouz/ws24-multi-robot-task-distribution/src/install/turtlebot3_msgs:/home/behrouz/ws24-multi-robot-task-distribution/src/install/turtlebot3_gazebo:/home/behrouz/ws24-multi-robot-task-distribution/src/install/turtlebot3_description:/home/behrouz/ws24-multi-robot-task-distribution/src/install/turtlebot3_cartographer:/home/behrouz/ws24-multi-robot-task-distribution/src/install/dynamixel_sdk_examples:/home/behrouz/ws24-multi-robot-task-distribution/src/install/dynamixel_sdk_custom_interfaces:/home/behrouz/ws24-multi-robot-task-distribution/src/install/dynamixel_sdk:/home/behrouz/ws24-multi-robot-task-distribution/src/install/turtlebot3_teleop:/home/behrouz/ws24-multi-robot-task-distribution/src/install/turtlebot3_example:/home/behrouz/ws24-multi-robot-task-distribution/src/install/empty_simulation:/home/behrouz/ws24-multi-robot-task-distribution/install/empty_simulation:/opt/ros/humble LD_LIBRARY_PATH=/home/behrouz/ws24-multi-robot-task-distribution/install/turtlebot3_msgs/lib:${LD_LIBRARY_PATH} PYTHONPATH=/home/behrouz/ws24-multi-robot-task-distribution/install/turtlebot3_msgs/local/lib/python3.10/dist-packages:${PYTHONPATH} /usr/bin/cmake --install /home/behrouz/ws24-multi-robot-task-distribution/build/turtlebot3_fake_node
