[0.025s] Invoking command in '/home/behrouz/ws24-multi-robot-task-distribution/src/build/turtlebot3_gazebo': CMAKE_PREFIX_PATH=/home/behrouz/ws24-multi-robot-task-distribution/install/empty_simulation:/opt/ros/humble /usr/bin/cmake /home/behrouz/ws24-multi-robot-task-distribution/src/turtlebot3_simulations/turtlebot3_gazebo -DCMAKE_INSTALL_PREFIX=/home/behrouz/ws24-multi-robot-task-distribution/src/install/turtlebot3_gazebo
[0.262s] -- The C compiler identification is GNU 11.4.0
[0.262s] -- The CXX compiler identification is GNU 11.4.0
[0.262s] -- Detecting C compiler ABI info
[0.262s] -- Detecting C compiler ABI info - done
[0.262s] -- Check for working C compiler: /usr/bin/cc - skipped
[0.262s] -- Detecting C compile features
[0.262s] -- Detecting C compile features - done
[0.262s] -- Detecting CXX compiler ABI info
[0.263s] -- Detecting CXX compiler ABI info - done
[0.264s] -- Check for working CXX compiler: /usr/bin/c++ - skipped
[0.264s] -- Detecting CXX compile features
[0.264s] -- Detecting CXX compile features - done
[0.267s] -- Found ament_cmake: 1.3.10 (/opt/ros/humble/share/ament_cmake/cmake)
[0.405s] -- Found Python3: /usr/bin/python3 (found version "3.10.12") found components: Interpreter 
[0.495s] [33mCMake Warning (dev) at /usr/share/cmake-3.22/Modules/FindPackageHandleStandardArgs.cmake:438 (message):
[0.495s]   The package name passed to `find_package_handle_standard_args` (PkgConfig)
[0.495s]   does not match the name of the calling package (gazebo).  This can lead to
[0.495s]   problems in calling code that expects `find_package` result variables
[0.495s]   (e.g., `_FOUND`) to follow a certain pattern.
[0.495s] Call Stack (most recent call first):
[0.495s]   /usr/share/cmake-3.22/Modules/FindPkgConfig.cmake:99 (find_package_handle_standard_args)
[0.495s]   /usr/lib/x86_64-linux-gnu/cmake/gazebo/gazebo-config.cmake:72 (include)
[0.495s]   CMakeLists.txt:23 (find_package)
[0.495s] This warning is for project developers.  Use -Wno-dev to suppress it.
[0.495s] [0m
[0.495s] -- Found PkgConfig: /usr/bin/pkg-config (found version "0.29.2") 
[0.499s] -- Checking for module 'bullet>=2.82'
[0.510s] --   Found bullet, version 3.05
[0.625s] -- Found fcl: /usr/include (found suitable version "0.7.0", minimum required is "0.5.0") 
[0.707s] -- Found assimp: /usr/include (found version "5.2.0") 
[0.732s] -- Found DART: /usr/include (Required is at least version "6.6") found components: dart 
[0.963s] -- Found Boost: /usr/lib/x86_64-linux-gnu/cmake/Boost-1.74.0/BoostConfig.cmake (found suitable version "1.74.0", minimum required is "1.40.0") found components: thread system filesystem program_options regex iostreams date_time 
[0.989s] -- Found Protobuf: /usr/lib/x86_64-linux-gnu/libprotobuf.so (found version "3.12.4") 
[0.995s] -- Looking for ignition-math6 -- found version 6.15.1
[1.003s] -- Searching for dependencies of ignition-math6
[1.004s] -- Looking for OGRE...
[1.005s] -- OGRE_PREFIX_WATCH changed.
[1.012s] -- Checking for module 'OGRE'
[1.028s] --   Found OGRE, version 1.9.0
[1.061s] -- Found Ogre Ghadamon (1.9.0)
[1.072s] -- Found OGRE: optimized;/usr/lib/x86_64-linux-gnu/libOgreMain.so;debug;/usr/lib/x86_64-linux-gnu/libOgreMain.so
[1.080s] -- Looking for OGRE_Paging...
[1.086s] -- Found OGRE_Paging: optimized;/usr/lib/x86_64-linux-gnu/libOgrePaging.so;debug;/usr/lib/x86_64-linux-gnu/libOgrePaging.so
[1.086s] -- Looking for OGRE_Terrain...
[1.090s] -- Found OGRE_Terrain: optimized;/usr/lib/x86_64-linux-gnu/libOgreTerrain.so;debug;/usr/lib/x86_64-linux-gnu/libOgreTerrain.so
[1.091s] -- Looking for OGRE_Property...
[1.094s] -- Found OGRE_Property: optimized;/usr/lib/x86_64-linux-gnu/libOgreProperty.so;debug;/usr/lib/x86_64-linux-gnu/libOgreProperty.so
[1.094s] -- Looking for OGRE_RTShaderSystem...
[1.098s] -- Found OGRE_RTShaderSystem: optimized;/usr/lib/x86_64-linux-gnu/libOgreRTShaderSystem.so;debug;/usr/lib/x86_64-linux-gnu/libOgreRTShaderSystem.so
[1.098s] -- Looking for OGRE_Volume...
[1.102s] -- Found OGRE_Volume: optimized;/usr/lib/x86_64-linux-gnu/libOgreVolume.so;debug;/usr/lib/x86_64-linux-gnu/libOgreVolume.so
[1.102s] -- Looking for OGRE_Overlay...
[1.105s] -- Found OGRE_Overlay: optimized;/usr/lib/x86_64-linux-gnu/libOgreOverlay.so;debug;/usr/lib/x86_64-linux-gnu/libOgreOverlay.so
[1.200s] -- Looking for ignition-math6 -- found version 6.15.1
[1.200s] -- Looking for ignition-transport8 -- found version 8.2.1
[1.202s] -- Searching for dependencies of ignition-transport8
[1.220s] -- Found Protobuf: /usr/lib/x86_64-linux-gnu/libprotobuf.so (found suitable version "3.12.4", minimum required is "3") 
[1.233s] -- Config-file not installed for ZeroMQ -- checking for pkg-config
[1.237s] -- Checking for module 'libzmq >= 4'
[1.249s] --   Found libzmq , version 4.3.4
[1.282s] -- Found ZeroMQ: TRUE (Required is at least version "4") 
[1.287s] -- Checking for module 'uuid'
[1.298s] --   Found uuid, version 2.37.2
[1.328s] -- Found UUID: TRUE  
[1.330s] -- Looking for ignition-msgs5 -- found version 5.8.1
[1.331s] -- Searching for dependencies of ignition-msgs5
[1.349s] -- Looking for ignition-math6 -- found version 6.15.1
[1.353s] -- Checking for module 'tinyxml2'
[1.364s] --   Found tinyxml2, version 9.0.0
[1.396s] -- Looking for ignition-msgs5 -- found version 5.8.1
[1.398s] -- Looking for ignition-common3 -- found version 3.14.0
[1.398s] -- Searching for dependencies of ignition-common3
[1.398s] -- Looking for dlfcn.h - found
[1.399s] -- Looking for libdl - found
[1.400s] -- Found DL: TRUE  
[1.410s] -- Found tinyobjloader: /usr/lib/x86_64-linux-gnu/cmake/tinyobjloader/tinyobjloader-config.cmake (found version "2.0.0") 
[1.411s] -- Searching for <ignition-common3> component [graphics]
[1.412s] -- Looking for ignition-common3-graphics -- found version 3.14.0
[1.413s] -- Searching for dependencies of ignition-common3-graphics
[1.413s] -- Looking for ignition-math6 -- found version 6.15.1
[1.415s] -- Looking for ignition-fuel_tools4 -- found version 4.4.0
[1.416s] -- Searching for dependencies of ignition-fuel_tools4
[1.487s] -- Found CURL: /usr/lib/x86_64-linux-gnu/libcurl.so (found version "7.81.0")  
[1.494s] -- Checking for module 'jsoncpp'
[1.505s] --   Found jsoncpp, version 1.9.5
[1.535s] -- Found JSONCPP: TRUE  
[1.540s] -- Checking for module 'libzip'
[1.553s] --   Found libzip, version 1.7.3
[1.586s] -- Found ZIP: TRUE  
[1.586s] -- Looking for ignition-common3 -- found version 3.14.0
[1.586s] -- Looking for ignition-math6 -- found version 6.15.1
[1.587s] -- Looking for ignition-msgs5 -- found version 5.8.1
[1.591s] -- Found gazebo_ros_pkgs: 3.7.0 (/opt/ros/humble/share/gazebo_ros_pkgs/cmake)
[1.592s] -- Found geometry_msgs: 4.2.4 (/opt/ros/humble/share/geometry_msgs/cmake)
[1.617s] -- Found rosidl_generator_c: 3.1.5 (/opt/ros/humble/share/rosidl_generator_c/cmake)
[1.622s] -- Found rosidl_adapter: 3.1.5 (/opt/ros/humble/share/rosidl_adapter/cmake)
[1.629s] -- Found rosidl_generator_cpp: 3.1.5 (/opt/ros/humble/share/rosidl_generator_cpp/cmake)
[1.638s] -- Using all available rosidl_typesupport_c: rosidl_typesupport_fastrtps_c;rosidl_typesupport_introspection_c
[1.651s] -- Using all available rosidl_typesupport_cpp: rosidl_typesupport_fastrtps_cpp;rosidl_typesupport_introspection_cpp
[1.682s] -- Found nav_msgs: 4.2.4 (/opt/ros/humble/share/nav_msgs/cmake)
[1.695s] -- Found rclcpp: 16.0.10 (/opt/ros/humble/share/rclcpp/cmake)
[1.725s] -- Found rmw_implementation_cmake: 6.1.2 (/opt/ros/humble/share/rmw_implementation_cmake/cmake)
[1.728s] -- Found rmw_fastrtps_cpp: 6.2.7 (/opt/ros/humble/share/rmw_fastrtps_cpp/cmake)
[1.822s] -- Found OpenSSL: /usr/lib/x86_64-linux-gnu/libcrypto.so (found version "3.0.2")  
[1.856s] -- Found FastRTPS: /opt/ros/humble/include  
[1.917s] -- Using RMW implementation 'rmw_fastrtps_cpp' as default
[1.930s] -- Found Threads: TRUE  
[1.981s] -- Found sensor_msgs: 4.2.4 (/opt/ros/humble/share/sensor_msgs/cmake)
[2.005s] -- Found tf2: 0.25.7 (/opt/ros/humble/share/tf2/cmake)
[2.098s] -- Configuring done
[2.135s] -- Generating done
[2.136s] -- Build files have been written to: /home/behrouz/ws24-multi-robot-task-distribution/src/build/turtlebot3_gazebo
[2.173s] Invoked command in '/home/behrouz/ws24-multi-robot-task-distribution/src/build/turtlebot3_gazebo' returned '0': CMAKE_PREFIX_PATH=/home/behrouz/ws24-multi-robot-task-distribution/install/empty_simulation:/opt/ros/humble /usr/bin/cmake /home/behrouz/ws24-multi-robot-task-distribution/src/turtlebot3_simulations/turtlebot3_gazebo -DCMAKE_INSTALL_PREFIX=/home/behrouz/ws24-multi-robot-task-distribution/src/install/turtlebot3_gazebo
[2.174s] Invoking command in '/home/behrouz/ws24-multi-robot-task-distribution/src/build/turtlebot3_gazebo': CMAKE_PREFIX_PATH=/home/behrouz/ws24-multi-robot-task-distribution/install/empty_simulation:/opt/ros/humble /usr/bin/cmake --build /home/behrouz/ws24-multi-robot-task-distribution/src/build/turtlebot3_gazebo -- -j16 -l16
[2.264s] [ 25%] [32mBuilding CXX object CMakeFiles/turtlebot3_drive.dir/src/turtlebot3_drive.cpp.o[0m
[2.264s] [ 12%] [32mBuilding CXX object CMakeFiles/obstacle2.dir/models/turtlebot3_dqn_world/obstacle_plugin/obstacle2.cc.o[0m
[2.267s] [ 37%] [32mBuilding CXX object CMakeFiles/obstacle1.dir/models/turtlebot3_dqn_world/obstacle_plugin/obstacle1.cc.o[0m
[2.275s] [ 50%] [32mBuilding CXX object CMakeFiles/obstacles.dir/models/turtlebot3_dqn_world/obstacle_plugin/obstacles.cc.o[0m
[17.867s] [ 62%] [32m[1mLinking CXX executable turtlebot3_drive[0m
[18.633s] [ 75%] [32m[1mLinking CXX shared library libobstacle1.so[0m
[18.709s] [ 87%] [32m[1mLinking CXX shared library libobstacle2.so[0m
[18.873s] [100%] [32m[1mLinking CXX shared library libobstacles.so[0m
[18.894s] [100%] Built target turtlebot3_drive
[19.008s] [100%] Built target obstacle1
[19.053s] [100%] Built target obstacle2
[19.131s] [100%] Built target obstacles
[19.145s] Invoked command in '/home/behrouz/ws24-multi-robot-task-distribution/src/build/turtlebot3_gazebo' returned '0': CMAKE_PREFIX_PATH=/home/behrouz/ws24-multi-robot-task-distribution/install/empty_simulation:/opt/ros/humble /usr/bin/cmake --build /home/behrouz/ws24-multi-robot-task-distribution/src/build/turtlebot3_gazebo -- -j16 -l16
[19.178s] Invoking command in '/home/behrouz/ws24-multi-robot-task-distribution/src/build/turtlebot3_gazebo': CMAKE_PREFIX_PATH=/home/behrouz/ws24-multi-robot-task-distribution/install/empty_simulation:/opt/ros/humble /usr/bin/cmake --install /home/behrouz/ws24-multi-robot-task-distribution/src/build/turtlebot3_gazebo
[19.184s] -- Install configuration: ""
[19.185s] -- Installing: /home/behrouz/ws24-multi-robot-task-distribution/src/install/turtlebot3_gazebo/lib/turtlebot3_gazebo/turtlebot3_drive
[19.190s] -- Set runtime path of "/home/behrouz/ws24-multi-robot-task-distribution/src/install/turtlebot3_gazebo/lib/turtlebot3_gazebo/turtlebot3_drive" to ""
[19.190s] -- Installing: /home/behrouz/ws24-multi-robot-task-distribution/src/install/turtlebot3_gazebo/share/turtlebot3_gazebo//launch
[19.190s] -- Installing: /home/behrouz/ws24-multi-robot-task-distribution/src/install/turtlebot3_gazebo/share/turtlebot3_gazebo//launch/turtlebot3_world.launch.py
[19.190s] -- Installing: /home/behrouz/ws24-multi-robot-task-distribution/src/install/turtlebot3_gazebo/share/turtlebot3_gazebo//launch/spawn_turtlebot3.launch.py
[19.190s] -- Installing: /home/behrouz/ws24-multi-robot-task-distribution/src/install/turtlebot3_gazebo/share/turtlebot3_gazebo//launch/turtlebot3_dqn_stage4.launch.py
[19.191s] -- Installing: /home/behrouz/ws24-multi-robot-task-distribution/src/install/turtlebot3_gazebo/share/turtlebot3_gazebo//launch/turtlebot3_dqn_stage1.launch.py
[19.191s] -- Installing: /home/behrouz/ws24-multi-robot-task-distribution/src/install/turtlebot3_gazebo/share/turtlebot3_gazebo//launch/empty_world.launch.py
[19.191s] -- Installing: /home/behrouz/ws24-multi-robot-task-distribution/src/install/turtlebot3_gazebo/share/turtlebot3_gazebo//launch/turtlebot3_dqn_stage2.launch.py
[19.191s] -- Installing: /home/behrouz/ws24-multi-robot-task-distribution/src/install/turtlebot3_gazebo/share/turtlebot3_gazebo//launch/turtlebot3_house.launch.py
[19.191s] -- Installing: /home/behrouz/ws24-multi-robot-task-distribution/src/install/turtlebot3_gazebo/share/turtlebot3_gazebo//launch/robot_state_publisher.launch.py
[19.192s] -- Installing: /home/behrouz/ws24-multi-robot-task-distribution/src/install/turtlebot3_gazebo/share/turtlebot3_gazebo//launch/turtlebot3_dqn_stage3.launch.py
[19.192s] -- Installing: /home/behrouz/ws24-multi-robot-task-distribution/src/install/turtlebot3_gazebo/share/turtlebot3_gazebo//models
[19.192s] -- Installing: /home/behrouz/ws24-multi-robot-task-distribution/src/install/turtlebot3_gazebo/share/turtlebot3_gazebo//models/turtlebot3_waffle_pi
[19.192s] -- Installing: /home/behrouz/ws24-multi-robot-task-distribution/src/install/turtlebot3_gazebo/share/turtlebot3_gazebo//models/turtlebot3_waffle_pi/model.config
[19.192s] -- Installing: /home/behrouz/ws24-multi-robot-task-distribution/src/install/turtlebot3_gazebo/share/turtlebot3_gazebo//models/turtlebot3_waffle_pi/model-1_4_.sdf
[19.192s] -- Installing: /home/behrouz/ws24-multi-robot-task-distribution/src/install/turtlebot3_gazebo/share/turtlebot3_gazebo//models/turtlebot3_waffle_pi/model.sdf
[19.193s] -- Installing: /home/behrouz/ws24-multi-robot-task-distribution/src/install/turtlebot3_gazebo/share/turtlebot3_gazebo//models/turtlebot3_waffle
[19.193s] -- Installing: /home/behrouz/ws24-multi-robot-task-distribution/src/install/turtlebot3_gazebo/share/turtlebot3_gazebo//models/turtlebot3_waffle/model.config
[19.193s] -- Installing: /home/behrouz/ws24-multi-robot-task-distribution/src/install/turtlebot3_gazebo/share/turtlebot3_gazebo//models/turtlebot3_waffle/model-1_4.sdf
[19.193s] -- Installing: /home/behrouz/ws24-multi-robot-task-distribution/src/install/turtlebot3_gazebo/share/turtlebot3_gazebo//models/turtlebot3_waffle/model.sdf
[19.193s] -- Installing: /home/behrouz/ws24-multi-robot-task-distribution/src/install/turtlebot3_gazebo/share/turtlebot3_gazebo//models/turtlebot3_house
[19.193s] -- Installing: /home/behrouz/ws24-multi-robot-task-distribution/src/install/turtlebot3_gazebo/share/turtlebot3_gazebo//models/turtlebot3_house/model.config
[19.194s] -- Installing: /home/behrouz/ws24-multi-robot-task-distribution/src/install/turtlebot3_gazebo/share/turtlebot3_gazebo//models/turtlebot3_house/model.sdf
[19.194s] -- Installing: /home/behrouz/ws24-multi-robot-task-distribution/src/install/turtlebot3_gazebo/share/turtlebot3_gazebo//models/turtlebot3_burger
[19.194s] -- Installing: /home/behrouz/ws24-multi-robot-task-distribution/src/install/turtlebot3_gazebo/share/turtlebot3_gazebo//models/turtlebot3_burger/model.config
[19.195s] -- Installing: /home/behrouz/ws24-multi-robot-task-distribution/src/install/turtlebot3_gazebo/share/turtlebot3_gazebo//models/turtlebot3_burger/model-1_4.sdf
[19.195s] -- Installing: /home/behrouz/ws24-multi-robot-task-distribution/src/install/turtlebot3_gazebo/share/turtlebot3_gazebo//models/turtlebot3_burger/model.sdf
[19.195s] -- Installing: /home/behrouz/ws24-multi-robot-task-distribution/src/install/turtlebot3_gazebo/share/turtlebot3_gazebo//models/turtlebot3_dqn_world
[19.195s] -- Installing: /home/behrouz/ws24-multi-robot-task-distribution/src/install/turtlebot3_gazebo/share/turtlebot3_gazebo//models/turtlebot3_dqn_world/goal_box
[19.195s] -- Installing: /home/behrouz/ws24-multi-robot-task-distribution/src/install/turtlebot3_gazebo/share/turtlebot3_gazebo//models/turtlebot3_dqn_world/goal_box/model.config
[19.195s] -- Installing: /home/behrouz/ws24-multi-robot-task-distribution/src/install/turtlebot3_gazebo/share/turtlebot3_gazebo//models/turtlebot3_dqn_world/goal_box/model.sdf
[19.196s] -- Installing: /home/behrouz/ws24-multi-robot-task-distribution/src/install/turtlebot3_gazebo/share/turtlebot3_gazebo//models/turtlebot3_dqn_world/model.config
[19.196s] -- Installing: /home/behrouz/ws24-multi-robot-task-distribution/src/install/turtlebot3_gazebo/share/turtlebot3_gazebo//models/turtlebot3_dqn_world/model.sdf
[19.196s] -- Installing: /home/behrouz/ws24-multi-robot-task-distribution/src/install/turtlebot3_gazebo/share/turtlebot3_gazebo//models/turtlebot3_dqn_world/inner_walls
[19.196s] -- Installing: /home/behrouz/ws24-multi-robot-task-distribution/src/install/turtlebot3_gazebo/share/turtlebot3_gazebo//models/turtlebot3_dqn_world/inner_walls/model.config
[19.196s] -- Installing: /home/behrouz/ws24-multi-robot-task-distribution/src/install/turtlebot3_gazebo/share/turtlebot3_gazebo//models/turtlebot3_dqn_world/inner_walls/model.sdf
[19.197s] -- Installing: /home/behrouz/ws24-multi-robot-task-distribution/src/install/turtlebot3_gazebo/share/turtlebot3_gazebo//models/turtlebot3_dqn_world/obstacle1
[19.197s] -- Installing: /home/behrouz/ws24-multi-robot-task-distribution/src/install/turtlebot3_gazebo/share/turtlebot3_gazebo//models/turtlebot3_dqn_world/obstacle1/model.config
[19.197s] -- Installing: /home/behrouz/ws24-multi-robot-task-distribution/src/install/turtlebot3_gazebo/share/turtlebot3_gazebo//models/turtlebot3_dqn_world/obstacle1/model.sdf
[19.197s] -- Installing: /home/behrouz/ws24-multi-robot-task-distribution/src/install/turtlebot3_gazebo/share/turtlebot3_gazebo//models/turtlebot3_dqn_world/obstacle2
[19.197s] -- Installing: /home/behrouz/ws24-multi-robot-task-distribution/src/install/turtlebot3_gazebo/share/turtlebot3_gazebo//models/turtlebot3_dqn_world/obstacle2/model.config
[19.197s] -- Installing: /home/behrouz/ws24-multi-robot-task-distribution/src/install/turtlebot3_gazebo/share/turtlebot3_gazebo//models/turtlebot3_dqn_world/obstacle2/model.sdf
[19.197s] -- Installing: /home/behrouz/ws24-multi-robot-task-distribution/src/install/turtlebot3_gazebo/share/turtlebot3_gazebo//models/turtlebot3_dqn_world/obstacle_plugin
[19.198s] -- Installing: /home/behrouz/ws24-multi-robot-task-distribution/src/install/turtlebot3_gazebo/share/turtlebot3_gazebo//models/turtlebot3_dqn_world/obstacle_plugin/obstacles.cc
[19.198s] -- Installing: /home/behrouz/ws24-multi-robot-task-distribution/src/install/turtlebot3_gazebo/share/turtlebot3_gazebo//models/turtlebot3_dqn_world/obstacle_plugin/obstacle2.cc
[19.198s] -- Installing: /home/behrouz/ws24-multi-robot-task-distribution/src/install/turtlebot3_gazebo/share/turtlebot3_gazebo//models/turtlebot3_dqn_world/obstacle_plugin/obstacle1.cc
[19.198s] -- Installing: /home/behrouz/ws24-multi-robot-task-distribution/src/install/turtlebot3_gazebo/share/turtlebot3_gazebo//models/turtlebot3_dqn_world/obstacle_plugin/CMakeLists.txt
[19.198s] -- Installing: /home/behrouz/ws24-multi-robot-task-distribution/src/install/turtlebot3_gazebo/share/turtlebot3_gazebo//models/turtlebot3_dqn_world/obstacles
[19.198s] -- Installing: /home/behrouz/ws24-multi-robot-task-distribution/src/install/turtlebot3_gazebo/share/turtlebot3_gazebo//models/turtlebot3_dqn_world/obstacles/model.config
[19.199s] -- Installing: /home/behrouz/ws24-multi-robot-task-distribution/src/install/turtlebot3_gazebo/share/turtlebot3_gazebo//models/turtlebot3_dqn_world/obstacles/model.sdf
[19.199s] -- Installing: /home/behrouz/ws24-multi-robot-task-distribution/src/install/turtlebot3_gazebo/share/turtlebot3_gazebo//models/turtlebot3_common
[19.199s] -- Installing: /home/behrouz/ws24-multi-robot-task-distribution/src/install/turtlebot3_gazebo/share/turtlebot3_gazebo//models/turtlebot3_common/model.config
[19.199s] -- Installing: /home/behrouz/ws24-multi-robot-task-distribution/src/install/turtlebot3_gazebo/share/turtlebot3_gazebo//models/turtlebot3_common/meshes
[19.199s] -- Installing: /home/behrouz/ws24-multi-robot-task-distribution/src/install/turtlebot3_gazebo/share/turtlebot3_gazebo//models/turtlebot3_common/meshes/waffle_base.dae
[19.199s] -- Installing: /home/behrouz/ws24-multi-robot-task-distribution/src/install/turtlebot3_gazebo/share/turtlebot3_gazebo//models/turtlebot3_common/meshes/waffle_pi_base.dae
[19.200s] -- Installing: /home/behrouz/ws24-multi-robot-task-distribution/src/install/turtlebot3_gazebo/share/turtlebot3_gazebo//models/turtlebot3_common/meshes/lds.dae
[19.200s] -- Installing: /home/behrouz/ws24-multi-robot-task-distribution/src/install/turtlebot3_gazebo/share/turtlebot3_gazebo//models/turtlebot3_common/meshes/tire.dae
[19.200s] -- Installing: /home/behrouz/ws24-multi-robot-task-distribution/src/install/turtlebot3_gazebo/share/turtlebot3_gazebo//models/turtlebot3_common/meshes/burger_base.dae
[19.201s] -- Installing: /home/behrouz/ws24-multi-robot-task-distribution/src/install/turtlebot3_gazebo/share/turtlebot3_gazebo//models/turtlebot3_common/meshes/r200.dae
[19.201s] -- Installing: /home/behrouz/ws24-multi-robot-task-distribution/src/install/turtlebot3_gazebo/share/turtlebot3_gazebo//models/turtlebot3_world
[19.201s] -- Installing: /home/behrouz/ws24-multi-robot-task-distribution/src/install/turtlebot3_gazebo/share/turtlebot3_gazebo//models/turtlebot3_world/model.config
[19.201s] -- Installing: /home/behrouz/ws24-multi-robot-task-distribution/src/install/turtlebot3_gazebo/share/turtlebot3_gazebo//models/turtlebot3_world/model-1_4.sdf
[19.202s] -- Installing: /home/behrouz/ws24-multi-robot-task-distribution/src/install/turtlebot3_gazebo/share/turtlebot3_gazebo//models/turtlebot3_world/model.sdf
[19.202s] -- Installing: /home/behrouz/ws24-multi-robot-task-distribution/src/install/turtlebot3_gazebo/share/turtlebot3_gazebo//models/turtlebot3_world/meshes
[19.202s] -- Installing: /home/behrouz/ws24-multi-robot-task-distribution/src/install/turtlebot3_gazebo/share/turtlebot3_gazebo//models/turtlebot3_world/meshes/wall.dae
[19.202s] -- Installing: /home/behrouz/ws24-multi-robot-task-distribution/src/install/turtlebot3_gazebo/share/turtlebot3_gazebo//models/turtlebot3_world/meshes/hexagon.dae
[19.202s] -- Installing: /home/behrouz/ws24-multi-robot-task-distribution/src/install/turtlebot3_gazebo/share/turtlebot3_gazebo//rviz
[19.203s] -- Installing: /home/behrouz/ws24-multi-robot-task-distribution/src/install/turtlebot3_gazebo/share/turtlebot3_gazebo//rviz/tb3_gazebo.rviz
[19.203s] -- Installing: /home/behrouz/ws24-multi-robot-task-distribution/src/install/turtlebot3_gazebo/share/turtlebot3_gazebo//urdf
[19.203s] -- Installing: /home/behrouz/ws24-multi-robot-task-distribution/src/install/turtlebot3_gazebo/share/turtlebot3_gazebo//urdf/turtlebot3_waffle.urdf
[19.203s] -- Installing: /home/behrouz/ws24-multi-robot-task-distribution/src/install/turtlebot3_gazebo/share/turtlebot3_gazebo//urdf/common_properties.urdf
[19.203s] -- Installing: /home/behrouz/ws24-multi-robot-task-distribution/src/install/turtlebot3_gazebo/share/turtlebot3_gazebo//urdf/turtlebot3_burger.urdf
[19.203s] -- Installing: /home/behrouz/ws24-multi-robot-task-distribution/src/install/turtlebot3_gazebo/share/turtlebot3_gazebo//urdf/turtlebot3_waffle_pi.urdf
[19.204s] -- Installing: /home/behrouz/ws24-multi-robot-task-distribution/src/install/turtlebot3_gazebo/share/turtlebot3_gazebo//worlds
[19.204s] -- Installing: /home/behrouz/ws24-multi-robot-task-distribution/src/install/turtlebot3_gazebo/share/turtlebot3_gazebo//worlds/turtlebot3_world.world
[19.204s] -- Installing: /home/behrouz/ws24-multi-robot-task-distribution/src/install/turtlebot3_gazebo/share/turtlebot3_gazebo//worlds/turtlebot3_dqn_stage4.world
[19.204s] -- Installing: /home/behrouz/ws24-multi-robot-task-distribution/src/install/turtlebot3_gazebo/share/turtlebot3_gazebo//worlds/turtlebot3_dqn_stage3.world
[19.204s] -- Installing: /home/behrouz/ws24-multi-robot-task-distribution/src/install/turtlebot3_gazebo/share/turtlebot3_gazebo//worlds/empty_world.world
[19.204s] -- Installing: /home/behrouz/ws24-multi-robot-task-distribution/src/install/turtlebot3_gazebo/share/turtlebot3_gazebo//worlds/turtlebot3_house.world
[19.204s] -- Installing: /home/behrouz/ws24-multi-robot-task-distribution/src/install/turtlebot3_gazebo/share/turtlebot3_gazebo//worlds/turtlebot3_dqn_stage2.world
[19.205s] -- Installing: /home/behrouz/ws24-multi-robot-task-distribution/src/install/turtlebot3_gazebo/share/turtlebot3_gazebo//worlds/turtlebot3_dqn_stage1.world
[19.205s] -- Installing: /home/behrouz/ws24-multi-robot-task-distribution/src/install/turtlebot3_gazebo/include/
[19.205s] -- Installing: /home/behrouz/ws24-multi-robot-task-distribution/src/install/turtlebot3_gazebo/include//turtlebot3_gazebo
[19.205s] -- Installing: /home/behrouz/ws24-multi-robot-task-distribution/src/install/turtlebot3_gazebo/include//turtlebot3_gazebo/turtlebot3_drive.hpp
[19.205s] -- Installing: /home/behrouz/ws24-multi-robot-task-distribution/src/install/turtlebot3_gazebo/share/ament_index/resource_index/package_run_dependencies/turtlebot3_gazebo
[19.206s] -- Installing: /home/behrouz/ws24-multi-robot-task-distribution/src/install/turtlebot3_gazebo/share/ament_index/resource_index/parent_prefix_path/turtlebot3_gazebo
[19.206s] -- Installing: /home/behrouz/ws24-multi-robot-task-distribution/src/install/turtlebot3_gazebo/share/turtlebot3_gazebo/environment/ament_prefix_path.sh
[19.206s] -- Installing: /home/behrouz/ws24-multi-robot-task-distribution/src/install/turtlebot3_gazebo/share/turtlebot3_gazebo/environment/ament_prefix_path.dsv
[19.206s] -- Installing: /home/behrouz/ws24-multi-robot-task-distribution/src/install/turtlebot3_gazebo/share/turtlebot3_gazebo/environment/path.sh
[19.206s] -- Installing: /home/behrouz/ws24-multi-robot-task-distribution/src/install/turtlebot3_gazebo/share/turtlebot3_gazebo/environment/path.dsv
[19.206s] -- Installing: /home/behrouz/ws24-multi-robot-task-distribution/src/install/turtlebot3_gazebo/share/turtlebot3_gazebo/local_setup.bash
[19.206s] -- Installing: /home/behrouz/ws24-multi-robot-task-distribution/src/install/turtlebot3_gazebo/share/turtlebot3_gazebo/local_setup.sh
[19.206s] -- Installing: /home/behrouz/ws24-multi-robot-task-distribution/src/install/turtlebot3_gazebo/share/turtlebot3_gazebo/local_setup.zsh
[19.207s] -- Installing: /home/behrouz/ws24-multi-robot-task-distribution/src/install/turtlebot3_gazebo/share/turtlebot3_gazebo/local_setup.dsv
[19.207s] -- Installing: /home/behrouz/ws24-multi-robot-task-distribution/src/install/turtlebot3_gazebo/share/turtlebot3_gazebo/package.dsv
[19.207s] -- Installing: /home/behrouz/ws24-multi-robot-task-distribution/src/install/turtlebot3_gazebo/share/ament_index/resource_index/packages/turtlebot3_gazebo
[19.207s] -- Installing: /home/behrouz/ws24-multi-robot-task-distribution/src/install/turtlebot3_gazebo/share/turtlebot3_gazebo/cmake/ament_cmake_export_include_directories-extras.cmake
[19.207s] -- Installing: /home/behrouz/ws24-multi-robot-task-distribution/src/install/turtlebot3_gazebo/share/turtlebot3_gazebo/cmake/ament_cmake_export_dependencies-extras.cmake
[19.207s] -- Installing: /home/behrouz/ws24-multi-robot-task-distribution/src/install/turtlebot3_gazebo/share/turtlebot3_gazebo/cmake/turtlebot3_gazeboConfig.cmake
[19.207s] -- Installing: /home/behrouz/ws24-multi-robot-task-distribution/src/install/turtlebot3_gazebo/share/turtlebot3_gazebo/cmake/turtlebot3_gazeboConfig-version.cmake
[19.208s] -- Installing: /home/behrouz/ws24-multi-robot-task-distribution/src/install/turtlebot3_gazebo/share/turtlebot3_gazebo/package.xml
[19.210s] Invoked command in '/home/behrouz/ws24-multi-robot-task-distribution/src/build/turtlebot3_gazebo' returned '0': CMAKE_PREFIX_PATH=/home/behrouz/ws24-multi-robot-task-distribution/install/empty_simulation:/opt/ros/humble /usr/bin/cmake --install /home/behrouz/ws24-multi-robot-task-distribution/src/build/turtlebot3_gazebo
