[0.042s] Invoking command in '/home/behrouz/ws24-multi-robot-task-distribution/build/turtlebot3_description': CMAKE_PREFIX_PATH=${CMAKE_PREFIX_PATH}:/home/behrouz/ws24-multi-robot-task-distribution/install/turtlebot3_teleop:/home/behrouz/ws24-multi-robot-task-distribution/install/turtlebot3_example:/home/behrouz/ws24-multi-robot-task-distribution/src/install/turtlebot3_teleop:/home/behrouz/ws24-multi-robot-task-distribution/src/install/turtlebot3_example:/home/behrouz/ws24-multi-robot-task-distribution/src/install/empty_simulation:/home/behrouz/ws24-multi-robot-task-distribution/install/empty_simulation:/opt/ros/humble /usr/bin/cmake --build /home/behrouz/ws24-multi-robot-task-distribution/build/turtlebot3_description -- -j16 -l16
[0.308s] Invoked command in '/home/behrouz/ws24-multi-robot-task-distribution/build/turtlebot3_description' returned '0': CMAKE_PREFIX_PATH=${CMAKE_PREFIX_PATH}:/home/behrouz/ws24-multi-robot-task-distribution/install/turtlebot3_teleop:/home/behrouz/ws24-multi-robot-task-distribution/install/turtlebot3_example:/home/behrouz/ws24-multi-robot-task-distribution/src/install/turtlebot3_teleop:/home/behrouz/ws24-multi-robot-task-distribution/src/install/turtlebot3_example:/home/behrouz/ws24-multi-robot-task-distribution/src/install/empty_simulation:/home/behrouz/ws24-multi-robot-task-distribution/install/empty_simulation:/opt/ros/humble /usr/bin/cmake --build /home/behrouz/ws24-multi-robot-task-distribution/build/turtlebot3_description -- -j16 -l16
[0.535s] Invoking command in '/home/behrouz/ws24-multi-robot-task-distribution/build/turtlebot3_description': CMAKE_PREFIX_PATH=${CMAKE_PREFIX_PATH}:/home/behrouz/ws24-multi-robot-task-distribution/install/turtlebot3_teleop:/home/behrouz/ws24-multi-robot-task-distribution/install/turtlebot3_example:/home/behrouz/ws24-multi-robot-task-distribution/src/install/turtlebot3_teleop:/home/behrouz/ws24-multi-robot-task-distribution/src/install/turtlebot3_example:/home/behrouz/ws24-multi-robot-task-distribution/src/install/empty_simulation:/home/behrouz/ws24-multi-robot-task-distribution/install/empty_simulation:/opt/ros/humble /usr/bin/cmake --install /home/behrouz/ws24-multi-robot-task-distribution/build/turtlebot3_description
[0.542s] -- Install configuration: ""
[0.542s] -- Up-to-date: /home/behrouz/ws24-multi-robot-task-distribution/install/turtlebot3_description/share/turtlebot3_description/meshes
[0.543s] -- Up-to-date: /home/behrouz/ws24-multi-robot-task-distribution/install/turtlebot3_description/share/turtlebot3_description/meshes/wheels
[0.543s] -- Up-to-date: /home/behrouz/ws24-multi-robot-task-distribution/install/turtlebot3_description/share/turtlebot3_description/meshes/wheels/right_tire.stl
[0.543s] -- Up-to-date: /home/behrouz/ws24-multi-robot-task-distribution/install/turtlebot3_description/share/turtlebot3_description/meshes/wheels/left_tire.stl
[0.543s] -- Up-to-date: /home/behrouz/ws24-multi-robot-task-distribution/install/turtlebot3_description/share/turtlebot3_description/meshes/bases
[0.543s] -- Up-to-date: /home/behrouz/ws24-multi-robot-task-distribution/install/turtlebot3_description/share/turtlebot3_description/meshes/bases/waffle_base.stl
[0.544s] -- Up-to-date: /home/behrouz/ws24-multi-robot-task-distribution/install/turtlebot3_description/share/turtlebot3_description/meshes/bases/waffle_pi_base.stl
[0.544s] -- Up-to-date: /home/behrouz/ws24-multi-robot-task-distribution/install/turtlebot3_description/share/turtlebot3_description/meshes/bases/burger_base.stl
[0.544s] -- Up-to-date: /home/behrouz/ws24-multi-robot-task-distribution/install/turtlebot3_description/share/turtlebot3_description/meshes/sensors
[0.544s] -- Up-to-date: /home/behrouz/ws24-multi-robot-task-distribution/install/turtlebot3_description/share/turtlebot3_description/meshes/sensors/lds.stl
[0.544s] -- Up-to-date: /home/behrouz/ws24-multi-robot-task-distribution/install/turtlebot3_description/share/turtlebot3_description/meshes/sensors/astra.dae
[0.544s] -- Up-to-date: /home/behrouz/ws24-multi-robot-task-distribution/install/turtlebot3_description/share/turtlebot3_description/meshes/sensors/r200.dae
[0.544s] -- Up-to-date: /home/behrouz/ws24-multi-robot-task-distribution/install/turtlebot3_description/share/turtlebot3_description/meshes/sensors/astra.jpg
[0.544s] -- Up-to-date: /home/behrouz/ws24-multi-robot-task-distribution/install/turtlebot3_description/share/turtlebot3_description/meshes/sensors/r200.jpg
[0.545s] -- Up-to-date: /home/behrouz/ws24-multi-robot-task-distribution/install/turtlebot3_description/share/turtlebot3_description/rviz
[0.545s] -- Up-to-date: /home/behrouz/ws24-multi-robot-task-distribution/install/turtlebot3_description/share/turtlebot3_description/rviz/model.rviz
[0.545s] -- Up-to-date: /home/behrouz/ws24-multi-robot-task-distribution/install/turtlebot3_description/share/turtlebot3_description/urdf
[0.545s] -- Up-to-date: /home/behrouz/ws24-multi-robot-task-distribution/install/turtlebot3_description/share/turtlebot3_description/urdf/turtlebot3_waffle.urdf
[0.545s] -- Up-to-date: /home/behrouz/ws24-multi-robot-task-distribution/install/turtlebot3_description/share/turtlebot3_description/urdf/common_properties.urdf
[0.545s] -- Up-to-date: /home/behrouz/ws24-multi-robot-task-distribution/install/turtlebot3_description/share/turtlebot3_description/urdf/turtlebot3_burger.urdf
[0.546s] -- Up-to-date: /home/behrouz/ws24-multi-robot-task-distribution/install/turtlebot3_description/share/turtlebot3_description/urdf/turtlebot3_waffle_pi.urdf
[0.547s] -- Up-to-date: /home/behrouz/ws24-multi-robot-task-distribution/install/turtlebot3_description/share/ament_index/resource_index/package_run_dependencies/turtlebot3_description
[0.547s] -- Up-to-date: /home/behrouz/ws24-multi-robot-task-distribution/install/turtlebot3_description/share/ament_index/resource_index/parent_prefix_path/turtlebot3_description
[0.547s] -- Up-to-date: /home/behrouz/ws24-multi-robot-task-distribution/install/turtlebot3_description/share/turtlebot3_description/environment/ament_prefix_path.sh
[0.547s] -- Up-to-date: /home/behrouz/ws24-multi-robot-task-distribution/install/turtlebot3_description/share/turtlebot3_description/environment/ament_prefix_path.dsv
[0.547s] -- Up-to-date: /home/behrouz/ws24-multi-robot-task-distribution/install/turtlebot3_description/share/turtlebot3_description/environment/path.sh
[0.548s] -- Up-to-date: /home/behrouz/ws24-multi-robot-task-distribution/install/turtlebot3_description/share/turtlebot3_description/environment/path.dsv
[0.548s] -- Up-to-date: /home/behrouz/ws24-multi-robot-task-distribution/install/turtlebot3_description/share/turtlebot3_description/local_setup.bash
[0.548s] -- Up-to-date: /home/behrouz/ws24-multi-robot-task-distribution/install/turtlebot3_description/share/turtlebot3_description/local_setup.sh
[0.548s] -- Up-to-date: /home/behrouz/ws24-multi-robot-task-distribution/install/turtlebot3_description/share/turtlebot3_description/local_setup.zsh
[0.548s] -- Up-to-date: /home/behrouz/ws24-multi-robot-task-distribution/install/turtlebot3_description/share/turtlebot3_description/local_setup.dsv
[0.548s] -- Up-to-date: /home/behrouz/ws24-multi-robot-task-distribution/install/turtlebot3_description/share/turtlebot3_description/package.dsv
[0.548s] -- Up-to-date: /home/behrouz/ws24-multi-robot-task-distribution/install/turtlebot3_description/share/ament_index/resource_index/packages/turtlebot3_description
[0.548s] -- Up-to-date: /home/behrouz/ws24-multi-robot-task-distribution/install/turtlebot3_description/share/turtlebot3_description/cmake/turtlebot3_descriptionConfig.cmake
[0.548s] -- Up-to-date: /home/behrouz/ws24-multi-robot-task-distribution/install/turtlebot3_description/share/turtlebot3_description/cmake/turtlebot3_descriptionConfig-version.cmake
[0.548s] -- Up-to-date: /home/behrouz/ws24-multi-robot-task-distribution/install/turtlebot3_description/share/turtlebot3_description/package.xml
[0.549s] Invoked command in '/home/behrouz/ws24-multi-robot-task-distribution/build/turtlebot3_description' returned '0': CMAKE_PREFIX_PATH=${CMAKE_PREFIX_PATH}:/home/behrouz/ws24-multi-robot-task-distribution/install/turtlebot3_teleop:/home/behrouz/ws24-multi-robot-task-distribution/install/turtlebot3_example:/home/behrouz/ws24-multi-robot-task-distribution/src/install/turtlebot3_teleop:/home/behrouz/ws24-multi-robot-task-distribution/src/install/turtlebot3_example:/home/behrouz/ws24-multi-robot-task-distribution/src/install/empty_simulation:/home/behrouz/ws24-multi-robot-task-distribution/install/empty_simulation:/opt/ros/humble /usr/bin/cmake --install /home/behrouz/ws24-multi-robot-task-distribution/build/turtlebot3_description
