[0.010s] Invoking command in '/home/behrouz/ws24-multi-robot-task-distribution/src/build/turtlebot3_simulations': AMENT_PREFIX_PATH=/home/behrouz/ws24-multi-robot-task-distribution/src/install/turtlebot3_fake_node:/home/behrouz/ws24-multi-robot-task-distribution/src/install/turtlebot3_msgs:/home/behrouz/ws24-multi-robot-task-distribution/src/install/turtlebot3_gazebo:${AMENT_PREFIX_PATH} CMAKE_PREFIX_PATH=/home/behrouz/ws24-multi-robot-task-distribution/src/install/turtlebot3_fake_node:/home/behrouz/ws24-multi-robot-task-distribution/src/install/turtlebot3_msgs:/home/behrouz/ws24-multi-robot-task-distribution/src/install/turtlebot3_gazebo:/home/behrouz/ws24-multi-robot-task-distribution/install/empty_simulation:/opt/ros/humble LD_LIBRARY_PATH=/home/behrouz/ws24-multi-robot-task-distribution/src/install/turtlebot3_msgs/lib:${LD_LIBRARY_PATH} PYTHONPATH=/home/behrouz/ws24-multi-robot-task-distribution/src/install/turtlebot3_msgs/local/lib/python3.10/dist-packages:${PYTHONPATH} /usr/bin/cmake /home/behrouz/ws24-multi-robot-task-distribution/src/turtlebot3_simulations/turtlebot3_simulations -DCMAKE_INSTALL_PREFIX=/home/behrouz/ws24-multi-robot-task-distribution/src/install/turtlebot3_simulations
[0.079s] -- The C compiler identification is GNU 11.4.0
[0.130s] -- The CXX compiler identification is GNU 11.4.0
[0.137s] -- Detecting C compiler ABI info
[0.197s] -- Detecting C compiler ABI info - done
[0.202s] -- Check for working C compiler: /usr/bin/cc - skipped
[0.202s] -- Detecting C compile features
[0.202s] -- Detecting C compile features - done
[0.205s] -- Detecting CXX compiler ABI info
[0.272s] -- Detecting CXX compiler ABI info - done
[0.277s] -- Check for working CXX compiler: /usr/bin/c++ - skipped
[0.277s] -- Detecting CXX compile features
[0.277s] -- Detecting CXX compile features - done
[0.286s] -- Found ament_cmake: 1.3.10 (/opt/ros/humble/share/ament_cmake/cmake)
[0.415s] -- Found Python3: /usr/bin/python3 (found version "3.10.12") found components: Interpreter 
[0.598s] -- Configuring done
[0.600s] -- Generating done
[0.601s] -- Build files have been written to: /home/behrouz/ws24-multi-robot-task-distribution/src/build/turtlebot3_simulations
[0.605s] Invoked command in '/home/behrouz/ws24-multi-robot-task-distribution/src/build/turtlebot3_simulations' returned '0': AMENT_PREFIX_PATH=/home/behrouz/ws24-multi-robot-task-distribution/src/install/turtlebot3_fake_node:/home/behrouz/ws24-multi-robot-task-distribution/src/install/turtlebot3_msgs:/home/behrouz/ws24-multi-robot-task-distribution/src/install/turtlebot3_gazebo:${AMENT_PREFIX_PATH} CMAKE_PREFIX_PATH=/home/behrouz/ws24-multi-robot-task-distribution/src/install/turtlebot3_fake_node:/home/behrouz/ws24-multi-robot-task-distribution/src/install/turtlebot3_msgs:/home/behrouz/ws24-multi-robot-task-distribution/src/install/turtlebot3_gazebo:/home/behrouz/ws24-multi-robot-task-distribution/install/empty_simulation:/opt/ros/humble LD_LIBRARY_PATH=/home/behrouz/ws24-multi-robot-task-distribution/src/install/turtlebot3_msgs/lib:${LD_LIBRARY_PATH} PYTHONPATH=/home/behrouz/ws24-multi-robot-task-distribution/src/install/turtlebot3_msgs/local/lib/python3.10/dist-packages:${PYTHONPATH} /usr/bin/cmake /home/behrouz/ws24-multi-robot-task-distribution/src/turtlebot3_simulations/turtlebot3_simulations -DCMAKE_INSTALL_PREFIX=/home/behrouz/ws24-multi-robot-task-distribution/src/install/turtlebot3_simulations
[0.607s] Invoking command in '/home/behrouz/ws24-multi-robot-task-distribution/src/build/turtlebot3_simulations': AMENT_PREFIX_PATH=/home/behrouz/ws24-multi-robot-task-distribution/src/install/turtlebot3_fake_node:/home/behrouz/ws24-multi-robot-task-distribution/src/install/turtlebot3_msgs:/home/behrouz/ws24-multi-robot-task-distribution/src/install/turtlebot3_gazebo:${AMENT_PREFIX_PATH} CMAKE_PREFIX_PATH=/home/behrouz/ws24-multi-robot-task-distribution/src/install/turtlebot3_fake_node:/home/behrouz/ws24-multi-robot-task-distribution/src/install/turtlebot3_msgs:/home/behrouz/ws24-multi-robot-task-distribution/src/install/turtlebot3_gazebo:/home/behrouz/ws24-multi-robot-task-distribution/install/empty_simulation:/opt/ros/humble LD_LIBRARY_PATH=/home/behrouz/ws24-multi-robot-task-distribution/src/install/turtlebot3_msgs/lib:${LD_LIBRARY_PATH} PYTHONPATH=/home/behrouz/ws24-multi-robot-task-distribution/src/install/turtlebot3_msgs/local/lib/python3.10/dist-packages:${PYTHONPATH} /usr/bin/cmake --build /home/behrouz/ws24-multi-robot-task-distribution/src/build/turtlebot3_simulations -- -j16 -l16
[0.640s] Invoked command in '/home/behrouz/ws24-multi-robot-task-distribution/src/build/turtlebot3_simulations' returned '0': AMENT_PREFIX_PATH=/home/behrouz/ws24-multi-robot-task-distribution/src/install/turtlebot3_fake_node:/home/behrouz/ws24-multi-robot-task-distribution/src/install/turtlebot3_msgs:/home/behrouz/ws24-multi-robot-task-distribution/src/install/turtlebot3_gazebo:${AMENT_PREFIX_PATH} CMAKE_PREFIX_PATH=/home/behrouz/ws24-multi-robot-task-distribution/src/install/turtlebot3_fake_node:/home/behrouz/ws24-multi-robot-task-distribution/src/install/turtlebot3_msgs:/home/behrouz/ws24-multi-robot-task-distribution/src/install/turtlebot3_gazebo:/home/behrouz/ws24-multi-robot-task-distribution/install/empty_simulation:/opt/ros/humble LD_LIBRARY_PATH=/home/behrouz/ws24-multi-robot-task-distribution/src/install/turtlebot3_msgs/lib:${LD_LIBRARY_PATH} PYTHONPATH=/home/behrouz/ws24-multi-robot-task-distribution/src/install/turtlebot3_msgs/local/lib/python3.10/dist-packages:${PYTHONPATH} /usr/bin/cmake --build /home/behrouz/ws24-multi-robot-task-distribution/src/build/turtlebot3_simulations -- -j16 -l16
[0.660s] Invoking command in '/home/behrouz/ws24-multi-robot-task-distribution/src/build/turtlebot3_simulations': AMENT_PREFIX_PATH=/home/behrouz/ws24-multi-robot-task-distribution/src/install/turtlebot3_fake_node:/home/behrouz/ws24-multi-robot-task-distribution/src/install/turtlebot3_msgs:/home/behrouz/ws24-multi-robot-task-distribution/src/install/turtlebot3_gazebo:${AMENT_PREFIX_PATH} CMAKE_PREFIX_PATH=/home/behrouz/ws24-multi-robot-task-distribution/src/install/turtlebot3_fake_node:/home/behrouz/ws24-multi-robot-task-distribution/src/install/turtlebot3_msgs:/home/behrouz/ws24-multi-robot-task-distribution/src/install/turtlebot3_gazebo:/home/behrouz/ws24-multi-robot-task-distribution/install/empty_simulation:/opt/ros/humble LD_LIBRARY_PATH=/home/behrouz/ws24-multi-robot-task-distribution/src/install/turtlebot3_msgs/lib:${LD_LIBRARY_PATH} PYTHONPATH=/home/behrouz/ws24-multi-robot-task-distribution/src/install/turtlebot3_msgs/local/lib/python3.10/dist-packages:${PYTHONPATH} /usr/bin/cmake --install /home/behrouz/ws24-multi-robot-task-distribution/src/build/turtlebot3_simulations
[0.666s] -- Install configuration: ""
[0.666s] -- Installing: /home/behrouz/ws24-multi-robot-task-distribution/src/install/turtlebot3_simulations/share/ament_index/resource_index/package_run_dependencies/turtlebot3_simulations
[0.667s] -- Installing: /home/behrouz/ws24-multi-robot-task-distribution/src/install/turtlebot3_simulations/share/ament_index/resource_index/parent_prefix_path/turtlebot3_simulations
[0.667s] -- Installing: /home/behrouz/ws24-multi-robot-task-distribution/src/install/turtlebot3_simulations/share/turtlebot3_simulations/environment/ament_prefix_path.sh
[0.667s] -- Installing: /home/behrouz/ws24-multi-robot-task-distribution/src/install/turtlebot3_simulations/share/turtlebot3_simulations/environment/ament_prefix_path.dsv
[0.667s] -- Installing: /home/behrouz/ws24-multi-robot-task-distribution/src/install/turtlebot3_simulations/share/turtlebot3_simulations/environment/path.sh
[0.667s] -- Installing: /home/behrouz/ws24-multi-robot-task-distribution/src/install/turtlebot3_simulations/share/turtlebot3_simulations/environment/path.dsv
[0.667s] -- Installing: /home/behrouz/ws24-multi-robot-task-distribution/src/install/turtlebot3_simulations/share/turtlebot3_simulations/local_setup.bash
[0.667s] -- Installing: /home/behrouz/ws24-multi-robot-task-distribution/src/install/turtlebot3_simulations/share/turtlebot3_simulations/local_setup.sh
[0.667s] -- Installing: /home/behrouz/ws24-multi-robot-task-distribution/src/install/turtlebot3_simulations/share/turtlebot3_simulations/local_setup.zsh
[0.668s] -- Installing: /home/behrouz/ws24-multi-robot-task-distribution/src/install/turtlebot3_simulations/share/turtlebot3_simulations/local_setup.dsv
[0.668s] -- Installing: /home/behrouz/ws24-multi-robot-task-distribution/src/install/turtlebot3_simulations/share/turtlebot3_simulations/package.dsv
[0.668s] -- Installing: /home/behrouz/ws24-multi-robot-task-distribution/src/install/turtlebot3_simulations/share/ament_index/resource_index/packages/turtlebot3_simulations
[0.668s] -- Installing: /home/behrouz/ws24-multi-robot-task-distribution/src/install/turtlebot3_simulations/share/turtlebot3_simulations/cmake/turtlebot3_simulationsConfig.cmake
[0.668s] -- Installing: /home/behrouz/ws24-multi-robot-task-distribution/src/install/turtlebot3_simulations/share/turtlebot3_simulations/cmake/turtlebot3_simulationsConfig-version.cmake
[0.668s] -- Installing: /home/behrouz/ws24-multi-robot-task-distribution/src/install/turtlebot3_simulations/share/turtlebot3_simulations/package.xml
[0.670s] Invoked command in '/home/behrouz/ws24-multi-robot-task-distribution/src/build/turtlebot3_simulations' returned '0': AMENT_PREFIX_PATH=/home/behrouz/ws24-multi-robot-task-distribution/src/install/turtlebot3_fake_node:/home/behrouz/ws24-multi-robot-task-distribution/src/install/turtlebot3_msgs:/home/behrouz/ws24-multi-robot-task-distribution/src/install/turtlebot3_gazebo:${AMENT_PREFIX_PATH} CMAKE_PREFIX_PATH=/home/behrouz/ws24-multi-robot-task-distribution/src/install/turtlebot3_fake_node:/home/behrouz/ws24-multi-robot-task-distribution/src/install/turtlebot3_msgs:/home/behrouz/ws24-multi-robot-task-distribution/src/install/turtlebot3_gazebo:/home/behrouz/ws24-multi-robot-task-distribution/install/empty_simulation:/opt/ros/humble LD_LIBRARY_PATH=/home/behrouz/ws24-multi-robot-task-distribution/src/install/turtlebot3_msgs/lib:${LD_LIBRARY_PATH} PYTHONPATH=/home/behrouz/ws24-multi-robot-task-distribution/src/install/turtlebot3_msgs/local/lib/python3.10/dist-packages:${PYTHONPATH} /usr/bin/cmake --install /home/behrouz/ws24-multi-robot-task-distribution/src/build/turtlebot3_simulations
