[0.014s] Invoking command in '/home/behrouz/ws24-multi-robot-task-distribution/build/dynamixel_sdk_examples': AMENT_PREFIX_PATH=/home/behrouz/ws24-multi-robot-task-distribution/install/dynamixel_sdk_custom_interfaces:/home/behrouz/ws24-multi-robot-task-distribution/install/dynamixel_sdk:${AMENT_PREFIX_PATH} CMAKE_PREFIX_PATH=/home/behrouz/ws24-multi-robot-task-distribution/install/dynamixel_sdk_custom_interfaces:/home/behrouz/ws24-multi-robot-task-distribution/install/dynamixel_sdk:/home/behrouz/ws24-multi-robot-task-distribution/src/install/turtlebot3:/home/behrouz/ws24-multi-robot-task-distribution/src/install/turtlebot3_simulations:/home/behrouz/ws24-multi-robot-task-distribution/src/install/turtlebot3_bringup:/home/behrouz/ws24-multi-robot-task-distribution/src/install/turtlebot3_node:/home/behrouz/ws24-multi-robot-task-distribution/src/install/turtlebot3_navigation2:/home/behrouz/ws24-multi-robot-task-distribution/src/install/turtlebot3_fake_node:/home/behrouz/ws24-multi-robot-task-distribution/src/install/turtlebot3_msgs:/home/behrouz/ws24-multi-robot-task-distribution/src/install/turtlebot3_gazebo:/home/behrouz/ws24-multi-robot-task-distribution/src/install/turtlebot3_description:/home/behrouz/ws24-multi-robot-task-distribution/src/install/turtlebot3_cartographer:/home/behrouz/ws24-multi-robot-task-distribution/src/install/dynamixel_sdk_examples:/home/behrouz/ws24-multi-robot-task-distribution/src/install/dynamixel_sdk_custom_interfaces:/home/behrouz/ws24-multi-robot-task-distribution/src/install/dynamixel_sdk:/home/behrouz/ws24-multi-robot-task-distribution/src/install/turtlebot3_teleop:/home/behrouz/ws24-multi-robot-task-distribution/src/install/turtlebot3_example:/home/behrouz/ws24-multi-robot-task-distribution/src/install/empty_simulation:/home/behrouz/ws24-multi-robot-task-distribution/install/empty_simulation:/opt/ros/humble LD_LIBRARY_PATH=/home/behrouz/ws24-multi-robot-task-distribution/install/dynamixel_sdk_custom_interfaces/lib:/home/behrouz/ws24-multi-robot-task-distribution/install/dynamixel_sdk/lib:${LD_LIBRARY_PATH} PYTHONPATH=/home/behrouz/ws24-multi-robot-task-distribution/install/dynamixel_sdk_custom_interfaces/local/lib/python3.10/dist-packages:${PYTHONPATH} /usr/bin/cmake /home/behrouz/ws24-multi-robot-task-distribution/src/DynamixelSDK/dynamixel_sdk_examples -DCMAKE_INSTALL_PREFIX=/home/behrouz/ws24-multi-robot-task-distribution/install/dynamixel_sdk_examples
[0.070s] -- The C compiler identification is GNU 11.4.0
[0.122s] -- The CXX compiler identification is GNU 11.4.0
[0.129s] -- Detecting C compiler ABI info
[0.199s] -- Detecting C compiler ABI info - done
[0.204s] -- Check for working C compiler: /usr/bin/cc - skipped
[0.205s] -- Detecting C compile features
[0.205s] -- Detecting C compile features - done
[0.207s] -- Detecting CXX compiler ABI info
[0.289s] -- Detecting CXX compiler ABI info - done
[0.295s] -- Check for working CXX compiler: /usr/bin/c++ - skipped
[0.295s] -- Detecting CXX compile features
[0.295s] -- Detecting CXX compile features - done
[0.300s] -- Found ament_cmake: 1.3.10 (/opt/ros/humble/share/ament_cmake/cmake)
[0.466s] -- Found Python3: /usr/bin/python3 (found version "3.10.12") found components: Interpreter 
[0.571s] -- Found dynamixel_sdk: 3.7.60 (/home/behrouz/ws24-multi-robot-task-distribution/install/dynamixel_sdk/share/dynamixel_sdk/cmake)
[0.572s] -- Found dynamixel_sdk_custom_interfaces: 3.7.60 (/home/behrouz/ws24-multi-robot-task-distribution/install/dynamixel_sdk_custom_interfaces/share/dynamixel_sdk_custom_interfaces/cmake)
[0.619s] -- Found rosidl_generator_c: 3.1.5 (/opt/ros/humble/share/rosidl_generator_c/cmake)
[0.627s] -- Found rosidl_adapter: 3.1.5 (/opt/ros/humble/share/rosidl_adapter/cmake)
[0.638s] -- Found rosidl_generator_cpp: 3.1.5 (/opt/ros/humble/share/rosidl_generator_cpp/cmake)
[0.652s] -- Using all available rosidl_typesupport_c: rosidl_typesupport_fastrtps_c;rosidl_typesupport_introspection_c
[0.671s] -- Using all available rosidl_typesupport_cpp: rosidl_typesupport_fastrtps_cpp;rosidl_typesupport_introspection_cpp
[0.698s] -- Found rclcpp: 16.0.10 (/opt/ros/humble/share/rclcpp/cmake)
[0.747s] -- Found rmw_implementation_cmake: 6.1.2 (/opt/ros/humble/share/rmw_implementation_cmake/cmake)
[0.752s] -- Found rmw_fastrtps_cpp: 6.2.7 (/opt/ros/humble/share/rmw_fastrtps_cpp/cmake)
[0.863s] -- Found OpenSSL: /usr/lib/x86_64-linux-gnu/libcrypto.so (found version "3.0.2")  
[0.896s] -- Found FastRTPS: /opt/ros/humble/include  
[0.947s] -- Using RMW implementation 'rmw_fastrtps_cpp' as default
[0.961s] -- Looking for pthread.h
[1.038s] -- Looking for pthread.h - found
[1.038s] -- Performing Test CMAKE_HAVE_LIBC_PTHREAD
[1.115s] -- Performing Test CMAKE_HAVE_LIBC_PTHREAD - Success
[1.116s] -- Found Threads: TRUE  
[1.174s] -- Found ament_lint_auto: 0.12.11 (/opt/ros/humble/share/ament_lint_auto/cmake)
[1.272s] -- Added test 'copyright' to check source files copyright and LICENSE
[1.273s] -- Added test 'cppcheck' to perform static code analysis on C / C++ code
[1.274s] -- Configured cppcheck include dirs: /home/behrouz/ws24-multi-robot-task-distribution/src/DynamixelSDK/dynamixel_sdk_examples/include
[1.274s] -- Configured cppcheck exclude dirs and/or files: 
[1.275s] -- Added test 'cpplint' to check C / C++ code against the Google style
[1.275s] -- Configured cpplint exclude dirs and/or files: 
[1.276s] -- Added test 'lint_cmake' to check CMake code style
[1.277s] -- Added test 'uncrustify' to check C / C++ code style
[1.277s] -- Configured uncrustify additional arguments: 
[1.278s] -- Added test 'xmllint' to check XML markup files
[1.280s] -- Configuring done
[1.289s] -- Generating done
[1.290s] -- Build files have been written to: /home/behrouz/ws24-multi-robot-task-distribution/build/dynamixel_sdk_examples
[1.304s] Invoked command in '/home/behrouz/ws24-multi-robot-task-distribution/build/dynamixel_sdk_examples' returned '0': AMENT_PREFIX_PATH=/home/behrouz/ws24-multi-robot-task-distribution/install/dynamixel_sdk_custom_interfaces:/home/behrouz/ws24-multi-robot-task-distribution/install/dynamixel_sdk:${AMENT_PREFIX_PATH} CMAKE_PREFIX_PATH=/home/behrouz/ws24-multi-robot-task-distribution/install/dynamixel_sdk_custom_interfaces:/home/behrouz/ws24-multi-robot-task-distribution/install/dynamixel_sdk:/home/behrouz/ws24-multi-robot-task-distribution/src/install/turtlebot3:/home/behrouz/ws24-multi-robot-task-distribution/src/install/turtlebot3_simulations:/home/behrouz/ws24-multi-robot-task-distribution/src/install/turtlebot3_bringup:/home/behrouz/ws24-multi-robot-task-distribution/src/install/turtlebot3_node:/home/behrouz/ws24-multi-robot-task-distribution/src/install/turtlebot3_navigation2:/home/behrouz/ws24-multi-robot-task-distribution/src/install/turtlebot3_fake_node:/home/behrouz/ws24-multi-robot-task-distribution/src/install/turtlebot3_msgs:/home/behrouz/ws24-multi-robot-task-distribution/src/install/turtlebot3_gazebo:/home/behrouz/ws24-multi-robot-task-distribution/src/install/turtlebot3_description:/home/behrouz/ws24-multi-robot-task-distribution/src/install/turtlebot3_cartographer:/home/behrouz/ws24-multi-robot-task-distribution/src/install/dynamixel_sdk_examples:/home/behrouz/ws24-multi-robot-task-distribution/src/install/dynamixel_sdk_custom_interfaces:/home/behrouz/ws24-multi-robot-task-distribution/src/install/dynamixel_sdk:/home/behrouz/ws24-multi-robot-task-distribution/src/install/turtlebot3_teleop:/home/behrouz/ws24-multi-robot-task-distribution/src/install/turtlebot3_example:/home/behrouz/ws24-multi-robot-task-distribution/src/install/empty_simulation:/home/behrouz/ws24-multi-robot-task-distribution/install/empty_simulation:/opt/ros/humble LD_LIBRARY_PATH=/home/behrouz/ws24-multi-robot-task-distribution/install/dynamixel_sdk_custom_interfaces/lib:/home/behrouz/ws24-multi-robot-task-distribution/install/dynamixel_sdk/lib:${LD_LIBRARY_PATH} PYTHONPATH=/home/behrouz/ws24-multi-robot-task-distribution/install/dynamixel_sdk_custom_interfaces/local/lib/python3.10/dist-packages:${PYTHONPATH} /usr/bin/cmake /home/behrouz/ws24-multi-robot-task-distribution/src/DynamixelSDK/dynamixel_sdk_examples -DCMAKE_INSTALL_PREFIX=/home/behrouz/ws24-multi-robot-task-distribution/install/dynamixel_sdk_examples
[1.305s] Invoking command in '/home/behrouz/ws24-multi-robot-task-distribution/build/dynamixel_sdk_examples': AMENT_PREFIX_PATH=/home/behrouz/ws24-multi-robot-task-distribution/install/dynamixel_sdk_custom_interfaces:/home/behrouz/ws24-multi-robot-task-distribution/install/dynamixel_sdk:${AMENT_PREFIX_PATH} CMAKE_PREFIX_PATH=/home/behrouz/ws24-multi-robot-task-distribution/install/dynamixel_sdk_custom_interfaces:/home/behrouz/ws24-multi-robot-task-distribution/install/dynamixel_sdk:/home/behrouz/ws24-multi-robot-task-distribution/src/install/turtlebot3:/home/behrouz/ws24-multi-robot-task-distribution/src/install/turtlebot3_simulations:/home/behrouz/ws24-multi-robot-task-distribution/src/install/turtlebot3_bringup:/home/behrouz/ws24-multi-robot-task-distribution/src/install/turtlebot3_node:/home/behrouz/ws24-multi-robot-task-distribution/src/install/turtlebot3_navigation2:/home/behrouz/ws24-multi-robot-task-distribution/src/install/turtlebot3_fake_node:/home/behrouz/ws24-multi-robot-task-distribution/src/install/turtlebot3_msgs:/home/behrouz/ws24-multi-robot-task-distribution/src/install/turtlebot3_gazebo:/home/behrouz/ws24-multi-robot-task-distribution/src/install/turtlebot3_description:/home/behrouz/ws24-multi-robot-task-distribution/src/install/turtlebot3_cartographer:/home/behrouz/ws24-multi-robot-task-distribution/src/install/dynamixel_sdk_examples:/home/behrouz/ws24-multi-robot-task-distribution/src/install/dynamixel_sdk_custom_interfaces:/home/behrouz/ws24-multi-robot-task-distribution/src/install/dynamixel_sdk:/home/behrouz/ws24-multi-robot-task-distribution/src/install/turtlebot3_teleop:/home/behrouz/ws24-multi-robot-task-distribution/src/install/turtlebot3_example:/home/behrouz/ws24-multi-robot-task-distribution/src/install/empty_simulation:/home/behrouz/ws24-multi-robot-task-distribution/install/empty_simulation:/opt/ros/humble LD_LIBRARY_PATH=/home/behrouz/ws24-multi-robot-task-distribution/install/dynamixel_sdk_custom_interfaces/lib:/home/behrouz/ws24-multi-robot-task-distribution/install/dynamixel_sdk/lib:${LD_LIBRARY_PATH} PYTHONPATH=/home/behrouz/ws24-multi-robot-task-distribution/install/dynamixel_sdk_custom_interfaces/local/lib/python3.10/dist-packages:${PYTHONPATH} /usr/bin/cmake --build /home/behrouz/ws24-multi-robot-task-distribution/build/dynamixel_sdk_examples -- -j16 -l16
[1.366s] [ 50%] [32mBuilding CXX object CMakeFiles/read_write_node.dir/src/read_write_node.cpp.o[0m
[13.451s] [100%] [32m[1mLinking CXX executable read_write_node[0m
[13.949s] [100%] Built target read_write_node
[13.968s] Invoked command in '/home/behrouz/ws24-multi-robot-task-distribution/build/dynamixel_sdk_examples' returned '0': AMENT_PREFIX_PATH=/home/behrouz/ws24-multi-robot-task-distribution/install/dynamixel_sdk_custom_interfaces:/home/behrouz/ws24-multi-robot-task-distribution/install/dynamixel_sdk:${AMENT_PREFIX_PATH} CMAKE_PREFIX_PATH=/home/behrouz/ws24-multi-robot-task-distribution/install/dynamixel_sdk_custom_interfaces:/home/behrouz/ws24-multi-robot-task-distribution/install/dynamixel_sdk:/home/behrouz/ws24-multi-robot-task-distribution/src/install/turtlebot3:/home/behrouz/ws24-multi-robot-task-distribution/src/install/turtlebot3_simulations:/home/behrouz/ws24-multi-robot-task-distribution/src/install/turtlebot3_bringup:/home/behrouz/ws24-multi-robot-task-distribution/src/install/turtlebot3_node:/home/behrouz/ws24-multi-robot-task-distribution/src/install/turtlebot3_navigation2:/home/behrouz/ws24-multi-robot-task-distribution/src/install/turtlebot3_fake_node:/home/behrouz/ws24-multi-robot-task-distribution/src/install/turtlebot3_msgs:/home/behrouz/ws24-multi-robot-task-distribution/src/install/turtlebot3_gazebo:/home/behrouz/ws24-multi-robot-task-distribution/src/install/turtlebot3_description:/home/behrouz/ws24-multi-robot-task-distribution/src/install/turtlebot3_cartographer:/home/behrouz/ws24-multi-robot-task-distribution/src/install/dynamixel_sdk_examples:/home/behrouz/ws24-multi-robot-task-distribution/src/install/dynamixel_sdk_custom_interfaces:/home/behrouz/ws24-multi-robot-task-distribution/src/install/dynamixel_sdk:/home/behrouz/ws24-multi-robot-task-distribution/src/install/turtlebot3_teleop:/home/behrouz/ws24-multi-robot-task-distribution/src/install/turtlebot3_example:/home/behrouz/ws24-multi-robot-task-distribution/src/install/empty_simulation:/home/behrouz/ws24-multi-robot-task-distribution/install/empty_simulation:/opt/ros/humble LD_LIBRARY_PATH=/home/behrouz/ws24-multi-robot-task-distribution/install/dynamixel_sdk_custom_interfaces/lib:/home/behrouz/ws24-multi-robot-task-distribution/install/dynamixel_sdk/lib:${LD_LIBRARY_PATH} PYTHONPATH=/home/behrouz/ws24-multi-robot-task-distribution/install/dynamixel_sdk_custom_interfaces/local/lib/python3.10/dist-packages:${PYTHONPATH} /usr/bin/cmake --build /home/behrouz/ws24-multi-robot-task-distribution/build/dynamixel_sdk_examples -- -j16 -l16
[14.000s] Invoking command in '/home/behrouz/ws24-multi-robot-task-distribution/build/dynamixel_sdk_examples': AMENT_PREFIX_PATH=/home/behrouz/ws24-multi-robot-task-distribution/install/dynamixel_sdk_custom_interfaces:/home/behrouz/ws24-multi-robot-task-distribution/install/dynamixel_sdk:${AMENT_PREFIX_PATH} CMAKE_PREFIX_PATH=/home/behrouz/ws24-multi-robot-task-distribution/install/dynamixel_sdk_custom_interfaces:/home/behrouz/ws24-multi-robot-task-distribution/install/dynamixel_sdk:/home/behrouz/ws24-multi-robot-task-distribution/src/install/turtlebot3:/home/behrouz/ws24-multi-robot-task-distribution/src/install/turtlebot3_simulations:/home/behrouz/ws24-multi-robot-task-distribution/src/install/turtlebot3_bringup:/home/behrouz/ws24-multi-robot-task-distribution/src/install/turtlebot3_node:/home/behrouz/ws24-multi-robot-task-distribution/src/install/turtlebot3_navigation2:/home/behrouz/ws24-multi-robot-task-distribution/src/install/turtlebot3_fake_node:/home/behrouz/ws24-multi-robot-task-distribution/src/install/turtlebot3_msgs:/home/behrouz/ws24-multi-robot-task-distribution/src/install/turtlebot3_gazebo:/home/behrouz/ws24-multi-robot-task-distribution/src/install/turtlebot3_description:/home/behrouz/ws24-multi-robot-task-distribution/src/install/turtlebot3_cartographer:/home/behrouz/ws24-multi-robot-task-distribution/src/install/dynamixel_sdk_examples:/home/behrouz/ws24-multi-robot-task-distribution/src/install/dynamixel_sdk_custom_interfaces:/home/behrouz/ws24-multi-robot-task-distribution/src/install/dynamixel_sdk:/home/behrouz/ws24-multi-robot-task-distribution/src/install/turtlebot3_teleop:/home/behrouz/ws24-multi-robot-task-distribution/src/install/turtlebot3_example:/home/behrouz/ws24-multi-robot-task-distribution/src/install/empty_simulation:/home/behrouz/ws24-multi-robot-task-distribution/install/empty_simulation:/opt/ros/humble LD_LIBRARY_PATH=/home/behrouz/ws24-multi-robot-task-distribution/install/dynamixel_sdk_custom_interfaces/lib:/home/behrouz/ws24-multi-robot-task-distribution/install/dynamixel_sdk/lib:${LD_LIBRARY_PATH} PYTHONPATH=/home/behrouz/ws24-multi-robot-task-distribution/install/dynamixel_sdk_custom_interfaces/local/lib/python3.10/dist-packages:${PYTHONPATH} /usr/bin/cmake --install /home/behrouz/ws24-multi-robot-task-distribution/build/dynamixel_sdk_examples
[14.011s] -- Install configuration: ""
[14.011s] -- Installing: /home/behrouz/ws24-multi-robot-task-distribution/install/dynamixel_sdk_examples/lib/dynamixel_sdk_examples/read_write_node
[14.015s] -- Set runtime path of "/home/behrouz/ws24-multi-robot-task-distribution/install/dynamixel_sdk_examples/lib/dynamixel_sdk_examples/read_write_node" to ""
[14.015s] -- Installing: /home/behrouz/ws24-multi-robot-task-distribution/install/dynamixel_sdk_examples/share/ament_index/resource_index/package_run_dependencies/dynamixel_sdk_examples
[14.016s] -- Installing: /home/behrouz/ws24-multi-robot-task-distribution/install/dynamixel_sdk_examples/share/ament_index/resource_index/parent_prefix_path/dynamixel_sdk_examples
[14.016s] -- Installing: /home/behrouz/ws24-multi-robot-task-distribution/install/dynamixel_sdk_examples/share/dynamixel_sdk_examples/environment/ament_prefix_path.sh
[14.016s] -- Installing: /home/behrouz/ws24-multi-robot-task-distribution/install/dynamixel_sdk_examples/share/dynamixel_sdk_examples/environment/ament_prefix_path.dsv
[14.016s] -- Installing: /home/behrouz/ws24-multi-robot-task-distribution/install/dynamixel_sdk_examples/share/dynamixel_sdk_examples/environment/path.sh
[14.016s] -- Installing: /home/behrouz/ws24-multi-robot-task-distribution/install/dynamixel_sdk_examples/share/dynamixel_sdk_examples/environment/path.dsv
[14.016s] -- Installing: /home/behrouz/ws24-multi-robot-task-distribution/install/dynamixel_sdk_examples/share/dynamixel_sdk_examples/local_setup.bash
[14.016s] -- Installing: /home/behrouz/ws24-multi-robot-task-distribution/install/dynamixel_sdk_examples/share/dynamixel_sdk_examples/local_setup.sh
[14.016s] -- Installing: /home/behrouz/ws24-multi-robot-task-distribution/install/dynamixel_sdk_examples/share/dynamixel_sdk_examples/local_setup.zsh
[14.017s] -- Installing: /home/behrouz/ws24-multi-robot-task-distribution/install/dynamixel_sdk_examples/share/dynamixel_sdk_examples/local_setup.dsv
[14.017s] -- Installing: /home/behrouz/ws24-multi-robot-task-distribution/install/dynamixel_sdk_examples/share/dynamixel_sdk_examples/package.dsv
[14.017s] -- Installing: /home/behrouz/ws24-multi-robot-task-distribution/install/dynamixel_sdk_examples/share/ament_index/resource_index/packages/dynamixel_sdk_examples
[14.017s] -- Installing: /home/behrouz/ws24-multi-robot-task-distribution/install/dynamixel_sdk_examples/share/dynamixel_sdk_examples/cmake/dynamixel_sdk_examplesConfig.cmake
[14.017s] -- Installing: /home/behrouz/ws24-multi-robot-task-distribution/install/dynamixel_sdk_examples/share/dynamixel_sdk_examples/cmake/dynamixel_sdk_examplesConfig-version.cmake
[14.017s] -- Installing: /home/behrouz/ws24-multi-robot-task-distribution/install/dynamixel_sdk_examples/share/dynamixel_sdk_examples/package.xml
[14.021s] Invoked command in '/home/behrouz/ws24-multi-robot-task-distribution/build/dynamixel_sdk_examples' returned '0': AMENT_PREFIX_PATH=/home/behrouz/ws24-multi-robot-task-distribution/install/dynamixel_sdk_custom_interfaces:/home/behrouz/ws24-multi-robot-task-distribution/install/dynamixel_sdk:${AMENT_PREFIX_PATH} CMAKE_PREFIX_PATH=/home/behrouz/ws24-multi-robot-task-distribution/install/dynamixel_sdk_custom_interfaces:/home/behrouz/ws24-multi-robot-task-distribution/install/dynamixel_sdk:/home/behrouz/ws24-multi-robot-task-distribution/src/install/turtlebot3:/home/behrouz/ws24-multi-robot-task-distribution/src/install/turtlebot3_simulations:/home/behrouz/ws24-multi-robot-task-distribution/src/install/turtlebot3_bringup:/home/behrouz/ws24-multi-robot-task-distribution/src/install/turtlebot3_node:/home/behrouz/ws24-multi-robot-task-distribution/src/install/turtlebot3_navigation2:/home/behrouz/ws24-multi-robot-task-distribution/src/install/turtlebot3_fake_node:/home/behrouz/ws24-multi-robot-task-distribution/src/install/turtlebot3_msgs:/home/behrouz/ws24-multi-robot-task-distribution/src/install/turtlebot3_gazebo:/home/behrouz/ws24-multi-robot-task-distribution/src/install/turtlebot3_description:/home/behrouz/ws24-multi-robot-task-distribution/src/install/turtlebot3_cartographer:/home/behrouz/ws24-multi-robot-task-distribution/src/install/dynamixel_sdk_examples:/home/behrouz/ws24-multi-robot-task-distribution/src/install/dynamixel_sdk_custom_interfaces:/home/behrouz/ws24-multi-robot-task-distribution/src/install/dynamixel_sdk:/home/behrouz/ws24-multi-robot-task-distribution/src/install/turtlebot3_teleop:/home/behrouz/ws24-multi-robot-task-distribution/src/install/turtlebot3_example:/home/behrouz/ws24-multi-robot-task-distribution/src/install/empty_simulation:/home/behrouz/ws24-multi-robot-task-distribution/install/empty_simulation:/opt/ros/humble LD_LIBRARY_PATH=/home/behrouz/ws24-multi-robot-task-distribution/install/dynamixel_sdk_custom_interfaces/lib:/home/behrouz/ws24-multi-robot-task-distribution/install/dynamixel_sdk/lib:${LD_LIBRARY_PATH} PYTHONPATH=/home/behrouz/ws24-multi-robot-task-distribution/install/dynamixel_sdk_custom_interfaces/local/lib/python3.10/dist-packages:${PYTHONPATH} /usr/bin/cmake --install /home/behrouz/ws24-multi-robot-task-distribution/build/dynamixel_sdk_examples
