[0.031s] Invoking command in '/home/behrouz/ws24-multi-robot-task-distribution/src/build/turtlebot3_msgs': CMAKE_PREFIX_PATH=/home/behrouz/ws24-multi-robot-task-distribution/install/empty_simulation:/opt/ros/humble /usr/bin/cmake /home/behrouz/ws24-multi-robot-task-distribution/src/turtlebot3_msgs -DCMAKE_INSTALL_PREFIX=/home/behrouz/ws24-multi-robot-task-distribution/src/install/turtlebot3_msgs
[0.269s] -- The C compiler identification is GNU 11.4.0
[0.270s] -- The CXX compiler identification is GNU 11.4.0
[0.271s] -- Detecting C compiler ABI info
[0.271s] -- Detecting C compiler ABI info - done
[0.271s] -- Check for working C compiler: /usr/bin/cc - skipped
[0.271s] -- Detecting C compile features
[0.271s] -- Detecting C compile features - done
[0.271s] -- Detecting CXX compiler ABI info
[0.282s] -- Detecting CXX compiler ABI info - done
[0.288s] -- Check for working CXX compiler: /usr/bin/c++ - skipped
[0.288s] -- Detecting CXX compile features
[0.288s] -- Detecting CXX compile features - done
[0.291s] -- Found action_msgs: 1.2.1 (/opt/ros/humble/share/action_msgs/cmake)
[0.425s] -- Found Python3: /usr/bin/python3 (found version "3.10.12") found components: Interpreter 
[0.544s] -- Found rosidl_generator_c: 3.1.5 (/opt/ros/humble/share/rosidl_generator_c/cmake)
[0.549s] -- Found rosidl_adapter: 3.1.5 (/opt/ros/humble/share/rosidl_adapter/cmake)
[0.555s] -- Found rosidl_generator_cpp: 3.1.5 (/opt/ros/humble/share/rosidl_generator_cpp/cmake)
[0.565s] -- Using all available rosidl_typesupport_c: rosidl_typesupport_fastrtps_c;rosidl_typesupport_introspection_c
[0.581s] -- Using all available rosidl_typesupport_cpp: rosidl_typesupport_fastrtps_cpp;rosidl_typesupport_introspection_cpp
[0.623s] -- Found rosidl_default_generators: 1.2.0 (/opt/ros/humble/share/rosidl_default_generators/cmake)
[0.634s] -- Found std_msgs: 4.2.4 (/opt/ros/humble/share/std_msgs/cmake)
[1.034s] -- Found ament_cmake_cppcheck: 0.12.11 (/opt/ros/humble/share/ament_cmake_cppcheck/cmake)
[1.037s] -- Found ament_cmake_cpplint: 0.12.11 (/opt/ros/humble/share/ament_cmake_cpplint/cmake)
[1.040s] -- Found ament_cmake_uncrustify: 0.12.11 (/opt/ros/humble/share/ament_cmake_uncrustify/cmake)
[1.043s] -- Found ament_cmake_ros: 0.10.0 (/opt/ros/humble/share/ament_cmake_ros/cmake)
[1.356s] -- Using all available rosidl_typesupport_c: rosidl_typesupport_fastrtps_c;rosidl_typesupport_introspection_c
[1.466s] -- Using all available rosidl_typesupport_cpp: rosidl_typesupport_fastrtps_cpp;rosidl_typesupport_introspection_cpp
[1.483s] -- Found PythonInterp: /usr/bin/python3 (found suitable version "3.10.12", minimum required is "3.6") 
[1.485s] -- Found python_cmake_module: 0.10.0 (/opt/ros/humble/share/python_cmake_module/cmake)
[1.505s] -- Found PythonLibs: /usr/lib/x86_64-linux-gnu/libpython3.10.so (found suitable version "3.10.12", minimum required is "3.5") 
[1.505s] -- Using PYTHON_EXECUTABLE: /usr/bin/python3
[1.505s] -- Using PYTHON_INCLUDE_DIRS: /usr/include/python3.10
[1.505s] -- Using PYTHON_LIBRARIES: /usr/lib/x86_64-linux-gnu/libpython3.10.so
[1.522s] -- Found PythonExtra: .so  
[1.570s] -- Found ament_cmake_flake8: 0.12.11 (/opt/ros/humble/share/ament_cmake_flake8/cmake)
[1.573s] -- Found ament_cmake_pep257: 0.12.11 (/opt/ros/humble/share/ament_cmake_pep257/cmake)
[1.583s] -- Configuring done
[1.626s] -- Generating done
[1.629s] -- Build files have been written to: /home/behrouz/ws24-multi-robot-task-distribution/src/build/turtlebot3_msgs
[1.638s] Invoked command in '/home/behrouz/ws24-multi-robot-task-distribution/src/build/turtlebot3_msgs' returned '0': CMAKE_PREFIX_PATH=/home/behrouz/ws24-multi-robot-task-distribution/install/empty_simulation:/opt/ros/humble /usr/bin/cmake /home/behrouz/ws24-multi-robot-task-distribution/src/turtlebot3_msgs -DCMAKE_INSTALL_PREFIX=/home/behrouz/ws24-multi-robot-task-distribution/src/install/turtlebot3_msgs
[1.640s] Invoking command in '/home/behrouz/ws24-multi-robot-task-distribution/src/build/turtlebot3_msgs': CMAKE_PREFIX_PATH=/home/behrouz/ws24-multi-robot-task-distribution/install/empty_simulation:/opt/ros/humble /usr/bin/cmake --build /home/behrouz/ws24-multi-robot-task-distribution/src/build/turtlebot3_msgs -- -j16 -l16
[1.675s] [  1%] [34m[1mGenerating C code for ROS interfaces[0m
[1.684s] [  2%] [34m[1mGenerating C++ code for ROS interfaces[0m
[1.691s] [  2%] Built target ament_cmake_python_copy_turtlebot3_msgs
[1.892s] running egg_info
[1.893s] creating turtlebot3_msgs.egg-info
[1.893s] writing turtlebot3_msgs.egg-info/PKG-INFO
[1.893s] writing dependency_links to turtlebot3_msgs.egg-info/dependency_links.txt
[1.893s] writing top-level names to turtlebot3_msgs.egg-info/top_level.txt
[1.893s] writing manifest file 'turtlebot3_msgs.egg-info/SOURCES.txt'
[1.895s] reading manifest file 'turtlebot3_msgs.egg-info/SOURCES.txt'
[1.895s] writing manifest file 'turtlebot3_msgs.egg-info/SOURCES.txt'
[1.926s] [  2%] Built target ament_cmake_python_build_turtlebot3_msgs_egg
[2.568s] [  9%] [32mBuilding C object CMakeFiles/turtlebot3_msgs__rosidl_generator_c.dir/rosidl_generator_c/turtlebot3_msgs/srv/detail/sound__functions.c.o[0m
[2.568s] [  9%] [32mBuilding C object CMakeFiles/turtlebot3_msgs__rosidl_generator_c.dir/rosidl_generator_c/turtlebot3_msgs/msg/detail/sound__functions.c.o[0m
[2.568s] [  9%] [32mBuilding C object CMakeFiles/turtlebot3_msgs__rosidl_generator_c.dir/rosidl_generator_c/turtlebot3_msgs/action/detail/patrol__functions.c.o[0m
[2.568s] [  9%] [32mBuilding C object CMakeFiles/turtlebot3_msgs__rosidl_generator_c.dir/rosidl_generator_c/turtlebot3_msgs/srv/detail/dqn__functions.c.o[0m
[2.568s] [  9%] [32mBuilding C object CMakeFiles/turtlebot3_msgs__rosidl_generator_c.dir/rosidl_generator_c/turtlebot3_msgs/msg/detail/sensor_state__functions.c.o[0m
[2.568s] [ 11%] [32mBuilding C object CMakeFiles/turtlebot3_msgs__rosidl_generator_c.dir/rosidl_generator_c/turtlebot3_msgs/msg/detail/version_info__functions.c.o[0m
[2.693s] [ 11%] Built target turtlebot3_msgs__cpp
[2.696s] [ 12%] [32m[1mLinking C shared library libturtlebot3_msgs__rosidl_generator_c.so[0m
[2.702s] [ 15%] [34m[1mGenerating C++ type support for eProsima Fast-RTPS[0m
[2.702s] [ 15%] [34m[1mGenerating C++ introspection for ROS interfaces[0m
[2.703s] [ 16%] [34m[1mGenerating C++ type support dispatch for ROS interfaces[0m
[2.736s] [ 16%] Built target turtlebot3_msgs__rosidl_generator_c
[2.749s] [ 18%] [34m[1mGenerating C type support dispatch for ROS interfaces[0m
[2.750s] [ 21%] [34m[1mGenerating C type support for eProsima Fast-RTPS[0m
[2.750s] [ 21%] [34m[1mGenerating C introspection for ROS interfaces[0m
[3.339s] [ 25%] [32mBuilding CXX object CMakeFiles/turtlebot3_msgs__rosidl_typesupport_introspection_cpp.dir/rosidl_typesupport_introspection_cpp/turtlebot3_msgs/srv/detail/dqn__type_support.cpp.o[0m
[3.339s] [ 25%] [32mBuilding CXX object CMakeFiles/turtlebot3_msgs__rosidl_typesupport_introspection_cpp.dir/rosidl_typesupport_introspection_cpp/turtlebot3_msgs/srv/detail/sound__type_support.cpp.o[0m
[3.339s] [ 25%] [32mBuilding CXX object CMakeFiles/turtlebot3_msgs__rosidl_typesupport_introspection_cpp.dir/rosidl_typesupport_introspection_cpp/turtlebot3_msgs/msg/detail/version_info__type_support.cpp.o[0m
[3.339s] [ 26%] [32mBuilding CXX object CMakeFiles/turtlebot3_msgs__rosidl_typesupport_introspection_cpp.dir/rosidl_typesupport_introspection_cpp/turtlebot3_msgs/msg/detail/sound__type_support.cpp.o[0m
[3.346s] [ 28%] [32mBuilding CXX object CMakeFiles/turtlebot3_msgs__rosidl_typesupport_introspection_cpp.dir/rosidl_typesupport_introspection_cpp/turtlebot3_msgs/msg/detail/sensor_state__type_support.cpp.o[0m
[3.346s] [ 29%] [32mBuilding CXX object CMakeFiles/turtlebot3_msgs__rosidl_typesupport_introspection_cpp.dir/rosidl_typesupport_introspection_cpp/turtlebot3_msgs/action/detail/patrol__type_support.cpp.o[0m
[3.534s] [ 30%] [32mBuilding CXX object CMakeFiles/turtlebot3_msgs__rosidl_typesupport_fastrtps_cpp.dir/rosidl_typesupport_fastrtps_cpp/turtlebot3_msgs/msg/detail/dds_fastrtps/sensor_state__type_support.cpp.o[0m
[3.560s] [ 32%] [32mBuilding CXX object CMakeFiles/turtlebot3_msgs__rosidl_typesupport_fastrtps_cpp.dir/rosidl_typesupport_fastrtps_cpp/turtlebot3_msgs/msg/detail/dds_fastrtps/sound__type_support.cpp.o[0m
[3.573s] [ 33%] [32mBuilding CXX object CMakeFiles/turtlebot3_msgs__rosidl_typesupport_fastrtps_cpp.dir/rosidl_typesupport_fastrtps_cpp/turtlebot3_msgs/msg/detail/dds_fastrtps/version_info__type_support.cpp.o[0m
[3.577s] [ 35%] [32mBuilding CXX object CMakeFiles/turtlebot3_msgs__rosidl_typesupport_fastrtps_cpp.dir/rosidl_typesupport_fastrtps_cpp/turtlebot3_msgs/srv/detail/dds_fastrtps/sound__type_support.cpp.o[0m
[3.580s] [ 36%] [32mBuilding CXX object CMakeFiles/turtlebot3_msgs__rosidl_typesupport_fastrtps_cpp.dir/rosidl_typesupport_fastrtps_cpp/turtlebot3_msgs/action/detail/dds_fastrtps/patrol__type_support.cpp.o[0m
[3.595s] [ 38%] [32mBuilding CXX object CMakeFiles/turtlebot3_msgs__rosidl_typesupport_fastrtps_cpp.dir/rosidl_typesupport_fastrtps_cpp/turtlebot3_msgs/srv/detail/dds_fastrtps/dqn__type_support.cpp.o[0m
[3.607s] [ 39%] [32mBuilding CXX object CMakeFiles/turtlebot3_msgs__rosidl_typesupport_cpp.dir/rosidl_typesupport_cpp/turtlebot3_msgs/msg/sensor_state__type_support.cpp.o[0m
[3.657s] [ 40%] [32mBuilding CXX object CMakeFiles/turtlebot3_msgs__rosidl_typesupport_fastrtps_c.dir/rosidl_typesupport_fastrtps_c/turtlebot3_msgs/msg/detail/sensor_state__type_support_c.cpp.o[0m
[3.769s] [ 42%] [32mBuilding CXX object CMakeFiles/turtlebot3_msgs__rosidl_typesupport_c.dir/rosidl_typesupport_c/turtlebot3_msgs/msg/sensor_state__type_support.cpp.o[0m
[3.871s] [ 43%] [32mBuilding CXX object CMakeFiles/turtlebot3_msgs__rosidl_typesupport_c.dir/rosidl_typesupport_c/turtlebot3_msgs/msg/sound__type_support.cpp.o[0m
[3.958s] [ 45%] [32mBuilding CXX object CMakeFiles/turtlebot3_msgs__rosidl_typesupport_c.dir/rosidl_typesupport_c/turtlebot3_msgs/msg/version_info__type_support.cpp.o[0m
[3.985s] [ 46%] [32mBuilding CXX object CMakeFiles/turtlebot3_msgs__rosidl_typesupport_c.dir/rosidl_typesupport_c/turtlebot3_msgs/srv/sound__type_support.cpp.o[0m
[4.006s] [ 47%] [32mBuilding CXX object CMakeFiles/turtlebot3_msgs__rosidl_typesupport_c.dir/rosidl_typesupport_c/turtlebot3_msgs/srv/dqn__type_support.cpp.o[0m
[4.025s] [ 49%] [32mBuilding CXX object CMakeFiles/turtlebot3_msgs__rosidl_typesupport_c.dir/rosidl_typesupport_c/turtlebot3_msgs/action/patrol__type_support.cpp.o[0m
[4.026s] [ 50%] [32mBuilding CXX object CMakeFiles/turtlebot3_msgs__rosidl_typesupport_cpp.dir/rosidl_typesupport_cpp/turtlebot3_msgs/msg/sound__type_support.cpp.o[0m
[4.054s] [ 52%] [32mBuilding CXX object CMakeFiles/turtlebot3_msgs__rosidl_typesupport_fastrtps_c.dir/rosidl_typesupport_fastrtps_c/turtlebot3_msgs/msg/detail/sound__type_support_c.cpp.o[0m
[4.080s] [ 53%] [32mBuilding CXX object CMakeFiles/turtlebot3_msgs__rosidl_typesupport_fastrtps_c.dir/rosidl_typesupport_fastrtps_c/turtlebot3_msgs/msg/detail/version_info__type_support_c.cpp.o[0m
[4.081s] [ 54%] [32mBuilding CXX object CMakeFiles/turtlebot3_msgs__rosidl_typesupport_fastrtps_c.dir/rosidl_typesupport_fastrtps_c/turtlebot3_msgs/srv/detail/sound__type_support_c.cpp.o[0m
[4.094s] [ 56%] [32mBuilding CXX object CMakeFiles/turtlebot3_msgs__rosidl_typesupport_fastrtps_c.dir/rosidl_typesupport_fastrtps_c/turtlebot3_msgs/srv/detail/dqn__type_support_c.cpp.o[0m
[4.126s] [ 57%] [32mBuilding CXX object CMakeFiles/turtlebot3_msgs__rosidl_typesupport_cpp.dir/rosidl_typesupport_cpp/turtlebot3_msgs/msg/version_info__type_support.cpp.o[0m
[4.151s] [ 59%] [32m[1mLinking CXX shared library libturtlebot3_msgs__rosidl_typesupport_c.so[0m
[4.211s] [ 60%] [32mBuilding C object CMakeFiles/turtlebot3_msgs__rosidl_typesupport_introspection_c.dir/rosidl_typesupport_introspection_c/turtlebot3_msgs/msg/detail/sensor_state__type_support.c.o[0m
[4.239s] [ 61%] [32mBuilding C object CMakeFiles/turtlebot3_msgs__rosidl_typesupport_introspection_c.dir/rosidl_typesupport_introspection_c/turtlebot3_msgs/msg/detail/sound__type_support.c.o[0m
[4.244s] [ 63%] [32mBuilding CXX object CMakeFiles/turtlebot3_msgs__rosidl_typesupport_fastrtps_c.dir/rosidl_typesupport_fastrtps_c/turtlebot3_msgs/action/detail/patrol__type_support_c.cpp.o[0m
[4.285s] [ 64%] [32mBuilding C object CMakeFiles/turtlebot3_msgs__rosidl_typesupport_introspection_c.dir/rosidl_typesupport_introspection_c/turtlebot3_msgs/msg/detail/version_info__type_support.c.o[0m
[4.290s] [ 64%] Built target turtlebot3_msgs__rosidl_typesupport_c
[4.312s] [ 66%] [32mBuilding C object CMakeFiles/turtlebot3_msgs__rosidl_typesupport_introspection_c.dir/rosidl_typesupport_introspection_c/turtlebot3_msgs/srv/detail/sound__type_support.c.o[0m
[4.315s] [ 69%] [32mBuilding CXX object CMakeFiles/turtlebot3_msgs__rosidl_typesupport_cpp.dir/rosidl_typesupport_cpp/turtlebot3_msgs/srv/sound__type_support.cpp.o[0m
[4.315s] [ 69%] [32m[1mLinking CXX shared library libturtlebot3_msgs__rosidl_typesupport_introspection_cpp.so[0m
[4.335s] [ 70%] [32mBuilding CXX object CMakeFiles/turtlebot3_msgs__rosidl_typesupport_cpp.dir/rosidl_typesupport_cpp/turtlebot3_msgs/srv/dqn__type_support.cpp.o[0m
[4.383s] [ 71%] [32mBuilding CXX object CMakeFiles/turtlebot3_msgs__rosidl_typesupport_cpp.dir/rosidl_typesupport_cpp/turtlebot3_msgs/action/patrol__type_support.cpp.o[0m
[4.426s] [ 73%] [32mBuilding C object CMakeFiles/turtlebot3_msgs__rosidl_typesupport_introspection_c.dir/rosidl_typesupport_introspection_c/turtlebot3_msgs/srv/detail/dqn__type_support.c.o[0m
[4.454s] [ 74%] [32mBuilding C object CMakeFiles/turtlebot3_msgs__rosidl_typesupport_introspection_c.dir/rosidl_typesupport_introspection_c/turtlebot3_msgs/action/detail/patrol__type_support.c.o[0m
[4.559s] [ 76%] [32m[1mLinking CXX shared library libturtlebot3_msgs__rosidl_typesupport_fastrtps_cpp.so[0m
[4.560s] [ 76%] Built target turtlebot3_msgs__rosidl_typesupport_introspection_cpp
[4.587s] [ 77%] [32m[1mLinking C shared library libturtlebot3_msgs__rosidl_typesupport_introspection_c.so[0m
[4.656s] [ 77%] Built target turtlebot3_msgs__rosidl_typesupport_introspection_c
[4.719s] [ 77%] Built target turtlebot3_msgs__rosidl_typesupport_fastrtps_cpp
[4.834s] [ 78%] [32m[1mLinking CXX shared library libturtlebot3_msgs__rosidl_typesupport_fastrtps_c.so[0m
[4.969s] [ 78%] Built target turtlebot3_msgs__rosidl_typesupport_fastrtps_c
[5.011s] [ 80%] [32m[1mLinking CXX shared library libturtlebot3_msgs__rosidl_typesupport_cpp.so[0m
[5.068s] [ 80%] Built target turtlebot3_msgs__rosidl_typesupport_cpp
[5.095s] [ 80%] Built target turtlebot3_msgs
[5.125s] [ 81%] [34m[1mGenerating Python code for ROS interfaces[0m
[6.813s] [ 81%] Built target turtlebot3_msgs__py
[6.834s] [ 85%] [32mBuilding C object CMakeFiles/turtlebot3_msgs__rosidl_generator_py.dir/rosidl_generator_py/turtlebot3_msgs/msg/_sound_s.c.o[0m
[6.834s] [ 85%] [32mBuilding C object CMakeFiles/turtlebot3_msgs__rosidl_generator_py.dir/rosidl_generator_py/turtlebot3_msgs/msg/_version_info_s.c.o[0m
[6.834s] [ 85%] [32mBuilding C object CMakeFiles/turtlebot3_msgs__rosidl_generator_py.dir/rosidl_generator_py/turtlebot3_msgs/action/_patrol_s.c.o[0m
[6.834s] [ 87%] [32mBuilding C object CMakeFiles/turtlebot3_msgs__rosidl_generator_py.dir/rosidl_generator_py/turtlebot3_msgs/msg/_sensor_state_s.c.o[0m
[6.834s] [ 88%] [32mBuilding C object CMakeFiles/turtlebot3_msgs__rosidl_generator_py.dir/rosidl_generator_py/turtlebot3_msgs/srv/_sound_s.c.o[0m
[6.835s] [ 90%] [32mBuilding C object CMakeFiles/turtlebot3_msgs__rosidl_generator_py.dir/rosidl_generator_py/turtlebot3_msgs/srv/_dqn_s.c.o[0m
[6.981s] [ 91%] [32m[1mLinking C shared library rosidl_generator_py/turtlebot3_msgs/libturtlebot3_msgs__rosidl_generator_py.so[0m
[7.025s] [ 91%] Built target turtlebot3_msgs__rosidl_generator_py
[7.045s] [ 95%] [32mBuilding C object CMakeFiles/turtlebot3_msgs__rosidl_typesupport_c__pyext.dir/rosidl_generator_py/turtlebot3_msgs/_turtlebot3_msgs_s.ep.rosidl_typesupport_c.c.o[0m
[7.046s] [ 95%] [32mBuilding C object CMakeFiles/turtlebot3_msgs__rosidl_typesupport_fastrtps_c__pyext.dir/rosidl_generator_py/turtlebot3_msgs/_turtlebot3_msgs_s.ep.rosidl_typesupport_fastrtps_c.c.o[0m
[7.046s] [ 95%] [32mBuilding C object CMakeFiles/turtlebot3_msgs__rosidl_typesupport_introspection_c__pyext.dir/rosidl_generator_py/turtlebot3_msgs/_turtlebot3_msgs_s.ep.rosidl_typesupport_introspection_c.c.o[0m
[7.164s] [ 97%] [32m[1mLinking C shared library rosidl_generator_py/turtlebot3_msgs/turtlebot3_msgs_s__rosidl_typesupport_c.cpython-310-x86_64-linux-gnu.so[0m
[7.166s] [ 98%] [32m[1mLinking C shared library rosidl_generator_py/turtlebot3_msgs/turtlebot3_msgs_s__rosidl_typesupport_introspection_c.cpython-310-x86_64-linux-gnu.so[0m
[7.185s] [100%] [32m[1mLinking C shared library rosidl_generator_py/turtlebot3_msgs/turtlebot3_msgs_s__rosidl_typesupport_fastrtps_c.cpython-310-x86_64-linux-gnu.so[0m
[7.207s] [100%] Built target turtlebot3_msgs__rosidl_typesupport_c__pyext
[7.209s] [100%] Built target turtlebot3_msgs__rosidl_typesupport_introspection_c__pyext
[7.231s] [100%] Built target turtlebot3_msgs__rosidl_typesupport_fastrtps_c__pyext
[7.244s] Invoked command in '/home/behrouz/ws24-multi-robot-task-distribution/src/build/turtlebot3_msgs' returned '0': CMAKE_PREFIX_PATH=/home/behrouz/ws24-multi-robot-task-distribution/install/empty_simulation:/opt/ros/humble /usr/bin/cmake --build /home/behrouz/ws24-multi-robot-task-distribution/src/build/turtlebot3_msgs -- -j16 -l16
[7.370s] Invoking command in '/home/behrouz/ws24-multi-robot-task-distribution/src/build/turtlebot3_msgs': CMAKE_PREFIX_PATH=/home/behrouz/ws24-multi-robot-task-distribution/install/empty_simulation:/opt/ros/humble /usr/bin/cmake --install /home/behrouz/ws24-multi-robot-task-distribution/src/build/turtlebot3_msgs
[7.377s] -- Install configuration: ""
[7.377s] -- Installing: /home/behrouz/ws24-multi-robot-task-distribution/src/install/turtlebot3_msgs/share/ament_index/resource_index/rosidl_interfaces/turtlebot3_msgs
[7.378s] -- Installing: /home/behrouz/ws24-multi-robot-task-distribution/src/install/turtlebot3_msgs/include/turtlebot3_msgs/turtlebot3_msgs
[7.378s] -- Installing: /home/behrouz/ws24-multi-robot-task-distribution/src/install/turtlebot3_msgs/include/turtlebot3_msgs/turtlebot3_msgs/action
[7.378s] -- Installing: /home/behrouz/ws24-multi-robot-task-distribution/src/install/turtlebot3_msgs/include/turtlebot3_msgs/turtlebot3_msgs/action/patrol.h
[7.378s] -- Installing: /home/behrouz/ws24-multi-robot-task-distribution/src/install/turtlebot3_msgs/include/turtlebot3_msgs/turtlebot3_msgs/action/detail
[7.378s] -- Installing: /home/behrouz/ws24-multi-robot-task-distribution/src/install/turtlebot3_msgs/include/turtlebot3_msgs/turtlebot3_msgs/action/detail/patrol__struct.h
[7.378s] -- Installing: /home/behrouz/ws24-multi-robot-task-distribution/src/install/turtlebot3_msgs/include/turtlebot3_msgs/turtlebot3_msgs/action/detail/patrol__functions.c
[7.378s] -- Installing: /home/behrouz/ws24-multi-robot-task-distribution/src/install/turtlebot3_msgs/include/turtlebot3_msgs/turtlebot3_msgs/action/detail/patrol__functions.h
[7.378s] -- Installing: /home/behrouz/ws24-multi-robot-task-distribution/src/install/turtlebot3_msgs/include/turtlebot3_msgs/turtlebot3_msgs/action/detail/patrol__type_support.h
[7.379s] -- Installing: /home/behrouz/ws24-multi-robot-task-distribution/src/install/turtlebot3_msgs/include/turtlebot3_msgs/turtlebot3_msgs/msg
[7.379s] -- Installing: /home/behrouz/ws24-multi-robot-task-distribution/src/install/turtlebot3_msgs/include/turtlebot3_msgs/turtlebot3_msgs/msg/sound.h
[7.379s] -- Installing: /home/behrouz/ws24-multi-robot-task-distribution/src/install/turtlebot3_msgs/include/turtlebot3_msgs/turtlebot3_msgs/msg/sensor_state.h
[7.379s] -- Installing: /home/behrouz/ws24-multi-robot-task-distribution/src/install/turtlebot3_msgs/include/turtlebot3_msgs/turtlebot3_msgs/msg/rosidl_generator_c__visibility_control.h
[7.379s] -- Installing: /home/behrouz/ws24-multi-robot-task-distribution/src/install/turtlebot3_msgs/include/turtlebot3_msgs/turtlebot3_msgs/msg/version_info.h
[7.379s] -- Installing: /home/behrouz/ws24-multi-robot-task-distribution/src/install/turtlebot3_msgs/include/turtlebot3_msgs/turtlebot3_msgs/msg/detail
[7.379s] -- Installing: /home/behrouz/ws24-multi-robot-task-distribution/src/install/turtlebot3_msgs/include/turtlebot3_msgs/turtlebot3_msgs/msg/detail/sound__struct.h
[7.380s] -- Installing: /home/behrouz/ws24-multi-robot-task-distribution/src/install/turtlebot3_msgs/include/turtlebot3_msgs/turtlebot3_msgs/msg/detail/sound__functions.c
[7.380s] -- Installing: /home/behrouz/ws24-multi-robot-task-distribution/src/install/turtlebot3_msgs/include/turtlebot3_msgs/turtlebot3_msgs/msg/detail/sensor_state__type_support.h
[7.380s] -- Installing: /home/behrouz/ws24-multi-robot-task-distribution/src/install/turtlebot3_msgs/include/turtlebot3_msgs/turtlebot3_msgs/msg/detail/version_info__type_support.h
[7.380s] -- Installing: /home/behrouz/ws24-multi-robot-task-distribution/src/install/turtlebot3_msgs/include/turtlebot3_msgs/turtlebot3_msgs/msg/detail/version_info__struct.h
[7.380s] -- Installing: /home/behrouz/ws24-multi-robot-task-distribution/src/install/turtlebot3_msgs/include/turtlebot3_msgs/turtlebot3_msgs/msg/detail/sound__type_support.h
[7.380s] -- Installing: /home/behrouz/ws24-multi-robot-task-distribution/src/install/turtlebot3_msgs/include/turtlebot3_msgs/turtlebot3_msgs/msg/detail/sensor_state__struct.h
[7.380s] -- Installing: /home/behrouz/ws24-multi-robot-task-distribution/src/install/turtlebot3_msgs/include/turtlebot3_msgs/turtlebot3_msgs/msg/detail/version_info__functions.c
[7.380s] -- Installing: /home/behrouz/ws24-multi-robot-task-distribution/src/install/turtlebot3_msgs/include/turtlebot3_msgs/turtlebot3_msgs/msg/detail/sensor_state__functions.c
[7.380s] -- Installing: /home/behrouz/ws24-multi-robot-task-distribution/src/install/turtlebot3_msgs/include/turtlebot3_msgs/turtlebot3_msgs/msg/detail/sensor_state__functions.h
[7.381s] -- Installing: /home/behrouz/ws24-multi-robot-task-distribution/src/install/turtlebot3_msgs/include/turtlebot3_msgs/turtlebot3_msgs/msg/detail/version_info__functions.h
[7.381s] -- Installing: /home/behrouz/ws24-multi-robot-task-distribution/src/install/turtlebot3_msgs/include/turtlebot3_msgs/turtlebot3_msgs/msg/detail/sound__functions.h
[7.381s] -- Installing: /home/behrouz/ws24-multi-robot-task-distribution/src/install/turtlebot3_msgs/include/turtlebot3_msgs/turtlebot3_msgs/srv
[7.381s] -- Installing: /home/behrouz/ws24-multi-robot-task-distribution/src/install/turtlebot3_msgs/include/turtlebot3_msgs/turtlebot3_msgs/srv/sound.h
[7.381s] -- Installing: /home/behrouz/ws24-multi-robot-task-distribution/src/install/turtlebot3_msgs/include/turtlebot3_msgs/turtlebot3_msgs/srv/dqn.h
[7.381s] -- Installing: /home/behrouz/ws24-multi-robot-task-distribution/src/install/turtlebot3_msgs/include/turtlebot3_msgs/turtlebot3_msgs/srv/detail
[7.381s] -- Installing: /home/behrouz/ws24-multi-robot-task-distribution/src/install/turtlebot3_msgs/include/turtlebot3_msgs/turtlebot3_msgs/srv/detail/sound__struct.h
[7.381s] -- Installing: /home/behrouz/ws24-multi-robot-task-distribution/src/install/turtlebot3_msgs/include/turtlebot3_msgs/turtlebot3_msgs/srv/detail/sound__functions.c
[7.381s] -- Installing: /home/behrouz/ws24-multi-robot-task-distribution/src/install/turtlebot3_msgs/include/turtlebot3_msgs/turtlebot3_msgs/srv/detail/sound__type_support.h
[7.382s] -- Installing: /home/behrouz/ws24-multi-robot-task-distribution/src/install/turtlebot3_msgs/include/turtlebot3_msgs/turtlebot3_msgs/srv/detail/dqn__type_support.h
[7.382s] -- Installing: /home/behrouz/ws24-multi-robot-task-distribution/src/install/turtlebot3_msgs/include/turtlebot3_msgs/turtlebot3_msgs/srv/detail/dqn__functions.h
[7.382s] -- Installing: /home/behrouz/ws24-multi-robot-task-distribution/src/install/turtlebot3_msgs/include/turtlebot3_msgs/turtlebot3_msgs/srv/detail/dqn__functions.c
[7.382s] -- Installing: /home/behrouz/ws24-multi-robot-task-distribution/src/install/turtlebot3_msgs/include/turtlebot3_msgs/turtlebot3_msgs/srv/detail/sound__functions.h
[7.382s] -- Installing: /home/behrouz/ws24-multi-robot-task-distribution/src/install/turtlebot3_msgs/include/turtlebot3_msgs/turtlebot3_msgs/srv/detail/dqn__struct.h
[7.382s] -- Installing: /home/behrouz/ws24-multi-robot-task-distribution/src/install/turtlebot3_msgs/share/turtlebot3_msgs/environment/library_path.sh
[7.382s] -- Installing: /home/behrouz/ws24-multi-robot-task-distribution/src/install/turtlebot3_msgs/share/turtlebot3_msgs/environment/library_path.dsv
[7.382s] -- Installing: /home/behrouz/ws24-multi-robot-task-distribution/src/install/turtlebot3_msgs/lib/libturtlebot3_msgs__rosidl_generator_c.so
[7.382s] -- Set runtime path of "/home/behrouz/ws24-multi-robot-task-distribution/src/install/turtlebot3_msgs/lib/libturtlebot3_msgs__rosidl_generator_c.so" to ""
[7.383s] -- Up-to-date: /home/behrouz/ws24-multi-robot-task-distribution/src/install/turtlebot3_msgs/include/turtlebot3_msgs/turtlebot3_msgs
[7.383s] -- Up-to-date: /home/behrouz/ws24-multi-robot-task-distribution/src/install/turtlebot3_msgs/include/turtlebot3_msgs/turtlebot3_msgs/action
[7.383s] -- Up-to-date: /home/behrouz/ws24-multi-robot-task-distribution/src/install/turtlebot3_msgs/include/turtlebot3_msgs/turtlebot3_msgs/action/detail
[7.383s] -- Installing: /home/behrouz/ws24-multi-robot-task-distribution/src/install/turtlebot3_msgs/include/turtlebot3_msgs/turtlebot3_msgs/action/detail/patrol__rosidl_typesupport_fastrtps_c.h
[7.383s] -- Up-to-date: /home/behrouz/ws24-multi-robot-task-distribution/src/install/turtlebot3_msgs/include/turtlebot3_msgs/turtlebot3_msgs/msg
[7.383s] -- Installing: /home/behrouz/ws24-multi-robot-task-distribution/src/install/turtlebot3_msgs/include/turtlebot3_msgs/turtlebot3_msgs/msg/rosidl_typesupport_fastrtps_c__visibility_control.h
[7.383s] -- Up-to-date: /home/behrouz/ws24-multi-robot-task-distribution/src/install/turtlebot3_msgs/include/turtlebot3_msgs/turtlebot3_msgs/msg/detail
[7.383s] -- Installing: /home/behrouz/ws24-multi-robot-task-distribution/src/install/turtlebot3_msgs/include/turtlebot3_msgs/turtlebot3_msgs/msg/detail/version_info__rosidl_typesupport_fastrtps_c.h
[7.383s] -- Installing: /home/behrouz/ws24-multi-robot-task-distribution/src/install/turtlebot3_msgs/include/turtlebot3_msgs/turtlebot3_msgs/msg/detail/sound__rosidl_typesupport_fastrtps_c.h
[7.384s] -- Installing: /home/behrouz/ws24-multi-robot-task-distribution/src/install/turtlebot3_msgs/include/turtlebot3_msgs/turtlebot3_msgs/msg/detail/sensor_state__rosidl_typesupport_fastrtps_c.h
[7.384s] -- Up-to-date: /home/behrouz/ws24-multi-robot-task-distribution/src/install/turtlebot3_msgs/include/turtlebot3_msgs/turtlebot3_msgs/srv
[7.384s] -- Up-to-date: /home/behrouz/ws24-multi-robot-task-distribution/src/install/turtlebot3_msgs/include/turtlebot3_msgs/turtlebot3_msgs/srv/detail
[7.384s] -- Installing: /home/behrouz/ws24-multi-robot-task-distribution/src/install/turtlebot3_msgs/include/turtlebot3_msgs/turtlebot3_msgs/srv/detail/sound__rosidl_typesupport_fastrtps_c.h
[7.384s] -- Installing: /home/behrouz/ws24-multi-robot-task-distribution/src/install/turtlebot3_msgs/include/turtlebot3_msgs/turtlebot3_msgs/srv/detail/dqn__rosidl_typesupport_fastrtps_c.h
[7.384s] -- Installing: /home/behrouz/ws24-multi-robot-task-distribution/src/install/turtlebot3_msgs/lib/libturtlebot3_msgs__rosidl_typesupport_fastrtps_c.so
[7.384s] -- Set runtime path of "/home/behrouz/ws24-multi-robot-task-distribution/src/install/turtlebot3_msgs/lib/libturtlebot3_msgs__rosidl_typesupport_fastrtps_c.so" to ""
[7.384s] -- Up-to-date: /home/behrouz/ws24-multi-robot-task-distribution/src/install/turtlebot3_msgs/include/turtlebot3_msgs/turtlebot3_msgs
[7.384s] -- Up-to-date: /home/behrouz/ws24-multi-robot-task-distribution/src/install/turtlebot3_msgs/include/turtlebot3_msgs/turtlebot3_msgs/action
[7.384s] -- Installing: /home/behrouz/ws24-multi-robot-task-distribution/src/install/turtlebot3_msgs/include/turtlebot3_msgs/turtlebot3_msgs/action/patrol.hpp
[7.385s] -- Up-to-date: /home/behrouz/ws24-multi-robot-task-distribution/src/install/turtlebot3_msgs/include/turtlebot3_msgs/turtlebot3_msgs/action/detail
[7.385s] -- Installing: /home/behrouz/ws24-multi-robot-task-distribution/src/install/turtlebot3_msgs/include/turtlebot3_msgs/turtlebot3_msgs/action/detail/patrol__traits.hpp
[7.385s] -- Installing: /home/behrouz/ws24-multi-robot-task-distribution/src/install/turtlebot3_msgs/include/turtlebot3_msgs/turtlebot3_msgs/action/detail/patrol__struct.hpp
[7.385s] -- Installing: /home/behrouz/ws24-multi-robot-task-distribution/src/install/turtlebot3_msgs/include/turtlebot3_msgs/turtlebot3_msgs/action/detail/patrol__builder.hpp
[7.385s] -- Up-to-date: /home/behrouz/ws24-multi-robot-task-distribution/src/install/turtlebot3_msgs/include/turtlebot3_msgs/turtlebot3_msgs/msg
[7.385s] -- Installing: /home/behrouz/ws24-multi-robot-task-distribution/src/install/turtlebot3_msgs/include/turtlebot3_msgs/turtlebot3_msgs/msg/sensor_state.hpp
[7.385s] -- Installing: /home/behrouz/ws24-multi-robot-task-distribution/src/install/turtlebot3_msgs/include/turtlebot3_msgs/turtlebot3_msgs/msg/sound.hpp
[7.385s] -- Installing: /home/behrouz/ws24-multi-robot-task-distribution/src/install/turtlebot3_msgs/include/turtlebot3_msgs/turtlebot3_msgs/msg/version_info.hpp
[7.385s] -- Up-to-date: /home/behrouz/ws24-multi-robot-task-distribution/src/install/turtlebot3_msgs/include/turtlebot3_msgs/turtlebot3_msgs/msg/detail
[7.385s] -- Installing: /home/behrouz/ws24-multi-robot-task-distribution/src/install/turtlebot3_msgs/include/turtlebot3_msgs/turtlebot3_msgs/msg/detail/sensor_state__traits.hpp
[7.385s] -- Installing: /home/behrouz/ws24-multi-robot-task-distribution/src/install/turtlebot3_msgs/include/turtlebot3_msgs/turtlebot3_msgs/msg/detail/sensor_state__struct.hpp
[7.385s] -- Installing: /home/behrouz/ws24-multi-robot-task-distribution/src/install/turtlebot3_msgs/include/turtlebot3_msgs/turtlebot3_msgs/msg/detail/version_info__builder.hpp
[7.386s] -- Installing: /home/behrouz/ws24-multi-robot-task-distribution/src/install/turtlebot3_msgs/include/turtlebot3_msgs/turtlebot3_msgs/msg/detail/sound__builder.hpp
[7.386s] -- Installing: /home/behrouz/ws24-multi-robot-task-distribution/src/install/turtlebot3_msgs/include/turtlebot3_msgs/turtlebot3_msgs/msg/detail/sound__struct.hpp
[7.386s] -- Installing: /home/behrouz/ws24-multi-robot-task-distribution/src/install/turtlebot3_msgs/include/turtlebot3_msgs/turtlebot3_msgs/msg/detail/version_info__struct.hpp
[7.386s] -- Installing: /home/behrouz/ws24-multi-robot-task-distribution/src/install/turtlebot3_msgs/include/turtlebot3_msgs/turtlebot3_msgs/msg/detail/version_info__traits.hpp
[7.386s] -- Installing: /home/behrouz/ws24-multi-robot-task-distribution/src/install/turtlebot3_msgs/include/turtlebot3_msgs/turtlebot3_msgs/msg/detail/sensor_state__builder.hpp
[7.386s] -- Installing: /home/behrouz/ws24-multi-robot-task-distribution/src/install/turtlebot3_msgs/include/turtlebot3_msgs/turtlebot3_msgs/msg/detail/sound__traits.hpp
[7.386s] -- Up-to-date: /home/behrouz/ws24-multi-robot-task-distribution/src/install/turtlebot3_msgs/include/turtlebot3_msgs/turtlebot3_msgs/srv
[7.386s] -- Installing: /home/behrouz/ws24-multi-robot-task-distribution/src/install/turtlebot3_msgs/include/turtlebot3_msgs/turtlebot3_msgs/srv/sound.hpp
[7.387s] -- Installing: /home/behrouz/ws24-multi-robot-task-distribution/src/install/turtlebot3_msgs/include/turtlebot3_msgs/turtlebot3_msgs/srv/dqn.hpp
[7.387s] -- Up-to-date: /home/behrouz/ws24-multi-robot-task-distribution/src/install/turtlebot3_msgs/include/turtlebot3_msgs/turtlebot3_msgs/srv/detail
[7.387s] -- Installing: /home/behrouz/ws24-multi-robot-task-distribution/src/install/turtlebot3_msgs/include/turtlebot3_msgs/turtlebot3_msgs/srv/detail/sound__builder.hpp
[7.387s] -- Installing: /home/behrouz/ws24-multi-robot-task-distribution/src/install/turtlebot3_msgs/include/turtlebot3_msgs/turtlebot3_msgs/srv/detail/sound__struct.hpp
[7.387s] -- Installing: /home/behrouz/ws24-multi-robot-task-distribution/src/install/turtlebot3_msgs/include/turtlebot3_msgs/turtlebot3_msgs/srv/detail/dqn__builder.hpp
[7.387s] -- Installing: /home/behrouz/ws24-multi-robot-task-distribution/src/install/turtlebot3_msgs/include/turtlebot3_msgs/turtlebot3_msgs/srv/detail/dqn__struct.hpp
[7.387s] -- Installing: /home/behrouz/ws24-multi-robot-task-distribution/src/install/turtlebot3_msgs/include/turtlebot3_msgs/turtlebot3_msgs/srv/detail/dqn__traits.hpp
[7.387s] -- Installing: /home/behrouz/ws24-multi-robot-task-distribution/src/install/turtlebot3_msgs/include/turtlebot3_msgs/turtlebot3_msgs/srv/detail/sound__traits.hpp
[7.388s] -- Up-to-date: /home/behrouz/ws24-multi-robot-task-distribution/src/install/turtlebot3_msgs/include/turtlebot3_msgs/turtlebot3_msgs
[7.388s] -- Up-to-date: /home/behrouz/ws24-multi-robot-task-distribution/src/install/turtlebot3_msgs/include/turtlebot3_msgs/turtlebot3_msgs/action
[7.388s] -- Up-to-date: /home/behrouz/ws24-multi-robot-task-distribution/src/install/turtlebot3_msgs/include/turtlebot3_msgs/turtlebot3_msgs/action/detail
[7.388s] -- Installing: /home/behrouz/ws24-multi-robot-task-distribution/src/install/turtlebot3_msgs/include/turtlebot3_msgs/turtlebot3_msgs/action/detail/patrol__rosidl_typesupport_fastrtps_cpp.hpp
[7.388s] -- Installing: /home/behrouz/ws24-multi-robot-task-distribution/src/install/turtlebot3_msgs/include/turtlebot3_msgs/turtlebot3_msgs/action/detail/dds_fastrtps
[7.388s] -- Up-to-date: /home/behrouz/ws24-multi-robot-task-distribution/src/install/turtlebot3_msgs/include/turtlebot3_msgs/turtlebot3_msgs/msg
[7.388s] -- Installing: /home/behrouz/ws24-multi-robot-task-distribution/src/install/turtlebot3_msgs/include/turtlebot3_msgs/turtlebot3_msgs/msg/rosidl_typesupport_fastrtps_cpp__visibility_control.h
[7.388s] -- Up-to-date: /home/behrouz/ws24-multi-robot-task-distribution/src/install/turtlebot3_msgs/include/turtlebot3_msgs/turtlebot3_msgs/msg/detail
[7.388s] -- Installing: /home/behrouz/ws24-multi-robot-task-distribution/src/install/turtlebot3_msgs/include/turtlebot3_msgs/turtlebot3_msgs/msg/detail/sensor_state__rosidl_typesupport_fastrtps_cpp.hpp
[7.389s] -- Installing: /home/behrouz/ws24-multi-robot-task-distribution/src/install/turtlebot3_msgs/include/turtlebot3_msgs/turtlebot3_msgs/msg/detail/sound__rosidl_typesupport_fastrtps_cpp.hpp
[7.389s] -- Installing: /home/behrouz/ws24-multi-robot-task-distribution/src/install/turtlebot3_msgs/include/turtlebot3_msgs/turtlebot3_msgs/msg/detail/version_info__rosidl_typesupport_fastrtps_cpp.hpp
[7.389s] -- Installing: /home/behrouz/ws24-multi-robot-task-distribution/src/install/turtlebot3_msgs/include/turtlebot3_msgs/turtlebot3_msgs/msg/detail/dds_fastrtps
[7.389s] -- Up-to-date: /home/behrouz/ws24-multi-robot-task-distribution/src/install/turtlebot3_msgs/include/turtlebot3_msgs/turtlebot3_msgs/srv
[7.389s] -- Up-to-date: /home/behrouz/ws24-multi-robot-task-distribution/src/install/turtlebot3_msgs/include/turtlebot3_msgs/turtlebot3_msgs/srv/detail
[7.389s] -- Installing: /home/behrouz/ws24-multi-robot-task-distribution/src/install/turtlebot3_msgs/include/turtlebot3_msgs/turtlebot3_msgs/srv/detail/sound__rosidl_typesupport_fastrtps_cpp.hpp
[7.389s] -- Installing: /home/behrouz/ws24-multi-robot-task-distribution/src/install/turtlebot3_msgs/include/turtlebot3_msgs/turtlebot3_msgs/srv/detail/dds_fastrtps
[7.389s] -- Installing: /home/behrouz/ws24-multi-robot-task-distribution/src/install/turtlebot3_msgs/include/turtlebot3_msgs/turtlebot3_msgs/srv/detail/dqn__rosidl_typesupport_fastrtps_cpp.hpp
[7.389s] -- Installing: /home/behrouz/ws24-multi-robot-task-distribution/src/install/turtlebot3_msgs/lib/libturtlebot3_msgs__rosidl_typesupport_fastrtps_cpp.so
[7.389s] -- Set runtime path of "/home/behrouz/ws24-multi-robot-task-distribution/src/install/turtlebot3_msgs/lib/libturtlebot3_msgs__rosidl_typesupport_fastrtps_cpp.so" to ""
[7.390s] -- Up-to-date: /home/behrouz/ws24-multi-robot-task-distribution/src/install/turtlebot3_msgs/include/turtlebot3_msgs/turtlebot3_msgs
[7.390s] -- Up-to-date: /home/behrouz/ws24-multi-robot-task-distribution/src/install/turtlebot3_msgs/include/turtlebot3_msgs/turtlebot3_msgs/action
[7.390s] -- Up-to-date: /home/behrouz/ws24-multi-robot-task-distribution/src/install/turtlebot3_msgs/include/turtlebot3_msgs/turtlebot3_msgs/action/detail
[7.390s] -- Installing: /home/behrouz/ws24-multi-robot-task-distribution/src/install/turtlebot3_msgs/include/turtlebot3_msgs/turtlebot3_msgs/action/detail/patrol__type_support.c
[7.390s] -- Installing: /home/behrouz/ws24-multi-robot-task-distribution/src/install/turtlebot3_msgs/include/turtlebot3_msgs/turtlebot3_msgs/action/detail/patrol__rosidl_typesupport_introspection_c.h
[7.390s] -- Up-to-date: /home/behrouz/ws24-multi-robot-task-distribution/src/install/turtlebot3_msgs/include/turtlebot3_msgs/turtlebot3_msgs/msg
[7.390s] -- Installing: /home/behrouz/ws24-multi-robot-task-distribution/src/install/turtlebot3_msgs/include/turtlebot3_msgs/turtlebot3_msgs/msg/rosidl_typesupport_introspection_c__visibility_control.h
[7.390s] -- Up-to-date: /home/behrouz/ws24-multi-robot-task-distribution/src/install/turtlebot3_msgs/include/turtlebot3_msgs/turtlebot3_msgs/msg/detail
[7.390s] -- Installing: /home/behrouz/ws24-multi-robot-task-distribution/src/install/turtlebot3_msgs/include/turtlebot3_msgs/turtlebot3_msgs/msg/detail/sound__rosidl_typesupport_introspection_c.h
[7.391s] -- Installing: /home/behrouz/ws24-multi-robot-task-distribution/src/install/turtlebot3_msgs/include/turtlebot3_msgs/turtlebot3_msgs/msg/detail/version_info__rosidl_typesupport_introspection_c.h
[7.391s] -- Installing: /home/behrouz/ws24-multi-robot-task-distribution/src/install/turtlebot3_msgs/include/turtlebot3_msgs/turtlebot3_msgs/msg/detail/sensor_state__type_support.c
[7.391s] -- Installing: /home/behrouz/ws24-multi-robot-task-distribution/src/install/turtlebot3_msgs/include/turtlebot3_msgs/turtlebot3_msgs/msg/detail/sound__type_support.c
[7.391s] -- Installing: /home/behrouz/ws24-multi-robot-task-distribution/src/install/turtlebot3_msgs/include/turtlebot3_msgs/turtlebot3_msgs/msg/detail/version_info__type_support.c
[7.391s] -- Installing: /home/behrouz/ws24-multi-robot-task-distribution/src/install/turtlebot3_msgs/include/turtlebot3_msgs/turtlebot3_msgs/msg/detail/sensor_state__rosidl_typesupport_introspection_c.h
[7.391s] -- Up-to-date: /home/behrouz/ws24-multi-robot-task-distribution/src/install/turtlebot3_msgs/include/turtlebot3_msgs/turtlebot3_msgs/srv
[7.391s] -- Up-to-date: /home/behrouz/ws24-multi-robot-task-distribution/src/install/turtlebot3_msgs/include/turtlebot3_msgs/turtlebot3_msgs/srv/detail
[7.391s] -- Installing: /home/behrouz/ws24-multi-robot-task-distribution/src/install/turtlebot3_msgs/include/turtlebot3_msgs/turtlebot3_msgs/srv/detail/sound__rosidl_typesupport_introspection_c.h
[7.391s] -- Installing: /home/behrouz/ws24-multi-robot-task-distribution/src/install/turtlebot3_msgs/include/turtlebot3_msgs/turtlebot3_msgs/srv/detail/dqn__rosidl_typesupport_introspection_c.h
[7.391s] -- Installing: /home/behrouz/ws24-multi-robot-task-distribution/src/install/turtlebot3_msgs/include/turtlebot3_msgs/turtlebot3_msgs/srv/detail/sound__type_support.c
[7.392s] -- Installing: /home/behrouz/ws24-multi-robot-task-distribution/src/install/turtlebot3_msgs/include/turtlebot3_msgs/turtlebot3_msgs/srv/detail/dqn__type_support.c
[7.392s] -- Installing: /home/behrouz/ws24-multi-robot-task-distribution/src/install/turtlebot3_msgs/lib/libturtlebot3_msgs__rosidl_typesupport_introspection_c.so
[7.392s] -- Set runtime path of "/home/behrouz/ws24-multi-robot-task-distribution/src/install/turtlebot3_msgs/lib/libturtlebot3_msgs__rosidl_typesupport_introspection_c.so" to ""
[7.392s] -- Installing: /home/behrouz/ws24-multi-robot-task-distribution/src/install/turtlebot3_msgs/lib/libturtlebot3_msgs__rosidl_typesupport_c.so
[7.392s] -- Set runtime path of "/home/behrouz/ws24-multi-robot-task-distribution/src/install/turtlebot3_msgs/lib/libturtlebot3_msgs__rosidl_typesupport_c.so" to ""
[7.392s] -- Up-to-date: /home/behrouz/ws24-multi-robot-task-distribution/src/install/turtlebot3_msgs/include/turtlebot3_msgs/turtlebot3_msgs
[7.392s] -- Up-to-date: /home/behrouz/ws24-multi-robot-task-distribution/src/install/turtlebot3_msgs/include/turtlebot3_msgs/turtlebot3_msgs/action
[7.392s] -- Up-to-date: /home/behrouz/ws24-multi-robot-task-distribution/src/install/turtlebot3_msgs/include/turtlebot3_msgs/turtlebot3_msgs/action/detail
[7.392s] -- Installing: /home/behrouz/ws24-multi-robot-task-distribution/src/install/turtlebot3_msgs/include/turtlebot3_msgs/turtlebot3_msgs/action/detail/patrol__type_support.cpp
[7.393s] -- Installing: /home/behrouz/ws24-multi-robot-task-distribution/src/install/turtlebot3_msgs/include/turtlebot3_msgs/turtlebot3_msgs/action/detail/patrol__rosidl_typesupport_introspection_cpp.hpp
[7.393s] -- Up-to-date: /home/behrouz/ws24-multi-robot-task-distribution/src/install/turtlebot3_msgs/include/turtlebot3_msgs/turtlebot3_msgs/msg
[7.393s] -- Up-to-date: /home/behrouz/ws24-multi-robot-task-distribution/src/install/turtlebot3_msgs/include/turtlebot3_msgs/turtlebot3_msgs/msg/detail
[7.393s] -- Installing: /home/behrouz/ws24-multi-robot-task-distribution/src/install/turtlebot3_msgs/include/turtlebot3_msgs/turtlebot3_msgs/msg/detail/version_info__type_support.cpp
[7.393s] -- Installing: /home/behrouz/ws24-multi-robot-task-distribution/src/install/turtlebot3_msgs/include/turtlebot3_msgs/turtlebot3_msgs/msg/detail/sensor_state__rosidl_typesupport_introspection_cpp.hpp
[7.393s] -- Installing: /home/behrouz/ws24-multi-robot-task-distribution/src/install/turtlebot3_msgs/include/turtlebot3_msgs/turtlebot3_msgs/msg/detail/version_info__rosidl_typesupport_introspection_cpp.hpp
[7.393s] -- Installing: /home/behrouz/ws24-multi-robot-task-distribution/src/install/turtlebot3_msgs/include/turtlebot3_msgs/turtlebot3_msgs/msg/detail/sensor_state__type_support.cpp
[7.393s] -- Installing: /home/behrouz/ws24-multi-robot-task-distribution/src/install/turtlebot3_msgs/include/turtlebot3_msgs/turtlebot3_msgs/msg/detail/sound__rosidl_typesupport_introspection_cpp.hpp
[7.393s] -- Installing: /home/behrouz/ws24-multi-robot-task-distribution/src/install/turtlebot3_msgs/include/turtlebot3_msgs/turtlebot3_msgs/msg/detail/sound__type_support.cpp
[7.394s] -- Up-to-date: /home/behrouz/ws24-multi-robot-task-distribution/src/install/turtlebot3_msgs/include/turtlebot3_msgs/turtlebot3_msgs/srv
[7.394s] -- Up-to-date: /home/behrouz/ws24-multi-robot-task-distribution/src/install/turtlebot3_msgs/include/turtlebot3_msgs/turtlebot3_msgs/srv/detail
[7.394s] -- Installing: /home/behrouz/ws24-multi-robot-task-distribution/src/install/turtlebot3_msgs/include/turtlebot3_msgs/turtlebot3_msgs/srv/detail/dqn__rosidl_typesupport_introspection_cpp.hpp
[7.394s] -- Installing: /home/behrouz/ws24-multi-robot-task-distribution/src/install/turtlebot3_msgs/include/turtlebot3_msgs/turtlebot3_msgs/srv/detail/sound__rosidl_typesupport_introspection_cpp.hpp
[7.394s] -- Installing: /home/behrouz/ws24-multi-robot-task-distribution/src/install/turtlebot3_msgs/include/turtlebot3_msgs/turtlebot3_msgs/srv/detail/sound__type_support.cpp
[7.394s] -- Installing: /home/behrouz/ws24-multi-robot-task-distribution/src/install/turtlebot3_msgs/include/turtlebot3_msgs/turtlebot3_msgs/srv/detail/dqn__type_support.cpp
[7.394s] -- Installing: /home/behrouz/ws24-multi-robot-task-distribution/src/install/turtlebot3_msgs/lib/libturtlebot3_msgs__rosidl_typesupport_introspection_cpp.so
[7.394s] -- Set runtime path of "/home/behrouz/ws24-multi-robot-task-distribution/src/install/turtlebot3_msgs/lib/libturtlebot3_msgs__rosidl_typesupport_introspection_cpp.so" to ""
[7.394s] -- Installing: /home/behrouz/ws24-multi-robot-task-distribution/src/install/turtlebot3_msgs/lib/libturtlebot3_msgs__rosidl_typesupport_cpp.so
[7.395s] -- Set runtime path of "/home/behrouz/ws24-multi-robot-task-distribution/src/install/turtlebot3_msgs/lib/libturtlebot3_msgs__rosidl_typesupport_cpp.so" to ""
[7.395s] -- Installing: /home/behrouz/ws24-multi-robot-task-distribution/src/install/turtlebot3_msgs/share/turtlebot3_msgs/environment/pythonpath.sh
[7.395s] -- Installing: /home/behrouz/ws24-multi-robot-task-distribution/src/install/turtlebot3_msgs/share/turtlebot3_msgs/environment/pythonpath.dsv
[7.395s] -- Installing: /home/behrouz/ws24-multi-robot-task-distribution/src/install/turtlebot3_msgs/local/lib/python3.10/dist-packages/turtlebot3_msgs-2.2.3-py3.10.egg-info
[7.395s] -- Installing: /home/behrouz/ws24-multi-robot-task-distribution/src/install/turtlebot3_msgs/local/lib/python3.10/dist-packages/turtlebot3_msgs-2.2.3-py3.10.egg-info/SOURCES.txt
[7.395s] -- Installing: /home/behrouz/ws24-multi-robot-task-distribution/src/install/turtlebot3_msgs/local/lib/python3.10/dist-packages/turtlebot3_msgs-2.2.3-py3.10.egg-info/top_level.txt
[7.395s] -- Installing: /home/behrouz/ws24-multi-robot-task-distribution/src/install/turtlebot3_msgs/local/lib/python3.10/dist-packages/turtlebot3_msgs-2.2.3-py3.10.egg-info/dependency_links.txt
[7.395s] -- Installing: /home/behrouz/ws24-multi-robot-task-distribution/src/install/turtlebot3_msgs/local/lib/python3.10/dist-packages/turtlebot3_msgs-2.2.3-py3.10.egg-info/PKG-INFO
[7.395s] -- Installing: /home/behrouz/ws24-multi-robot-task-distribution/src/install/turtlebot3_msgs/local/lib/python3.10/dist-packages/turtlebot3_msgs
[7.395s] -- Installing: /home/behrouz/ws24-multi-robot-task-distribution/src/install/turtlebot3_msgs/local/lib/python3.10/dist-packages/turtlebot3_msgs/action
[7.396s] -- Installing: /home/behrouz/ws24-multi-robot-task-distribution/src/install/turtlebot3_msgs/local/lib/python3.10/dist-packages/turtlebot3_msgs/action/_patrol.py
[7.396s] -- Installing: /home/behrouz/ws24-multi-robot-task-distribution/src/install/turtlebot3_msgs/local/lib/python3.10/dist-packages/turtlebot3_msgs/action/_patrol_s.c
[7.396s] -- Installing: /home/behrouz/ws24-multi-robot-task-distribution/src/install/turtlebot3_msgs/local/lib/python3.10/dist-packages/turtlebot3_msgs/action/__init__.py
[7.396s] -- Installing: /home/behrouz/ws24-multi-robot-task-distribution/src/install/turtlebot3_msgs/local/lib/python3.10/dist-packages/turtlebot3_msgs/libturtlebot3_msgs__rosidl_generator_py.so
[7.396s] -- Installing: /home/behrouz/ws24-multi-robot-task-distribution/src/install/turtlebot3_msgs/local/lib/python3.10/dist-packages/turtlebot3_msgs/_turtlebot3_msgs_s.ep.rosidl_typesupport_introspection_c.c
[7.396s] -- Installing: /home/behrouz/ws24-multi-robot-task-distribution/src/install/turtlebot3_msgs/local/lib/python3.10/dist-packages/turtlebot3_msgs/msg
[7.397s] -- Installing: /home/behrouz/ws24-multi-robot-task-distribution/src/install/turtlebot3_msgs/local/lib/python3.10/dist-packages/turtlebot3_msgs/msg/_sensor_state.py
[7.397s] -- Installing: /home/behrouz/ws24-multi-robot-task-distribution/src/install/turtlebot3_msgs/local/lib/python3.10/dist-packages/turtlebot3_msgs/msg/_sensor_state_s.c
[7.397s] -- Installing: /home/behrouz/ws24-multi-robot-task-distribution/src/install/turtlebot3_msgs/local/lib/python3.10/dist-packages/turtlebot3_msgs/msg/_sound_s.c
[7.397s] -- Installing: /home/behrouz/ws24-multi-robot-task-distribution/src/install/turtlebot3_msgs/local/lib/python3.10/dist-packages/turtlebot3_msgs/msg/_version_info.py
[7.397s] -- Installing: /home/behrouz/ws24-multi-robot-task-distribution/src/install/turtlebot3_msgs/local/lib/python3.10/dist-packages/turtlebot3_msgs/msg/_sound.py
[7.397s] -- Installing: /home/behrouz/ws24-multi-robot-task-distribution/src/install/turtlebot3_msgs/local/lib/python3.10/dist-packages/turtlebot3_msgs/msg/_version_info_s.c
[7.397s] -- Installing: /home/behrouz/ws24-multi-robot-task-distribution/src/install/turtlebot3_msgs/local/lib/python3.10/dist-packages/turtlebot3_msgs/msg/__init__.py
[7.397s] -- Installing: /home/behrouz/ws24-multi-robot-task-distribution/src/install/turtlebot3_msgs/local/lib/python3.10/dist-packages/turtlebot3_msgs/srv
[7.397s] -- Installing: /home/behrouz/ws24-multi-robot-task-distribution/src/install/turtlebot3_msgs/local/lib/python3.10/dist-packages/turtlebot3_msgs/srv/_sound_s.c
[7.398s] -- Installing: /home/behrouz/ws24-multi-robot-task-distribution/src/install/turtlebot3_msgs/local/lib/python3.10/dist-packages/turtlebot3_msgs/srv/_dqn.py
[7.398s] -- Installing: /home/behrouz/ws24-multi-robot-task-distribution/src/install/turtlebot3_msgs/local/lib/python3.10/dist-packages/turtlebot3_msgs/srv/_sound.py
[7.398s] -- Installing: /home/behrouz/ws24-multi-robot-task-distribution/src/install/turtlebot3_msgs/local/lib/python3.10/dist-packages/turtlebot3_msgs/srv/_dqn_s.c
[7.398s] -- Installing: /home/behrouz/ws24-multi-robot-task-distribution/src/install/turtlebot3_msgs/local/lib/python3.10/dist-packages/turtlebot3_msgs/srv/__init__.py
[7.398s] -- Installing: /home/behrouz/ws24-multi-robot-task-distribution/src/install/turtlebot3_msgs/local/lib/python3.10/dist-packages/turtlebot3_msgs/_turtlebot3_msgs_s.ep.rosidl_typesupport_fastrtps_c.c
[7.398s] -- Installing: /home/behrouz/ws24-multi-robot-task-distribution/src/install/turtlebot3_msgs/local/lib/python3.10/dist-packages/turtlebot3_msgs/turtlebot3_msgs_s__rosidl_typesupport_c.cpython-310-x86_64-linux-gnu.so
[7.398s] -- Installing: /home/behrouz/ws24-multi-robot-task-distribution/src/install/turtlebot3_msgs/local/lib/python3.10/dist-packages/turtlebot3_msgs/turtlebot3_msgs_s__rosidl_typesupport_introspection_c.cpython-310-x86_64-linux-gnu.so
[7.398s] -- Installing: /home/behrouz/ws24-multi-robot-task-distribution/src/install/turtlebot3_msgs/local/lib/python3.10/dist-packages/turtlebot3_msgs/turtlebot3_msgs_s__rosidl_typesupport_fastrtps_c.cpython-310-x86_64-linux-gnu.so
[7.399s] -- Installing: /home/behrouz/ws24-multi-robot-task-distribution/src/install/turtlebot3_msgs/local/lib/python3.10/dist-packages/turtlebot3_msgs/__init__.py
[7.399s] -- Installing: /home/behrouz/ws24-multi-robot-task-distribution/src/install/turtlebot3_msgs/local/lib/python3.10/dist-packages/turtlebot3_msgs/_turtlebot3_msgs_s.ep.rosidl_typesupport_c.c
[7.437s] Listing '/home/behrouz/ws24-multi-robot-task-distribution/src/install/turtlebot3_msgs/local/lib/python3.10/dist-packages/turtlebot3_msgs'...
[7.437s] Compiling '/home/behrouz/ws24-multi-robot-task-distribution/src/install/turtlebot3_msgs/local/lib/python3.10/dist-packages/turtlebot3_msgs/__init__.py'...
[7.437s] Listing '/home/behrouz/ws24-multi-robot-task-distribution/src/install/turtlebot3_msgs/local/lib/python3.10/dist-packages/turtlebot3_msgs/action'...
[7.438s] Compiling '/home/behrouz/ws24-multi-robot-task-distribution/src/install/turtlebot3_msgs/local/lib/python3.10/dist-packages/turtlebot3_msgs/action/__init__.py'...
[7.438s] Compiling '/home/behrouz/ws24-multi-robot-task-distribution/src/install/turtlebot3_msgs/local/lib/python3.10/dist-packages/turtlebot3_msgs/action/_patrol.py'...
[7.438s] Listing '/home/behrouz/ws24-multi-robot-task-distribution/src/install/turtlebot3_msgs/local/lib/python3.10/dist-packages/turtlebot3_msgs/msg'...
[7.438s] Compiling '/home/behrouz/ws24-multi-robot-task-distribution/src/install/turtlebot3_msgs/local/lib/python3.10/dist-packages/turtlebot3_msgs/msg/__init__.py'...
[7.438s] Compiling '/home/behrouz/ws24-multi-robot-task-distribution/src/install/turtlebot3_msgs/local/lib/python3.10/dist-packages/turtlebot3_msgs/msg/_sensor_state.py'...
[7.438s] Compiling '/home/behrouz/ws24-multi-robot-task-distribution/src/install/turtlebot3_msgs/local/lib/python3.10/dist-packages/turtlebot3_msgs/msg/_sound.py'...
[7.438s] Compiling '/home/behrouz/ws24-multi-robot-task-distribution/src/install/turtlebot3_msgs/local/lib/python3.10/dist-packages/turtlebot3_msgs/msg/_version_info.py'...
[7.438s] Listing '/home/behrouz/ws24-multi-robot-task-distribution/src/install/turtlebot3_msgs/local/lib/python3.10/dist-packages/turtlebot3_msgs/srv'...
[7.438s] Compiling '/home/behrouz/ws24-multi-robot-task-distribution/src/install/turtlebot3_msgs/local/lib/python3.10/dist-packages/turtlebot3_msgs/srv/__init__.py'...
[7.438s] Compiling '/home/behrouz/ws24-multi-robot-task-distribution/src/install/turtlebot3_msgs/local/lib/python3.10/dist-packages/turtlebot3_msgs/srv/_dqn.py'...
[7.438s] Compiling '/home/behrouz/ws24-multi-robot-task-distribution/src/install/turtlebot3_msgs/local/lib/python3.10/dist-packages/turtlebot3_msgs/srv/_sound.py'...
[7.444s] -- Installing: /home/behrouz/ws24-multi-robot-task-distribution/src/install/turtlebot3_msgs/local/lib/python3.10/dist-packages/turtlebot3_msgs/turtlebot3_msgs_s__rosidl_typesupport_fastrtps_c.cpython-310-x86_64-linux-gnu.so
[7.444s] -- Set runtime path of "/home/behrouz/ws24-multi-robot-task-distribution/src/install/turtlebot3_msgs/local/lib/python3.10/dist-packages/turtlebot3_msgs/turtlebot3_msgs_s__rosidl_typesupport_fastrtps_c.cpython-310-x86_64-linux-gnu.so" to ""
[7.445s] -- Installing: /home/behrouz/ws24-multi-robot-task-distribution/src/install/turtlebot3_msgs/local/lib/python3.10/dist-packages/turtlebot3_msgs/turtlebot3_msgs_s__rosidl_typesupport_introspection_c.cpython-310-x86_64-linux-gnu.so
[7.445s] -- Set runtime path of "/home/behrouz/ws24-multi-robot-task-distribution/src/install/turtlebot3_msgs/local/lib/python3.10/dist-packages/turtlebot3_msgs/turtlebot3_msgs_s__rosidl_typesupport_introspection_c.cpython-310-x86_64-linux-gnu.so" to ""
[7.445s] -- Installing: /home/behrouz/ws24-multi-robot-task-distribution/src/install/turtlebot3_msgs/local/lib/python3.10/dist-packages/turtlebot3_msgs/turtlebot3_msgs_s__rosidl_typesupport_c.cpython-310-x86_64-linux-gnu.so
[7.445s] -- Set runtime path of "/home/behrouz/ws24-multi-robot-task-distribution/src/install/turtlebot3_msgs/local/lib/python3.10/dist-packages/turtlebot3_msgs/turtlebot3_msgs_s__rosidl_typesupport_c.cpython-310-x86_64-linux-gnu.so" to ""
[7.446s] -- Installing: /home/behrouz/ws24-multi-robot-task-distribution/src/install/turtlebot3_msgs/lib/libturtlebot3_msgs__rosidl_generator_py.so
[7.446s] -- Set runtime path of "/home/behrouz/ws24-multi-robot-task-distribution/src/install/turtlebot3_msgs/lib/libturtlebot3_msgs__rosidl_generator_py.so" to ""
[7.446s] -- Installing: /home/behrouz/ws24-multi-robot-task-distribution/src/install/turtlebot3_msgs/share/turtlebot3_msgs/msg/SensorState.idl
[7.446s] -- Installing: /home/behrouz/ws24-multi-robot-task-distribution/src/install/turtlebot3_msgs/share/turtlebot3_msgs/msg/Sound.idl
[7.446s] -- Installing: /home/behrouz/ws24-multi-robot-task-distribution/src/install/turtlebot3_msgs/share/turtlebot3_msgs/msg/VersionInfo.idl
[7.446s] -- Installing: /home/behrouz/ws24-multi-robot-task-distribution/src/install/turtlebot3_msgs/share/turtlebot3_msgs/srv/Sound.idl
[7.446s] -- Installing: /home/behrouz/ws24-multi-robot-task-distribution/src/install/turtlebot3_msgs/share/turtlebot3_msgs/srv/Dqn.idl
[7.447s] -- Installing: /home/behrouz/ws24-multi-robot-task-distribution/src/install/turtlebot3_msgs/share/turtlebot3_msgs/action/Patrol.idl
[7.447s] -- Installing: /home/behrouz/ws24-multi-robot-task-distribution/src/install/turtlebot3_msgs/share/turtlebot3_msgs/msg/SensorState.msg
[7.447s] -- Installing: /home/behrouz/ws24-multi-robot-task-distribution/src/install/turtlebot3_msgs/share/turtlebot3_msgs/msg/Sound.msg
[7.447s] -- Installing: /home/behrouz/ws24-multi-robot-task-distribution/src/install/turtlebot3_msgs/share/turtlebot3_msgs/msg/VersionInfo.msg
[7.447s] -- Installing: /home/behrouz/ws24-multi-robot-task-distribution/src/install/turtlebot3_msgs/share/turtlebot3_msgs/srv/Sound.srv
[7.447s] -- Installing: /home/behrouz/ws24-multi-robot-task-distribution/src/install/turtlebot3_msgs/share/turtlebot3_msgs/srv/Sound_Request.msg
[7.447s] -- Installing: /home/behrouz/ws24-multi-robot-task-distribution/src/install/turtlebot3_msgs/share/turtlebot3_msgs/srv/Sound_Response.msg
[7.448s] -- Installing: /home/behrouz/ws24-multi-robot-task-distribution/src/install/turtlebot3_msgs/share/turtlebot3_msgs/srv/Dqn.srv
[7.448s] -- Installing: /home/behrouz/ws24-multi-robot-task-distribution/src/install/turtlebot3_msgs/share/turtlebot3_msgs/srv/Dqn_Request.msg
[7.448s] -- Installing: /home/behrouz/ws24-multi-robot-task-distribution/src/install/turtlebot3_msgs/share/turtlebot3_msgs/srv/Dqn_Response.msg
[7.448s] -- Installing: /home/behrouz/ws24-multi-robot-task-distribution/src/install/turtlebot3_msgs/share/turtlebot3_msgs/action/Patrol.action
[7.448s] -- Installing: /home/behrouz/ws24-multi-robot-task-distribution/src/install/turtlebot3_msgs/share/ament_index/resource_index/package_run_dependencies/turtlebot3_msgs
[7.448s] -- Installing: /home/behrouz/ws24-multi-robot-task-distribution/src/install/turtlebot3_msgs/share/ament_index/resource_index/parent_prefix_path/turtlebot3_msgs
[7.448s] -- Installing: /home/behrouz/ws24-multi-robot-task-distribution/src/install/turtlebot3_msgs/share/turtlebot3_msgs/environment/ament_prefix_path.sh
[7.449s] -- Installing: /home/behrouz/ws24-multi-robot-task-distribution/src/install/turtlebot3_msgs/share/turtlebot3_msgs/environment/ament_prefix_path.dsv
[7.449s] -- Installing: /home/behrouz/ws24-multi-robot-task-distribution/src/install/turtlebot3_msgs/share/turtlebot3_msgs/environment/path.sh
[7.449s] -- Installing: /home/behrouz/ws24-multi-robot-task-distribution/src/install/turtlebot3_msgs/share/turtlebot3_msgs/environment/path.dsv
[7.449s] -- Installing: /home/behrouz/ws24-multi-robot-task-distribution/src/install/turtlebot3_msgs/share/turtlebot3_msgs/local_setup.bash
[7.449s] -- Installing: /home/behrouz/ws24-multi-robot-task-distribution/src/install/turtlebot3_msgs/share/turtlebot3_msgs/local_setup.sh
[7.449s] -- Installing: /home/behrouz/ws24-multi-robot-task-distribution/src/install/turtlebot3_msgs/share/turtlebot3_msgs/local_setup.zsh
[7.449s] -- Installing: /home/behrouz/ws24-multi-robot-task-distribution/src/install/turtlebot3_msgs/share/turtlebot3_msgs/local_setup.dsv
[7.450s] -- Installing: /home/behrouz/ws24-multi-robot-task-distribution/src/install/turtlebot3_msgs/share/turtlebot3_msgs/package.dsv
[7.450s] -- Installing: /home/behrouz/ws24-multi-robot-task-distribution/src/install/turtlebot3_msgs/share/ament_index/resource_index/packages/turtlebot3_msgs
[7.450s] -- Installing: /home/behrouz/ws24-multi-robot-task-distribution/src/install/turtlebot3_msgs/share/turtlebot3_msgs/cmake/export_turtlebot3_msgs__rosidl_generator_cExport.cmake
[7.450s] -- Installing: /home/behrouz/ws24-multi-robot-task-distribution/src/install/turtlebot3_msgs/share/turtlebot3_msgs/cmake/export_turtlebot3_msgs__rosidl_generator_cExport-noconfig.cmake
[7.450s] -- Installing: /home/behrouz/ws24-multi-robot-task-distribution/src/install/turtlebot3_msgs/share/turtlebot3_msgs/cmake/export_turtlebot3_msgs__rosidl_typesupport_fastrtps_cExport.cmake
[7.450s] -- Installing: /home/behrouz/ws24-multi-robot-task-distribution/src/install/turtlebot3_msgs/share/turtlebot3_msgs/cmake/export_turtlebot3_msgs__rosidl_typesupport_fastrtps_cExport-noconfig.cmake
[7.451s] -- Installing: /home/behrouz/ws24-multi-robot-task-distribution/src/install/turtlebot3_msgs/share/turtlebot3_msgs/cmake/export_turtlebot3_msgs__rosidl_generator_cppExport.cmake
[7.451s] -- Installing: /home/behrouz/ws24-multi-robot-task-distribution/src/install/turtlebot3_msgs/share/turtlebot3_msgs/cmake/export_turtlebot3_msgs__rosidl_typesupport_fastrtps_cppExport.cmake
[7.451s] -- Installing: /home/behrouz/ws24-multi-robot-task-distribution/src/install/turtlebot3_msgs/share/turtlebot3_msgs/cmake/export_turtlebot3_msgs__rosidl_typesupport_fastrtps_cppExport-noconfig.cmake
[7.451s] -- Installing: /home/behrouz/ws24-multi-robot-task-distribution/src/install/turtlebot3_msgs/share/turtlebot3_msgs/cmake/turtlebot3_msgs__rosidl_typesupport_introspection_cExport.cmake
[7.451s] -- Installing: /home/behrouz/ws24-multi-robot-task-distribution/src/install/turtlebot3_msgs/share/turtlebot3_msgs/cmake/turtlebot3_msgs__rosidl_typesupport_introspection_cExport-noconfig.cmake
[7.451s] -- Installing: /home/behrouz/ws24-multi-robot-task-distribution/src/install/turtlebot3_msgs/share/turtlebot3_msgs/cmake/turtlebot3_msgs__rosidl_typesupport_cExport.cmake
[7.451s] -- Installing: /home/behrouz/ws24-multi-robot-task-distribution/src/install/turtlebot3_msgs/share/turtlebot3_msgs/cmake/turtlebot3_msgs__rosidl_typesupport_cExport-noconfig.cmake
[7.452s] -- Installing: /home/behrouz/ws24-multi-robot-task-distribution/src/install/turtlebot3_msgs/share/turtlebot3_msgs/cmake/turtlebot3_msgs__rosidl_typesupport_introspection_cppExport.cmake
[7.452s] -- Installing: /home/behrouz/ws24-multi-robot-task-distribution/src/install/turtlebot3_msgs/share/turtlebot3_msgs/cmake/turtlebot3_msgs__rosidl_typesupport_introspection_cppExport-noconfig.cmake
[7.452s] -- Installing: /home/behrouz/ws24-multi-robot-task-distribution/src/install/turtlebot3_msgs/share/turtlebot3_msgs/cmake/turtlebot3_msgs__rosidl_typesupport_cppExport.cmake
[7.452s] -- Installing: /home/behrouz/ws24-multi-robot-task-distribution/src/install/turtlebot3_msgs/share/turtlebot3_msgs/cmake/turtlebot3_msgs__rosidl_typesupport_cppExport-noconfig.cmake
[7.452s] -- Installing: /home/behrouz/ws24-multi-robot-task-distribution/src/install/turtlebot3_msgs/share/turtlebot3_msgs/cmake/export_turtlebot3_msgs__rosidl_generator_pyExport.cmake
[7.452s] -- Installing: /home/behrouz/ws24-multi-robot-task-distribution/src/install/turtlebot3_msgs/share/turtlebot3_msgs/cmake/export_turtlebot3_msgs__rosidl_generator_pyExport-noconfig.cmake
[7.452s] -- Installing: /home/behrouz/ws24-multi-robot-task-distribution/src/install/turtlebot3_msgs/share/turtlebot3_msgs/cmake/rosidl_cmake-extras.cmake
[7.452s] -- Installing: /home/behrouz/ws24-multi-robot-task-distribution/src/install/turtlebot3_msgs/share/turtlebot3_msgs/cmake/ament_cmake_export_dependencies-extras.cmake
[7.453s] -- Installing: /home/behrouz/ws24-multi-robot-task-distribution/src/install/turtlebot3_msgs/share/turtlebot3_msgs/cmake/ament_cmake_export_include_directories-extras.cmake
[7.453s] -- Installing: /home/behrouz/ws24-multi-robot-task-distribution/src/install/turtlebot3_msgs/share/turtlebot3_msgs/cmake/ament_cmake_export_libraries-extras.cmake
[7.453s] -- Installing: /home/behrouz/ws24-multi-robot-task-distribution/src/install/turtlebot3_msgs/share/turtlebot3_msgs/cmake/ament_cmake_export_targets-extras.cmake
[7.453s] -- Installing: /home/behrouz/ws24-multi-robot-task-distribution/src/install/turtlebot3_msgs/share/turtlebot3_msgs/cmake/rosidl_cmake_export_typesupport_targets-extras.cmake
[7.453s] -- Installing: /home/behrouz/ws24-multi-robot-task-distribution/src/install/turtlebot3_msgs/share/turtlebot3_msgs/cmake/rosidl_cmake_export_typesupport_libraries-extras.cmake
[7.453s] -- Installing: /home/behrouz/ws24-multi-robot-task-distribution/src/install/turtlebot3_msgs/share/turtlebot3_msgs/cmake/turtlebot3_msgsConfig.cmake
[7.453s] -- Installing: /home/behrouz/ws24-multi-robot-task-distribution/src/install/turtlebot3_msgs/share/turtlebot3_msgs/cmake/turtlebot3_msgsConfig-version.cmake
[7.454s] -- Installing: /home/behrouz/ws24-multi-robot-task-distribution/src/install/turtlebot3_msgs/share/turtlebot3_msgs/package.xml
[7.457s] Invoked command in '/home/behrouz/ws24-multi-robot-task-distribution/src/build/turtlebot3_msgs' returned '0': CMAKE_PREFIX_PATH=/home/behrouz/ws24-multi-robot-task-distribution/install/empty_simulation:/opt/ros/humble /usr/bin/cmake --install /home/behrouz/ws24-multi-robot-task-distribution/src/build/turtlebot3_msgs
