[0.011s] Invoking command in '/home/behrouz/ws24-multi-robot-task-distribution/src/build/turtlebot3_bringup': AMENT_PREFIX_PATH=/home/behrouz/ws24-multi-robot-task-distribution/src/install/turtlebot3_node:/home/behrouz/ws24-multi-robot-task-distribution/src/install/turtlebot3_msgs:/home/behrouz/ws24-multi-robot-task-distribution/src/install/turtlebot3_description:/home/behrouz/ws24-multi-robot-task-distribution/src/install/dynamixel_sdk:${AMENT_PREFIX_PATH} CMAKE_PREFIX_PATH=/home/behrouz/ws24-multi-robot-task-distribution/src/install/turtlebot3_node:/home/behrouz/ws24-multi-robot-task-distribution/src/install/turtlebot3_msgs:/home/behrouz/ws24-multi-robot-task-distribution/src/install/turtlebot3_description:/home/behrouz/ws24-multi-robot-task-distribution/src/install/dynamixel_sdk:/home/behrouz/ws24-multi-robot-task-distribution/install/empty_simulation:/opt/ros/humble LD_LIBRARY_PATH=/home/behrouz/ws24-multi-robot-task-distribution/src/install/turtlebot3_msgs/lib:/home/behrouz/ws24-multi-robot-task-distribution/src/install/dynamixel_sdk/lib:${LD_LIBRARY_PATH} PYTHONPATH=/home/behrouz/ws24-multi-robot-task-distribution/src/install/turtlebot3_msgs/local/lib/python3.10/dist-packages:${PYTHONPATH} /usr/bin/cmake /home/behrouz/ws24-multi-robot-task-distribution/src/turtlebot3/turtlebot3_bringup -DCMAKE_INSTALL_PREFIX=/home/behrouz/ws24-multi-robot-task-distribution/src/install/turtlebot3_bringup
[0.054s] -- The C compiler identification is GNU 11.4.0
[0.096s] -- The CXX compiler identification is GNU 11.4.0
[0.102s] -- Detecting C compiler ABI info
[0.158s] -- Detecting C compiler ABI info - done
[0.163s] -- Check for working C compiler: /usr/bin/cc - skipped
[0.163s] -- Detecting C compile features
[0.164s] -- Detecting C compile features - done
[0.166s] -- Detecting CXX compiler ABI info
[0.230s] -- Detecting CXX compiler ABI info - done
[0.235s] -- Check for working CXX compiler: /usr/bin/c++ - skipped
[0.235s] -- Detecting CXX compile features
[0.236s] -- Detecting CXX compile features - done
[0.238s] -- Found ament_cmake: 1.3.10 (/opt/ros/humble/share/ament_cmake/cmake)
[0.351s] -- Found Python3: /usr/bin/python3 (found version "3.10.12") found components: Interpreter 
[0.469s] -- Configuring done
[0.471s] -- Generating done
[0.472s] -- Build files have been written to: /home/behrouz/ws24-multi-robot-task-distribution/src/build/turtlebot3_bringup
[0.476s] Invoked command in '/home/behrouz/ws24-multi-robot-task-distribution/src/build/turtlebot3_bringup' returned '0': AMENT_PREFIX_PATH=/home/behrouz/ws24-multi-robot-task-distribution/src/install/turtlebot3_node:/home/behrouz/ws24-multi-robot-task-distribution/src/install/turtlebot3_msgs:/home/behrouz/ws24-multi-robot-task-distribution/src/install/turtlebot3_description:/home/behrouz/ws24-multi-robot-task-distribution/src/install/dynamixel_sdk:${AMENT_PREFIX_PATH} CMAKE_PREFIX_PATH=/home/behrouz/ws24-multi-robot-task-distribution/src/install/turtlebot3_node:/home/behrouz/ws24-multi-robot-task-distribution/src/install/turtlebot3_msgs:/home/behrouz/ws24-multi-robot-task-distribution/src/install/turtlebot3_description:/home/behrouz/ws24-multi-robot-task-distribution/src/install/dynamixel_sdk:/home/behrouz/ws24-multi-robot-task-distribution/install/empty_simulation:/opt/ros/humble LD_LIBRARY_PATH=/home/behrouz/ws24-multi-robot-task-distribution/src/install/turtlebot3_msgs/lib:/home/behrouz/ws24-multi-robot-task-distribution/src/install/dynamixel_sdk/lib:${LD_LIBRARY_PATH} PYTHONPATH=/home/behrouz/ws24-multi-robot-task-distribution/src/install/turtlebot3_msgs/local/lib/python3.10/dist-packages:${PYTHONPATH} /usr/bin/cmake /home/behrouz/ws24-multi-robot-task-distribution/src/turtlebot3/turtlebot3_bringup -DCMAKE_INSTALL_PREFIX=/home/behrouz/ws24-multi-robot-task-distribution/src/install/turtlebot3_bringup
[0.477s] Invoking command in '/home/behrouz/ws24-multi-robot-task-distribution/src/build/turtlebot3_bringup': AMENT_PREFIX_PATH=/home/behrouz/ws24-multi-robot-task-distribution/src/install/turtlebot3_node:/home/behrouz/ws24-multi-robot-task-distribution/src/install/turtlebot3_msgs:/home/behrouz/ws24-multi-robot-task-distribution/src/install/turtlebot3_description:/home/behrouz/ws24-multi-robot-task-distribution/src/install/dynamixel_sdk:${AMENT_PREFIX_PATH} CMAKE_PREFIX_PATH=/home/behrouz/ws24-multi-robot-task-distribution/src/install/turtlebot3_node:/home/behrouz/ws24-multi-robot-task-distribution/src/install/turtlebot3_msgs:/home/behrouz/ws24-multi-robot-task-distribution/src/install/turtlebot3_description:/home/behrouz/ws24-multi-robot-task-distribution/src/install/dynamixel_sdk:/home/behrouz/ws24-multi-robot-task-distribution/install/empty_simulation:/opt/ros/humble LD_LIBRARY_PATH=/home/behrouz/ws24-multi-robot-task-distribution/src/install/turtlebot3_msgs/lib:/home/behrouz/ws24-multi-robot-task-distribution/src/install/dynamixel_sdk/lib:${LD_LIBRARY_PATH} PYTHONPATH=/home/behrouz/ws24-multi-robot-task-distribution/src/install/turtlebot3_msgs/local/lib/python3.10/dist-packages:${PYTHONPATH} /usr/bin/cmake --build /home/behrouz/ws24-multi-robot-task-distribution/src/build/turtlebot3_bringup -- -j16 -l16
[0.511s] Invoked command in '/home/behrouz/ws24-multi-robot-task-distribution/src/build/turtlebot3_bringup' returned '0': AMENT_PREFIX_PATH=/home/behrouz/ws24-multi-robot-task-distribution/src/install/turtlebot3_node:/home/behrouz/ws24-multi-robot-task-distribution/src/install/turtlebot3_msgs:/home/behrouz/ws24-multi-robot-task-distribution/src/install/turtlebot3_description:/home/behrouz/ws24-multi-robot-task-distribution/src/install/dynamixel_sdk:${AMENT_PREFIX_PATH} CMAKE_PREFIX_PATH=/home/behrouz/ws24-multi-robot-task-distribution/src/install/turtlebot3_node:/home/behrouz/ws24-multi-robot-task-distribution/src/install/turtlebot3_msgs:/home/behrouz/ws24-multi-robot-task-distribution/src/install/turtlebot3_description:/home/behrouz/ws24-multi-robot-task-distribution/src/install/dynamixel_sdk:/home/behrouz/ws24-multi-robot-task-distribution/install/empty_simulation:/opt/ros/humble LD_LIBRARY_PATH=/home/behrouz/ws24-multi-robot-task-distribution/src/install/turtlebot3_msgs/lib:/home/behrouz/ws24-multi-robot-task-distribution/src/install/dynamixel_sdk/lib:${LD_LIBRARY_PATH} PYTHONPATH=/home/behrouz/ws24-multi-robot-task-distribution/src/install/turtlebot3_msgs/local/lib/python3.10/dist-packages:${PYTHONPATH} /usr/bin/cmake --build /home/behrouz/ws24-multi-robot-task-distribution/src/build/turtlebot3_bringup -- -j16 -l16
[0.530s] Invoking command in '/home/behrouz/ws24-multi-robot-task-distribution/src/build/turtlebot3_bringup': AMENT_PREFIX_PATH=/home/behrouz/ws24-multi-robot-task-distribution/src/install/turtlebot3_node:/home/behrouz/ws24-multi-robot-task-distribution/src/install/turtlebot3_msgs:/home/behrouz/ws24-multi-robot-task-distribution/src/install/turtlebot3_description:/home/behrouz/ws24-multi-robot-task-distribution/src/install/dynamixel_sdk:${AMENT_PREFIX_PATH} CMAKE_PREFIX_PATH=/home/behrouz/ws24-multi-robot-task-distribution/src/install/turtlebot3_node:/home/behrouz/ws24-multi-robot-task-distribution/src/install/turtlebot3_msgs:/home/behrouz/ws24-multi-robot-task-distribution/src/install/turtlebot3_description:/home/behrouz/ws24-multi-robot-task-distribution/src/install/dynamixel_sdk:/home/behrouz/ws24-multi-robot-task-distribution/install/empty_simulation:/opt/ros/humble LD_LIBRARY_PATH=/home/behrouz/ws24-multi-robot-task-distribution/src/install/turtlebot3_msgs/lib:/home/behrouz/ws24-multi-robot-task-distribution/src/install/dynamixel_sdk/lib:${LD_LIBRARY_PATH} PYTHONPATH=/home/behrouz/ws24-multi-robot-task-distribution/src/install/turtlebot3_msgs/local/lib/python3.10/dist-packages:${PYTHONPATH} /usr/bin/cmake --install /home/behrouz/ws24-multi-robot-task-distribution/src/build/turtlebot3_bringup
[0.535s] -- Install configuration: ""
[0.536s] -- Installing: /home/behrouz/ws24-multi-robot-task-distribution/src/install/turtlebot3_bringup/share/turtlebot3_bringup/launch
[0.536s] -- Installing: /home/behrouz/ws24-multi-robot-task-distribution/src/install/turtlebot3_bringup/share/turtlebot3_bringup/launch/turtlebot3_state_publisher.launch.py
[0.536s] -- Installing: /home/behrouz/ws24-multi-robot-task-distribution/src/install/turtlebot3_bringup/share/turtlebot3_bringup/launch/robot.launch.py
[0.536s] -- Installing: /home/behrouz/ws24-multi-robot-task-distribution/src/install/turtlebot3_bringup/share/turtlebot3_bringup/launch/rviz2.launch.py
[0.536s] -- Installing: /home/behrouz/ws24-multi-robot-task-distribution/src/install/turtlebot3_bringup/share/turtlebot3_bringup/param
[0.536s] -- Installing: /home/behrouz/ws24-multi-robot-task-distribution/src/install/turtlebot3_bringup/share/turtlebot3_bringup/param/burger.yaml
[0.536s] -- Installing: /home/behrouz/ws24-multi-robot-task-distribution/src/install/turtlebot3_bringup/share/turtlebot3_bringup/param/waffle_pi.yaml
[0.536s] -- Installing: /home/behrouz/ws24-multi-robot-task-distribution/src/install/turtlebot3_bringup/share/turtlebot3_bringup/param/waffle.yaml
[0.537s] -- Installing: /home/behrouz/ws24-multi-robot-task-distribution/src/install/turtlebot3_bringup/share/turtlebot3_bringup/script
[0.537s] -- Installing: /home/behrouz/ws24-multi-robot-task-distribution/src/install/turtlebot3_bringup/share/turtlebot3_bringup/script/create_udev_rules
[0.537s] -- Installing: /home/behrouz/ws24-multi-robot-task-distribution/src/install/turtlebot3_bringup/share/turtlebot3_bringup/script/99-turtlebot3-cdc.rules
[0.537s] -- Installing: /home/behrouz/ws24-multi-robot-task-distribution/src/install/turtlebot3_bringup/share/ament_index/resource_index/package_run_dependencies/turtlebot3_bringup
[0.537s] -- Installing: /home/behrouz/ws24-multi-robot-task-distribution/src/install/turtlebot3_bringup/share/ament_index/resource_index/parent_prefix_path/turtlebot3_bringup
[0.537s] -- Installing: /home/behrouz/ws24-multi-robot-task-distribution/src/install/turtlebot3_bringup/share/turtlebot3_bringup/environment/ament_prefix_path.sh
[0.537s] -- Installing: /home/behrouz/ws24-multi-robot-task-distribution/src/install/turtlebot3_bringup/share/turtlebot3_bringup/environment/ament_prefix_path.dsv
[0.538s] -- Installing: /home/behrouz/ws24-multi-robot-task-distribution/src/install/turtlebot3_bringup/share/turtlebot3_bringup/environment/path.sh
[0.538s] -- Installing: /home/behrouz/ws24-multi-robot-task-distribution/src/install/turtlebot3_bringup/share/turtlebot3_bringup/environment/path.dsv
[0.538s] -- Installing: /home/behrouz/ws24-multi-robot-task-distribution/src/install/turtlebot3_bringup/share/turtlebot3_bringup/local_setup.bash
[0.538s] -- Installing: /home/behrouz/ws24-multi-robot-task-distribution/src/install/turtlebot3_bringup/share/turtlebot3_bringup/local_setup.sh
[0.538s] -- Installing: /home/behrouz/ws24-multi-robot-task-distribution/src/install/turtlebot3_bringup/share/turtlebot3_bringup/local_setup.zsh
[0.538s] -- Installing: /home/behrouz/ws24-multi-robot-task-distribution/src/install/turtlebot3_bringup/share/turtlebot3_bringup/local_setup.dsv
[0.538s] -- Installing: /home/behrouz/ws24-multi-robot-task-distribution/src/install/turtlebot3_bringup/share/turtlebot3_bringup/package.dsv
[0.538s] -- Installing: /home/behrouz/ws24-multi-robot-task-distribution/src/install/turtlebot3_bringup/share/ament_index/resource_index/packages/turtlebot3_bringup
[0.539s] -- Installing: /home/behrouz/ws24-multi-robot-task-distribution/src/install/turtlebot3_bringup/share/turtlebot3_bringup/cmake/turtlebot3_bringupConfig.cmake
[0.539s] -- Installing: /home/behrouz/ws24-multi-robot-task-distribution/src/install/turtlebot3_bringup/share/turtlebot3_bringup/cmake/turtlebot3_bringupConfig-version.cmake
[0.539s] -- Installing: /home/behrouz/ws24-multi-robot-task-distribution/src/install/turtlebot3_bringup/share/turtlebot3_bringup/package.xml
[0.540s] Invoked command in '/home/behrouz/ws24-multi-robot-task-distribution/src/build/turtlebot3_bringup' returned '0': AMENT_PREFIX_PATH=/home/behrouz/ws24-multi-robot-task-distribution/src/install/turtlebot3_node:/home/behrouz/ws24-multi-robot-task-distribution/src/install/turtlebot3_msgs:/home/behrouz/ws24-multi-robot-task-distribution/src/install/turtlebot3_description:/home/behrouz/ws24-multi-robot-task-distribution/src/install/dynamixel_sdk:${AMENT_PREFIX_PATH} CMAKE_PREFIX_PATH=/home/behrouz/ws24-multi-robot-task-distribution/src/install/turtlebot3_node:/home/behrouz/ws24-multi-robot-task-distribution/src/install/turtlebot3_msgs:/home/behrouz/ws24-multi-robot-task-distribution/src/install/turtlebot3_description:/home/behrouz/ws24-multi-robot-task-distribution/src/install/dynamixel_sdk:/home/behrouz/ws24-multi-robot-task-distribution/install/empty_simulation:/opt/ros/humble LD_LIBRARY_PATH=/home/behrouz/ws24-multi-robot-task-distribution/src/install/turtlebot3_msgs/lib:/home/behrouz/ws24-multi-robot-task-distribution/src/install/dynamixel_sdk/lib:${LD_LIBRARY_PATH} PYTHONPATH=/home/behrouz/ws24-multi-robot-task-distribution/src/install/turtlebot3_msgs/local/lib/python3.10/dist-packages:${PYTHONPATH} /usr/bin/cmake --install /home/behrouz/ws24-multi-robot-task-distribution/src/build/turtlebot3_bringup
