running egg_info
writing ../../build/empty_simulation/empty_simulation.egg-info/PKG-INFO
writing dependency_links to ../../build/empty_simulation/empty_simulation.egg-info/dependency_links.txt
writing entry points to ../../build/empty_simulation/empty_simulation.egg-info/entry_points.txt
writing requirements to ../../build/empty_simulation/empty_simulation.egg-info/requires.txt
writing top-level names to ../../build/empty_simulation/empty_simulation.egg-info/top_level.txt
reading manifest file '../../build/empty_simulation/empty_simulation.egg-info/SOURCES.txt'
writing manifest file '../../build/empty_simulation/empty_simulation.egg-info/SOURCES.txt'
running build
running build_py
copying empty_simulation/__init__.py -> /home/behrouz/ws24-multi-robot-task-distribution/build/empty_simulation/build/lib/empty_simulation
running install
running install_lib
copying /home/behrouz/ws24-multi-robot-task-distribution/build/empty_simulation/build/lib/empty_simulation/__init__.py -> /home/behrouz/ws24-multi-robot-task-distribution/install/empty_simulation/lib/python3.10/site-packages/empty_simulation
byte-compiling /home/behrouz/ws24-multi-robot-task-distribution/install/empty_simulation/lib/python3.10/site-packages/empty_simulation/__init__.py to __init__.cpython-310.pyc
running install_data
creating /home/behrouz/ws24-multi-robot-task-distribution/install/empty_simulation/share/ament_index
creating /home/behrouz/ws24-multi-robot-task-distribution/install/empty_simulation/share/ament_index/resource_index
creating /home/behrouz/ws24-multi-robot-task-distribution/install/empty_simulation/share/ament_index/resource_index/packages
copying resource/empty_simulation -> /home/behrouz/ws24-multi-robot-task-distribution/install/empty_simulation/share/ament_index/resource_index/packages
copying package.xml -> /home/behrouz/ws24-multi-robot-task-distribution/install/empty_simulation/share/empty_simulation
running install_egg_info
removing '/home/behrouz/ws24-multi-robot-task-distribution/install/empty_simulation/lib/python3.10/site-packages/empty_simulation-0.0.0-py3.10.egg-info' (and everything under it)
Copying ../../build/empty_simulation/empty_simulation.egg-info to /home/behrouz/ws24-multi-robot-task-distribution/install/empty_simulation/lib/python3.10/site-packages/empty_simulation-0.0.0-py3.10.egg-info
running install_scripts
writing list of installed files to '/home/behrouz/ws24-multi-robot-task-distribution/build/empty_simulation/install.log'
