[0.031s] Invoking command in '/home/behrouz/ws24-multi-robot-task-distribution/build/turtlebot3_cartographer': CMAKE_PREFIX_PATH=${CMAKE_PREFIX_PATH}:/home/behrouz/ws24-multi-robot-task-distribution/src/install/turtlebot3_teleop:/home/behrouz/ws24-multi-robot-task-distribution/src/install/turtlebot3_example:/home/behrouz/ws24-multi-robot-task-distribution/src/install/empty_simulation:/home/behrouz/ws24-multi-robot-task-distribution/install/empty_simulation:/opt/ros/humble /usr/bin/cmake /home/behrouz/ws24-multi-robot-task-distribution/src/turtlebot3/turtlebot3_cartographer -DCMAKE_INSTALL_PREFIX=/home/behrouz/ws24-multi-robot-task-distribution/install/turtlebot3_cartographer
[0.309s] -- The C compiler identification is GNU 11.4.0
[0.309s] -- The CXX compiler identification is GNU 11.4.0
[0.309s] -- Detecting C compiler ABI info
[0.310s] -- Detecting C compiler ABI info - done
[0.310s] -- Check for working C compiler: /usr/bin/cc - skipped
[0.310s] -- Detecting C compile features
[0.310s] -- Detecting C compile features - done
[0.310s] -- Detecting CXX compiler ABI info
[0.310s] -- Detecting CXX compiler ABI info - done
[0.310s] -- Check for working CXX compiler: /usr/bin/c++ - skipped
[0.310s] -- Detecting CXX compile features
[0.310s] -- Detecting CXX compile features - done
[0.311s] -- Found ament_cmake: 1.3.10 (/opt/ros/humble/share/ament_cmake/cmake)
[0.463s] -- Found Python3: /usr/bin/python3 (found version "3.10.12") found components: Interpreter 
[0.661s] -- Configuring done
[0.665s] -- Generating done
[0.666s] -- Build files have been written to: /home/behrouz/ws24-multi-robot-task-distribution/build/turtlebot3_cartographer
[0.672s] Invoked command in '/home/behrouz/ws24-multi-robot-task-distribution/build/turtlebot3_cartographer' returned '0': CMAKE_PREFIX_PATH=${CMAKE_PREFIX_PATH}:/home/behrouz/ws24-multi-robot-task-distribution/src/install/turtlebot3_teleop:/home/behrouz/ws24-multi-robot-task-distribution/src/install/turtlebot3_example:/home/behrouz/ws24-multi-robot-task-distribution/src/install/empty_simulation:/home/behrouz/ws24-multi-robot-task-distribution/install/empty_simulation:/opt/ros/humble /usr/bin/cmake /home/behrouz/ws24-multi-robot-task-distribution/src/turtlebot3/turtlebot3_cartographer -DCMAKE_INSTALL_PREFIX=/home/behrouz/ws24-multi-robot-task-distribution/install/turtlebot3_cartographer
[0.674s] Invoking command in '/home/behrouz/ws24-multi-robot-task-distribution/build/turtlebot3_cartographer': CMAKE_PREFIX_PATH=${CMAKE_PREFIX_PATH}:/home/behrouz/ws24-multi-robot-task-distribution/src/install/turtlebot3_teleop:/home/behrouz/ws24-multi-robot-task-distribution/src/install/turtlebot3_example:/home/behrouz/ws24-multi-robot-task-distribution/src/install/empty_simulation:/home/behrouz/ws24-multi-robot-task-distribution/install/empty_simulation:/opt/ros/humble /usr/bin/cmake --build /home/behrouz/ws24-multi-robot-task-distribution/build/turtlebot3_cartographer -- -j16 -l16
[0.721s] Invoked command in '/home/behrouz/ws24-multi-robot-task-distribution/build/turtlebot3_cartographer' returned '0': CMAKE_PREFIX_PATH=${CMAKE_PREFIX_PATH}:/home/behrouz/ws24-multi-robot-task-distribution/src/install/turtlebot3_teleop:/home/behrouz/ws24-multi-robot-task-distribution/src/install/turtlebot3_example:/home/behrouz/ws24-multi-robot-task-distribution/src/install/empty_simulation:/home/behrouz/ws24-multi-robot-task-distribution/install/empty_simulation:/opt/ros/humble /usr/bin/cmake --build /home/behrouz/ws24-multi-robot-task-distribution/build/turtlebot3_cartographer -- -j16 -l16
[0.761s] Invoking command in '/home/behrouz/ws24-multi-robot-task-distribution/build/turtlebot3_cartographer': CMAKE_PREFIX_PATH=${CMAKE_PREFIX_PATH}:/home/behrouz/ws24-multi-robot-task-distribution/src/install/turtlebot3_teleop:/home/behrouz/ws24-multi-robot-task-distribution/src/install/turtlebot3_example:/home/behrouz/ws24-multi-robot-task-distribution/src/install/empty_simulation:/home/behrouz/ws24-multi-robot-task-distribution/install/empty_simulation:/opt/ros/humble /usr/bin/cmake --install /home/behrouz/ws24-multi-robot-task-distribution/build/turtlebot3_cartographer
[0.776s] -- Install configuration: ""
[0.776s] -- Installing: /home/behrouz/ws24-multi-robot-task-distribution/install/turtlebot3_cartographer/share/turtlebot3_cartographer/config
[0.778s] -- Installing: /home/behrouz/ws24-multi-robot-task-distribution/install/turtlebot3_cartographer/share/turtlebot3_cartographer/config/turtlebot3_lds_2d.lua
[0.778s] -- Installing: /home/behrouz/ws24-multi-robot-task-distribution/install/turtlebot3_cartographer/share/turtlebot3_cartographer/launch
[0.780s] -- Installing: /home/behrouz/ws24-multi-robot-task-distribution/install/turtlebot3_cartographer/share/turtlebot3_cartographer/launch/cartographer.launch.py
[0.780s] -- Installing: /home/behrouz/ws24-multi-robot-task-distribution/install/turtlebot3_cartographer/share/turtlebot3_cartographer/launch/occupancy_grid.launch.py
[0.780s] -- Installing: /home/behrouz/ws24-multi-robot-task-distribution/install/turtlebot3_cartographer/share/turtlebot3_cartographer/rviz
[0.783s] -- Installing: /home/behrouz/ws24-multi-robot-task-distribution/install/turtlebot3_cartographer/share/turtlebot3_cartographer/rviz/tb3_cartographer.rviz
[0.783s] -- Installing: /home/behrouz/ws24-multi-robot-task-distribution/install/turtlebot3_cartographer/share/ament_index/resource_index/package_run_dependencies/turtlebot3_cartographer
[0.783s] -- Installing: /home/behrouz/ws24-multi-robot-task-distribution/install/turtlebot3_cartographer/share/ament_index/resource_index/parent_prefix_path/turtlebot3_cartographer
[0.783s] -- Installing: /home/behrouz/ws24-multi-robot-task-distribution/install/turtlebot3_cartographer/share/turtlebot3_cartographer/environment/ament_prefix_path.sh
[0.783s] -- Installing: /home/behrouz/ws24-multi-robot-task-distribution/install/turtlebot3_cartographer/share/turtlebot3_cartographer/environment/ament_prefix_path.dsv
[0.783s] -- Installing: /home/behrouz/ws24-multi-robot-task-distribution/install/turtlebot3_cartographer/share/turtlebot3_cartographer/environment/path.sh
[0.783s] -- Installing: /home/behrouz/ws24-multi-robot-task-distribution/install/turtlebot3_cartographer/share/turtlebot3_cartographer/environment/path.dsv
[0.784s] -- Installing: /home/behrouz/ws24-multi-robot-task-distribution/install/turtlebot3_cartographer/share/turtlebot3_cartographer/local_setup.bash
[0.784s] -- Installing: /home/behrouz/ws24-multi-robot-task-distribution/install/turtlebot3_cartographer/share/turtlebot3_cartographer/local_setup.sh
[0.784s] -- Installing: /home/behrouz/ws24-multi-robot-task-distribution/install/turtlebot3_cartographer/share/turtlebot3_cartographer/local_setup.zsh
[0.784s] -- Installing: /home/behrouz/ws24-multi-robot-task-distribution/install/turtlebot3_cartographer/share/turtlebot3_cartographer/local_setup.dsv
[0.790s] -- Installing: /home/behrouz/ws24-multi-robot-task-distribution/install/turtlebot3_cartographer/share/turtlebot3_cartographer/package.dsv
[0.790s] -- Installing: /home/behrouz/ws24-multi-robot-task-distribution/install/turtlebot3_cartographer/share/ament_index/resource_index/packages/turtlebot3_cartographer
[0.790s] -- Installing: /home/behrouz/ws24-multi-robot-task-distribution/install/turtlebot3_cartographer/share/turtlebot3_cartographer/cmake/turtlebot3_cartographerConfig.cmake
[0.792s] -- Installing: /home/behrouz/ws24-multi-robot-task-distribution/install/turtlebot3_cartographer/share/turtlebot3_cartographer/cmake/turtlebot3_cartographerConfig-version.cmake
[0.792s] -- Installing: /home/behrouz/ws24-multi-robot-task-distribution/install/turtlebot3_cartographer/share/turtlebot3_cartographer/package.xml
[0.810s] Invoked command in '/home/behrouz/ws24-multi-robot-task-distribution/build/turtlebot3_cartographer' returned '0': CMAKE_PREFIX_PATH=${CMAKE_PREFIX_PATH}:/home/behrouz/ws24-multi-robot-task-distribution/src/install/turtlebot3_teleop:/home/behrouz/ws24-multi-robot-task-distribution/src/install/turtlebot3_example:/home/behrouz/ws24-multi-robot-task-distribution/src/install/empty_simulation:/home/behrouz/ws24-multi-robot-task-distribution/install/empty_simulation:/opt/ros/humble /usr/bin/cmake --install /home/behrouz/ws24-multi-robot-task-distribution/build/turtlebot3_cartographer
