[0.027s] Invoking command in '/home/behrouz/ws24-multi-robot-task-distribution/src/build/turtlebot3_description': CMAKE_PREFIX_PATH=/home/behrouz/ws24-multi-robot-task-distribution/install/empty_simulation:/opt/ros/humble /usr/bin/cmake /home/behrouz/ws24-multi-robot-task-distribution/src/turtlebot3/turtlebot3_description -DCMAKE_INSTALL_PREFIX=/home/behrouz/ws24-multi-robot-task-distribution/src/install/turtlebot3_description
[0.266s] -- The C compiler identification is GNU 11.4.0
[0.266s] -- The CXX compiler identification is GNU 11.4.0
[0.267s] -- Detecting C compiler ABI info
[0.267s] -- Detecting C compiler ABI info - done
[0.267s] -- Check for working C compiler: /usr/bin/cc - skipped
[0.267s] -- Detecting C compile features
[0.267s] -- Detecting C compile features - done
[0.267s] -- Detecting CXX compiler ABI info
[0.270s] -- Detecting CXX compiler ABI info - done
[0.272s] -- Check for working CXX compiler: /usr/bin/c++ - skipped
[0.272s] -- Detecting CXX compile features
[0.272s] -- Detecting CXX compile features - done
[0.275s] -- Found ament_cmake: 1.3.10 (/opt/ros/humble/share/ament_cmake/cmake)
[0.412s] -- Found Python3: /usr/bin/python3 (found version "3.10.12") found components: Interpreter 
[0.508s] -- Found urdf: 2.6.1 (/opt/ros/humble/share/urdf/cmake)
[0.630s] -- Configuring done
[0.633s] -- Generating done
[0.633s] -- Build files have been written to: /home/behrouz/ws24-multi-robot-task-distribution/src/build/turtlebot3_description
[0.665s] Invoked command in '/home/behrouz/ws24-multi-robot-task-distribution/src/build/turtlebot3_description' returned '0': CMAKE_PREFIX_PATH=/home/behrouz/ws24-multi-robot-task-distribution/install/empty_simulation:/opt/ros/humble /usr/bin/cmake /home/behrouz/ws24-multi-robot-task-distribution/src/turtlebot3/turtlebot3_description -DCMAKE_INSTALL_PREFIX=/home/behrouz/ws24-multi-robot-task-distribution/src/install/turtlebot3_description
[0.669s] Invoking command in '/home/behrouz/ws24-multi-robot-task-distribution/src/build/turtlebot3_description': CMAKE_PREFIX_PATH=/home/behrouz/ws24-multi-robot-task-distribution/install/empty_simulation:/opt/ros/humble /usr/bin/cmake --build /home/behrouz/ws24-multi-robot-task-distribution/src/build/turtlebot3_description -- -j16 -l16
[0.740s] Invoked command in '/home/behrouz/ws24-multi-robot-task-distribution/src/build/turtlebot3_description' returned '0': CMAKE_PREFIX_PATH=/home/behrouz/ws24-multi-robot-task-distribution/install/empty_simulation:/opt/ros/humble /usr/bin/cmake --build /home/behrouz/ws24-multi-robot-task-distribution/src/build/turtlebot3_description -- -j16 -l16
[0.770s] Invoking command in '/home/behrouz/ws24-multi-robot-task-distribution/src/build/turtlebot3_description': CMAKE_PREFIX_PATH=/home/behrouz/ws24-multi-robot-task-distribution/install/empty_simulation:/opt/ros/humble /usr/bin/cmake --install /home/behrouz/ws24-multi-robot-task-distribution/src/build/turtlebot3_description
[0.779s] -- Install configuration: ""
[0.779s] -- Installing: /home/behrouz/ws24-multi-robot-task-distribution/src/install/turtlebot3_description/share/turtlebot3_description/meshes
[0.780s] -- Installing: /home/behrouz/ws24-multi-robot-task-distribution/src/install/turtlebot3_description/share/turtlebot3_description/meshes/wheels
[0.780s] -- Installing: /home/behrouz/ws24-multi-robot-task-distribution/src/install/turtlebot3_description/share/turtlebot3_description/meshes/wheels/right_tire.stl
[0.781s] -- Installing: /home/behrouz/ws24-multi-robot-task-distribution/src/install/turtlebot3_description/share/turtlebot3_description/meshes/wheels/left_tire.stl
[0.782s] -- Installing: /home/behrouz/ws24-multi-robot-task-distribution/src/install/turtlebot3_description/share/turtlebot3_description/meshes/bases
[0.782s] -- Installing: /home/behrouz/ws24-multi-robot-task-distribution/src/install/turtlebot3_description/share/turtlebot3_description/meshes/bases/waffle_base.stl
[0.802s] -- Installing: /home/behrouz/ws24-multi-robot-task-distribution/src/install/turtlebot3_description/share/turtlebot3_description/meshes/bases/waffle_pi_base.stl
[0.815s] -- Installing: /home/behrouz/ws24-multi-robot-task-distribution/src/install/turtlebot3_description/share/turtlebot3_description/meshes/bases/burger_base.stl
[0.823s] -- Installing: /home/behrouz/ws24-multi-robot-task-distribution/src/install/turtlebot3_description/share/turtlebot3_description/meshes/sensors
[0.823s] -- Installing: /home/behrouz/ws24-multi-robot-task-distribution/src/install/turtlebot3_description/share/turtlebot3_description/meshes/sensors/lds.stl
[0.823s] -- Installing: /home/behrouz/ws24-multi-robot-task-distribution/src/install/turtlebot3_description/share/turtlebot3_description/meshes/sensors/astra.dae
[0.834s] -- Installing: /home/behrouz/ws24-multi-robot-task-distribution/src/install/turtlebot3_description/share/turtlebot3_description/meshes/sensors/r200.dae
[0.834s] -- Installing: /home/behrouz/ws24-multi-robot-task-distribution/src/install/turtlebot3_description/share/turtlebot3_description/meshes/sensors/astra.jpg
[0.834s] -- Installing: /home/behrouz/ws24-multi-robot-task-distribution/src/install/turtlebot3_description/share/turtlebot3_description/meshes/sensors/r200.jpg
[0.834s] -- Installing: /home/behrouz/ws24-multi-robot-task-distribution/src/install/turtlebot3_description/share/turtlebot3_description/rviz
[0.834s] -- Installing: /home/behrouz/ws24-multi-robot-task-distribution/src/install/turtlebot3_description/share/turtlebot3_description/rviz/model.rviz
[0.835s] -- Installing: /home/behrouz/ws24-multi-robot-task-distribution/src/install/turtlebot3_description/share/turtlebot3_description/urdf
[0.835s] -- Installing: /home/behrouz/ws24-multi-robot-task-distribution/src/install/turtlebot3_description/share/turtlebot3_description/urdf/turtlebot3_waffle.urdf
[0.835s] -- Installing: /home/behrouz/ws24-multi-robot-task-distribution/src/install/turtlebot3_description/share/turtlebot3_description/urdf/common_properties.urdf
[0.835s] -- Installing: /home/behrouz/ws24-multi-robot-task-distribution/src/install/turtlebot3_description/share/turtlebot3_description/urdf/turtlebot3_burger.urdf
[0.835s] -- Installing: /home/behrouz/ws24-multi-robot-task-distribution/src/install/turtlebot3_description/share/turtlebot3_description/urdf/turtlebot3_waffle_pi.urdf
[0.835s] -- Installing: /home/behrouz/ws24-multi-robot-task-distribution/src/install/turtlebot3_description/share/ament_index/resource_index/package_run_dependencies/turtlebot3_description
[0.836s] -- Installing: /home/behrouz/ws24-multi-robot-task-distribution/src/install/turtlebot3_description/share/ament_index/resource_index/parent_prefix_path/turtlebot3_description
[0.836s] -- Installing: /home/behrouz/ws24-multi-robot-task-distribution/src/install/turtlebot3_description/share/turtlebot3_description/environment/ament_prefix_path.sh
[0.836s] -- Installing: /home/behrouz/ws24-multi-robot-task-distribution/src/install/turtlebot3_description/share/turtlebot3_description/environment/ament_prefix_path.dsv
[0.836s] -- Installing: /home/behrouz/ws24-multi-robot-task-distribution/src/install/turtlebot3_description/share/turtlebot3_description/environment/path.sh
[0.837s] -- Installing: /home/behrouz/ws24-multi-robot-task-distribution/src/install/turtlebot3_description/share/turtlebot3_description/environment/path.dsv
[0.837s] -- Installing: /home/behrouz/ws24-multi-robot-task-distribution/src/install/turtlebot3_description/share/turtlebot3_description/local_setup.bash
[0.837s] -- Installing: /home/behrouz/ws24-multi-robot-task-distribution/src/install/turtlebot3_description/share/turtlebot3_description/local_setup.sh
[0.837s] -- Installing: /home/behrouz/ws24-multi-robot-task-distribution/src/install/turtlebot3_description/share/turtlebot3_description/local_setup.zsh
[0.837s] -- Installing: /home/behrouz/ws24-multi-robot-task-distribution/src/install/turtlebot3_description/share/turtlebot3_description/local_setup.dsv
[0.837s] -- Installing: /home/behrouz/ws24-multi-robot-task-distribution/src/install/turtlebot3_description/share/turtlebot3_description/package.dsv
[0.838s] -- Installing: /home/behrouz/ws24-multi-robot-task-distribution/src/install/turtlebot3_description/share/ament_index/resource_index/packages/turtlebot3_description
[0.838s] -- Installing: /home/behrouz/ws24-multi-robot-task-distribution/src/install/turtlebot3_description/share/turtlebot3_description/cmake/turtlebot3_descriptionConfig.cmake
[0.838s] -- Installing: /home/behrouz/ws24-multi-robot-task-distribution/src/install/turtlebot3_description/share/turtlebot3_description/cmake/turtlebot3_descriptionConfig-version.cmake
[0.838s] -- Installing: /home/behrouz/ws24-multi-robot-task-distribution/src/install/turtlebot3_description/share/turtlebot3_description/package.xml
[0.842s] Invoked command in '/home/behrouz/ws24-multi-robot-task-distribution/src/build/turtlebot3_description' returned '0': CMAKE_PREFIX_PATH=/home/behrouz/ws24-multi-robot-task-distribution/install/empty_simulation:/opt/ros/humble /usr/bin/cmake --install /home/behrouz/ws24-multi-robot-task-distribution/src/build/turtlebot3_description
