[0.040s] Invoking command in '/home/behrouz/ws24-multi-robot-task-distribution/build/turtlebot3_msgs': CMAKE_PREFIX_PATH=${CMAKE_PREFIX_PATH}:/home/behrouz/ws24-multi-robot-task-distribution/src/install/turtlebot3_teleop:/home/behrouz/ws24-multi-robot-task-distribution/src/install/turtlebot3_example:/home/behrouz/ws24-multi-robot-task-distribution/src/install/empty_simulation:/home/behrouz/ws24-multi-robot-task-distribution/install/empty_simulation:/opt/ros/humble /usr/bin/cmake /home/behrouz/ws24-multi-robot-task-distribution/src/turtlebot3_msgs -DCMAKE_INSTALL_PREFIX=/home/behrouz/ws24-multi-robot-task-distribution/install/turtlebot3_msgs
[0.318s] -- The C compiler identification is GNU 11.4.0
[0.319s] -- The CXX compiler identification is GNU 11.4.0
[0.319s] -- Detecting C compiler ABI info
[0.319s] -- Detecting C compiler ABI info - done
[0.319s] -- Check for working C compiler: /usr/bin/cc - skipped
[0.319s] -- Detecting C compile features
[0.320s] -- Detecting C compile features - done
[0.320s] -- Detecting CXX compiler ABI info
[0.320s] -- Detecting CXX compiler ABI info - done
[0.320s] -- Check for working CXX compiler: /usr/bin/c++ - skipped
[0.320s] -- Detecting CXX compile features
[0.322s] -- Detecting CXX compile features - done
[0.328s] -- Found action_msgs: 1.2.1 (/opt/ros/humble/share/action_msgs/cmake)
[0.477s] -- Found Python3: /usr/bin/python3 (found version "3.10.12") found components: Interpreter 
[0.636s] -- Found rosidl_generator_c: 3.1.5 (/opt/ros/humble/share/rosidl_generator_c/cmake)
[0.644s] -- Found rosidl_adapter: 3.1.5 (/opt/ros/humble/share/rosidl_adapter/cmake)
[0.655s] -- Found rosidl_generator_cpp: 3.1.5 (/opt/ros/humble/share/rosidl_generator_cpp/cmake)
[0.669s] -- Using all available rosidl_typesupport_c: rosidl_typesupport_fastrtps_c;rosidl_typesupport_introspection_c
[0.691s] -- Using all available rosidl_typesupport_cpp: rosidl_typesupport_fastrtps_cpp;rosidl_typesupport_introspection_cpp
[0.750s] -- Found rosidl_default_generators: 1.2.0 (/opt/ros/humble/share/rosidl_default_generators/cmake)
[0.769s] -- Found std_msgs: 4.2.4 (/opt/ros/humble/share/std_msgs/cmake)
[1.210s] -- Found ament_cmake_cppcheck: 0.12.11 (/opt/ros/humble/share/ament_cmake_cppcheck/cmake)
[1.231s] -- Found ament_cmake_cpplint: 0.12.11 (/opt/ros/humble/share/ament_cmake_cpplint/cmake)
[1.236s] -- Found ament_cmake_uncrustify: 0.12.11 (/opt/ros/humble/share/ament_cmake_uncrustify/cmake)
[1.241s] -- Found ament_cmake_ros: 0.10.0 (/opt/ros/humble/share/ament_cmake_ros/cmake)
[1.581s] -- Using all available rosidl_typesupport_c: rosidl_typesupport_fastrtps_c;rosidl_typesupport_introspection_c
[1.710s] -- Using all available rosidl_typesupport_cpp: rosidl_typesupport_fastrtps_cpp;rosidl_typesupport_introspection_cpp
[1.732s] -- Found PythonInterp: /usr/bin/python3 (found suitable version "3.10.12", minimum required is "3.6") 
[1.735s] -- Found python_cmake_module: 0.10.0 (/opt/ros/humble/share/python_cmake_module/cmake)
[1.760s] -- Found PythonLibs: /usr/lib/x86_64-linux-gnu/libpython3.10.so (found suitable version "3.10.12", minimum required is "3.5") 
[1.761s] -- Using PYTHON_EXECUTABLE: /usr/bin/python3
[1.761s] -- Using PYTHON_INCLUDE_DIRS: /usr/include/python3.10
[1.761s] -- Using PYTHON_LIBRARIES: /usr/lib/x86_64-linux-gnu/libpython3.10.so
[1.780s] -- Found PythonExtra: .so  
[1.834s] -- Found ament_cmake_flake8: 0.12.11 (/opt/ros/humble/share/ament_cmake_flake8/cmake)
[1.838s] -- Found ament_cmake_pep257: 0.12.11 (/opt/ros/humble/share/ament_cmake_pep257/cmake)
[1.846s] -- Configuring done
[1.883s] -- Generating done
[1.886s] -- Build files have been written to: /home/behrouz/ws24-multi-robot-task-distribution/build/turtlebot3_msgs
[1.898s] Invoked command in '/home/behrouz/ws24-multi-robot-task-distribution/build/turtlebot3_msgs' returned '0': CMAKE_PREFIX_PATH=${CMAKE_PREFIX_PATH}:/home/behrouz/ws24-multi-robot-task-distribution/src/install/turtlebot3_teleop:/home/behrouz/ws24-multi-robot-task-distribution/src/install/turtlebot3_example:/home/behrouz/ws24-multi-robot-task-distribution/src/install/empty_simulation:/home/behrouz/ws24-multi-robot-task-distribution/install/empty_simulation:/opt/ros/humble /usr/bin/cmake /home/behrouz/ws24-multi-robot-task-distribution/src/turtlebot3_msgs -DCMAKE_INSTALL_PREFIX=/home/behrouz/ws24-multi-robot-task-distribution/install/turtlebot3_msgs
[1.900s] Invoking command in '/home/behrouz/ws24-multi-robot-task-distribution/build/turtlebot3_msgs': CMAKE_PREFIX_PATH=${CMAKE_PREFIX_PATH}:/home/behrouz/ws24-multi-robot-task-distribution/src/install/turtlebot3_teleop:/home/behrouz/ws24-multi-robot-task-distribution/src/install/turtlebot3_example:/home/behrouz/ws24-multi-robot-task-distribution/src/install/empty_simulation:/home/behrouz/ws24-multi-robot-task-distribution/install/empty_simulation:/opt/ros/humble /usr/bin/cmake --build /home/behrouz/ws24-multi-robot-task-distribution/build/turtlebot3_msgs -- -j16 -l16
[1.938s] [  1%] [34m[1mGenerating C code for ROS interfaces[0m
[1.948s] [  2%] [34m[1mGenerating C++ code for ROS interfaces[0m
[1.957s] [  2%] Built target ament_cmake_python_copy_turtlebot3_msgs
[2.189s] running egg_info
[2.189s] creating turtlebot3_msgs.egg-info
[2.190s] writing turtlebot3_msgs.egg-info/PKG-INFO
[2.190s] writing dependency_links to turtlebot3_msgs.egg-info/dependency_links.txt
[2.190s] writing top-level names to turtlebot3_msgs.egg-info/top_level.txt
[2.190s] writing manifest file 'turtlebot3_msgs.egg-info/SOURCES.txt'
[2.192s] reading manifest file 'turtlebot3_msgs.egg-info/SOURCES.txt'
[2.192s] writing manifest file 'turtlebot3_msgs.egg-info/SOURCES.txt'
[2.222s] [  2%] Built target ament_cmake_python_build_turtlebot3_msgs_egg
[2.759s] [  2%] Built target turtlebot3_msgs__cpp
[2.770s] [  5%] [34m[1mGenerating C++ introspection for ROS interfaces[0m
[2.770s] [  5%] [34m[1mGenerating C++ type support dispatch for ROS interfaces[0m
[2.772s] [  7%] [34m[1mGenerating C++ type support for eProsima Fast-RTPS[0m
[2.954s] [ 12%] [32mBuilding C object CMakeFiles/turtlebot3_msgs__rosidl_generator_c.dir/rosidl_generator_c/turtlebot3_msgs/action/detail/patrol__functions.c.o[0m
[2.955s] [ 14%] [32mBuilding C object CMakeFiles/turtlebot3_msgs__rosidl_generator_c.dir/rosidl_generator_c/turtlebot3_msgs/msg/detail/version_info__functions.c.o[0m
[2.955s] [ 14%] [32mBuilding C object CMakeFiles/turtlebot3_msgs__rosidl_generator_c.dir/rosidl_generator_c/turtlebot3_msgs/msg/detail/sound__functions.c.o[0m
[2.955s] [ 14%] [32mBuilding C object CMakeFiles/turtlebot3_msgs__rosidl_generator_c.dir/rosidl_generator_c/turtlebot3_msgs/srv/detail/dqn__functions.c.o[0m
[2.955s] [ 14%] [32mBuilding C object CMakeFiles/turtlebot3_msgs__rosidl_generator_c.dir/rosidl_generator_c/turtlebot3_msgs/msg/detail/sensor_state__functions.c.o[0m
[2.955s] [ 15%] [32mBuilding C object CMakeFiles/turtlebot3_msgs__rosidl_generator_c.dir/rosidl_generator_c/turtlebot3_msgs/srv/detail/sound__functions.c.o[0m
[3.082s] [ 16%] [32m[1mLinking C shared library libturtlebot3_msgs__rosidl_generator_c.so[0m
[3.128s] [ 16%] Built target turtlebot3_msgs__rosidl_generator_c
[3.140s] [ 21%] [34m[1mGenerating C type support for eProsima Fast-RTPS[0m
[3.140s] [ 21%] [34m[1mGenerating C introspection for ROS interfaces[0m
[3.140s] [ 21%] [34m[1mGenerating C type support dispatch for ROS interfaces[0m
[3.503s] [ 23%] [32mBuilding CXX object CMakeFiles/turtlebot3_msgs__rosidl_typesupport_cpp.dir/rosidl_typesupport_cpp/turtlebot3_msgs/msg/sensor_state__type_support.cpp.o[0m
[3.503s] [ 23%] [32mBuilding CXX object CMakeFiles/turtlebot3_msgs__rosidl_typesupport_cpp.dir/rosidl_typesupport_cpp/turtlebot3_msgs/msg/sound__type_support.cpp.o[0m
[3.503s] [ 25%] [32mBuilding CXX object CMakeFiles/turtlebot3_msgs__rosidl_typesupport_cpp.dir/rosidl_typesupport_cpp/turtlebot3_msgs/srv/dqn__type_support.cpp.o[0m
[3.504s] [ 26%] [32mBuilding CXX object CMakeFiles/turtlebot3_msgs__rosidl_typesupport_cpp.dir/rosidl_typesupport_cpp/turtlebot3_msgs/msg/version_info__type_support.cpp.o[0m
[3.504s] [ 28%] [32mBuilding CXX object CMakeFiles/turtlebot3_msgs__rosidl_typesupport_cpp.dir/rosidl_typesupport_cpp/turtlebot3_msgs/action/patrol__type_support.cpp.o[0m
[3.504s] [ 29%] [32mBuilding CXX object CMakeFiles/turtlebot3_msgs__rosidl_typesupport_cpp.dir/rosidl_typesupport_cpp/turtlebot3_msgs/srv/sound__type_support.cpp.o[0m
[3.649s] [ 30%] [32mBuilding CXX object CMakeFiles/turtlebot3_msgs__rosidl_typesupport_introspection_cpp.dir/rosidl_typesupport_introspection_cpp/turtlebot3_msgs/msg/detail/sensor_state__type_support.cpp.o[0m
[3.650s] [ 32%] [32mBuilding CXX object CMakeFiles/turtlebot3_msgs__rosidl_typesupport_introspection_cpp.dir/rosidl_typesupport_introspection_cpp/turtlebot3_msgs/msg/detail/version_info__type_support.cpp.o[0m
[3.659s] [ 33%] [32mBuilding CXX object CMakeFiles/turtlebot3_msgs__rosidl_typesupport_introspection_cpp.dir/rosidl_typesupport_introspection_cpp/turtlebot3_msgs/srv/detail/sound__type_support.cpp.o[0m
[3.660s] [ 35%] [32mBuilding CXX object CMakeFiles/turtlebot3_msgs__rosidl_typesupport_introspection_cpp.dir/rosidl_typesupport_introspection_cpp/turtlebot3_msgs/action/detail/patrol__type_support.cpp.o[0m
[3.660s] [ 36%] [32mBuilding CXX object CMakeFiles/turtlebot3_msgs__rosidl_typesupport_introspection_cpp.dir/rosidl_typesupport_introspection_cpp/turtlebot3_msgs/msg/detail/sound__type_support.cpp.o[0m
[3.664s] [ 38%] [32mBuilding CXX object CMakeFiles/turtlebot3_msgs__rosidl_typesupport_introspection_cpp.dir/rosidl_typesupport_introspection_cpp/turtlebot3_msgs/srv/detail/dqn__type_support.cpp.o[0m
[3.693s] [ 39%] [32mBuilding CXX object CMakeFiles/turtlebot3_msgs__rosidl_typesupport_fastrtps_cpp.dir/rosidl_typesupport_fastrtps_cpp/turtlebot3_msgs/msg/detail/dds_fastrtps/sensor_state__type_support.cpp.o[0m
[3.964s] [ 40%] [32mBuilding CXX object CMakeFiles/turtlebot3_msgs__rosidl_typesupport_fastrtps_cpp.dir/rosidl_typesupport_fastrtps_cpp/turtlebot3_msgs/msg/detail/dds_fastrtps/sound__type_support.cpp.o[0m
[3.999s] [ 42%] [32mBuilding CXX object CMakeFiles/turtlebot3_msgs__rosidl_typesupport_fastrtps_cpp.dir/rosidl_typesupport_fastrtps_cpp/turtlebot3_msgs/msg/detail/dds_fastrtps/version_info__type_support.cpp.o[0m
[4.044s] [ 43%] [32mBuilding CXX object CMakeFiles/turtlebot3_msgs__rosidl_typesupport_fastrtps_cpp.dir/rosidl_typesupport_fastrtps_cpp/turtlebot3_msgs/srv/detail/dds_fastrtps/sound__type_support.cpp.o[0m
[4.071s] [ 45%] [32mBuilding CXX object CMakeFiles/turtlebot3_msgs__rosidl_typesupport_fastrtps_cpp.dir/rosidl_typesupport_fastrtps_cpp/turtlebot3_msgs/srv/detail/dds_fastrtps/dqn__type_support.cpp.o[0m
[4.138s] [ 46%] [32mBuilding CXX object CMakeFiles/turtlebot3_msgs__rosidl_typesupport_fastrtps_cpp.dir/rosidl_typesupport_fastrtps_cpp/turtlebot3_msgs/action/detail/dds_fastrtps/patrol__type_support.cpp.o[0m
[4.305s] [ 47%] [32mBuilding CXX object CMakeFiles/turtlebot3_msgs__rosidl_typesupport_c.dir/rosidl_typesupport_c/turtlebot3_msgs/msg/sensor_state__type_support.cpp.o[0m
[4.345s] [ 49%] [32mBuilding CXX object CMakeFiles/turtlebot3_msgs__rosidl_typesupport_c.dir/rosidl_typesupport_c/turtlebot3_msgs/msg/sound__type_support.cpp.o[0m
[4.369s] [ 50%] [32mBuilding CXX object CMakeFiles/turtlebot3_msgs__rosidl_typesupport_c.dir/rosidl_typesupport_c/turtlebot3_msgs/msg/version_info__type_support.cpp.o[0m
[4.389s] [ 52%] [32mBuilding CXX object CMakeFiles/turtlebot3_msgs__rosidl_typesupport_c.dir/rosidl_typesupport_c/turtlebot3_msgs/srv/sound__type_support.cpp.o[0m
[4.409s] [ 53%] [32mBuilding CXX object CMakeFiles/turtlebot3_msgs__rosidl_typesupport_c.dir/rosidl_typesupport_c/turtlebot3_msgs/srv/dqn__type_support.cpp.o[0m
[4.424s] [ 54%] [32mBuilding CXX object CMakeFiles/turtlebot3_msgs__rosidl_typesupport_fastrtps_c.dir/rosidl_typesupport_fastrtps_c/turtlebot3_msgs/msg/detail/sensor_state__type_support_c.cpp.o[0m
[4.432s] [ 56%] [32mBuilding CXX object CMakeFiles/turtlebot3_msgs__rosidl_typesupport_c.dir/rosidl_typesupport_c/turtlebot3_msgs/action/patrol__type_support.cpp.o[0m
[4.455s] [ 57%] [32mBuilding CXX object CMakeFiles/turtlebot3_msgs__rosidl_typesupport_fastrtps_c.dir/rosidl_typesupport_fastrtps_c/turtlebot3_msgs/msg/detail/version_info__type_support_c.cpp.o[0m
[4.457s] [ 59%] [32mBuilding CXX object CMakeFiles/turtlebot3_msgs__rosidl_typesupport_fastrtps_c.dir/rosidl_typesupport_fastrtps_c/turtlebot3_msgs/msg/detail/sound__type_support_c.cpp.o[0m
[4.472s] [ 60%] [32mBuilding CXX object CMakeFiles/turtlebot3_msgs__rosidl_typesupport_fastrtps_c.dir/rosidl_typesupport_fastrtps_c/turtlebot3_msgs/srv/detail/dqn__type_support_c.cpp.o[0m
[4.472s] [ 61%] [32mBuilding CXX object CMakeFiles/turtlebot3_msgs__rosidl_typesupport_fastrtps_c.dir/rosidl_typesupport_fastrtps_c/turtlebot3_msgs/srv/detail/sound__type_support_c.cpp.o[0m
[4.526s] [ 63%] [32mBuilding C object CMakeFiles/turtlebot3_msgs__rosidl_typesupport_introspection_c.dir/rosidl_typesupport_introspection_c/turtlebot3_msgs/msg/detail/sensor_state__type_support.c.o[0m
[4.530s] [ 64%] [32mBuilding C object CMakeFiles/turtlebot3_msgs__rosidl_typesupport_introspection_c.dir/rosidl_typesupport_introspection_c/turtlebot3_msgs/msg/detail/sound__type_support.c.o[0m
[4.573s] [ 66%] [32m[1mLinking CXX shared library libturtlebot3_msgs__rosidl_typesupport_c.so[0m
[4.611s] [ 67%] [32mBuilding C object CMakeFiles/turtlebot3_msgs__rosidl_typesupport_introspection_c.dir/rosidl_typesupport_introspection_c/turtlebot3_msgs/msg/detail/version_info__type_support.c.o[0m
[4.638s] [ 69%] [32mBuilding C object CMakeFiles/turtlebot3_msgs__rosidl_typesupport_introspection_c.dir/rosidl_typesupport_introspection_c/turtlebot3_msgs/srv/detail/sound__type_support.c.o[0m
[4.642s] [ 70%] [32mBuilding C object CMakeFiles/turtlebot3_msgs__rosidl_typesupport_introspection_c.dir/rosidl_typesupport_introspection_c/turtlebot3_msgs/srv/detail/dqn__type_support.c.o[0m
[4.683s] [ 71%] [32m[1mLinking CXX shared library libturtlebot3_msgs__rosidl_typesupport_cpp.so[0m
[4.697s] [ 73%] [32mBuilding CXX object CMakeFiles/turtlebot3_msgs__rosidl_typesupport_fastrtps_c.dir/rosidl_typesupport_fastrtps_c/turtlebot3_msgs/action/detail/patrol__type_support_c.cpp.o[0m
[4.697s] [ 73%] Built target turtlebot3_msgs__rosidl_typesupport_c
[4.718s] [ 74%] [32mBuilding C object CMakeFiles/turtlebot3_msgs__rosidl_typesupport_introspection_c.dir/rosidl_typesupport_introspection_c/turtlebot3_msgs/action/detail/patrol__type_support.c.o[0m
[4.771s] [ 74%] Built target turtlebot3_msgs__rosidl_typesupport_cpp
[4.801s] [ 76%] [32m[1mLinking C shared library libturtlebot3_msgs__rosidl_typesupport_introspection_c.so[0m
[4.856s] [ 77%] [32m[1mLinking CXX shared library libturtlebot3_msgs__rosidl_typesupport_introspection_cpp.so[0m
[4.871s] [ 77%] Built target turtlebot3_msgs__rosidl_typesupport_introspection_c
[5.037s] [ 78%] [32m[1mLinking CXX shared library libturtlebot3_msgs__rosidl_typesupport_fastrtps_cpp.so[0m
[5.039s] [ 78%] Built target turtlebot3_msgs__rosidl_typesupport_introspection_cpp
[5.149s] [ 78%] Built target turtlebot3_msgs__rosidl_typesupport_fastrtps_cpp
[5.156s] [ 80%] [32m[1mLinking CXX shared library libturtlebot3_msgs__rosidl_typesupport_fastrtps_c.so[0m
[5.256s] [ 80%] Built target turtlebot3_msgs__rosidl_typesupport_fastrtps_c
[5.279s] [ 80%] Built target turtlebot3_msgs
[5.302s] [ 81%] [34m[1mGenerating Python code for ROS interfaces[0m
[6.547s] [ 81%] Built target turtlebot3_msgs__py
[6.570s] [ 87%] [32mBuilding C object CMakeFiles/turtlebot3_msgs__rosidl_generator_py.dir/rosidl_generator_py/turtlebot3_msgs/srv/_dqn_s.c.o[0m
[6.571s] [ 87%] [32mBuilding C object CMakeFiles/turtlebot3_msgs__rosidl_generator_py.dir/rosidl_generator_py/turtlebot3_msgs/msg/_version_info_s.c.o[0m
[6.571s] [ 87%] [32mBuilding C object CMakeFiles/turtlebot3_msgs__rosidl_generator_py.dir/rosidl_generator_py/turtlebot3_msgs/msg/_sound_s.c.o[0m
[6.571s] [ 87%] [32mBuilding C object CMakeFiles/turtlebot3_msgs__rosidl_generator_py.dir/rosidl_generator_py/turtlebot3_msgs/action/_patrol_s.c.o[0m
[6.571s] [ 88%] [32mBuilding C object CMakeFiles/turtlebot3_msgs__rosidl_generator_py.dir/rosidl_generator_py/turtlebot3_msgs/msg/_sensor_state_s.c.o[0m
[6.571s] [ 90%] [32mBuilding C object CMakeFiles/turtlebot3_msgs__rosidl_generator_py.dir/rosidl_generator_py/turtlebot3_msgs/srv/_sound_s.c.o[0m
[6.711s] [ 91%] [32m[1mLinking C shared library rosidl_generator_py/turtlebot3_msgs/libturtlebot3_msgs__rosidl_generator_py.so[0m
[6.753s] [ 91%] Built target turtlebot3_msgs__rosidl_generator_py
[6.775s] [ 94%] [32mBuilding C object CMakeFiles/turtlebot3_msgs__rosidl_typesupport_fastrtps_c__pyext.dir/rosidl_generator_py/turtlebot3_msgs/_turtlebot3_msgs_s.ep.rosidl_typesupport_fastrtps_c.c.o[0m
[6.775s] [ 94%] [32mBuilding C object CMakeFiles/turtlebot3_msgs__rosidl_typesupport_introspection_c__pyext.dir/rosidl_generator_py/turtlebot3_msgs/_turtlebot3_msgs_s.ep.rosidl_typesupport_introspection_c.c.o[0m
[6.775s] [ 95%] [32mBuilding C object CMakeFiles/turtlebot3_msgs__rosidl_typesupport_c__pyext.dir/rosidl_generator_py/turtlebot3_msgs/_turtlebot3_msgs_s.ep.rosidl_typesupport_c.c.o[0m
[6.897s] [ 98%] [32m[1mLinking C shared library rosidl_generator_py/turtlebot3_msgs/turtlebot3_msgs_s__rosidl_typesupport_c.cpython-310-x86_64-linux-gnu.so[0m
[6.898s] [ 98%] [32m[1mLinking C shared library rosidl_generator_py/turtlebot3_msgs/turtlebot3_msgs_s__rosidl_typesupport_fastrtps_c.cpython-310-x86_64-linux-gnu.so[0m
[6.909s] [100%] [32m[1mLinking C shared library rosidl_generator_py/turtlebot3_msgs/turtlebot3_msgs_s__rosidl_typesupport_introspection_c.cpython-310-x86_64-linux-gnu.so[0m
[6.946s] [100%] Built target turtlebot3_msgs__rosidl_typesupport_c__pyext
[6.946s] [100%] Built target turtlebot3_msgs__rosidl_typesupport_fastrtps_c__pyext
[6.958s] [100%] Built target turtlebot3_msgs__rosidl_typesupport_introspection_c__pyext
[6.974s] Invoked command in '/home/behrouz/ws24-multi-robot-task-distribution/build/turtlebot3_msgs' returned '0': CMAKE_PREFIX_PATH=${CMAKE_PREFIX_PATH}:/home/behrouz/ws24-multi-robot-task-distribution/src/install/turtlebot3_teleop:/home/behrouz/ws24-multi-robot-task-distribution/src/install/turtlebot3_example:/home/behrouz/ws24-multi-robot-task-distribution/src/install/empty_simulation:/home/behrouz/ws24-multi-robot-task-distribution/install/empty_simulation:/opt/ros/humble /usr/bin/cmake --build /home/behrouz/ws24-multi-robot-task-distribution/build/turtlebot3_msgs -- -j16 -l16
[7.125s] Invoking command in '/home/behrouz/ws24-multi-robot-task-distribution/build/turtlebot3_msgs': CMAKE_PREFIX_PATH=${CMAKE_PREFIX_PATH}:/home/behrouz/ws24-multi-robot-task-distribution/src/install/turtlebot3_teleop:/home/behrouz/ws24-multi-robot-task-distribution/src/install/turtlebot3_example:/home/behrouz/ws24-multi-robot-task-distribution/src/install/empty_simulation:/home/behrouz/ws24-multi-robot-task-distribution/install/empty_simulation:/opt/ros/humble /usr/bin/cmake --install /home/behrouz/ws24-multi-robot-task-distribution/build/turtlebot3_msgs
[7.133s] -- Install configuration: ""
[7.133s] -- Installing: /home/behrouz/ws24-multi-robot-task-distribution/install/turtlebot3_msgs/share/ament_index/resource_index/rosidl_interfaces/turtlebot3_msgs
[7.133s] -- Installing: /home/behrouz/ws24-multi-robot-task-distribution/install/turtlebot3_msgs/include/turtlebot3_msgs/turtlebot3_msgs
[7.133s] -- Installing: /home/behrouz/ws24-multi-robot-task-distribution/install/turtlebot3_msgs/include/turtlebot3_msgs/turtlebot3_msgs/action
[7.133s] -- Installing: /home/behrouz/ws24-multi-robot-task-distribution/install/turtlebot3_msgs/include/turtlebot3_msgs/turtlebot3_msgs/action/patrol.h
[7.133s] -- Installing: /home/behrouz/ws24-multi-robot-task-distribution/install/turtlebot3_msgs/include/turtlebot3_msgs/turtlebot3_msgs/action/detail
[7.134s] -- Installing: /home/behrouz/ws24-multi-robot-task-distribution/install/turtlebot3_msgs/include/turtlebot3_msgs/turtlebot3_msgs/action/detail/patrol__struct.h
[7.134s] -- Installing: /home/behrouz/ws24-multi-robot-task-distribution/install/turtlebot3_msgs/include/turtlebot3_msgs/turtlebot3_msgs/action/detail/patrol__functions.c
[7.134s] -- Installing: /home/behrouz/ws24-multi-robot-task-distribution/install/turtlebot3_msgs/include/turtlebot3_msgs/turtlebot3_msgs/action/detail/patrol__functions.h
[7.134s] -- Installing: /home/behrouz/ws24-multi-robot-task-distribution/install/turtlebot3_msgs/include/turtlebot3_msgs/turtlebot3_msgs/action/detail/patrol__type_support.h
[7.134s] -- Installing: /home/behrouz/ws24-multi-robot-task-distribution/install/turtlebot3_msgs/include/turtlebot3_msgs/turtlebot3_msgs/msg
[7.134s] -- Installing: /home/behrouz/ws24-multi-robot-task-distribution/install/turtlebot3_msgs/include/turtlebot3_msgs/turtlebot3_msgs/msg/sound.h
[7.134s] -- Installing: /home/behrouz/ws24-multi-robot-task-distribution/install/turtlebot3_msgs/include/turtlebot3_msgs/turtlebot3_msgs/msg/sensor_state.h
[7.134s] -- Installing: /home/behrouz/ws24-multi-robot-task-distribution/install/turtlebot3_msgs/include/turtlebot3_msgs/turtlebot3_msgs/msg/rosidl_generator_c__visibility_control.h
[7.134s] -- Installing: /home/behrouz/ws24-multi-robot-task-distribution/install/turtlebot3_msgs/include/turtlebot3_msgs/turtlebot3_msgs/msg/version_info.h
[7.134s] -- Installing: /home/behrouz/ws24-multi-robot-task-distribution/install/turtlebot3_msgs/include/turtlebot3_msgs/turtlebot3_msgs/msg/detail
[7.135s] -- Installing: /home/behrouz/ws24-multi-robot-task-distribution/install/turtlebot3_msgs/include/turtlebot3_msgs/turtlebot3_msgs/msg/detail/sound__struct.h
[7.135s] -- Installing: /home/behrouz/ws24-multi-robot-task-distribution/install/turtlebot3_msgs/include/turtlebot3_msgs/turtlebot3_msgs/msg/detail/sound__functions.c
[7.135s] -- Installing: /home/behrouz/ws24-multi-robot-task-distribution/install/turtlebot3_msgs/include/turtlebot3_msgs/turtlebot3_msgs/msg/detail/sensor_state__type_support.h
[7.135s] -- Installing: /home/behrouz/ws24-multi-robot-task-distribution/install/turtlebot3_msgs/include/turtlebot3_msgs/turtlebot3_msgs/msg/detail/version_info__type_support.h
[7.135s] -- Installing: /home/behrouz/ws24-multi-robot-task-distribution/install/turtlebot3_msgs/include/turtlebot3_msgs/turtlebot3_msgs/msg/detail/version_info__struct.h
[7.135s] -- Installing: /home/behrouz/ws24-multi-robot-task-distribution/install/turtlebot3_msgs/include/turtlebot3_msgs/turtlebot3_msgs/msg/detail/sound__type_support.h
[7.135s] -- Installing: /home/behrouz/ws24-multi-robot-task-distribution/install/turtlebot3_msgs/include/turtlebot3_msgs/turtlebot3_msgs/msg/detail/sensor_state__struct.h
[7.135s] -- Installing: /home/behrouz/ws24-multi-robot-task-distribution/install/turtlebot3_msgs/include/turtlebot3_msgs/turtlebot3_msgs/msg/detail/version_info__functions.c
[7.135s] -- Installing: /home/behrouz/ws24-multi-robot-task-distribution/install/turtlebot3_msgs/include/turtlebot3_msgs/turtlebot3_msgs/msg/detail/sensor_state__functions.c
[7.136s] -- Installing: /home/behrouz/ws24-multi-robot-task-distribution/install/turtlebot3_msgs/include/turtlebot3_msgs/turtlebot3_msgs/msg/detail/sensor_state__functions.h
[7.136s] -- Installing: /home/behrouz/ws24-multi-robot-task-distribution/install/turtlebot3_msgs/include/turtlebot3_msgs/turtlebot3_msgs/msg/detail/version_info__functions.h
[7.136s] -- Installing: /home/behrouz/ws24-multi-robot-task-distribution/install/turtlebot3_msgs/include/turtlebot3_msgs/turtlebot3_msgs/msg/detail/sound__functions.h
[7.136s] -- Installing: /home/behrouz/ws24-multi-robot-task-distribution/install/turtlebot3_msgs/include/turtlebot3_msgs/turtlebot3_msgs/srv
[7.136s] -- Installing: /home/behrouz/ws24-multi-robot-task-distribution/install/turtlebot3_msgs/include/turtlebot3_msgs/turtlebot3_msgs/srv/sound.h
[7.136s] -- Installing: /home/behrouz/ws24-multi-robot-task-distribution/install/turtlebot3_msgs/include/turtlebot3_msgs/turtlebot3_msgs/srv/dqn.h
[7.136s] -- Installing: /home/behrouz/ws24-multi-robot-task-distribution/install/turtlebot3_msgs/include/turtlebot3_msgs/turtlebot3_msgs/srv/detail
[7.136s] -- Installing: /home/behrouz/ws24-multi-robot-task-distribution/install/turtlebot3_msgs/include/turtlebot3_msgs/turtlebot3_msgs/srv/detail/sound__struct.h
[7.136s] -- Installing: /home/behrouz/ws24-multi-robot-task-distribution/install/turtlebot3_msgs/include/turtlebot3_msgs/turtlebot3_msgs/srv/detail/sound__functions.c
[7.136s] -- Installing: /home/behrouz/ws24-multi-robot-task-distribution/install/turtlebot3_msgs/include/turtlebot3_msgs/turtlebot3_msgs/srv/detail/sound__type_support.h
[7.136s] -- Installing: /home/behrouz/ws24-multi-robot-task-distribution/install/turtlebot3_msgs/include/turtlebot3_msgs/turtlebot3_msgs/srv/detail/dqn__type_support.h
[7.137s] -- Installing: /home/behrouz/ws24-multi-robot-task-distribution/install/turtlebot3_msgs/include/turtlebot3_msgs/turtlebot3_msgs/srv/detail/dqn__functions.h
[7.137s] -- Installing: /home/behrouz/ws24-multi-robot-task-distribution/install/turtlebot3_msgs/include/turtlebot3_msgs/turtlebot3_msgs/srv/detail/dqn__functions.c
[7.137s] -- Installing: /home/behrouz/ws24-multi-robot-task-distribution/install/turtlebot3_msgs/include/turtlebot3_msgs/turtlebot3_msgs/srv/detail/sound__functions.h
[7.137s] -- Installing: /home/behrouz/ws24-multi-robot-task-distribution/install/turtlebot3_msgs/include/turtlebot3_msgs/turtlebot3_msgs/srv/detail/dqn__struct.h
[7.137s] -- Installing: /home/behrouz/ws24-multi-robot-task-distribution/install/turtlebot3_msgs/share/turtlebot3_msgs/environment/library_path.sh
[7.137s] -- Installing: /home/behrouz/ws24-multi-robot-task-distribution/install/turtlebot3_msgs/share/turtlebot3_msgs/environment/library_path.dsv
[7.137s] -- Installing: /home/behrouz/ws24-multi-robot-task-distribution/install/turtlebot3_msgs/lib/libturtlebot3_msgs__rosidl_generator_c.so
[7.138s] -- Set runtime path of "/home/behrouz/ws24-multi-robot-task-distribution/install/turtlebot3_msgs/lib/libturtlebot3_msgs__rosidl_generator_c.so" to ""
[7.138s] -- Up-to-date: /home/behrouz/ws24-multi-robot-task-distribution/install/turtlebot3_msgs/include/turtlebot3_msgs/turtlebot3_msgs
[7.138s] -- Up-to-date: /home/behrouz/ws24-multi-robot-task-distribution/install/turtlebot3_msgs/include/turtlebot3_msgs/turtlebot3_msgs/action
[7.138s] -- Up-to-date: /home/behrouz/ws24-multi-robot-task-distribution/install/turtlebot3_msgs/include/turtlebot3_msgs/turtlebot3_msgs/action/detail
[7.138s] -- Installing: /home/behrouz/ws24-multi-robot-task-distribution/install/turtlebot3_msgs/include/turtlebot3_msgs/turtlebot3_msgs/action/detail/patrol__rosidl_typesupport_fastrtps_c.h
[7.138s] -- Up-to-date: /home/behrouz/ws24-multi-robot-task-distribution/install/turtlebot3_msgs/include/turtlebot3_msgs/turtlebot3_msgs/msg
[7.138s] -- Installing: /home/behrouz/ws24-multi-robot-task-distribution/install/turtlebot3_msgs/include/turtlebot3_msgs/turtlebot3_msgs/msg/rosidl_typesupport_fastrtps_c__visibility_control.h
[7.138s] -- Up-to-date: /home/behrouz/ws24-multi-robot-task-distribution/install/turtlebot3_msgs/include/turtlebot3_msgs/turtlebot3_msgs/msg/detail
[7.138s] -- Installing: /home/behrouz/ws24-multi-robot-task-distribution/install/turtlebot3_msgs/include/turtlebot3_msgs/turtlebot3_msgs/msg/detail/version_info__rosidl_typesupport_fastrtps_c.h
[7.138s] -- Installing: /home/behrouz/ws24-multi-robot-task-distribution/install/turtlebot3_msgs/include/turtlebot3_msgs/turtlebot3_msgs/msg/detail/sound__rosidl_typesupport_fastrtps_c.h
[7.138s] -- Installing: /home/behrouz/ws24-multi-robot-task-distribution/install/turtlebot3_msgs/include/turtlebot3_msgs/turtlebot3_msgs/msg/detail/sensor_state__rosidl_typesupport_fastrtps_c.h
[7.139s] -- Up-to-date: /home/behrouz/ws24-multi-robot-task-distribution/install/turtlebot3_msgs/include/turtlebot3_msgs/turtlebot3_msgs/srv
[7.139s] -- Up-to-date: /home/behrouz/ws24-multi-robot-task-distribution/install/turtlebot3_msgs/include/turtlebot3_msgs/turtlebot3_msgs/srv/detail
[7.139s] -- Installing: /home/behrouz/ws24-multi-robot-task-distribution/install/turtlebot3_msgs/include/turtlebot3_msgs/turtlebot3_msgs/srv/detail/sound__rosidl_typesupport_fastrtps_c.h
[7.139s] -- Installing: /home/behrouz/ws24-multi-robot-task-distribution/install/turtlebot3_msgs/include/turtlebot3_msgs/turtlebot3_msgs/srv/detail/dqn__rosidl_typesupport_fastrtps_c.h
[7.139s] -- Installing: /home/behrouz/ws24-multi-robot-task-distribution/install/turtlebot3_msgs/lib/libturtlebot3_msgs__rosidl_typesupport_fastrtps_c.so
[7.139s] -- Set runtime path of "/home/behrouz/ws24-multi-robot-task-distribution/install/turtlebot3_msgs/lib/libturtlebot3_msgs__rosidl_typesupport_fastrtps_c.so" to ""
[7.139s] -- Up-to-date: /home/behrouz/ws24-multi-robot-task-distribution/install/turtlebot3_msgs/include/turtlebot3_msgs/turtlebot3_msgs
[7.139s] -- Up-to-date: /home/behrouz/ws24-multi-robot-task-distribution/install/turtlebot3_msgs/include/turtlebot3_msgs/turtlebot3_msgs/action
[7.139s] -- Installing: /home/behrouz/ws24-multi-robot-task-distribution/install/turtlebot3_msgs/include/turtlebot3_msgs/turtlebot3_msgs/action/patrol.hpp
[7.140s] -- Up-to-date: /home/behrouz/ws24-multi-robot-task-distribution/install/turtlebot3_msgs/include/turtlebot3_msgs/turtlebot3_msgs/action/detail
[7.140s] -- Installing: /home/behrouz/ws24-multi-robot-task-distribution/install/turtlebot3_msgs/include/turtlebot3_msgs/turtlebot3_msgs/action/detail/patrol__traits.hpp
[7.140s] -- Installing: /home/behrouz/ws24-multi-robot-task-distribution/install/turtlebot3_msgs/include/turtlebot3_msgs/turtlebot3_msgs/action/detail/patrol__struct.hpp
[7.140s] -- Installing: /home/behrouz/ws24-multi-robot-task-distribution/install/turtlebot3_msgs/include/turtlebot3_msgs/turtlebot3_msgs/action/detail/patrol__builder.hpp
[7.140s] -- Up-to-date: /home/behrouz/ws24-multi-robot-task-distribution/install/turtlebot3_msgs/include/turtlebot3_msgs/turtlebot3_msgs/msg
[7.140s] -- Installing: /home/behrouz/ws24-multi-robot-task-distribution/install/turtlebot3_msgs/include/turtlebot3_msgs/turtlebot3_msgs/msg/sensor_state.hpp
[7.140s] -- Installing: /home/behrouz/ws24-multi-robot-task-distribution/install/turtlebot3_msgs/include/turtlebot3_msgs/turtlebot3_msgs/msg/sound.hpp
[7.140s] -- Installing: /home/behrouz/ws24-multi-robot-task-distribution/install/turtlebot3_msgs/include/turtlebot3_msgs/turtlebot3_msgs/msg/version_info.hpp
[7.140s] -- Up-to-date: /home/behrouz/ws24-multi-robot-task-distribution/install/turtlebot3_msgs/include/turtlebot3_msgs/turtlebot3_msgs/msg/detail
[7.140s] -- Installing: /home/behrouz/ws24-multi-robot-task-distribution/install/turtlebot3_msgs/include/turtlebot3_msgs/turtlebot3_msgs/msg/detail/sensor_state__traits.hpp
[7.140s] -- Installing: /home/behrouz/ws24-multi-robot-task-distribution/install/turtlebot3_msgs/include/turtlebot3_msgs/turtlebot3_msgs/msg/detail/sensor_state__struct.hpp
[7.141s] -- Installing: /home/behrouz/ws24-multi-robot-task-distribution/install/turtlebot3_msgs/include/turtlebot3_msgs/turtlebot3_msgs/msg/detail/version_info__builder.hpp
[7.141s] -- Installing: /home/behrouz/ws24-multi-robot-task-distribution/install/turtlebot3_msgs/include/turtlebot3_msgs/turtlebot3_msgs/msg/detail/sound__builder.hpp
[7.141s] -- Installing: /home/behrouz/ws24-multi-robot-task-distribution/install/turtlebot3_msgs/include/turtlebot3_msgs/turtlebot3_msgs/msg/detail/sound__struct.hpp
[7.141s] -- Installing: /home/behrouz/ws24-multi-robot-task-distribution/install/turtlebot3_msgs/include/turtlebot3_msgs/turtlebot3_msgs/msg/detail/version_info__struct.hpp
[7.141s] -- Installing: /home/behrouz/ws24-multi-robot-task-distribution/install/turtlebot3_msgs/include/turtlebot3_msgs/turtlebot3_msgs/msg/detail/version_info__traits.hpp
[7.141s] -- Installing: /home/behrouz/ws24-multi-robot-task-distribution/install/turtlebot3_msgs/include/turtlebot3_msgs/turtlebot3_msgs/msg/detail/sensor_state__builder.hpp
[7.141s] -- Installing: /home/behrouz/ws24-multi-robot-task-distribution/install/turtlebot3_msgs/include/turtlebot3_msgs/turtlebot3_msgs/msg/detail/sound__traits.hpp
[7.141s] -- Up-to-date: /home/behrouz/ws24-multi-robot-task-distribution/install/turtlebot3_msgs/include/turtlebot3_msgs/turtlebot3_msgs/srv
[7.141s] -- Installing: /home/behrouz/ws24-multi-robot-task-distribution/install/turtlebot3_msgs/include/turtlebot3_msgs/turtlebot3_msgs/srv/sound.hpp
[7.142s] -- Installing: /home/behrouz/ws24-multi-robot-task-distribution/install/turtlebot3_msgs/include/turtlebot3_msgs/turtlebot3_msgs/srv/dqn.hpp
[7.142s] -- Up-to-date: /home/behrouz/ws24-multi-robot-task-distribution/install/turtlebot3_msgs/include/turtlebot3_msgs/turtlebot3_msgs/srv/detail
[7.142s] -- Installing: /home/behrouz/ws24-multi-robot-task-distribution/install/turtlebot3_msgs/include/turtlebot3_msgs/turtlebot3_msgs/srv/detail/sound__builder.hpp
[7.142s] -- Installing: /home/behrouz/ws24-multi-robot-task-distribution/install/turtlebot3_msgs/include/turtlebot3_msgs/turtlebot3_msgs/srv/detail/sound__struct.hpp
[7.142s] -- Installing: /home/behrouz/ws24-multi-robot-task-distribution/install/turtlebot3_msgs/include/turtlebot3_msgs/turtlebot3_msgs/srv/detail/dqn__builder.hpp
[7.142s] -- Installing: /home/behrouz/ws24-multi-robot-task-distribution/install/turtlebot3_msgs/include/turtlebot3_msgs/turtlebot3_msgs/srv/detail/dqn__struct.hpp
[7.142s] -- Installing: /home/behrouz/ws24-multi-robot-task-distribution/install/turtlebot3_msgs/include/turtlebot3_msgs/turtlebot3_msgs/srv/detail/dqn__traits.hpp
[7.142s] -- Installing: /home/behrouz/ws24-multi-robot-task-distribution/install/turtlebot3_msgs/include/turtlebot3_msgs/turtlebot3_msgs/srv/detail/sound__traits.hpp
[7.143s] -- Up-to-date: /home/behrouz/ws24-multi-robot-task-distribution/install/turtlebot3_msgs/include/turtlebot3_msgs/turtlebot3_msgs
[7.143s] -- Up-to-date: /home/behrouz/ws24-multi-robot-task-distribution/install/turtlebot3_msgs/include/turtlebot3_msgs/turtlebot3_msgs/action
[7.143s] -- Up-to-date: /home/behrouz/ws24-multi-robot-task-distribution/install/turtlebot3_msgs/include/turtlebot3_msgs/turtlebot3_msgs/action/detail
[7.143s] -- Installing: /home/behrouz/ws24-multi-robot-task-distribution/install/turtlebot3_msgs/include/turtlebot3_msgs/turtlebot3_msgs/action/detail/patrol__rosidl_typesupport_fastrtps_cpp.hpp
[7.143s] -- Installing: /home/behrouz/ws24-multi-robot-task-distribution/install/turtlebot3_msgs/include/turtlebot3_msgs/turtlebot3_msgs/action/detail/dds_fastrtps
[7.143s] -- Up-to-date: /home/behrouz/ws24-multi-robot-task-distribution/install/turtlebot3_msgs/include/turtlebot3_msgs/turtlebot3_msgs/msg
[7.143s] -- Installing: /home/behrouz/ws24-multi-robot-task-distribution/install/turtlebot3_msgs/include/turtlebot3_msgs/turtlebot3_msgs/msg/rosidl_typesupport_fastrtps_cpp__visibility_control.h
[7.143s] -- Up-to-date: /home/behrouz/ws24-multi-robot-task-distribution/install/turtlebot3_msgs/include/turtlebot3_msgs/turtlebot3_msgs/msg/detail
[7.143s] -- Installing: /home/behrouz/ws24-multi-robot-task-distribution/install/turtlebot3_msgs/include/turtlebot3_msgs/turtlebot3_msgs/msg/detail/sensor_state__rosidl_typesupport_fastrtps_cpp.hpp
[7.143s] -- Installing: /home/behrouz/ws24-multi-robot-task-distribution/install/turtlebot3_msgs/include/turtlebot3_msgs/turtlebot3_msgs/msg/detail/sound__rosidl_typesupport_fastrtps_cpp.hpp
[7.143s] -- Installing: /home/behrouz/ws24-multi-robot-task-distribution/install/turtlebot3_msgs/include/turtlebot3_msgs/turtlebot3_msgs/msg/detail/version_info__rosidl_typesupport_fastrtps_cpp.hpp
[7.144s] -- Installing: /home/behrouz/ws24-multi-robot-task-distribution/install/turtlebot3_msgs/include/turtlebot3_msgs/turtlebot3_msgs/msg/detail/dds_fastrtps
[7.144s] -- Up-to-date: /home/behrouz/ws24-multi-robot-task-distribution/install/turtlebot3_msgs/include/turtlebot3_msgs/turtlebot3_msgs/srv
[7.144s] -- Up-to-date: /home/behrouz/ws24-multi-robot-task-distribution/install/turtlebot3_msgs/include/turtlebot3_msgs/turtlebot3_msgs/srv/detail
[7.144s] -- Installing: /home/behrouz/ws24-multi-robot-task-distribution/install/turtlebot3_msgs/include/turtlebot3_msgs/turtlebot3_msgs/srv/detail/sound__rosidl_typesupport_fastrtps_cpp.hpp
[7.144s] -- Installing: /home/behrouz/ws24-multi-robot-task-distribution/install/turtlebot3_msgs/include/turtlebot3_msgs/turtlebot3_msgs/srv/detail/dds_fastrtps
[7.144s] -- Installing: /home/behrouz/ws24-multi-robot-task-distribution/install/turtlebot3_msgs/include/turtlebot3_msgs/turtlebot3_msgs/srv/detail/dqn__rosidl_typesupport_fastrtps_cpp.hpp
[7.144s] -- Installing: /home/behrouz/ws24-multi-robot-task-distribution/install/turtlebot3_msgs/lib/libturtlebot3_msgs__rosidl_typesupport_fastrtps_cpp.so
[7.145s] -- Set runtime path of "/home/behrouz/ws24-multi-robot-task-distribution/install/turtlebot3_msgs/lib/libturtlebot3_msgs__rosidl_typesupport_fastrtps_cpp.so" to ""
[7.145s] -- Up-to-date: /home/behrouz/ws24-multi-robot-task-distribution/install/turtlebot3_msgs/include/turtlebot3_msgs/turtlebot3_msgs
[7.145s] -- Up-to-date: /home/behrouz/ws24-multi-robot-task-distribution/install/turtlebot3_msgs/include/turtlebot3_msgs/turtlebot3_msgs/action
[7.145s] -- Up-to-date: /home/behrouz/ws24-multi-robot-task-distribution/install/turtlebot3_msgs/include/turtlebot3_msgs/turtlebot3_msgs/action/detail
[7.145s] -- Installing: /home/behrouz/ws24-multi-robot-task-distribution/install/turtlebot3_msgs/include/turtlebot3_msgs/turtlebot3_msgs/action/detail/patrol__type_support.c
[7.145s] -- Installing: /home/behrouz/ws24-multi-robot-task-distribution/install/turtlebot3_msgs/include/turtlebot3_msgs/turtlebot3_msgs/action/detail/patrol__rosidl_typesupport_introspection_c.h
[7.145s] -- Up-to-date: /home/behrouz/ws24-multi-robot-task-distribution/install/turtlebot3_msgs/include/turtlebot3_msgs/turtlebot3_msgs/msg
[7.145s] -- Installing: /home/behrouz/ws24-multi-robot-task-distribution/install/turtlebot3_msgs/include/turtlebot3_msgs/turtlebot3_msgs/msg/rosidl_typesupport_introspection_c__visibility_control.h
[7.145s] -- Up-to-date: /home/behrouz/ws24-multi-robot-task-distribution/install/turtlebot3_msgs/include/turtlebot3_msgs/turtlebot3_msgs/msg/detail
[7.145s] -- Installing: /home/behrouz/ws24-multi-robot-task-distribution/install/turtlebot3_msgs/include/turtlebot3_msgs/turtlebot3_msgs/msg/detail/sound__rosidl_typesupport_introspection_c.h
[7.145s] -- Installing: /home/behrouz/ws24-multi-robot-task-distribution/install/turtlebot3_msgs/include/turtlebot3_msgs/turtlebot3_msgs/msg/detail/version_info__rosidl_typesupport_introspection_c.h
[7.145s] -- Installing: /home/behrouz/ws24-multi-robot-task-distribution/install/turtlebot3_msgs/include/turtlebot3_msgs/turtlebot3_msgs/msg/detail/sensor_state__type_support.c
[7.146s] -- Installing: /home/behrouz/ws24-multi-robot-task-distribution/install/turtlebot3_msgs/include/turtlebot3_msgs/turtlebot3_msgs/msg/detail/sound__type_support.c
[7.146s] -- Installing: /home/behrouz/ws24-multi-robot-task-distribution/install/turtlebot3_msgs/include/turtlebot3_msgs/turtlebot3_msgs/msg/detail/version_info__type_support.c
[7.146s] -- Installing: /home/behrouz/ws24-multi-robot-task-distribution/install/turtlebot3_msgs/include/turtlebot3_msgs/turtlebot3_msgs/msg/detail/sensor_state__rosidl_typesupport_introspection_c.h
[7.146s] -- Up-to-date: /home/behrouz/ws24-multi-robot-task-distribution/install/turtlebot3_msgs/include/turtlebot3_msgs/turtlebot3_msgs/srv
[7.146s] -- Up-to-date: /home/behrouz/ws24-multi-robot-task-distribution/install/turtlebot3_msgs/include/turtlebot3_msgs/turtlebot3_msgs/srv/detail
[7.146s] -- Installing: /home/behrouz/ws24-multi-robot-task-distribution/install/turtlebot3_msgs/include/turtlebot3_msgs/turtlebot3_msgs/srv/detail/sound__rosidl_typesupport_introspection_c.h
[7.146s] -- Installing: /home/behrouz/ws24-multi-robot-task-distribution/install/turtlebot3_msgs/include/turtlebot3_msgs/turtlebot3_msgs/srv/detail/dqn__rosidl_typesupport_introspection_c.h
[7.146s] -- Installing: /home/behrouz/ws24-multi-robot-task-distribution/install/turtlebot3_msgs/include/turtlebot3_msgs/turtlebot3_msgs/srv/detail/sound__type_support.c
[7.146s] -- Installing: /home/behrouz/ws24-multi-robot-task-distribution/install/turtlebot3_msgs/include/turtlebot3_msgs/turtlebot3_msgs/srv/detail/dqn__type_support.c
[7.147s] -- Installing: /home/behrouz/ws24-multi-robot-task-distribution/install/turtlebot3_msgs/lib/libturtlebot3_msgs__rosidl_typesupport_introspection_c.so
[7.147s] -- Set runtime path of "/home/behrouz/ws24-multi-robot-task-distribution/install/turtlebot3_msgs/lib/libturtlebot3_msgs__rosidl_typesupport_introspection_c.so" to ""
[7.147s] -- Installing: /home/behrouz/ws24-multi-robot-task-distribution/install/turtlebot3_msgs/lib/libturtlebot3_msgs__rosidl_typesupport_c.so
[7.147s] -- Set runtime path of "/home/behrouz/ws24-multi-robot-task-distribution/install/turtlebot3_msgs/lib/libturtlebot3_msgs__rosidl_typesupport_c.so" to ""
[7.148s] -- Up-to-date: /home/behrouz/ws24-multi-robot-task-distribution/install/turtlebot3_msgs/include/turtlebot3_msgs/turtlebot3_msgs
[7.148s] -- Up-to-date: /home/behrouz/ws24-multi-robot-task-distribution/install/turtlebot3_msgs/include/turtlebot3_msgs/turtlebot3_msgs/action
[7.148s] -- Up-to-date: /home/behrouz/ws24-multi-robot-task-distribution/install/turtlebot3_msgs/include/turtlebot3_msgs/turtlebot3_msgs/action/detail
[7.148s] -- Installing: /home/behrouz/ws24-multi-robot-task-distribution/install/turtlebot3_msgs/include/turtlebot3_msgs/turtlebot3_msgs/action/detail/patrol__type_support.cpp
[7.148s] -- Installing: /home/behrouz/ws24-multi-robot-task-distribution/install/turtlebot3_msgs/include/turtlebot3_msgs/turtlebot3_msgs/action/detail/patrol__rosidl_typesupport_introspection_cpp.hpp
[7.148s] -- Up-to-date: /home/behrouz/ws24-multi-robot-task-distribution/install/turtlebot3_msgs/include/turtlebot3_msgs/turtlebot3_msgs/msg
[7.148s] -- Up-to-date: /home/behrouz/ws24-multi-robot-task-distribution/install/turtlebot3_msgs/include/turtlebot3_msgs/turtlebot3_msgs/msg/detail
[7.148s] -- Installing: /home/behrouz/ws24-multi-robot-task-distribution/install/turtlebot3_msgs/include/turtlebot3_msgs/turtlebot3_msgs/msg/detail/version_info__type_support.cpp
[7.148s] -- Installing: /home/behrouz/ws24-multi-robot-task-distribution/install/turtlebot3_msgs/include/turtlebot3_msgs/turtlebot3_msgs/msg/detail/sensor_state__rosidl_typesupport_introspection_cpp.hpp
[7.149s] -- Installing: /home/behrouz/ws24-multi-robot-task-distribution/install/turtlebot3_msgs/include/turtlebot3_msgs/turtlebot3_msgs/msg/detail/version_info__rosidl_typesupport_introspection_cpp.hpp
[7.149s] -- Installing: /home/behrouz/ws24-multi-robot-task-distribution/install/turtlebot3_msgs/include/turtlebot3_msgs/turtlebot3_msgs/msg/detail/sensor_state__type_support.cpp
[7.149s] -- Installing: /home/behrouz/ws24-multi-robot-task-distribution/install/turtlebot3_msgs/include/turtlebot3_msgs/turtlebot3_msgs/msg/detail/sound__rosidl_typesupport_introspection_cpp.hpp
[7.149s] -- Installing: /home/behrouz/ws24-multi-robot-task-distribution/install/turtlebot3_msgs/include/turtlebot3_msgs/turtlebot3_msgs/msg/detail/sound__type_support.cpp
[7.149s] -- Up-to-date: /home/behrouz/ws24-multi-robot-task-distribution/install/turtlebot3_msgs/include/turtlebot3_msgs/turtlebot3_msgs/srv
[7.149s] -- Up-to-date: /home/behrouz/ws24-multi-robot-task-distribution/install/turtlebot3_msgs/include/turtlebot3_msgs/turtlebot3_msgs/srv/detail
[7.149s] -- Installing: /home/behrouz/ws24-multi-robot-task-distribution/install/turtlebot3_msgs/include/turtlebot3_msgs/turtlebot3_msgs/srv/detail/dqn__rosidl_typesupport_introspection_cpp.hpp
[7.149s] -- Installing: /home/behrouz/ws24-multi-robot-task-distribution/install/turtlebot3_msgs/include/turtlebot3_msgs/turtlebot3_msgs/srv/detail/sound__rosidl_typesupport_introspection_cpp.hpp
[7.149s] -- Installing: /home/behrouz/ws24-multi-robot-task-distribution/install/turtlebot3_msgs/include/turtlebot3_msgs/turtlebot3_msgs/srv/detail/sound__type_support.cpp
[7.150s] -- Installing: /home/behrouz/ws24-multi-robot-task-distribution/install/turtlebot3_msgs/include/turtlebot3_msgs/turtlebot3_msgs/srv/detail/dqn__type_support.cpp
[7.150s] -- Installing: /home/behrouz/ws24-multi-robot-task-distribution/install/turtlebot3_msgs/lib/libturtlebot3_msgs__rosidl_typesupport_introspection_cpp.so
[7.150s] -- Set runtime path of "/home/behrouz/ws24-multi-robot-task-distribution/install/turtlebot3_msgs/lib/libturtlebot3_msgs__rosidl_typesupport_introspection_cpp.so" to ""
[7.150s] -- Installing: /home/behrouz/ws24-multi-robot-task-distribution/install/turtlebot3_msgs/lib/libturtlebot3_msgs__rosidl_typesupport_cpp.so
[7.150s] -- Set runtime path of "/home/behrouz/ws24-multi-robot-task-distribution/install/turtlebot3_msgs/lib/libturtlebot3_msgs__rosidl_typesupport_cpp.so" to ""
[7.151s] -- Installing: /home/behrouz/ws24-multi-robot-task-distribution/install/turtlebot3_msgs/share/turtlebot3_msgs/environment/pythonpath.sh
[7.151s] -- Installing: /home/behrouz/ws24-multi-robot-task-distribution/install/turtlebot3_msgs/share/turtlebot3_msgs/environment/pythonpath.dsv
[7.151s] -- Installing: /home/behrouz/ws24-multi-robot-task-distribution/install/turtlebot3_msgs/local/lib/python3.10/dist-packages/turtlebot3_msgs-2.2.3-py3.10.egg-info
[7.151s] -- Installing: /home/behrouz/ws24-multi-robot-task-distribution/install/turtlebot3_msgs/local/lib/python3.10/dist-packages/turtlebot3_msgs-2.2.3-py3.10.egg-info/SOURCES.txt
[7.151s] -- Installing: /home/behrouz/ws24-multi-robot-task-distribution/install/turtlebot3_msgs/local/lib/python3.10/dist-packages/turtlebot3_msgs-2.2.3-py3.10.egg-info/top_level.txt
[7.151s] -- Installing: /home/behrouz/ws24-multi-robot-task-distribution/install/turtlebot3_msgs/local/lib/python3.10/dist-packages/turtlebot3_msgs-2.2.3-py3.10.egg-info/dependency_links.txt
[7.151s] -- Installing: /home/behrouz/ws24-multi-robot-task-distribution/install/turtlebot3_msgs/local/lib/python3.10/dist-packages/turtlebot3_msgs-2.2.3-py3.10.egg-info/PKG-INFO
[7.151s] -- Installing: /home/behrouz/ws24-multi-robot-task-distribution/install/turtlebot3_msgs/local/lib/python3.10/dist-packages/turtlebot3_msgs
[7.152s] -- Installing: /home/behrouz/ws24-multi-robot-task-distribution/install/turtlebot3_msgs/local/lib/python3.10/dist-packages/turtlebot3_msgs/action
[7.152s] -- Installing: /home/behrouz/ws24-multi-robot-task-distribution/install/turtlebot3_msgs/local/lib/python3.10/dist-packages/turtlebot3_msgs/action/_patrol.py
[7.152s] -- Installing: /home/behrouz/ws24-multi-robot-task-distribution/install/turtlebot3_msgs/local/lib/python3.10/dist-packages/turtlebot3_msgs/action/_patrol_s.c
[7.152s] -- Installing: /home/behrouz/ws24-multi-robot-task-distribution/install/turtlebot3_msgs/local/lib/python3.10/dist-packages/turtlebot3_msgs/action/__init__.py
[7.152s] -- Installing: /home/behrouz/ws24-multi-robot-task-distribution/install/turtlebot3_msgs/local/lib/python3.10/dist-packages/turtlebot3_msgs/libturtlebot3_msgs__rosidl_generator_py.so
[7.152s] -- Installing: /home/behrouz/ws24-multi-robot-task-distribution/install/turtlebot3_msgs/local/lib/python3.10/dist-packages/turtlebot3_msgs/_turtlebot3_msgs_s.ep.rosidl_typesupport_introspection_c.c
[7.153s] -- Installing: /home/behrouz/ws24-multi-robot-task-distribution/install/turtlebot3_msgs/local/lib/python3.10/dist-packages/turtlebot3_msgs/msg
[7.153s] -- Installing: /home/behrouz/ws24-multi-robot-task-distribution/install/turtlebot3_msgs/local/lib/python3.10/dist-packages/turtlebot3_msgs/msg/_sensor_state.py
[7.153s] -- Installing: /home/behrouz/ws24-multi-robot-task-distribution/install/turtlebot3_msgs/local/lib/python3.10/dist-packages/turtlebot3_msgs/msg/_sensor_state_s.c
[7.153s] -- Installing: /home/behrouz/ws24-multi-robot-task-distribution/install/turtlebot3_msgs/local/lib/python3.10/dist-packages/turtlebot3_msgs/msg/_sound_s.c
[7.153s] -- Installing: /home/behrouz/ws24-multi-robot-task-distribution/install/turtlebot3_msgs/local/lib/python3.10/dist-packages/turtlebot3_msgs/msg/_version_info.py
[7.153s] -- Installing: /home/behrouz/ws24-multi-robot-task-distribution/install/turtlebot3_msgs/local/lib/python3.10/dist-packages/turtlebot3_msgs/msg/_sound.py
[7.153s] -- Installing: /home/behrouz/ws24-multi-robot-task-distribution/install/turtlebot3_msgs/local/lib/python3.10/dist-packages/turtlebot3_msgs/msg/_version_info_s.c
[7.153s] -- Installing: /home/behrouz/ws24-multi-robot-task-distribution/install/turtlebot3_msgs/local/lib/python3.10/dist-packages/turtlebot3_msgs/msg/__init__.py
[7.154s] -- Installing: /home/behrouz/ws24-multi-robot-task-distribution/install/turtlebot3_msgs/local/lib/python3.10/dist-packages/turtlebot3_msgs/srv
[7.154s] -- Installing: /home/behrouz/ws24-multi-robot-task-distribution/install/turtlebot3_msgs/local/lib/python3.10/dist-packages/turtlebot3_msgs/srv/_sound_s.c
[7.154s] -- Installing: /home/behrouz/ws24-multi-robot-task-distribution/install/turtlebot3_msgs/local/lib/python3.10/dist-packages/turtlebot3_msgs/srv/_dqn.py
[7.154s] -- Installing: /home/behrouz/ws24-multi-robot-task-distribution/install/turtlebot3_msgs/local/lib/python3.10/dist-packages/turtlebot3_msgs/srv/_sound.py
[7.154s] -- Installing: /home/behrouz/ws24-multi-robot-task-distribution/install/turtlebot3_msgs/local/lib/python3.10/dist-packages/turtlebot3_msgs/srv/_dqn_s.c
[7.154s] -- Installing: /home/behrouz/ws24-multi-robot-task-distribution/install/turtlebot3_msgs/local/lib/python3.10/dist-packages/turtlebot3_msgs/srv/__init__.py
[7.154s] -- Installing: /home/behrouz/ws24-multi-robot-task-distribution/install/turtlebot3_msgs/local/lib/python3.10/dist-packages/turtlebot3_msgs/_turtlebot3_msgs_s.ep.rosidl_typesupport_fastrtps_c.c
[7.154s] -- Installing: /home/behrouz/ws24-multi-robot-task-distribution/install/turtlebot3_msgs/local/lib/python3.10/dist-packages/turtlebot3_msgs/turtlebot3_msgs_s__rosidl_typesupport_c.cpython-310-x86_64-linux-gnu.so
[7.155s] -- Installing: /home/behrouz/ws24-multi-robot-task-distribution/install/turtlebot3_msgs/local/lib/python3.10/dist-packages/turtlebot3_msgs/turtlebot3_msgs_s__rosidl_typesupport_introspection_c.cpython-310-x86_64-linux-gnu.so
[7.155s] -- Installing: /home/behrouz/ws24-multi-robot-task-distribution/install/turtlebot3_msgs/local/lib/python3.10/dist-packages/turtlebot3_msgs/turtlebot3_msgs_s__rosidl_typesupport_fastrtps_c.cpython-310-x86_64-linux-gnu.so
[7.155s] -- Installing: /home/behrouz/ws24-multi-robot-task-distribution/install/turtlebot3_msgs/local/lib/python3.10/dist-packages/turtlebot3_msgs/__init__.py
[7.155s] -- Installing: /home/behrouz/ws24-multi-robot-task-distribution/install/turtlebot3_msgs/local/lib/python3.10/dist-packages/turtlebot3_msgs/_turtlebot3_msgs_s.ep.rosidl_typesupport_c.c
[7.197s] Listing '/home/behrouz/ws24-multi-robot-task-distribution/install/turtlebot3_msgs/local/lib/python3.10/dist-packages/turtlebot3_msgs'...
[7.197s] Compiling '/home/behrouz/ws24-multi-robot-task-distribution/install/turtlebot3_msgs/local/lib/python3.10/dist-packages/turtlebot3_msgs/__init__.py'...
[7.197s] Listing '/home/behrouz/ws24-multi-robot-task-distribution/install/turtlebot3_msgs/local/lib/python3.10/dist-packages/turtlebot3_msgs/action'...
[7.197s] Compiling '/home/behrouz/ws24-multi-robot-task-distribution/install/turtlebot3_msgs/local/lib/python3.10/dist-packages/turtlebot3_msgs/action/__init__.py'...
[7.198s] Compiling '/home/behrouz/ws24-multi-robot-task-distribution/install/turtlebot3_msgs/local/lib/python3.10/dist-packages/turtlebot3_msgs/action/_patrol.py'...
[7.198s] Listing '/home/behrouz/ws24-multi-robot-task-distribution/install/turtlebot3_msgs/local/lib/python3.10/dist-packages/turtlebot3_msgs/msg'...
[7.198s] Compiling '/home/behrouz/ws24-multi-robot-task-distribution/install/turtlebot3_msgs/local/lib/python3.10/dist-packages/turtlebot3_msgs/msg/__init__.py'...
[7.198s] Compiling '/home/behrouz/ws24-multi-robot-task-distribution/install/turtlebot3_msgs/local/lib/python3.10/dist-packages/turtlebot3_msgs/msg/_sensor_state.py'...
[7.198s] Compiling '/home/behrouz/ws24-multi-robot-task-distribution/install/turtlebot3_msgs/local/lib/python3.10/dist-packages/turtlebot3_msgs/msg/_sound.py'...
[7.198s] Compiling '/home/behrouz/ws24-multi-robot-task-distribution/install/turtlebot3_msgs/local/lib/python3.10/dist-packages/turtlebot3_msgs/msg/_version_info.py'...
[7.198s] Listing '/home/behrouz/ws24-multi-robot-task-distribution/install/turtlebot3_msgs/local/lib/python3.10/dist-packages/turtlebot3_msgs/srv'...
[7.198s] Compiling '/home/behrouz/ws24-multi-robot-task-distribution/install/turtlebot3_msgs/local/lib/python3.10/dist-packages/turtlebot3_msgs/srv/__init__.py'...
[7.198s] Compiling '/home/behrouz/ws24-multi-robot-task-distribution/install/turtlebot3_msgs/local/lib/python3.10/dist-packages/turtlebot3_msgs/srv/_dqn.py'...
[7.198s] Compiling '/home/behrouz/ws24-multi-robot-task-distribution/install/turtlebot3_msgs/local/lib/python3.10/dist-packages/turtlebot3_msgs/srv/_sound.py'...
[7.204s] -- Installing: /home/behrouz/ws24-multi-robot-task-distribution/install/turtlebot3_msgs/local/lib/python3.10/dist-packages/turtlebot3_msgs/turtlebot3_msgs_s__rosidl_typesupport_fastrtps_c.cpython-310-x86_64-linux-gnu.so
[7.204s] -- Set runtime path of "/home/behrouz/ws24-multi-robot-task-distribution/install/turtlebot3_msgs/local/lib/python3.10/dist-packages/turtlebot3_msgs/turtlebot3_msgs_s__rosidl_typesupport_fastrtps_c.cpython-310-x86_64-linux-gnu.so" to ""
[7.205s] -- Installing: /home/behrouz/ws24-multi-robot-task-distribution/install/turtlebot3_msgs/local/lib/python3.10/dist-packages/turtlebot3_msgs/turtlebot3_msgs_s__rosidl_typesupport_introspection_c.cpython-310-x86_64-linux-gnu.so
[7.205s] -- Set runtime path of "/home/behrouz/ws24-multi-robot-task-distribution/install/turtlebot3_msgs/local/lib/python3.10/dist-packages/turtlebot3_msgs/turtlebot3_msgs_s__rosidl_typesupport_introspection_c.cpython-310-x86_64-linux-gnu.so" to ""
[7.205s] -- Installing: /home/behrouz/ws24-multi-robot-task-distribution/install/turtlebot3_msgs/local/lib/python3.10/dist-packages/turtlebot3_msgs/turtlebot3_msgs_s__rosidl_typesupport_c.cpython-310-x86_64-linux-gnu.so
[7.206s] -- Set runtime path of "/home/behrouz/ws24-multi-robot-task-distribution/install/turtlebot3_msgs/local/lib/python3.10/dist-packages/turtlebot3_msgs/turtlebot3_msgs_s__rosidl_typesupport_c.cpython-310-x86_64-linux-gnu.so" to ""
[7.206s] -- Installing: /home/behrouz/ws24-multi-robot-task-distribution/install/turtlebot3_msgs/lib/libturtlebot3_msgs__rosidl_generator_py.so
[7.206s] -- Set runtime path of "/home/behrouz/ws24-multi-robot-task-distribution/install/turtlebot3_msgs/lib/libturtlebot3_msgs__rosidl_generator_py.so" to ""
[7.206s] -- Installing: /home/behrouz/ws24-multi-robot-task-distribution/install/turtlebot3_msgs/share/turtlebot3_msgs/msg/SensorState.idl
[7.207s] -- Installing: /home/behrouz/ws24-multi-robot-task-distribution/install/turtlebot3_msgs/share/turtlebot3_msgs/msg/Sound.idl
[7.207s] -- Installing: /home/behrouz/ws24-multi-robot-task-distribution/install/turtlebot3_msgs/share/turtlebot3_msgs/msg/VersionInfo.idl
[7.207s] -- Installing: /home/behrouz/ws24-multi-robot-task-distribution/install/turtlebot3_msgs/share/turtlebot3_msgs/srv/Sound.idl
[7.207s] -- Installing: /home/behrouz/ws24-multi-robot-task-distribution/install/turtlebot3_msgs/share/turtlebot3_msgs/srv/Dqn.idl
[7.207s] -- Installing: /home/behrouz/ws24-multi-robot-task-distribution/install/turtlebot3_msgs/share/turtlebot3_msgs/action/Patrol.idl
[7.208s] -- Installing: /home/behrouz/ws24-multi-robot-task-distribution/install/turtlebot3_msgs/share/turtlebot3_msgs/msg/SensorState.msg
[7.208s] -- Installing: /home/behrouz/ws24-multi-robot-task-distribution/install/turtlebot3_msgs/share/turtlebot3_msgs/msg/Sound.msg
[7.208s] -- Installing: /home/behrouz/ws24-multi-robot-task-distribution/install/turtlebot3_msgs/share/turtlebot3_msgs/msg/VersionInfo.msg
[7.208s] -- Installing: /home/behrouz/ws24-multi-robot-task-distribution/install/turtlebot3_msgs/share/turtlebot3_msgs/srv/Sound.srv
[7.208s] -- Installing: /home/behrouz/ws24-multi-robot-task-distribution/install/turtlebot3_msgs/share/turtlebot3_msgs/srv/Sound_Request.msg
[7.209s] -- Installing: /home/behrouz/ws24-multi-robot-task-distribution/install/turtlebot3_msgs/share/turtlebot3_msgs/srv/Sound_Response.msg
[7.209s] -- Installing: /home/behrouz/ws24-multi-robot-task-distribution/install/turtlebot3_msgs/share/turtlebot3_msgs/srv/Dqn.srv
[7.209s] -- Installing: /home/behrouz/ws24-multi-robot-task-distribution/install/turtlebot3_msgs/share/turtlebot3_msgs/srv/Dqn_Request.msg
[7.209s] -- Installing: /home/behrouz/ws24-multi-robot-task-distribution/install/turtlebot3_msgs/share/turtlebot3_msgs/srv/Dqn_Response.msg
[7.209s] -- Installing: /home/behrouz/ws24-multi-robot-task-distribution/install/turtlebot3_msgs/share/turtlebot3_msgs/action/Patrol.action
[7.209s] -- Installing: /home/behrouz/ws24-multi-robot-task-distribution/install/turtlebot3_msgs/share/ament_index/resource_index/package_run_dependencies/turtlebot3_msgs
[7.209s] -- Installing: /home/behrouz/ws24-multi-robot-task-distribution/install/turtlebot3_msgs/share/ament_index/resource_index/parent_prefix_path/turtlebot3_msgs
[7.210s] -- Installing: /home/behrouz/ws24-multi-robot-task-distribution/install/turtlebot3_msgs/share/turtlebot3_msgs/environment/ament_prefix_path.sh
[7.210s] -- Installing: /home/behrouz/ws24-multi-robot-task-distribution/install/turtlebot3_msgs/share/turtlebot3_msgs/environment/ament_prefix_path.dsv
[7.210s] -- Installing: /home/behrouz/ws24-multi-robot-task-distribution/install/turtlebot3_msgs/share/turtlebot3_msgs/environment/path.sh
[7.210s] -- Installing: /home/behrouz/ws24-multi-robot-task-distribution/install/turtlebot3_msgs/share/turtlebot3_msgs/environment/path.dsv
[7.210s] -- Installing: /home/behrouz/ws24-multi-robot-task-distribution/install/turtlebot3_msgs/share/turtlebot3_msgs/local_setup.bash
[7.210s] -- Installing: /home/behrouz/ws24-multi-robot-task-distribution/install/turtlebot3_msgs/share/turtlebot3_msgs/local_setup.sh
[7.211s] -- Installing: /home/behrouz/ws24-multi-robot-task-distribution/install/turtlebot3_msgs/share/turtlebot3_msgs/local_setup.zsh
[7.211s] -- Installing: /home/behrouz/ws24-multi-robot-task-distribution/install/turtlebot3_msgs/share/turtlebot3_msgs/local_setup.dsv
[7.211s] -- Installing: /home/behrouz/ws24-multi-robot-task-distribution/install/turtlebot3_msgs/share/turtlebot3_msgs/package.dsv
[7.211s] -- Installing: /home/behrouz/ws24-multi-robot-task-distribution/install/turtlebot3_msgs/share/ament_index/resource_index/packages/turtlebot3_msgs
[7.211s] -- Installing: /home/behrouz/ws24-multi-robot-task-distribution/install/turtlebot3_msgs/share/turtlebot3_msgs/cmake/export_turtlebot3_msgs__rosidl_generator_cExport.cmake
[7.211s] -- Installing: /home/behrouz/ws24-multi-robot-task-distribution/install/turtlebot3_msgs/share/turtlebot3_msgs/cmake/export_turtlebot3_msgs__rosidl_generator_cExport-noconfig.cmake
[7.212s] -- Installing: /home/behrouz/ws24-multi-robot-task-distribution/install/turtlebot3_msgs/share/turtlebot3_msgs/cmake/export_turtlebot3_msgs__rosidl_typesupport_fastrtps_cExport.cmake
[7.212s] -- Installing: /home/behrouz/ws24-multi-robot-task-distribution/install/turtlebot3_msgs/share/turtlebot3_msgs/cmake/export_turtlebot3_msgs__rosidl_typesupport_fastrtps_cExport-noconfig.cmake
[7.212s] -- Installing: /home/behrouz/ws24-multi-robot-task-distribution/install/turtlebot3_msgs/share/turtlebot3_msgs/cmake/export_turtlebot3_msgs__rosidl_generator_cppExport.cmake
[7.212s] -- Installing: /home/behrouz/ws24-multi-robot-task-distribution/install/turtlebot3_msgs/share/turtlebot3_msgs/cmake/export_turtlebot3_msgs__rosidl_typesupport_fastrtps_cppExport.cmake
[7.212s] -- Installing: /home/behrouz/ws24-multi-robot-task-distribution/install/turtlebot3_msgs/share/turtlebot3_msgs/cmake/export_turtlebot3_msgs__rosidl_typesupport_fastrtps_cppExport-noconfig.cmake
[7.212s] -- Installing: /home/behrouz/ws24-multi-robot-task-distribution/install/turtlebot3_msgs/share/turtlebot3_msgs/cmake/turtlebot3_msgs__rosidl_typesupport_introspection_cExport.cmake
[7.213s] -- Installing: /home/behrouz/ws24-multi-robot-task-distribution/install/turtlebot3_msgs/share/turtlebot3_msgs/cmake/turtlebot3_msgs__rosidl_typesupport_introspection_cExport-noconfig.cmake
[7.213s] -- Installing: /home/behrouz/ws24-multi-robot-task-distribution/install/turtlebot3_msgs/share/turtlebot3_msgs/cmake/turtlebot3_msgs__rosidl_typesupport_cExport.cmake
[7.213s] -- Installing: /home/behrouz/ws24-multi-robot-task-distribution/install/turtlebot3_msgs/share/turtlebot3_msgs/cmake/turtlebot3_msgs__rosidl_typesupport_cExport-noconfig.cmake
[7.213s] -- Installing: /home/behrouz/ws24-multi-robot-task-distribution/install/turtlebot3_msgs/share/turtlebot3_msgs/cmake/turtlebot3_msgs__rosidl_typesupport_introspection_cppExport.cmake
[7.213s] -- Installing: /home/behrouz/ws24-multi-robot-task-distribution/install/turtlebot3_msgs/share/turtlebot3_msgs/cmake/turtlebot3_msgs__rosidl_typesupport_introspection_cppExport-noconfig.cmake
[7.213s] -- Installing: /home/behrouz/ws24-multi-robot-task-distribution/install/turtlebot3_msgs/share/turtlebot3_msgs/cmake/turtlebot3_msgs__rosidl_typesupport_cppExport.cmake
[7.214s] -- Installing: /home/behrouz/ws24-multi-robot-task-distribution/install/turtlebot3_msgs/share/turtlebot3_msgs/cmake/turtlebot3_msgs__rosidl_typesupport_cppExport-noconfig.cmake
[7.214s] -- Installing: /home/behrouz/ws24-multi-robot-task-distribution/install/turtlebot3_msgs/share/turtlebot3_msgs/cmake/export_turtlebot3_msgs__rosidl_generator_pyExport.cmake
[7.214s] -- Installing: /home/behrouz/ws24-multi-robot-task-distribution/install/turtlebot3_msgs/share/turtlebot3_msgs/cmake/export_turtlebot3_msgs__rosidl_generator_pyExport-noconfig.cmake
[7.214s] -- Installing: /home/behrouz/ws24-multi-robot-task-distribution/install/turtlebot3_msgs/share/turtlebot3_msgs/cmake/rosidl_cmake-extras.cmake
[7.214s] -- Installing: /home/behrouz/ws24-multi-robot-task-distribution/install/turtlebot3_msgs/share/turtlebot3_msgs/cmake/ament_cmake_export_dependencies-extras.cmake
[7.214s] -- Installing: /home/behrouz/ws24-multi-robot-task-distribution/install/turtlebot3_msgs/share/turtlebot3_msgs/cmake/ament_cmake_export_include_directories-extras.cmake
[7.214s] -- Installing: /home/behrouz/ws24-multi-robot-task-distribution/install/turtlebot3_msgs/share/turtlebot3_msgs/cmake/ament_cmake_export_libraries-extras.cmake
[7.215s] -- Installing: /home/behrouz/ws24-multi-robot-task-distribution/install/turtlebot3_msgs/share/turtlebot3_msgs/cmake/ament_cmake_export_targets-extras.cmake
[7.215s] -- Installing: /home/behrouz/ws24-multi-robot-task-distribution/install/turtlebot3_msgs/share/turtlebot3_msgs/cmake/rosidl_cmake_export_typesupport_targets-extras.cmake
[7.215s] -- Installing: /home/behrouz/ws24-multi-robot-task-distribution/install/turtlebot3_msgs/share/turtlebot3_msgs/cmake/rosidl_cmake_export_typesupport_libraries-extras.cmake
[7.215s] -- Installing: /home/behrouz/ws24-multi-robot-task-distribution/install/turtlebot3_msgs/share/turtlebot3_msgs/cmake/turtlebot3_msgsConfig.cmake
[7.215s] -- Installing: /home/behrouz/ws24-multi-robot-task-distribution/install/turtlebot3_msgs/share/turtlebot3_msgs/cmake/turtlebot3_msgsConfig-version.cmake
[7.215s] -- Installing: /home/behrouz/ws24-multi-robot-task-distribution/install/turtlebot3_msgs/share/turtlebot3_msgs/package.xml
[7.218s] Invoked command in '/home/behrouz/ws24-multi-robot-task-distribution/build/turtlebot3_msgs' returned '0': CMAKE_PREFIX_PATH=${CMAKE_PREFIX_PATH}:/home/behrouz/ws24-multi-robot-task-distribution/src/install/turtlebot3_teleop:/home/behrouz/ws24-multi-robot-task-distribution/src/install/turtlebot3_example:/home/behrouz/ws24-multi-robot-task-distribution/src/install/empty_simulation:/home/behrouz/ws24-multi-robot-task-distribution/install/empty_simulation:/opt/ros/humble /usr/bin/cmake --install /home/behrouz/ws24-multi-robot-task-distribution/build/turtlebot3_msgs
