[0.019s] Invoking command in '/home/behrouz/ws24-multi-robot-task-distribution/build/turtlebot3_node': AMENT_PREFIX_PATH=/home/behrouz/ws24-multi-robot-task-distribution/install/turtlebot3_msgs:/home/behrouz/ws24-multi-robot-task-distribution/install/dynamixel_sdk:${AMENT_PREFIX_PATH} CMAKE_PREFIX_PATH=/home/behrouz/ws24-multi-robot-task-distribution/install/turtlebot3_msgs:/home/behrouz/ws24-multi-robot-task-distribution/install/dynamixel_sdk:/home/behrouz/ws24-multi-robot-task-distribution/src/install/turtlebot3:/home/behrouz/ws24-multi-robot-task-distribution/src/install/turtlebot3_simulations:/home/behrouz/ws24-multi-robot-task-distribution/src/install/turtlebot3_bringup:/home/behrouz/ws24-multi-robot-task-distribution/src/install/turtlebot3_node:/home/behrouz/ws24-multi-robot-task-distribution/src/install/turtlebot3_navigation2:/home/behrouz/ws24-multi-robot-task-distribution/src/install/turtlebot3_fake_node:/home/behrouz/ws24-multi-robot-task-distribution/src/install/turtlebot3_msgs:/home/behrouz/ws24-multi-robot-task-distribution/src/install/turtlebot3_gazebo:/home/behrouz/ws24-multi-robot-task-distribution/src/install/turtlebot3_description:/home/behrouz/ws24-multi-robot-task-distribution/src/install/turtlebot3_cartographer:/home/behrouz/ws24-multi-robot-task-distribution/src/install/dynamixel_sdk_examples:/home/behrouz/ws24-multi-robot-task-distribution/src/install/dynamixel_sdk_custom_interfaces:/home/behrouz/ws24-multi-robot-task-distribution/src/install/dynamixel_sdk:/home/behrouz/ws24-multi-robot-task-distribution/src/install/turtlebot3_teleop:/home/behrouz/ws24-multi-robot-task-distribution/src/install/turtlebot3_example:/home/behrouz/ws24-multi-robot-task-distribution/src/install/empty_simulation:/home/behrouz/ws24-multi-robot-task-distribution/install/empty_simulation:/opt/ros/humble LD_LIBRARY_PATH=/home/behrouz/ws24-multi-robot-task-distribution/install/turtlebot3_msgs/lib:/home/behrouz/ws24-multi-robot-task-distribution/install/dynamixel_sdk/lib:${LD_LIBRARY_PATH} PYTHONPATH=/home/behrouz/ws24-multi-robot-task-distribution/install/turtlebot3_msgs/local/lib/python3.10/dist-packages:${PYTHONPATH} /usr/bin/cmake /home/behrouz/ws24-multi-robot-task-distribution/src/turtlebot3/turtlebot3_node -DCMAKE_INSTALL_PREFIX=/home/behrouz/ws24-multi-robot-task-distribution/install/turtlebot3_node
[0.279s] -- The C compiler identification is GNU 11.4.0
[0.279s] -- The CXX compiler identification is GNU 11.4.0
[0.279s] -- Detecting C compiler ABI info
[0.279s] -- Detecting C compiler ABI info - done
[0.279s] -- Check for working C compiler: /usr/bin/cc - skipped
[0.279s] -- Detecting C compile features
[0.280s] -- Detecting C compile features - done
[0.280s] -- Detecting CXX compiler ABI info
[0.302s] -- Detecting CXX compiler ABI info - done
[0.309s] -- Check for working CXX compiler: /usr/bin/c++ - skipped
[0.310s] -- Detecting CXX compile features
[0.310s] -- Detecting CXX compile features - done
[0.315s] -- Found ament_cmake: 1.3.10 (/opt/ros/humble/share/ament_cmake/cmake)
[0.477s] -- Found Python3: /usr/bin/python3 (found version "3.10.12") found components: Interpreter 
[0.596s] -- Found dynamixel_sdk: 3.7.60 (/home/behrouz/ws24-multi-robot-task-distribution/install/dynamixel_sdk/share/dynamixel_sdk/cmake)
[0.601s] -- Found geometry_msgs: 4.2.4 (/opt/ros/humble/share/geometry_msgs/cmake)
[0.675s] -- Found rosidl_generator_c: 3.1.5 (/opt/ros/humble/share/rosidl_generator_c/cmake)
[0.688s] -- Found rosidl_adapter: 3.1.5 (/opt/ros/humble/share/rosidl_adapter/cmake)
[0.701s] -- Found rosidl_generator_cpp: 3.1.5 (/opt/ros/humble/share/rosidl_generator_cpp/cmake)
[0.716s] -- Using all available rosidl_typesupport_c: rosidl_typesupport_fastrtps_c;rosidl_typesupport_introspection_c
[0.738s] -- Using all available rosidl_typesupport_cpp: rosidl_typesupport_fastrtps_cpp;rosidl_typesupport_introspection_cpp
[0.786s] -- Found message_filters: 4.3.5 (/opt/ros/humble/share/message_filters/cmake)
[0.864s] -- Found rmw_implementation_cmake: 6.1.2 (/opt/ros/humble/share/rmw_implementation_cmake/cmake)
[0.869s] -- Found rmw_fastrtps_cpp: 6.2.7 (/opt/ros/humble/share/rmw_fastrtps_cpp/cmake)
[0.977s] -- Found OpenSSL: /usr/lib/x86_64-linux-gnu/libcrypto.so (found version "3.0.2")  
[1.008s] -- Found FastRTPS: /opt/ros/humble/include  
[1.057s] -- Using RMW implementation 'rmw_fastrtps_cpp' as default
[1.072s] -- Looking for pthread.h
[1.148s] -- Looking for pthread.h - found
[1.148s] -- Performing Test CMAKE_HAVE_LIBC_PTHREAD
[1.226s] -- Performing Test CMAKE_HAVE_LIBC_PTHREAD - Success
[1.227s] -- Found Threads: TRUE  
[1.268s] -- Found nav_msgs: 4.2.4 (/opt/ros/humble/share/nav_msgs/cmake)
[1.285s] -- Found sensor_msgs: 4.2.4 (/opt/ros/humble/share/sensor_msgs/cmake)
[1.302s] -- Found std_srvs: 4.2.4 (/opt/ros/humble/share/std_srvs/cmake)
[1.315s] -- Found tf2: 0.25.7 (/opt/ros/humble/share/tf2/cmake)
[1.329s] -- Found tf2_ros: 0.25.7 (/opt/ros/humble/share/tf2_ros/cmake)
[1.422s] -- Found turtlebot3_msgs: 2.2.3 (/home/behrouz/ws24-multi-robot-task-distribution/install/turtlebot3_msgs/share/turtlebot3_msgs/cmake)
[1.513s] -- Configuring done
[1.533s] -- Generating done
[1.535s] -- Build files have been written to: /home/behrouz/ws24-multi-robot-task-distribution/build/turtlebot3_node
[1.554s] Invoked command in '/home/behrouz/ws24-multi-robot-task-distribution/build/turtlebot3_node' returned '0': AMENT_PREFIX_PATH=/home/behrouz/ws24-multi-robot-task-distribution/install/turtlebot3_msgs:/home/behrouz/ws24-multi-robot-task-distribution/install/dynamixel_sdk:${AMENT_PREFIX_PATH} CMAKE_PREFIX_PATH=/home/behrouz/ws24-multi-robot-task-distribution/install/turtlebot3_msgs:/home/behrouz/ws24-multi-robot-task-distribution/install/dynamixel_sdk:/home/behrouz/ws24-multi-robot-task-distribution/src/install/turtlebot3:/home/behrouz/ws24-multi-robot-task-distribution/src/install/turtlebot3_simulations:/home/behrouz/ws24-multi-robot-task-distribution/src/install/turtlebot3_bringup:/home/behrouz/ws24-multi-robot-task-distribution/src/install/turtlebot3_node:/home/behrouz/ws24-multi-robot-task-distribution/src/install/turtlebot3_navigation2:/home/behrouz/ws24-multi-robot-task-distribution/src/install/turtlebot3_fake_node:/home/behrouz/ws24-multi-robot-task-distribution/src/install/turtlebot3_msgs:/home/behrouz/ws24-multi-robot-task-distribution/src/install/turtlebot3_gazebo:/home/behrouz/ws24-multi-robot-task-distribution/src/install/turtlebot3_description:/home/behrouz/ws24-multi-robot-task-distribution/src/install/turtlebot3_cartographer:/home/behrouz/ws24-multi-robot-task-distribution/src/install/dynamixel_sdk_examples:/home/behrouz/ws24-multi-robot-task-distribution/src/install/dynamixel_sdk_custom_interfaces:/home/behrouz/ws24-multi-robot-task-distribution/src/install/dynamixel_sdk:/home/behrouz/ws24-multi-robot-task-distribution/src/install/turtlebot3_teleop:/home/behrouz/ws24-multi-robot-task-distribution/src/install/turtlebot3_example:/home/behrouz/ws24-multi-robot-task-distribution/src/install/empty_simulation:/home/behrouz/ws24-multi-robot-task-distribution/install/empty_simulation:/opt/ros/humble LD_LIBRARY_PATH=/home/behrouz/ws24-multi-robot-task-distribution/install/turtlebot3_msgs/lib:/home/behrouz/ws24-multi-robot-task-distribution/install/dynamixel_sdk/lib:${LD_LIBRARY_PATH} PYTHONPATH=/home/behrouz/ws24-multi-robot-task-distribution/install/turtlebot3_msgs/local/lib/python3.10/dist-packages:${PYTHONPATH} /usr/bin/cmake /home/behrouz/ws24-multi-robot-task-distribution/src/turtlebot3/turtlebot3_node -DCMAKE_INSTALL_PREFIX=/home/behrouz/ws24-multi-robot-task-distribution/install/turtlebot3_node
[1.556s] Invoking command in '/home/behrouz/ws24-multi-robot-task-distribution/build/turtlebot3_node': AMENT_PREFIX_PATH=/home/behrouz/ws24-multi-robot-task-distribution/install/turtlebot3_msgs:/home/behrouz/ws24-multi-robot-task-distribution/install/dynamixel_sdk:${AMENT_PREFIX_PATH} CMAKE_PREFIX_PATH=/home/behrouz/ws24-multi-robot-task-distribution/install/turtlebot3_msgs:/home/behrouz/ws24-multi-robot-task-distribution/install/dynamixel_sdk:/home/behrouz/ws24-multi-robot-task-distribution/src/install/turtlebot3:/home/behrouz/ws24-multi-robot-task-distribution/src/install/turtlebot3_simulations:/home/behrouz/ws24-multi-robot-task-distribution/src/install/turtlebot3_bringup:/home/behrouz/ws24-multi-robot-task-distribution/src/install/turtlebot3_node:/home/behrouz/ws24-multi-robot-task-distribution/src/install/turtlebot3_navigation2:/home/behrouz/ws24-multi-robot-task-distribution/src/install/turtlebot3_fake_node:/home/behrouz/ws24-multi-robot-task-distribution/src/install/turtlebot3_msgs:/home/behrouz/ws24-multi-robot-task-distribution/src/install/turtlebot3_gazebo:/home/behrouz/ws24-multi-robot-task-distribution/src/install/turtlebot3_description:/home/behrouz/ws24-multi-robot-task-distribution/src/install/turtlebot3_cartographer:/home/behrouz/ws24-multi-robot-task-distribution/src/install/dynamixel_sdk_examples:/home/behrouz/ws24-multi-robot-task-distribution/src/install/dynamixel_sdk_custom_interfaces:/home/behrouz/ws24-multi-robot-task-distribution/src/install/dynamixel_sdk:/home/behrouz/ws24-multi-robot-task-distribution/src/install/turtlebot3_teleop:/home/behrouz/ws24-multi-robot-task-distribution/src/install/turtlebot3_example:/home/behrouz/ws24-multi-robot-task-distribution/src/install/empty_simulation:/home/behrouz/ws24-multi-robot-task-distribution/install/empty_simulation:/opt/ros/humble LD_LIBRARY_PATH=/home/behrouz/ws24-multi-robot-task-distribution/install/turtlebot3_msgs/lib:/home/behrouz/ws24-multi-robot-task-distribution/install/dynamixel_sdk/lib:${LD_LIBRARY_PATH} PYTHONPATH=/home/behrouz/ws24-multi-robot-task-distribution/install/turtlebot3_msgs/local/lib/python3.10/dist-packages:${PYTHONPATH} /usr/bin/cmake --build /home/behrouz/ws24-multi-robot-task-distribution/build/turtlebot3_node -- -j16 -l16
[1.619s] [ 14%] [32mBuilding CXX object CMakeFiles/turtlebot3_node_lib.dir/src/diff_drive_controller.cpp.o[0m
[1.620s] [ 14%] [32mBuilding CXX object CMakeFiles/turtlebot3_node_lib.dir/src/dynamixel_sdk_wrapper.cpp.o[0m
[1.620s] [ 21%] [32mBuilding CXX object CMakeFiles/turtlebot3_node_lib.dir/src/odometry.cpp.o[0m
[1.620s] [ 28%] [32mBuilding CXX object CMakeFiles/turtlebot3_node_lib.dir/src/devices/motor_power.cpp.o[0m
[1.620s] [ 35%] [32mBuilding CXX object CMakeFiles/turtlebot3_node_lib.dir/src/sensors/imu.cpp.o[0m
[1.620s] [ 42%] [32mBuilding CXX object CMakeFiles/turtlebot3_node_lib.dir/src/sensors/joint_state.cpp.o[0m
[1.621s] [ 50%] [32mBuilding CXX object CMakeFiles/turtlebot3_node_lib.dir/src/devices/reset.cpp.o[0m
[1.621s] [ 57%] [32mBuilding CXX object CMakeFiles/turtlebot3_node_lib.dir/src/devices/sound.cpp.o[0m
[1.621s] [ 64%] [32mBuilding CXX object CMakeFiles/turtlebot3_node_lib.dir/src/turtlebot3.cpp.o[0m
[1.621s] [ 71%] [32mBuilding CXX object CMakeFiles/turtlebot3_node_lib.dir/src/sensors/battery_state.cpp.o[0m
[1.621s] [ 78%] [32mBuilding CXX object CMakeFiles/turtlebot3_node_lib.dir/src/sensors/sensor_state.cpp.o[0m
[18.714s] [ 85%] [32m[1mLinking CXX static library libturtlebot3_node_lib.a[0m
[19.250s] [ 85%] Built target turtlebot3_node_lib
[19.270s] [ 92%] [32mBuilding CXX object CMakeFiles/turtlebot3_ros.dir/src/node_main.cpp.o[0m
[22.097s] [100%] [32m[1mLinking CXX executable turtlebot3_ros[0m
[23.342s] [100%] Built target turtlebot3_ros
[23.352s] Invoked command in '/home/behrouz/ws24-multi-robot-task-distribution/build/turtlebot3_node' returned '0': AMENT_PREFIX_PATH=/home/behrouz/ws24-multi-robot-task-distribution/install/turtlebot3_msgs:/home/behrouz/ws24-multi-robot-task-distribution/install/dynamixel_sdk:${AMENT_PREFIX_PATH} CMAKE_PREFIX_PATH=/home/behrouz/ws24-multi-robot-task-distribution/install/turtlebot3_msgs:/home/behrouz/ws24-multi-robot-task-distribution/install/dynamixel_sdk:/home/behrouz/ws24-multi-robot-task-distribution/src/install/turtlebot3:/home/behrouz/ws24-multi-robot-task-distribution/src/install/turtlebot3_simulations:/home/behrouz/ws24-multi-robot-task-distribution/src/install/turtlebot3_bringup:/home/behrouz/ws24-multi-robot-task-distribution/src/install/turtlebot3_node:/home/behrouz/ws24-multi-robot-task-distribution/src/install/turtlebot3_navigation2:/home/behrouz/ws24-multi-robot-task-distribution/src/install/turtlebot3_fake_node:/home/behrouz/ws24-multi-robot-task-distribution/src/install/turtlebot3_msgs:/home/behrouz/ws24-multi-robot-task-distribution/src/install/turtlebot3_gazebo:/home/behrouz/ws24-multi-robot-task-distribution/src/install/turtlebot3_description:/home/behrouz/ws24-multi-robot-task-distribution/src/install/turtlebot3_cartographer:/home/behrouz/ws24-multi-robot-task-distribution/src/install/dynamixel_sdk_examples:/home/behrouz/ws24-multi-robot-task-distribution/src/install/dynamixel_sdk_custom_interfaces:/home/behrouz/ws24-multi-robot-task-distribution/src/install/dynamixel_sdk:/home/behrouz/ws24-multi-robot-task-distribution/src/install/turtlebot3_teleop:/home/behrouz/ws24-multi-robot-task-distribution/src/install/turtlebot3_example:/home/behrouz/ws24-multi-robot-task-distribution/src/install/empty_simulation:/home/behrouz/ws24-multi-robot-task-distribution/install/empty_simulation:/opt/ros/humble LD_LIBRARY_PATH=/home/behrouz/ws24-multi-robot-task-distribution/install/turtlebot3_msgs/lib:/home/behrouz/ws24-multi-robot-task-distribution/install/dynamixel_sdk/lib:${LD_LIBRARY_PATH} PYTHONPATH=/home/behrouz/ws24-multi-robot-task-distribution/install/turtlebot3_msgs/local/lib/python3.10/dist-packages:${PYTHONPATH} /usr/bin/cmake --build /home/behrouz/ws24-multi-robot-task-distribution/build/turtlebot3_node -- -j16 -l16
[23.402s] Invoking command in '/home/behrouz/ws24-multi-robot-task-distribution/build/turtlebot3_node': AMENT_PREFIX_PATH=/home/behrouz/ws24-multi-robot-task-distribution/install/turtlebot3_msgs:/home/behrouz/ws24-multi-robot-task-distribution/install/dynamixel_sdk:${AMENT_PREFIX_PATH} CMAKE_PREFIX_PATH=/home/behrouz/ws24-multi-robot-task-distribution/install/turtlebot3_msgs:/home/behrouz/ws24-multi-robot-task-distribution/install/dynamixel_sdk:/home/behrouz/ws24-multi-robot-task-distribution/src/install/turtlebot3:/home/behrouz/ws24-multi-robot-task-distribution/src/install/turtlebot3_simulations:/home/behrouz/ws24-multi-robot-task-distribution/src/install/turtlebot3_bringup:/home/behrouz/ws24-multi-robot-task-distribution/src/install/turtlebot3_node:/home/behrouz/ws24-multi-robot-task-distribution/src/install/turtlebot3_navigation2:/home/behrouz/ws24-multi-robot-task-distribution/src/install/turtlebot3_fake_node:/home/behrouz/ws24-multi-robot-task-distribution/src/install/turtlebot3_msgs:/home/behrouz/ws24-multi-robot-task-distribution/src/install/turtlebot3_gazebo:/home/behrouz/ws24-multi-robot-task-distribution/src/install/turtlebot3_description:/home/behrouz/ws24-multi-robot-task-distribution/src/install/turtlebot3_cartographer:/home/behrouz/ws24-multi-robot-task-distribution/src/install/dynamixel_sdk_examples:/home/behrouz/ws24-multi-robot-task-distribution/src/install/dynamixel_sdk_custom_interfaces:/home/behrouz/ws24-multi-robot-task-distribution/src/install/dynamixel_sdk:/home/behrouz/ws24-multi-robot-task-distribution/src/install/turtlebot3_teleop:/home/behrouz/ws24-multi-robot-task-distribution/src/install/turtlebot3_example:/home/behrouz/ws24-multi-robot-task-distribution/src/install/empty_simulation:/home/behrouz/ws24-multi-robot-task-distribution/install/empty_simulation:/opt/ros/humble LD_LIBRARY_PATH=/home/behrouz/ws24-multi-robot-task-distribution/install/turtlebot3_msgs/lib:/home/behrouz/ws24-multi-robot-task-distribution/install/dynamixel_sdk/lib:${LD_LIBRARY_PATH} PYTHONPATH=/home/behrouz/ws24-multi-robot-task-distribution/install/turtlebot3_msgs/local/lib/python3.10/dist-packages:${PYTHONPATH} /usr/bin/cmake --install /home/behrouz/ws24-multi-robot-task-distribution/build/turtlebot3_node
[23.409s] -- Install configuration: ""
[23.409s] -- Installing: /home/behrouz/ws24-multi-robot-task-distribution/install/turtlebot3_node/share/turtlebot3_node/param
[23.409s] -- Installing: /home/behrouz/ws24-multi-robot-task-distribution/install/turtlebot3_node/share/turtlebot3_node/param/burger.yaml
[23.410s] -- Installing: /home/behrouz/ws24-multi-robot-task-distribution/install/turtlebot3_node/share/turtlebot3_node/param/waffle_pi.yaml
[23.411s] -- Installing: /home/behrouz/ws24-multi-robot-task-distribution/install/turtlebot3_node/share/turtlebot3_node/param/waffle.yaml
[23.411s] -- Installing: /home/behrouz/ws24-multi-robot-task-distribution/install/turtlebot3_node/lib/turtlebot3_node/turtlebot3_ros
[23.423s] -- Set runtime path of "/home/behrouz/ws24-multi-robot-task-distribution/install/turtlebot3_node/lib/turtlebot3_node/turtlebot3_ros" to ""
[23.423s] -- Installing: /home/behrouz/ws24-multi-robot-task-distribution/install/turtlebot3_node/share/ament_index/resource_index/package_run_dependencies/turtlebot3_node
[23.423s] -- Installing: /home/behrouz/ws24-multi-robot-task-distribution/install/turtlebot3_node/share/ament_index/resource_index/parent_prefix_path/turtlebot3_node
[23.424s] -- Installing: /home/behrouz/ws24-multi-robot-task-distribution/install/turtlebot3_node/share/turtlebot3_node/environment/ament_prefix_path.sh
[23.424s] -- Installing: /home/behrouz/ws24-multi-robot-task-distribution/install/turtlebot3_node/share/turtlebot3_node/environment/ament_prefix_path.dsv
[23.424s] -- Installing: /home/behrouz/ws24-multi-robot-task-distribution/install/turtlebot3_node/share/turtlebot3_node/environment/path.sh
[23.424s] -- Installing: /home/behrouz/ws24-multi-robot-task-distribution/install/turtlebot3_node/share/turtlebot3_node/environment/path.dsv
[23.424s] -- Installing: /home/behrouz/ws24-multi-robot-task-distribution/install/turtlebot3_node/share/turtlebot3_node/local_setup.bash
[23.424s] -- Installing: /home/behrouz/ws24-multi-robot-task-distribution/install/turtlebot3_node/share/turtlebot3_node/local_setup.sh
[23.424s] -- Installing: /home/behrouz/ws24-multi-robot-task-distribution/install/turtlebot3_node/share/turtlebot3_node/local_setup.zsh
[23.424s] -- Installing: /home/behrouz/ws24-multi-robot-task-distribution/install/turtlebot3_node/share/turtlebot3_node/local_setup.dsv
[23.424s] -- Installing: /home/behrouz/ws24-multi-robot-task-distribution/install/turtlebot3_node/share/turtlebot3_node/package.dsv
[23.425s] -- Installing: /home/behrouz/ws24-multi-robot-task-distribution/install/turtlebot3_node/share/ament_index/resource_index/packages/turtlebot3_node
[23.425s] -- Installing: /home/behrouz/ws24-multi-robot-task-distribution/install/turtlebot3_node/share/turtlebot3_node/cmake/ament_cmake_export_include_directories-extras.cmake
[23.425s] -- Installing: /home/behrouz/ws24-multi-robot-task-distribution/install/turtlebot3_node/share/turtlebot3_node/cmake/turtlebot3_nodeConfig.cmake
[23.425s] -- Installing: /home/behrouz/ws24-multi-robot-task-distribution/install/turtlebot3_node/share/turtlebot3_node/cmake/turtlebot3_nodeConfig-version.cmake
[23.425s] -- Installing: /home/behrouz/ws24-multi-robot-task-distribution/install/turtlebot3_node/share/turtlebot3_node/package.xml
[23.428s] Invoked command in '/home/behrouz/ws24-multi-robot-task-distribution/build/turtlebot3_node' returned '0': AMENT_PREFIX_PATH=/home/behrouz/ws24-multi-robot-task-distribution/install/turtlebot3_msgs:/home/behrouz/ws24-multi-robot-task-distribution/install/dynamixel_sdk:${AMENT_PREFIX_PATH} CMAKE_PREFIX_PATH=/home/behrouz/ws24-multi-robot-task-distribution/install/turtlebot3_msgs:/home/behrouz/ws24-multi-robot-task-distribution/install/dynamixel_sdk:/home/behrouz/ws24-multi-robot-task-distribution/src/install/turtlebot3:/home/behrouz/ws24-multi-robot-task-distribution/src/install/turtlebot3_simulations:/home/behrouz/ws24-multi-robot-task-distribution/src/install/turtlebot3_bringup:/home/behrouz/ws24-multi-robot-task-distribution/src/install/turtlebot3_node:/home/behrouz/ws24-multi-robot-task-distribution/src/install/turtlebot3_navigation2:/home/behrouz/ws24-multi-robot-task-distribution/src/install/turtlebot3_fake_node:/home/behrouz/ws24-multi-robot-task-distribution/src/install/turtlebot3_msgs:/home/behrouz/ws24-multi-robot-task-distribution/src/install/turtlebot3_gazebo:/home/behrouz/ws24-multi-robot-task-distribution/src/install/turtlebot3_description:/home/behrouz/ws24-multi-robot-task-distribution/src/install/turtlebot3_cartographer:/home/behrouz/ws24-multi-robot-task-distribution/src/install/dynamixel_sdk_examples:/home/behrouz/ws24-multi-robot-task-distribution/src/install/dynamixel_sdk_custom_interfaces:/home/behrouz/ws24-multi-robot-task-distribution/src/install/dynamixel_sdk:/home/behrouz/ws24-multi-robot-task-distribution/src/install/turtlebot3_teleop:/home/behrouz/ws24-multi-robot-task-distribution/src/install/turtlebot3_example:/home/behrouz/ws24-multi-robot-task-distribution/src/install/empty_simulation:/home/behrouz/ws24-multi-robot-task-distribution/install/empty_simulation:/opt/ros/humble LD_LIBRARY_PATH=/home/behrouz/ws24-multi-robot-task-distribution/install/turtlebot3_msgs/lib:/home/behrouz/ws24-multi-robot-task-distribution/install/dynamixel_sdk/lib:${LD_LIBRARY_PATH} PYTHONPATH=/home/behrouz/ws24-multi-robot-task-distribution/install/turtlebot3_msgs/local/lib/python3.10/dist-packages:${PYTHONPATH} /usr/bin/cmake --install /home/behrouz/ws24-multi-robot-task-distribution/build/turtlebot3_node
