[0.037s] Invoking command in '/home/behrouz/ws24-multi-robot-task-distribution/build/turtlebot3_cartographer': CMAKE_PREFIX_PATH=${CMAKE_PREFIX_PATH}:/home/behrouz/ws24-multi-robot-task-distribution/install/turtlebot3_teleop:/home/behrouz/ws24-multi-robot-task-distribution/install/turtlebot3_example:/home/behrouz/ws24-multi-robot-task-distribution/src/install/turtlebot3_teleop:/home/behrouz/ws24-multi-robot-task-distribution/src/install/turtlebot3_example:/home/behrouz/ws24-multi-robot-task-distribution/src/install/empty_simulation:/home/behrouz/ws24-multi-robot-task-distribution/install/empty_simulation:/opt/ros/humble /usr/bin/cmake --build /home/behrouz/ws24-multi-robot-task-distribution/build/turtlebot3_cartographer -- -j16 -l16
[0.507s] Invoked command in '/home/behrouz/ws24-multi-robot-task-distribution/build/turtlebot3_cartographer' returned '0': CMAKE_PREFIX_PATH=${CMAKE_PREFIX_PATH}:/home/behrouz/ws24-multi-robot-task-distribution/install/turtlebot3_teleop:/home/behrouz/ws24-multi-robot-task-distribution/install/turtlebot3_example:/home/behrouz/ws24-multi-robot-task-distribution/src/install/turtlebot3_teleop:/home/behrouz/ws24-multi-robot-task-distribution/src/install/turtlebot3_example:/home/behrouz/ws24-multi-robot-task-distribution/src/install/empty_simulation:/home/behrouz/ws24-multi-robot-task-distribution/install/empty_simulation:/opt/ros/humble /usr/bin/cmake --build /home/behrouz/ws24-multi-robot-task-distribution/build/turtlebot3_cartographer -- -j16 -l16
[0.532s] Invoking command in '/home/behrouz/ws24-multi-robot-task-distribution/build/turtlebot3_cartographer': CMAKE_PREFIX_PATH=${CMAKE_PREFIX_PATH}:/home/behrouz/ws24-multi-robot-task-distribution/install/turtlebot3_teleop:/home/behrouz/ws24-multi-robot-task-distribution/install/turtlebot3_example:/home/behrouz/ws24-multi-robot-task-distribution/src/install/turtlebot3_teleop:/home/behrouz/ws24-multi-robot-task-distribution/src/install/turtlebot3_example:/home/behrouz/ws24-multi-robot-task-distribution/src/install/empty_simulation:/home/behrouz/ws24-multi-robot-task-distribution/install/empty_simulation:/opt/ros/humble /usr/bin/cmake --install /home/behrouz/ws24-multi-robot-task-distribution/build/turtlebot3_cartographer
[0.543s] -- Install configuration: ""
[0.543s] -- Up-to-date: /home/behrouz/ws24-multi-robot-task-distribution/install/turtlebot3_cartographer/share/turtlebot3_cartographer/config
[0.543s] -- Up-to-date: /home/behrouz/ws24-multi-robot-task-distribution/install/turtlebot3_cartographer/share/turtlebot3_cartographer/config/turtlebot3_lds_2d.lua
[0.543s] -- Up-to-date: /home/behrouz/ws24-multi-robot-task-distribution/install/turtlebot3_cartographer/share/turtlebot3_cartographer/launch
[0.543s] -- Up-to-date: /home/behrouz/ws24-multi-robot-task-distribution/install/turtlebot3_cartographer/share/turtlebot3_cartographer/launch/cartographer.launch.py
[0.544s] -- Up-to-date: /home/behrouz/ws24-multi-robot-task-distribution/install/turtlebot3_cartographer/share/turtlebot3_cartographer/launch/occupancy_grid.launch.py
[0.544s] -- Up-to-date: /home/behrouz/ws24-multi-robot-task-distribution/install/turtlebot3_cartographer/share/turtlebot3_cartographer/rviz
[0.544s] -- Up-to-date: /home/behrouz/ws24-multi-robot-task-distribution/install/turtlebot3_cartographer/share/turtlebot3_cartographer/rviz/tb3_cartographer.rviz
[0.544s] -- Up-to-date: /home/behrouz/ws24-multi-robot-task-distribution/install/turtlebot3_cartographer/share/ament_index/resource_index/package_run_dependencies/turtlebot3_cartographer
[0.544s] -- Up-to-date: /home/behrouz/ws24-multi-robot-task-distribution/install/turtlebot3_cartographer/share/ament_index/resource_index/parent_prefix_path/turtlebot3_cartographer
[0.544s] -- Up-to-date: /home/behrouz/ws24-multi-robot-task-distribution/install/turtlebot3_cartographer/share/turtlebot3_cartographer/environment/ament_prefix_path.sh
[0.545s] -- Up-to-date: /home/behrouz/ws24-multi-robot-task-distribution/install/turtlebot3_cartographer/share/turtlebot3_cartographer/environment/ament_prefix_path.dsv
[0.545s] -- Up-to-date: /home/behrouz/ws24-multi-robot-task-distribution/install/turtlebot3_cartographer/share/turtlebot3_cartographer/environment/path.sh
[0.545s] -- Up-to-date: /home/behrouz/ws24-multi-robot-task-distribution/install/turtlebot3_cartographer/share/turtlebot3_cartographer/environment/path.dsv
[0.545s] -- Up-to-date: /home/behrouz/ws24-multi-robot-task-distribution/install/turtlebot3_cartographer/share/turtlebot3_cartographer/local_setup.bash
[0.545s] -- Up-to-date: /home/behrouz/ws24-multi-robot-task-distribution/install/turtlebot3_cartographer/share/turtlebot3_cartographer/local_setup.sh
[0.545s] -- Up-to-date: /home/behrouz/ws24-multi-robot-task-distribution/install/turtlebot3_cartographer/share/turtlebot3_cartographer/local_setup.zsh
[0.545s] -- Up-to-date: /home/behrouz/ws24-multi-robot-task-distribution/install/turtlebot3_cartographer/share/turtlebot3_cartographer/local_setup.dsv
[0.545s] -- Up-to-date: /home/behrouz/ws24-multi-robot-task-distribution/install/turtlebot3_cartographer/share/turtlebot3_cartographer/package.dsv
[0.545s] -- Up-to-date: /home/behrouz/ws24-multi-robot-task-distribution/install/turtlebot3_cartographer/share/ament_index/resource_index/packages/turtlebot3_cartographer
[0.545s] -- Up-to-date: /home/behrouz/ws24-multi-robot-task-distribution/install/turtlebot3_cartographer/share/turtlebot3_cartographer/cmake/turtlebot3_cartographerConfig.cmake
[0.546s] -- Up-to-date: /home/behrouz/ws24-multi-robot-task-distribution/install/turtlebot3_cartographer/share/turtlebot3_cartographer/cmake/turtlebot3_cartographerConfig-version.cmake
[0.546s] -- Up-to-date: /home/behrouz/ws24-multi-robot-task-distribution/install/turtlebot3_cartographer/share/turtlebot3_cartographer/package.xml
[0.556s] Invoked command in '/home/behrouz/ws24-multi-robot-task-distribution/build/turtlebot3_cartographer' returned '0': CMAKE_PREFIX_PATH=${CMAKE_PREFIX_PATH}:/home/behrouz/ws24-multi-robot-task-distribution/install/turtlebot3_teleop:/home/behrouz/ws24-multi-robot-task-distribution/install/turtlebot3_example:/home/behrouz/ws24-multi-robot-task-distribution/src/install/turtlebot3_teleop:/home/behrouz/ws24-multi-robot-task-distribution/src/install/turtlebot3_example:/home/behrouz/ws24-multi-robot-task-distribution/src/install/empty_simulation:/home/behrouz/ws24-multi-robot-task-distribution/install/empty_simulation:/opt/ros/humble /usr/bin/cmake --install /home/behrouz/ws24-multi-robot-task-distribution/build/turtlebot3_cartographer
